#
# A fatal error has been detected by the Java Runtime Environment:
#
#  SIGSEGV (0xb) at pc=0x00007fffd63f9c02, pid=90416, tid=0x0000000000000307
#
# JRE version: Java(TM) SE Runtime Environment (8.0_144-b01) (build 1.8.0_144-b01)
# Java VM: Java HotSpot(TM) 64-Bit Server VM (25.144-b01 mixed mode bsd-amd64 compressed oops)
# Problematic frame:
# C  [libGPUSupportMercury.dylib+0xac02]  gldAttachDrawable+0x12f
#
# Failed to write core dump. Core dumps have been disabled. To enable core dumping, try "ulimit -c unlimited" before starting Java again
#
# If you would like to submit a bug report, please visit:
#   http://bugreport.java.com/bugreport/crash.jsp
# The crash happened outside the Java Virtual Machine in native code.
# See problematic frame for where to report the bug.
#

---------------  T H R E A D  ---------------

Current thread (0x00007fd5ad95c800):  JavaThread "AppKit Thread" daemon [_thread_in_native, id=775, stack(0x00007fff555f8000,0x00007fff55df8000)]

siginfo: si_signo: 11 (SIGSEGV), si_code: 0 (unknown), si_addr: 0x0000000000000000

Registers:
RAX=0x7fd5ae8000200000, RBX=0x0000000000002715, RCX=0x0000000000000c24, RDX=0x00007fd5ac755a60
RSP=0x00007fff55df24b0, RBP=0x00007fff55df25b0, RSI=0x000000000000810b, RDI=0x000000000001f3f3
R8 =0x0000000000040000, R9 =0x00007fd5af000000, R10=0x000000000000003c, R11=0x0000000000000206
R12=0x00007fd5ac755a58, R13=0x00007fd5ada4c800, R14=0x00007fd5ac755a60, R15=0x0000000000000000
RIP=0x00007fffd63f9c02, EFLAGS=0x0000000000010206, ERR=0x0000000000000000
  TRAPNO=0x000000000000000d

Top of Stack: (sp=0x00007fff55df24b0)
0x00007fff55df24b0:   00007fff55df24f0 00007fffda1d9c97
0x00007fff55df24c0:   0000000000000000 4036000000000000
0x00007fff55df24d0:   4082980000000000 00007fd5af809ee0
0x00007fff55df24e0:   7fd5ae8000200000 00007fd5ad192a06
0x00007fff55df24f0:   00007fff55df2501 00000050da2c8fce
0x00007fff55df2500:   0000000000000000 4036000000000000
0x00007fff55df2510:   4082980000000000 4089000000000000
0x00007fff55df2520:   7ff0000000000000 7ff0000000000000
0x00007fff55df2530:   0000000000000000 0000000000000000
0x00007fff55df2540:   00007fd5ac4899c0 0001f3f3da2c0c64
0x00007fff55df2550:   7ff0000000000000 7ff0000000000000
0x00007fff55df2560:   0000000000000000 0000000000000000
0x00007fff55df2570:   0000000000000000 00007fffda2aee7e
0x00007fff55df2580:   525c828c90c10093 00007fd5af800000
0x00007fff55df2590:   0000000000002718 0000000000000000
0x00007fff55df25a0:   0000000000000050 0000000000000000
0x00007fff55df25b0:   00007fff55df2610 0000000124977e59
0x00007fff55df25c0:   409a400000000000 0000000000000000
0x00007fff55df25d0:   00007fd5af809ee0 0000000000000000
0x00007fff55df25e0:   00007fd5ac755a58 00007fd5ada4a688
0x00007fff55df25f0:   00007fd5ada4a750 00007fd5ada4a780
0x00007fff55df2600:   00007fd5ada48800 525c828c90c10093
0x00007fff55df2610:   00007fff55df26f0 00007fffcd6e37f0
0x00007fff55df2620:   4059c00000000000 4082980000000000
0x00007fff55df2630:   4089b00000000000 0000000000000000
0x00007fff55df2640:   4036000000000000 4082980000000000
0x00007fff55df2650:   4089000000000000 0000000000000000
0x00007fff55df2660:   0000000000000000 0000000000000001
0x00007fff55df2670:   00007fd5ac755a58 0000000000000001
0x00007fff55df2680:   00007fff55df26f0 00007fffcd6e8945
0x00007fff55df2690:   0000000155df26b0 00007fd5ada4a750
0x00007fff55df26a0:   00007fd5ada4a688 0000000200001003 

Instructions: (pc=0x00007fffd63f9c02)
0x00007fffd63f9be2:   24 04 81 e1 3f 8c 00 00 48 8b 85 38 ff ff ff 44
0x00007fffd63f9bf2:   8b 80 38 02 00 00 4c 89 f2 48 8b 85 30 ff ff ff
0x00007fffd63f9c02:   ff 50 08 bb 15 27 00 00 85 c0 0f 85 31 02 00 00
0x00007fffd63f9c12:   49 8b 4d 60 41 8b 06 eb 10 41 8b 06 bb 15 27 00 

Register to memory mapping:

RAX=0x7fd5ae8000200000 is an unknown value
RBX=0x0000000000002715 is an unknown value
RCX=0x0000000000000c24 is an unknown value
RDX=0x00007fd5ac755a60 is an unknown value
RSP=0x00007fff55df24b0 is pointing into the stack for thread: 0x00007fd5ad95c800
RBP=0x00007fff55df25b0 is pointing into the stack for thread: 0x00007fd5ad95c800
RSI=0x000000000000810b is an unknown value
RDI=0x000000000001f3f3 is an unknown value
R8 =0x0000000000040000 is an unknown value
R9 =0x00007fd5af000000 is an unknown value
R10=0x000000000000003c is an unknown value
R11=0x0000000000000206 is an unknown value
R12=0x00007fd5ac755a58 is an unknown value
R13=0x00007fd5ada4c800 is an unknown value
R14=0x00007fd5ac755a60 is an unknown value
R15=0x0000000000000000 is an unknown value


Stack: [0x00007fff555f8000,0x00007fff55df8000],  sp=0x00007fff55df24b0,  free space=8169k
Native frames: (J=compiled Java code, j=interpreted, Vv=VM code, C=native code)
C  [libGPUSupportMercury.dylib+0xac02]  gldAttachDrawable+0x12f
C  [GLEngine+0x15e59]  gliAttachDrawableWithOptions+0x106
C  [OpenGL+0x37f0]  glcGetIOAccelService+0xe8c
C  [OpenGL+0x76f7]  CGLSetPBuffer+0xb45
C  [OpenGL+0x7a15]  CGLSetSurface+0x125
C  [AppKit+0x335c80]  NSOpenGLContextAttachOnScreenViewSurface+0x187
C  [AppKit+0x6efc57]  __27-[NSOpenGLContext setView:]_block_invoke+0xd3
C  [AppKit+0x179d48]  NSPerformVisuallyAtomicChange+0x93
C  [AppKit+0x322538]  -[NSOpenGLContext setView:]+0x69
C  [liblwjgl.dylib+0xa586]  -[MacOSXOpenGLView lockFocus]+0x76
C  [AppKit+0x19ce7b]  -[NSView _recursiveDisplayRectIfNeededIgnoringOpacity:isVisibleRect:rectIsVisibleRectForView:topView:]+0x6ee
C  [AppKit+0x19d6d1]  -[NSView _recursiveDisplayRectIfNeededIgnoringOpacity:isVisibleRect:rectIsVisibleRectForView:topView:]+0xf44
C  [AppKit+0x19c2af]  -[NSThemeFrame _recursiveDisplayRectIfNeededIgnoringOpacity:isVisibleRect:rectIsVisibleRectForView:topView:]+0x14e
C  [AppKit+0x19a6d8]  -[NSView _displayRectIgnoringOpacity:isVisibleRect:rectIsVisibleRectForView:]+0x994
C  [AppKit+0x195fca]  -[NSView displayIfNeeded]+0x6d4
C  [AppKit+0x1958db]  -[NSWindow displayIfNeeded]+0xe6
C  [AppKit+0x8f5cb4]  ___NSWindowGetDisplayCycleObserver_block_invoke.6228+0x115
C  [AppKit+0x1953b9]  __37+[NSDisplayCycle currentDisplayCycle]_block_invoke+0x1c6
C  [QuartzCore+0x11d06]  _ZN2CA11Transaction19run_commit_handlersE18CATransactionPhase+0x2e
C  [QuartzCore+0x11b8bc]  _ZN2CA7Context18commit_transactionEPNS_11TransactionE+0xa0
C  [QuartzCore+0x107e1]  _ZN2CA11Transaction6commitEv+0x1db
C  [AppKit+0x4788b1]  __37+[NSDisplayCycle currentDisplayCycle]_block_invoke.31+0x143
C  [CoreFoundation+0xa6d37]  __CFRUNLOOP_IS_CALLING_OUT_TO_AN_OBSERVER_CALLBACK_FUNCTION__+0x17
C  [CoreFoundation+0xa6ca7]  __CFRunLoopDoObservers+0x187
C  [CoreFoundation+0x876d9]  __CFRunLoopRun+0x369
C  [CoreFoundation+0x87114]  CFRunLoopRunSpecific+0x1a4
C  [HIToolbox+0x30ebc]  RunCurrentEventLoopInMode+0xf0
C  [HIToolbox+0x30bf9]  ReceiveNextEventCommon+0xb8
C  [HIToolbox+0x30b26]  _BlockUntilNextEventMatchingListInModeWithFilter+0x47
C  [AppKit+0x46a54]  _DPSNextEvent+0x460
C  [AppKit+0x7c27ee]  -[NSApplication(NSEvent) _nextEventMatchingEventMask:untilDate:inMode:dequeue:]+0xaec
C  [libosxapp.dylib+0x23aa]  -[NSApplicationAWT nextEventMatchingMask:untilDate:inMode:dequeue:]+0x7c
C  [AppKit+0x3b3db]  -[NSApplication run]+0x39e
C  [libosxapp.dylib+0x214d]  +[NSApplicationAWT runAWTLoopWithApp:]+0x9c
C  [libawt_lwawt.dylib+0x45edf]  -[AWTStarter starter:]+0x389
C  [Foundation+0x7152a]  __NSThreadPerformPerform+0x146
C  [CoreFoundation+0xa7321]  __CFRUNLOOP_IS_CALLING_OUT_TO_A_SOURCE0_PERFORM_FUNCTION__+0x11
C  [CoreFoundation+0x8821d]  __CFRunLoopDoSources0+0x22d
C  [CoreFoundation+0x87716]  __CFRunLoopRun+0x3a6
C  [CoreFoundation+0x87114]  CFRunLoopRunSpecific+0x1a4
C  [java+0x6465]  CreateExecutionEnvironment+0x367
C  [java+0x218c]  JLI_Launch+0x7a0
C  [java+0x84c2]  main+0x65
C  [java+0x19e4]  start+0x34
C  0x0000000000000006


---------------  P R O C E S S  ---------------

Java Threads: ( => current thread )
  0x00007fd5ae0ea000 JavaThread "AWT-Shutdown" [_thread_blocked, id=29479, stack(0x000070000d1f4000,0x000070000d2f4000)]
  0x00007fd5ada78000 JavaThread "Java2D Queue Flusher" daemon [_thread_blocked, id=64007, stack(0x000070000e4b3000,0x000070000e5b3000)]
  0x00007fd5ae103800 JavaThread "Java2D Disposer" daemon [_thread_blocked, id=62471, stack(0x000070000e3b0000,0x000070000e4b0000)]
=>0x00007fd5ad95c800 JavaThread "AppKit Thread" daemon [_thread_in_native, id=775, stack(0x00007fff555f8000,0x00007fff55df8000)]
  0x00007fd5ad868000 JavaThread "Service Thread" daemon [_thread_blocked, id=18435, stack(0x000070000df1e000,0x000070000e01e000)]
  0x00007fd5ac833000 JavaThread "C1 CompilerThread2" daemon [_thread_blocked, id=17923, stack(0x000070000de1b000,0x000070000df1b000)]
  0x00007fd5ac832000 JavaThread "C2 CompilerThread1" daemon [_thread_blocked, id=17411, stack(0x000070000dd18000,0x000070000de18000)]
  0x00007fd5ac830800 JavaThread "C2 CompilerThread0" daemon [_thread_blocked, id=16899, stack(0x000070000dc15000,0x000070000dd15000)]
  0x00007fd5ac815800 JavaThread "Signal Dispatcher" daemon [_thread_blocked, id=16387, stack(0x000070000db12000,0x000070000dc12000)]
  0x00007fd5ad819800 JavaThread "Finalizer" daemon [_thread_blocked, id=12547, stack(0x000070000da0f000,0x000070000db0f000)]
  0x00007fd5ad801000 JavaThread "Reference Handler" daemon [_thread_blocked, id=12035, stack(0x000070000d90c000,0x000070000da0c000)]
  0x00007fd5ad802800 JavaThread "main" [_thread_in_native, id=7171, stack(0x000070000d2fa000,0x000070000d3fa000)]

Other Threads:
  0x00007fd5ae04a000 VMThread [stack: 0x000070000d809000,0x000070000d909000] [id=11523]
  0x00007fd5ad802000 WatcherThread [stack: 0x000070000e021000,0x000070000e121000] [id=18947]

VM state:not at safepoint (normal execution)

VM Mutex/Monitor currently owned by a thread: None

Heap:
 PSYoungGen      total 67072K, used 49858K [0x0000000795580000, 0x000000079c100000, 0x00000007c0000000)
  eden space 61952K, 80% used [0x0000000795580000,0x0000000798630918,0x0000000799200000)
  from space 5120K, 0% used [0x0000000799200000,0x0000000799200000,0x0000000799700000)
  to   space 5120K, 0% used [0x000000079bc00000,0x000000079bc00000,0x000000079c100000)
 ParOldGen       total 194560K, used 65027K [0x0000000740000000, 0x000000074be00000, 0x0000000795580000)
  object space 194560K, 33% used [0x0000000740000000,0x0000000743f80d78,0x000000074be00000)
 Metaspace       used 9431K, capacity 9589K, committed 9856K, reserved 1058816K
  class space    used 998K, capacity 1053K, committed 1152K, reserved 1048576K

Card table byte_map: [0x000000010bbc0000,0x000000010bfc1000] byte_map_base: 0x00000001081c0000

Marking Bits: (ParMarkBitMap*) 0x000000010a7785d0
 Begin Bits: [0x000000010c26c000, 0x000000010e26c000)
 End Bits:   [0x000000010e26c000, 0x000000011026c000)

Polling page: 0x000000010ae6f000

CodeCache: size=245760Kb used=3515Kb max_used=3526Kb free=242244Kb
 bounds [0x0000000112ac6000, 0x0000000112e46000, 0x0000000121ac6000]
 total_blobs=1313 nmethods=807 adapters=420
 compilation: enabled

Compilation events (10 events):
Event: 11.707 Thread 0x00007fd5ac833000  803   !   3       org.lwjgl.opengl.Display::processMessages (44 bytes)
Event: 11.708 Thread 0x00007fd5ac833000 nmethod 803 0x0000000112e0d9d0 code [0x0000000112e0dc60, 0x0000000112e0ec88]
Event: 11.787 Thread 0x00007fd5ac833000  804       3       java.nio.HeapByteBuffer::putInt (20 bytes)
Event: 11.787 Thread 0x00007fd5ac833000 nmethod 804 0x0000000112e087d0 code [0x0000000112e08960, 0x0000000112e08d28]
Event: 11.787 Thread 0x00007fd5ac833000  805       3       java.nio.Bits::putInt (20 bytes)
Event: 11.788 Thread 0x00007fd5ac833000 nmethod 805 0x0000000112e08390 code [0x0000000112e08500, 0x0000000112e086f8]
Event: 11.796 Thread 0x00007fd5ac833000  806       3       java.nio.HeapByteBuffer::getInt (18 bytes)
Event: 11.797 Thread 0x00007fd5ac833000 nmethod 806 0x0000000112e30990 code [0x0000000112e30ba0, 0x0000000112e31508]
Event: 11.797 Thread 0x00007fd5ac833000  807       3       java.nio.Bits::getInt (18 bytes)
Event: 11.797 Thread 0x00007fd5ac833000 nmethod 807 0x0000000112e368d0 code [0x0000000112e36ae0, 0x0000000112e37498]

GC Heap History (10 events):
Event: 1.448 GC heap before
{Heap before GC invocations=1 (full 0):
 PSYoungGen      total 38400K, used 30700K [0x0000000795580000, 0x0000000798000000, 0x00000007c0000000)
  eden space 33280K, 92% used [0x0000000795580000,0x000000079737b378,0x0000000797600000)
  from space 5120K, 0% used [0x0000000797b00000,0x0000000797b00000,0x0000000798000000)
  to   space 5120K, 0% used [0x0000000797600000,0x0000000797600000,0x0000000797b00000)
 ParOldGen       total 87552K, used 24576K [0x0000000740000000, 0x0000000745580000, 0x0000000795580000)
  object space 87552K, 28% used [0x0000000740000000,0x0000000741800010,0x0000000745580000)
 Metaspace       used 9211K, capacity 9333K, committed 9600K, reserved 1058816K
  class space    used 988K, capacity 1053K, committed 1152K, reserved 1048576K
Event: 1.470 GC heap after
Heap after GC invocations=1 (full 0):
 PSYoungGen      total 38400K, used 2457K [0x0000000795580000, 0x000000079a080000, 0x00000007c0000000)
  eden space 33280K, 0% used [0x0000000795580000,0x0000000795580000,0x0000000797600000)
  from space 5120K, 48% used [0x0000000797600000,0x0000000797866738,0x0000000797b00000)
  to   space 5120K, 0% used [0x0000000799b80000,0x0000000799b80000,0x000000079a080000)
 ParOldGen       total 87552K, used 55785K [0x0000000740000000, 0x0000000745580000, 0x0000000795580000)
  object space 87552K, 63% used [0x0000000740000000,0x000000074367a7f8,0x0000000745580000)
 Metaspace       used 9211K, capacity 9333K, committed 9600K, reserved 1058816K
  class space    used 988K, capacity 1053K, committed 1152K, reserved 1048576K
}
Event: 1.470 GC heap before
{Heap before GC invocations=2 (full 1):
 PSYoungGen      total 38400K, used 2457K [0x0000000795580000, 0x000000079a080000, 0x00000007c0000000)
  eden space 33280K, 0% used [0x0000000795580000,0x0000000795580000,0x0000000797600000)
  from space 5120K, 48% used [0x0000000797600000,0x0000000797866738,0x0000000797b00000)
  to   space 5120K, 0% used [0x0000000799b80000,0x0000000799b80000,0x000000079a080000)
 ParOldGen       total 87552K, used 55785K [0x0000000740000000, 0x0000000745580000, 0x0000000795580000)
  object space 87552K, 63% used [0x0000000740000000,0x000000074367a7f8,0x0000000745580000)
 Metaspace       used 9211K, capacity 9333K, committed 9600K, reserved 1058816K
  class space    used 988K, capacity 1053K, committed 1152K, reserved 1048576K
Event: 1.491 GC heap after
Heap after GC invocations=2 (full 1):
 PSYoungGen      total 38400K, used 0K [0x0000000795580000, 0x000000079a080000, 0x00000007c0000000)
  eden space 33280K, 0% used [0x0000000795580000,0x0000000795580000,0x0000000797600000)
  from space 5120K, 0% used [0x0000000797600000,0x0000000797600000,0x0000000797b00000)
  to   space 5120K, 0% used [0x0000000799b80000,0x0000000799b80000,0x000000079a080000)
 ParOldGen       total 120832K, used 37264K [0x0000000740000000, 0x0000000747600000, 0x0000000795580000)
  object space 120832K, 30% used [0x0000000740000000,0x00000007424641f0,0x0000000747600000)
 Metaspace       used 9211K, capacity 9333K, committed 9600K, reserved 1058816K
  class space    used 988K, capacity 1053K, committed 1152K, reserved 1048576K
}
Event: 1.780 GC heap before
{Heap before GC invocations=3 (full 1):
 PSYoungGen      total 38400K, used 33280K [0x0000000795580000, 0x000000079a080000, 0x00000007c0000000)
  eden space 33280K, 100% used [0x0000000795580000,0x0000000797600000,0x0000000797600000)
  from space 5120K, 0% used [0x0000000797600000,0x0000000797600000,0x0000000797b00000)
  to   space 5120K, 0% used [0x0000000799b80000,0x0000000799b80000,0x000000079a080000)
 ParOldGen       total 120832K, used 37264K [0x0000000740000000, 0x0000000747600000, 0x0000000795580000)
  object space 120832K, 30% used [0x0000000740000000,0x00000007424641f0,0x0000000747600000)
 Metaspace       used 9258K, capacity 9397K, committed 9600K, reserved 1058816K
  class space    used 991K, capacity 1053K, committed 1152K, reserved 1048576K
Event: 1.823 GC heap after
Heap after GC invocations=3 (full 1):
 PSYoungGen      total 61952K, used 128K [0x0000000795580000, 0x0000000799c00000, 0x00000007c0000000)
  eden space 61440K, 0% used [0x0000000795580000,0x0000000795580000,0x0000000799180000)
  from space 512K, 25% used [0x0000000799b80000,0x0000000799ba0000,0x0000000799c00000)
  to   space 5120K, 0% used [0x0000000799200000,0x0000000799200000,0x0000000799700000)
 ParOldGen       total 120832K, used 92728K [0x0000000740000000, 0x0000000747600000, 0x0000000795580000)
  object space 120832K, 76% used [0x0000000740000000,0x0000000745a8e1b0,0x0000000747600000)
 Metaspace       used 9258K, capacity 9397K, committed 9600K, reserved 1058816K
  class space    used 991K, capacity 1053K, committed 1152K, reserved 1048576K
}
Event: 1.823 GC heap before
{Heap before GC invocations=4 (full 2):
 PSYoungGen      total 61952K, used 128K [0x0000000795580000, 0x0000000799c00000, 0x00000007c0000000)
  eden space 61440K, 0% used [0x0000000795580000,0x0000000795580000,0x0000000799180000)
  from space 512K, 25% used [0x0000000799b80000,0x0000000799ba0000,0x0000000799c00000)
  to   space 5120K, 0% used [0x0000000799200000,0x0000000799200000,0x0000000799700000)
 ParOldGen       total 120832K, used 92728K [0x0000000740000000, 0x0000000747600000, 0x0000000795580000)
  object space 120832K, 76% used [0x0000000740000000,0x0000000745a8e1b0,0x0000000747600000)
 Metaspace       used 9258K, capacity 9397K, committed 9600K, reserved 1058816K
  class space    used 991K, capacity 1053K, committed 1152K, reserved 1048576K
Event: 1.839 GC heap after
Heap after GC invocations=4 (full 2):
 PSYoungGen      total 61952K, used 0K [0x0000000795580000, 0x0000000799c00000, 0x00000007c0000000)
  eden space 61440K, 0% used [0x0000000795580000,0x0000000795580000,0x0000000799180000)
  from space 512K, 0% used [0x0000000799b80000,0x0000000799b80000,0x0000000799c00000)
  to   space 5120K, 0% used [0x0000000799200000,0x0000000799200000,0x0000000799700000)
 ParOldGen       total 194560K, used 65027K [0x0000000740000000, 0x000000074be00000, 0x0000000795580000)
  object space 194560K, 33% used [0x0000000740000000,0x0000000743f80d78,0x000000074be00000)
 Metaspace       used 9258K, capacity 9397K, committed 9600K, reserved 1058816K
  class space    used 991K, capacity 1053K, committed 1152K, reserved 1048576K
}
Event: 1.929 GC heap before
{Heap before GC invocations=5 (full 2):
 PSYoungGen      total 61952K, used 61440K [0x0000000795580000, 0x0000000799c00000, 0x00000007c0000000)
  eden space 61440K, 100% used [0x0000000795580000,0x0000000799180000,0x0000000799180000)
  from space 512K, 0% used [0x0000000799b80000,0x0000000799b80000,0x0000000799c00000)
  to   space 5120K, 0% used [0x0000000799200000,0x0000000799200000,0x0000000799700000)
 ParOldGen       total 194560K, used 65027K [0x0000000740000000, 0x000000074be00000, 0x0000000795580000)
  object space 194560K, 33% used [0x0000000740000000,0x0000000743f80d78,0x000000074be00000)
 Metaspace       used 9258K, capacity 9397K, committed 9600K, reserved 1058816K
  class space    used 991K, capacity 1053K, committed 1152K, reserved 1048576K
Event: 1.930 GC heap after
Heap after GC invocations=5 (full 2):
 PSYoungGen      total 67072K, used 0K [0x0000000795580000, 0x000000079c100000, 0x00000007c0000000)
  eden space 61952K, 0% used [0x0000000795580000,0x0000000795580000,0x0000000799200000)
  from space 5120K, 0% used [0x0000000799200000,0x0000000799200000,0x0000000799700000)
  to   space 5120K, 0% used [0x000000079bc00000,0x000000079bc00000,0x000000079c100000)
 ParOldGen       total 194560K, used 65027K [0x0000000740000000, 0x000000074be00000, 0x0000000795580000)
  object space 194560K, 33% used [0x0000000740000000,0x0000000743f80d78,0x000000074be00000)
 Metaspace       used 9258K, capacity 9397K, committed 9600K, reserved 1058816K
  class space    used 991K, capacity 1053K, committed 1152K, reserved 1048576K
}

Deoptimization events (10 events):
Event: 1.123 Thread 0x00007fd5ad802800 Uncommon trap: reason=unstable_if action=reinterpret pc=0x0000000112c65538 method=java.lang.String.indexOf([CII[CIII)I @ 3
Event: 1.688 Thread 0x00007fd5ad802800 Uncommon trap: reason=unstable_if action=reinterpret pc=0x0000000112d42518 method=sun.java2d.loops.OpaqueCopyAnyToArgb.Blit(Lsun/java2d/SurfaceData;Lsun/java2d/SurfaceData;Ljava/awt/Composite;Lsun/java2d/pipe/Region;IIIIII)V @ 150
Event: 1.978 Thread 0x00007fd5ad802800 Uncommon trap: reason=unstable_if action=reinterpret pc=0x0000000112d511f8 method=sun.java2d.loops.OpaqueCopyArgbToAny.Blit(Lsun/java2d/SurfaceData;Lsun/java2d/SurfaceData;Ljava/awt/Composite;Lsun/java2d/pipe/Region;IIIIII)V @ 159
Event: 1.978 Thread 0x00007fd5ad802800 Uncommon trap: reason=unstable_if action=reinterpret pc=0x0000000112d53ca4 method=java.awt.image.ComponentColorModel.getDataElements(ILjava/lang/Object;)Ljava/lang/Object; @ 2993
Event: 1.979 Thread 0x00007fd5ad802800 Uncommon trap: reason=unstable_if action=reinterpret pc=0x0000000112d37e68 method=sun.awt.image.ByteInterleavedRaster.getDataElements(IILjava/lang/Object;)Ljava/lang/Object; @ 43
Event: 10.996 Thread 0x00007fd5ad802800 Uncommon trap: reason=unstable_if action=reinterpret pc=0x0000000112e002ac method=org.newdawn.slick.Input.poll(II)V @ 41
Event: 10.996 Thread 0x00007fd5ad802800 Uncommon trap: reason=unstable_if action=reinterpret pc=0x0000000112e1393c method=org.newdawn.slick.GameContainer.updateAndRender(I)V @ 236
Event: 11.017 Thread 0x00007fd5ad802800 Uncommon trap: reason=unstable_if action=reinterpret pc=0x0000000112dfbab8 method=org.lwjgl.opengl.MacOSXDisplay.update()V @ 86
Event: 11.538 Thread 0x00007fd5ad802800 Uncommon trap: reason=unstable_if action=reinterpret pc=0x0000000112e03e8c method=org.lwjgl.opengl.MacOSXDisplay.update()V @ 86
Event: 11.983 Thread 0x00007fd5ad802800 Uncommon trap: reason=unstable_if action=reinterpret pc=0x0000000112df1920 method=org.newdawn.slick.AppGameContainer.gameLoop()V @ 60

Internal exceptions (10 events):
Event: 0.221 Thread 0x00007fd5ad802800 Exception <a 'java/security/PrivilegedActionException'> (0x00000007957bd210) thrown at [/Users/java_re/workspace/8-2-build-macosx-x86_64/jdk8u144/9417/hotspot/src/share/vm/prims/jvm.cpp, line 1390]
Event: 0.221 Thread 0x00007fd5ad802800 Exception <a 'java/security/PrivilegedActionException'> (0x00000007957c0728) thrown at [/Users/java_re/workspace/8-2-build-macosx-x86_64/jdk8u144/9417/hotspot/src/share/vm/prims/jvm.cpp, line 1390]
Event: 0.221 Thread 0x00007fd5ad802800 Exception <a 'java/security/PrivilegedActionException'> (0x00000007957c0938) thrown at [/Users/java_re/workspace/8-2-build-macosx-x86_64/jdk8u144/9417/hotspot/src/share/vm/prims/jvm.cpp, line 1390]
Event: 0.271 Thread 0x00007fd5ad802800 Exception <a 'java/lang/NoSuchFieldError': method resolution failed> (0x000000079588e4d8) thrown at [/Users/java_re/workspace/8-2-build-macosx-x86_64/jdk8u144/9417/hotspot/src/share/vm/prims/methodHandles.cpp, line 1146]
Event: 0.273 Thread 0x00007fd5ad802800 Exception <a 'java/lang/NoSuchFieldError': method resolution failed> (0x000000079589bc28) thrown at [/Users/java_re/workspace/8-2-build-macosx-x86_64/jdk8u144/9417/hotspot/src/share/vm/prims/methodHandles.cpp, line 1146]
Event: 0.548 Thread 0x00007fd5ad802800 Exception <a 'java/io/FileNotFoundException'> (0x00000007959165c0) thrown at [/Users/java_re/workspace/8-2-build-macosx-x86_64/jdk8u144/9417/hotspot/src/share/vm/prims/jni.cpp, line 709]
Event: 0.548 Thread 0x00007fd5ad802800 Exception <a 'java/io/FileNotFoundException'> (0x0000000795917110) thrown at [/Users/java_re/workspace/8-2-build-macosx-x86_64/jdk8u144/9417/hotspot/src/share/vm/prims/jni.cpp, line 709]
Event: 1.063 Thread 0x00007fd5ad802800 Exception <a 'java/lang/NoClassDefFoundError': net/java/games/input/ControllerEnvironment> (0x0000000795d93ca8) thrown at [/Users/java_re/workspace/8-2-build-macosx-x86_64/jdk8u144/9417/hotspot/src/share/vm/classfile/systemDictionary.cpp, line 199]
Event: 1.978 Thread 0x00007fd5ad802800 Implicit null exception at 0x0000000112d53715 to 0x0000000112d53c89
Event: 1.979 Thread 0x00007fd5ad802800 Implicit null exception at 0x0000000112d37c1e to 0x0000000112d37e4d

Events (10 events):
Event: 11.017 Thread 0x00007fd5ad802800 DEOPT PACKING pc=0x0000000112dfbab8 sp=0x000070000d3f9780
Event: 11.017 Thread 0x00007fd5ad802800 DEOPT UNPACKING pc=0x0000000112acb229 sp=0x000070000d3f9668 mode 2
Event: 11.538 Thread 0x00007fd5ad802800 Uncommon trap: trap_request=0xffffff65 fr.pc=0x0000000112e03e8c
Event: 11.538 Thread 0x00007fd5ad802800 DEOPT PACKING pc=0x0000000112e03e8c sp=0x000070000d3f96b0
Event: 11.538 Thread 0x00007fd5ad802800 DEOPT UNPACKING pc=0x0000000112acb229 sp=0x000070000d3f9618 mode 2
Event: 11.983 Thread 0x00007fd5ad802800 Uncommon trap: trap_request=0xffffff65 fr.pc=0x0000000112df1920
Event: 11.983 Thread 0x00007fd5ad802800 DEOPT PACKING pc=0x0000000112df1920 sp=0x000070000d3f97e0
Event: 11.983 Thread 0x00007fd5ad802800 DEOPT UNPACKING pc=0x0000000112acb229 sp=0x000070000d3f97a8 mode 2
Event: 12.006 loading class org/lwjgl/opengl/CallbackUtil
Event: 12.006 loading class org/lwjgl/opengl/CallbackUtil done


Dynamic libraries:
0x0000000053324000 	/System/Library/Frameworks/Cocoa.framework/Versions/A/Cocoa
0x0000000053324000 	/System/Library/Frameworks/Security.framework/Versions/A/Security
0x0000000053324000 	/System/Library/Frameworks/ApplicationServices.framework/Versions/A/ApplicationServices
0x0000000053324000 	/usr/lib/libz.1.dylib
0x0000000053324000 	/usr/lib/libSystem.B.dylib
0x0000000053324000 	/usr/lib/libobjc.A.dylib
0x0000000053324000 	/System/Library/Frameworks/CoreFoundation.framework/Versions/A/CoreFoundation
0x0000000053324000 	/System/Library/Frameworks/Foundation.framework/Versions/C/Foundation
0x0000000053324000 	/System/Library/Frameworks/AppKit.framework/Versions/C/AppKit
0x0000000053324000 	/System/Library/Frameworks/CoreData.framework/Versions/A/CoreData
0x0000000053324000 	/System/Library/PrivateFrameworks/RemoteViewServices.framework/Versions/A/RemoteViewServices
0x0000000053324000 	/System/Library/PrivateFrameworks/UIFoundation.framework/Versions/A/UIFoundation
0x0000000053324000 	/System/Library/PrivateFrameworks/DFRFoundation.framework/Versions/A/DFRFoundation
0x0000000053324000 	/usr/lib/libenergytrace.dylib
0x0000000053324000 	/System/Library/PrivateFrameworks/SkyLight.framework/Versions/A/SkyLight
0x0000000053324000 	/System/Library/Frameworks/CoreGraphics.framework/Versions/A/CoreGraphics
0x0000000053324000 	/usr/lib/libScreenReader.dylib
0x0000000053324000 	/System/Library/Frameworks/Accelerate.framework/Versions/A/Accelerate
0x0000000053324000 	/System/Library/Frameworks/IOSurface.framework/Versions/A/IOSurface
0x0000000053324000 	/System/Library/Frameworks/AudioToolbox.framework/Versions/A/AudioToolbox
0x0000000053324000 	/System/Library/Frameworks/AudioUnit.framework/Versions/A/AudioUnit
0x0000000053324000 	/System/Library/PrivateFrameworks/DataDetectorsCore.framework/Versions/A/DataDetectorsCore
0x0000000053324000 	/System/Library/PrivateFrameworks/DesktopServicesPriv.framework/Versions/A/DesktopServicesPriv
0x0000000053324000 	/System/Library/Frameworks/Carbon.framework/Versions/A/Frameworks/HIToolbox.framework/Versions/A/HIToolbox
0x0000000053324000 	/usr/lib/libicucore.A.dylib
0x0000000053324000 	/System/Library/Frameworks/QuartzCore.framework/Versions/A/QuartzCore
0x0000000053324000 	/System/Library/Frameworks/Carbon.framework/Versions/A/Frameworks/SpeechRecognition.framework/Versions/A/SpeechRecognition
0x0000000053324000 	/usr/lib/libauto.dylib
0x0000000053324000 	/usr/lib/libxml2.2.dylib
0x0000000053324000 	/System/Library/PrivateFrameworks/CoreUI.framework/Versions/A/CoreUI
0x0000000053324000 	/System/Library/Frameworks/CoreAudio.framework/Versions/A/CoreAudio
0x0000000053324000 	/System/Library/Frameworks/DiskArbitration.framework/Versions/A/DiskArbitration
0x0000000053324000 	/usr/lib/liblangid.dylib
0x0000000053324000 	/System/Library/PrivateFrameworks/MultitouchSupport.framework/Versions/A/MultitouchSupport
0x0000000053324000 	/System/Library/Frameworks/IOKit.framework/Versions/A/IOKit
0x0000000053324000 	/usr/lib/libDiagnosticMessagesClient.dylib
0x0000000053324000 	/System/Library/Frameworks/CoreServices.framework/Versions/A/CoreServices
0x0000000053324000 	/System/Library/PrivateFrameworks/PerformanceAnalysis.framework/Versions/A/PerformanceAnalysis
0x0000000053324000 	/System/Library/PrivateFrameworks/GenerationalStorage.framework/Versions/A/GenerationalStorage
0x0000000053324000 	/System/Library/Frameworks/OpenGL.framework/Versions/A/OpenGL
0x0000000053324000 	/System/Library/Frameworks/CoreImage.framework/Versions/A/CoreImage
0x0000000053324000 	/System/Library/Frameworks/CoreText.framework/Versions/A/CoreText
0x0000000053324000 	/System/Library/Frameworks/ImageIO.framework/Versions/A/ImageIO
0x0000000053324000 	/System/Library/PrivateFrameworks/Backup.framework/Versions/A/Backup
0x0000000053324000 	/usr/lib/libarchive.2.dylib
0x0000000053324000 	/System/Library/Frameworks/CFNetwork.framework/Versions/A/CFNetwork
0x0000000053324000 	/System/Library/Frameworks/SystemConfiguration.framework/Versions/A/SystemConfiguration
0x0000000053324000 	/usr/lib/libCRFSuite.dylib
0x0000000053324000 	/usr/lib/libc++.1.dylib
0x0000000053324000 	/usr/lib/libc++abi.dylib
0x0000000053324000 	/usr/lib/system/libcache.dylib
0x0000000053324000 	/usr/lib/system/libcommonCrypto.dylib
0x0000000053324000 	/usr/lib/system/libcompiler_rt.dylib
0x0000000053324000 	/usr/lib/system/libcopyfile.dylib
0x0000000053324000 	/usr/lib/system/libcorecrypto.dylib
0x0000000053324000 	/usr/lib/system/libdispatch.dylib
0x0000000053324000 	/usr/lib/system/libdyld.dylib
0x0000000053324000 	/usr/lib/system/libkeymgr.dylib
0x0000000053324000 	/usr/lib/system/liblaunch.dylib
0x0000000053324000 	/usr/lib/system/libmacho.dylib
0x0000000053324000 	/usr/lib/system/libquarantine.dylib
0x0000000053324000 	/usr/lib/system/libremovefile.dylib
0x0000000053324000 	/usr/lib/system/libsystem_asl.dylib
0x0000000053324000 	/usr/lib/system/libsystem_blocks.dylib
0x0000000053324000 	/usr/lib/system/libsystem_c.dylib
0x0000000053324000 	/usr/lib/system/libsystem_configuration.dylib
0x0000000053324000 	/usr/lib/system/libsystem_coreservices.dylib
0x0000000053324000 	/usr/lib/system/libsystem_coretls.dylib
0x0000000053324000 	/usr/lib/system/libsystem_dnssd.dylib
0x0000000053324000 	/usr/lib/system/libsystem_info.dylib
0x0000000053324000 	/usr/lib/system/libsystem_kernel.dylib
0x0000000053324000 	/usr/lib/system/libsystem_m.dylib
0x0000000053324000 	/usr/lib/system/libsystem_malloc.dylib
0x0000000053324000 	/usr/lib/system/libsystem_network.dylib
0x0000000053324000 	/usr/lib/system/libsystem_networkextension.dylib
0x0000000053324000 	/usr/lib/system/libsystem_notify.dylib
0x0000000053324000 	/usr/lib/system/libsystem_platform.dylib
0x0000000053324000 	/usr/lib/system/libsystem_pthread.dylib
0x0000000053324000 	/usr/lib/system/libsystem_sandbox.dylib
0x0000000053324000 	/usr/lib/system/libsystem_secinit.dylib
0x0000000053324000 	/usr/lib/system/libsystem_symptoms.dylib
0x0000000053324000 	/usr/lib/system/libsystem_trace.dylib
0x0000000053324000 	/usr/lib/system/libunwind.dylib
0x0000000053324000 	/usr/lib/system/libxpc.dylib
0x0000000053324000 	/usr/lib/libbsm.0.dylib
0x0000000053324000 	/usr/lib/system/libkxld.dylib
0x0000000053324000 	/usr/lib/libcoretls.dylib
0x0000000053324000 	/usr/lib/libcoretls_cfhelpers.dylib
0x0000000053324000 	/usr/lib/libOpenScriptingUtil.dylib
0x0000000053324000 	/usr/lib/libpam.2.dylib
0x0000000053324000 	/usr/lib/libsqlite3.dylib
0x0000000053324000 	/usr/lib/libxar.1.dylib
0x0000000053324000 	/usr/lib/libbz2.1.0.dylib
0x0000000053324000 	/usr/lib/liblzma.5.dylib
0x0000000053324000 	/usr/lib/libnetwork.dylib
0x0000000053324000 	/usr/lib/libpcap.A.dylib
0x0000000053324000 	/System/Library/Frameworks/CoreServices.framework/Versions/A/Frameworks/FSEvents.framework/Versions/A/FSEvents
0x0000000053324000 	/System/Library/Frameworks/CoreServices.framework/Versions/A/Frameworks/CarbonCore.framework/Versions/A/CarbonCore
0x0000000053324000 	/System/Library/Frameworks/CoreServices.framework/Versions/A/Frameworks/Metadata.framework/Versions/A/Metadata
0x0000000053324000 	/System/Library/Frameworks/CoreServices.framework/Versions/A/Frameworks/OSServices.framework/Versions/A/OSServices
0x0000000053324000 	/System/Library/Frameworks/CoreServices.framework/Versions/A/Frameworks/SearchKit.framework/Versions/A/SearchKit
0x0000000053324000 	/System/Library/Frameworks/CoreServices.framework/Versions/A/Frameworks/AE.framework/Versions/A/AE
0x0000000053324000 	/System/Library/Frameworks/CoreServices.framework/Versions/A/Frameworks/LaunchServices.framework/Versions/A/LaunchServices
0x0000000053324000 	/System/Library/Frameworks/CoreServices.framework/Versions/A/Frameworks/DictionaryServices.framework/Versions/A/DictionaryServices
0x0000000053324000 	/System/Library/Frameworks/CoreServices.framework/Versions/A/Frameworks/SharedFileList.framework/Versions/A/SharedFileList
0x0000000053324000 	/System/Library/Frameworks/NetFS.framework/Versions/A/NetFS
0x0000000053324000 	/System/Library/PrivateFrameworks/NetAuth.framework/Versions/A/NetAuth
0x0000000053324000 	/System/Library/PrivateFrameworks/login.framework/Versions/A/Frameworks/loginsupport.framework/Versions/A/loginsupport
0x0000000053324000 	/System/Library/PrivateFrameworks/TCC.framework/Versions/A/TCC
0x0000000053324000 	/usr/lib/libmecabra.dylib
0x0000000053324000 	/System/Library/Frameworks/ApplicationServices.framework/Versions/A/Frameworks/ATS.framework/Versions/A/ATS
0x0000000053324000 	/System/Library/Frameworks/ApplicationServices.framework/Versions/A/Frameworks/ColorSync.framework/Versions/A/ColorSync
0x0000000053324000 	/System/Library/Frameworks/ApplicationServices.framework/Versions/A/Frameworks/HIServices.framework/Versions/A/HIServices
0x0000000053324000 	/System/Library/Frameworks/ApplicationServices.framework/Versions/A/Frameworks/LangAnalysis.framework/Versions/A/LangAnalysis
0x0000000053324000 	/System/Library/Frameworks/ApplicationServices.framework/Versions/A/Frameworks/PrintCore.framework/Versions/A/PrintCore
0x0000000053324000 	/System/Library/Frameworks/ApplicationServices.framework/Versions/A/Frameworks/QD.framework/Versions/A/QD
0x0000000053324000 	/System/Library/Frameworks/ApplicationServices.framework/Versions/A/Frameworks/SpeechSynthesis.framework/Versions/A/SpeechSynthesis
0x0000000053324000 	/System/Library/Frameworks/Accelerate.framework/Versions/A/Frameworks/vImage.framework/Versions/A/vImage
0x0000000053324000 	/System/Library/Frameworks/Accelerate.framework/Versions/A/Frameworks/vecLib.framework/Versions/A/vecLib
0x0000000053324000 	/System/Library/Frameworks/Accelerate.framework/Versions/A/Frameworks/vecLib.framework/Versions/A/libvDSP.dylib
0x0000000053324000 	/System/Library/Frameworks/Accelerate.framework/Versions/A/Frameworks/vecLib.framework/Versions/A/libBNNS.dylib
0x0000000053324000 	/System/Library/Frameworks/Accelerate.framework/Versions/A/Frameworks/vecLib.framework/Versions/A/libQuadrature.dylib
0x0000000053324000 	/System/Library/Frameworks/Accelerate.framework/Versions/A/Frameworks/vecLib.framework/Versions/A/libvMisc.dylib
0x0000000053324000 	/System/Library/Frameworks/Accelerate.framework/Versions/A/Frameworks/vecLib.framework/Versions/A/libLAPACK.dylib
0x0000000053324000 	/System/Library/Frameworks/Accelerate.framework/Versions/A/Frameworks/vecLib.framework/Versions/A/libBLAS.dylib
0x0000000053324000 	/System/Library/Frameworks/Accelerate.framework/Versions/A/Frameworks/vecLib.framework/Versions/A/libLinearAlgebra.dylib
0x0000000053324000 	/System/Library/Frameworks/Accelerate.framework/Versions/A/Frameworks/vecLib.framework/Versions/A/libSparseBLAS.dylib
0x0000000053324000 	/System/Library/Frameworks/ApplicationServices.framework/Versions/A/Frameworks/ATS.framework/Versions/A/Resources/libFontParser.dylib
0x0000000053324000 	/System/Library/Frameworks/ApplicationServices.framework/Versions/A/Frameworks/ATS.framework/Versions/A/Resources/libFontRegistry.dylib
0x0000000053324000 	/System/Library/Frameworks/ImageIO.framework/Versions/A/Resources/libJPEG.dylib
0x0000000053324000 	/System/Library/Frameworks/ImageIO.framework/Versions/A/Resources/libTIFF.dylib
0x0000000053324000 	/System/Library/Frameworks/ImageIO.framework/Versions/A/Resources/libPng.dylib
0x0000000053324000 	/System/Library/Frameworks/ImageIO.framework/Versions/A/Resources/libGIF.dylib
0x0000000053324000 	/System/Library/Frameworks/ImageIO.framework/Versions/A/Resources/libJP2.dylib
0x0000000053324000 	/System/Library/Frameworks/ImageIO.framework/Versions/A/Resources/libRadiance.dylib
0x0000000053324000 	/usr/lib/libcompression.dylib
0x0000000053324000 	/System/Library/PrivateFrameworks/AppleJPEG.framework/Versions/A/AppleJPEG
0x0000000053324000 	/usr/lib/libcups.2.dylib
0x0000000053324000 	/System/Library/Frameworks/Kerberos.framework/Versions/A/Kerberos
0x0000000053324000 	/System/Library/Frameworks/GSS.framework/Versions/A/GSS
0x0000000053324000 	/usr/lib/libresolv.9.dylib
0x0000000053324000 	/usr/lib/libiconv.2.dylib
0x0000000053324000 	/System/Library/PrivateFrameworks/Heimdal.framework/Versions/A/Heimdal
0x0000000053324000 	/usr/lib/libheimdal-asn1.dylib
0x0000000053324000 	/System/Library/Frameworks/OpenDirectory.framework/Versions/A/OpenDirectory
0x0000000053324000 	/System/Library/PrivateFrameworks/CommonAuth.framework/Versions/A/CommonAuth
0x0000000053324000 	/System/Library/Frameworks/OpenDirectory.framework/Versions/A/Frameworks/CFOpenDirectory.framework/Versions/A/CFOpenDirectory
0x0000000053324000 	/System/Library/Frameworks/SecurityFoundation.framework/Versions/A/SecurityFoundation
0x0000000053324000 	/System/Library/PrivateFrameworks/LanguageModeling.framework/Versions/A/LanguageModeling
0x0000000053324000 	/usr/lib/libmarisa.dylib
0x0000000053324000 	/usr/lib/libChineseTokenizer.dylib
0x0000000053324000 	/usr/lib/libcmph.dylib
0x0000000053324000 	/System/Library/PrivateFrameworks/CoreEmoji.framework/Versions/A/CoreEmoji
0x0000000053324000 	/System/Library/Frameworks/ServiceManagement.framework/Versions/A/ServiceManagement
0x0000000053324000 	/usr/lib/libxslt.1.dylib
0x0000000053324000 	/System/Library/Frameworks/Carbon.framework/Versions/A/Frameworks/Ink.framework/Versions/A/Ink
0x0000000053324000 	/System/Library/PrivateFrameworks/TextureIO.framework/Versions/A/TextureIO
0x0000000053324000 	/System/Library/Frameworks/Metal.framework/Versions/A/Metal
0x0000000053324000 	/usr/lib/libate.dylib
0x0000000053324000 	/System/Library/PrivateFrameworks/GPUCompiler.framework/libmetal_timestamp.dylib
0x0000000053324000 	/System/Library/Frameworks/OpenGL.framework/Versions/A/Libraries/libCoreFSCache.dylib
0x0000000053324000 	/System/Library/PrivateFrameworks/IOAccelerator.framework/Versions/A/IOAccelerator
0x0000000053324000 	/System/Library/Frameworks/CoreVideo.framework/Versions/A/CoreVideo
0x0000000053324000 	/usr/lib/libFosl_dynamic.dylib
0x0000000053324000 	/System/Library/PrivateFrameworks/MetalPerformanceShaders.framework/Versions/A/MetalPerformanceShaders
0x0000000053324000 	/System/Library/PrivateFrameworks/FaceCore.framework/Versions/A/FaceCore
0x0000000053324000 	/System/Library/Frameworks/OpenCL.framework/Versions/A/OpenCL
0x0000000053324000 	/System/Library/Frameworks/OpenGL.framework/Versions/A/Libraries/libGLU.dylib
0x0000000053324000 	/System/Library/Frameworks/OpenGL.framework/Versions/A/Libraries/libGFXShared.dylib
0x0000000053324000 	/System/Library/Frameworks/OpenGL.framework/Versions/A/Libraries/libGL.dylib
0x0000000053324000 	/System/Library/Frameworks/OpenGL.framework/Versions/A/Libraries/libGLImage.dylib
0x0000000053324000 	/System/Library/Frameworks/OpenGL.framework/Versions/A/Libraries/libCVMSPluginSupport.dylib
0x0000000053324000 	/System/Library/Frameworks/OpenGL.framework/Versions/A/Libraries/libCoreVMClient.dylib
0x0000000053324000 	/System/Library/PrivateFrameworks/CrashReporterSupport.framework/Versions/A/CrashReporterSupport
0x0000000053324000 	/System/Library/PrivateFrameworks/Sharing.framework/Versions/A/Sharing
0x0000000053324000 	/System/Library/PrivateFrameworks/IconServices.framework/Versions/A/IconServices
0x0000000053324000 	/System/Library/PrivateFrameworks/ProtocolBuffer.framework/Versions/A/ProtocolBuffer
0x0000000053324000 	/System/Library/PrivateFrameworks/Apple80211.framework/Versions/A/Apple80211
0x0000000053324000 	/System/Library/Frameworks/CoreWLAN.framework/Versions/A/CoreWLAN
0x0000000053324000 	/System/Library/PrivateFrameworks/CoreUtils.framework/Versions/A/CoreUtils
0x0000000053324000 	/System/Library/Frameworks/IOBluetooth.framework/Versions/A/IOBluetooth
0x0000000053324000 	/System/Library/PrivateFrameworks/CoreWiFi.framework/Versions/A/CoreWiFi
0x0000000053324000 	/System/Library/Frameworks/CoreBluetooth.framework/Versions/A/CoreBluetooth
0x0000000053324000 	/System/Library/Frameworks/CoreDisplay.framework/Versions/A/CoreDisplay
0x0000000053324000 	/System/Library/PrivateFrameworks/IOPresentment.framework/Versions/A/IOPresentment
0x0000000053324000 	/System/Library/PrivateFrameworks/DSExternalDisplay.framework/Versions/A/DSExternalDisplay
0x0000000053324000 	/System/Library/PrivateFrameworks/DebugSymbols.framework/Versions/A/DebugSymbols
0x0000000053324000 	/System/Library/PrivateFrameworks/CoreSymbolication.framework/Versions/A/CoreSymbolication
0x0000000053324000 	/System/Library/PrivateFrameworks/Symbolication.framework/Versions/A/Symbolication
0x0000000053324000 	/System/Library/PrivateFrameworks/AppleFSCompression.framework/Versions/A/AppleFSCompression
0x0000000053324000 	/System/Library/PrivateFrameworks/SpeechRecognitionCore.framework/Versions/A/SpeechRecognitionCore
0x0000000053324000 	/System/Library/PrivateFrameworks/ChunkingLibrary.framework/Versions/A/ChunkingLibrary
0x0000000109e85000 	/Library/Java/JavaVirtualMachines/jdk1.8.0_144.jdk/Contents/Home/jre/lib/server/libjvm.dylib
0x0000000053324000 	/usr/lib/libstdc++.6.dylib
0x000000010ae2c000 	/Library/Java/JavaVirtualMachines/jdk1.8.0_144.jdk/Contents/Home/jre/lib/libverify.dylib
0x000000010ae3a000 	/Library/Java/JavaVirtualMachines/jdk1.8.0_144.jdk/Contents/Home/jre/lib/libjava.dylib
0x000000010ae79000 	/Library/Java/JavaVirtualMachines/jdk1.8.0_144.jdk/Contents/Home/jre/lib/libzip.dylib
0x0000000111ff2000 	/System/Library/Frameworks/JavaVM.framework/Frameworks/JavaRuntimeSupport.framework/JavaRuntimeSupport
0x000000011200c000 	/System/Library/Frameworks/JavaVM.framework/Versions/A/Frameworks/JavaNativeFoundation.framework/Versions/A/JavaNativeFoundation
0x0000000112021000 	/System/Library/Frameworks/JavaVM.framework/Versions/A/JavaVM
0x0000000053324000 	/System/Library/Frameworks/Carbon.framework/Versions/A/Carbon
0x000000011202e000 	/System/Library/PrivateFrameworks/JavaLaunching.framework/Versions/A/JavaLaunching
0x0000000053324000 	/System/Library/Frameworks/Carbon.framework/Versions/A/Frameworks/CommonPanels.framework/Versions/A/CommonPanels
0x0000000053324000 	/System/Library/Frameworks/Carbon.framework/Versions/A/Frameworks/Help.framework/Versions/A/Help
0x0000000053324000 	/System/Library/Frameworks/Carbon.framework/Versions/A/Frameworks/ImageCapture.framework/Versions/A/ImageCapture
0x0000000053324000 	/System/Library/Frameworks/Carbon.framework/Versions/A/Frameworks/OpenScripting.framework/Versions/A/OpenScripting
0x0000000053324000 	/System/Library/Frameworks/Carbon.framework/Versions/A/Frameworks/Print.framework/Versions/A/Print
0x0000000053324000 	/System/Library/Frameworks/Carbon.framework/Versions/A/Frameworks/SecurityHI.framework/Versions/A/SecurityHI
0x0000000112094000 	/Library/Java/JavaVirtualMachines/jdk1.8.0_144.jdk/Contents/Home/jre/lib/libawt.dylib
0x000000011213c000 	/Library/Java/JavaVirtualMachines/jdk1.8.0_144.jdk/Contents/Home/jre/lib/./libmlib_image.dylib
0x0000000112208000 	/Library/Java/JavaVirtualMachines/jdk1.8.0_144.jdk/Contents/Home/jre/lib/libawt_lwawt.dylib
0x00000001122bf000 	/Library/Java/JavaVirtualMachines/jdk1.8.0_144.jdk/Contents/Home/jre/lib/./libosxapp.dylib
0x0000000053324000 	/System/Library/Frameworks/ExceptionHandling.framework/Versions/A/ExceptionHandling
0x0000000053324000 	/System/Library/PrivateFrameworks/CoreServicesInternal.framework/Versions/A/CoreServicesInternal
0x0000000053324000 	/System/Library/CoreServices/RawCamera.bundle/Contents/MacOS/RawCamera
0x0000000053324000 	/System/Library/Frameworks/Accelerate.framework/Versions/A/Frameworks/vImage.framework/Versions/A/Libraries/libCGInterfaces.dylib
0x0000000053324000 	/System/Library/Frameworks/ApplicationServices.framework/Versions/A/Frameworks/ATS.framework/Versions/A/Resources/libTrueTypeScaler.dylib
0x0000000124962000 	/System/Library/Frameworks/OpenGL.framework/Resources/GLEngine.bundle/GLEngine
0x0000000053324000 	/System/Library/Frameworks/OpenGL.framework/Versions/A/Libraries/libGLProgrammability.dylib
0x0000000124b47000 	/System/Library/Extensions/AppleIntelBDWGraphicsGLDriver.bundle/Contents/MacOS/AppleIntelBDWGraphicsGLDriver
0x0000000053324000 	/System/Library/PrivateFrameworks/GPUSupport.framework/Versions/A/Libraries/libGPUSupportMercury.dylib
0x00000001129e6000 	/System/Library/Frameworks/OpenGL.framework/Resources//GLRendererFloat.bundle/GLRendererFloat
0x0000000053324000 	/System/Library/Frameworks/OpenCL.framework/Versions/A/Libraries/libcldcpuengine.dylib
0x0000000053324000 	/usr/lib/libcrypto.0.9.8.dylib
0x0000000053324000 	/System/Library/PrivateFrameworks/TrustEvaluationAgent.framework/Versions/A/TrustEvaluationAgent
0x00000001252b1000 	/System/Library/Extensions/AppleIntelBDWGraphicsMTLDriver.bundle/Contents/MacOS/AppleIntelBDWGraphicsMTLDriver
0x0000000053324000 	/System/Library/PrivateFrameworks/FamilyControls.framework/Versions/A/FamilyControls
0x0000000053324000 	/System/Library/PrivateFrameworks/CommerceKit.framework/Versions/A/Frameworks/CommerceCore.framework/Versions/A/CommerceCore
0x0000000053324000 	/System/Library/PrivateFrameworks/SystemAdministration.framework/Versions/A/SystemAdministration
0x0000000053324000 	/System/Library/PrivateFrameworks/AppContainer.framework/Versions/A/AppContainer
0x0000000053324000 	/System/Library/PrivateFrameworks/SecCodeWrapper.framework/Versions/A/SecCodeWrapper
0x0000000053324000 	/System/Library/Frameworks/DirectoryService.framework/Versions/A/DirectoryService
0x0000000053324000 	/System/Library/PrivateFrameworks/DiskImages.framework/Versions/A/DiskImages
0x0000000053324000 	/System/Library/PrivateFrameworks/LoginUIKit.framework/Versions/A/Frameworks/LoginUICore.framework/Versions/A/LoginUICore
0x0000000053324000 	/usr/lib/libCoreStorage.dylib
0x0000000053324000 	/usr/lib/libcsfde.dylib
0x0000000053324000 	/usr/lib/libodfde.dylib
0x0000000053324000 	/System/Library/Frameworks/DiscRecording.framework/Versions/A/DiscRecording
0x0000000053324000 	/usr/lib/libcurl.4.dylib
0x0000000053324000 	/System/Library/PrivateFrameworks/MediaKit.framework/Versions/A/MediaKit
0x0000000053324000 	/System/Library/PrivateFrameworks/ProtectedCloudStorage.framework/Versions/A/ProtectedCloudStorage
0x0000000053324000 	/System/Library/PrivateFrameworks/EFILogin.framework/Versions/A/EFILogin
0x0000000053324000 	/usr/lib/libutil.dylib
0x0000000053324000 	/System/Library/Frameworks/LDAP.framework/Versions/A/LDAP
0x0000000053324000 	/usr/lib/libsasl2.2.dylib
0x0000000053324000 	/System/Library/PrivateFrameworks/CoreDaemon.framework/Versions/B/CoreDaemon
0x0000000053324000 	/System/Library/PrivateFrameworks/AppleSRP.framework/Versions/A/AppleSRP
0x0000000053324000 	/System/Library/PrivateFrameworks/APFS.framework/Versions/A/APFS
0x0000000126aa2000 	/Library/Java/JavaVirtualMachines/jdk1.8.0_144.jdk/Contents/Home/jre/lib/libfontmanager.dylib
0x0000000126b09000 	/Users/kis/Desktop/workspace/AnalogGame/Lib/Native/macosx/liblwjgl.dylib
0x0000000112548000 	/Library/Java/JavaVirtualMachines/jdk1.8.0_144.jdk/Contents/Home/jre/lib/libjawt.dylib
0x0000000053324000 	/System/Library/PrivateFrameworks/ViewBridge.framework/Versions/A/ViewBridge
0x0000000053324000 	/System/Library/PrivateFrameworks/XPCService.framework/Versions/A/XPCService
0x0000000053324000 	/System/Library/PrivateFrameworks/AppSandbox.framework/Versions/A/AppSandbox
0x0000000053324000 	/usr/lib/libsandbox.1.dylib
0x0000000053324000 	/usr/lib/libMatch.1.dylib
0x0000000112392000 	/Library/Java/JavaVirtualMachines/jdk1.8.0_144.jdk/Contents/Home/jre/lib/libnio.dylib
0x00000001123a2000 	/Library/Java/JavaVirtualMachines/jdk1.8.0_144.jdk/Contents/Home/jre/lib/./libnet.dylib
0x0000000112406000 	/Library/Java/JavaVirtualMachines/jdk1.8.0_144.jdk/Contents/Home/jre/lib/libjpeg.dylib

VM Arguments:
jvm_args: -Djava.library.path=/Users/kis/Desktop/workspace/AnalogGame/Lib/Native/macosx -Dfile.encoding=UTF-8 
java_command: AnalogGame
java_class_path (initial): /Users/kis/Desktop/workspace/AnalogGame/bin:/Users/kis/Desktop/workspace/AnalogGame/Lib/Jars/slick.jar:/Users/kis/Desktop/workspace/AnalogGame/Lib/Jars/lwjgl.jar
Launcher Type: SUN_STANDARD

Environment Variables:
PATH=/usr/bin:/bin:/usr/sbin:/sbin
SHELL=/bin/bash

Signal Handlers:
SIGSEGV: [libjvm.dylib+0x5b26e5], sa_mask[0]=11111111011111110111111111111111, sa_flags=SA_ONSTACK|SA_RESTART|SA_SIGINFO
SIGBUS: [libjvm.dylib+0x5b26e5], sa_mask[0]=11111111011111110111111111111111, sa_flags=SA_RESTART|SA_SIGINFO
SIGFPE: [libjvm.dylib+0x489100], sa_mask[0]=11111111011111110111111111111111, sa_flags=SA_RESTART|SA_SIGINFO
SIGPIPE: [libjvm.dylib+0x489100], sa_mask[0]=11111111011111110111111111111111, sa_flags=SA_RESTART|SA_SIGINFO
SIGXFSZ: [libjvm.dylib+0x489100], sa_mask[0]=11111111011111110111111111111111, sa_flags=SA_RESTART|SA_SIGINFO
SIGILL: [libjvm.dylib+0x489100], sa_mask[0]=11111111011111110111111111111111, sa_flags=SA_RESTART|SA_SIGINFO
SIGUSR1: SIG_DFL, sa_mask[0]=00000000000000000000000000000000, sa_flags=none
SIGUSR2: [libjvm.dylib+0x488c1e], sa_mask[0]=00100000000000000000000000000000, sa_flags=SA_RESTART|SA_SIGINFO
SIGHUP: [libjvm.dylib+0x4871f5], sa_mask[0]=11111111011111110111111111111111, sa_flags=SA_RESTART|SA_SIGINFO
SIGINT: [libjvm.dylib+0x4871f5], sa_mask[0]=11111111011111110111111111111111, sa_flags=SA_RESTART|SA_SIGINFO
SIGTERM: [libjvm.dylib+0x4871f5], sa_mask[0]=11111111011111110111111111111111, sa_flags=SA_RESTART|SA_SIGINFO
SIGQUIT: [libjvm.dylib+0x4871f5], sa_mask[0]=11111111011111110111111111111111, sa_flags=SA_RESTART|SA_SIGINFO


---------------  S Y S T E M  ---------------

OS:Bsduname:Darwin 16.7.0 Darwin Kernel Version 16.7.0: Thu Jun 15 17:36:27 PDT 2017; root:xnu-3789.70.16~2/RELEASE_X86_64 x86_64
rlimit: STACK 8192k, CORE 0k, NPROC 709, NOFILE 10240, AS infinity
load average:2.21 1.69 1.71

CPU:total 4 (initial active 4) (2 cores per cpu, 2 threads per core) family 6 model 61 stepping 4, cmov, cx8, fxsr, mmx, sse, sse2, sse3, ssse3, sse4.1, sse4.2, popcnt, avx, avx2, aes, clmul, erms, 3dnowpref, lzcnt, ht, tsc, tscinvbit, bmi1, bmi2, adx

Memory: 4k page, physical 8388608k(369032k free)

/proc/meminfo:


vm_info: Java HotSpot(TM) 64-Bit Server VM (25.144-b01) for bsd-amd64 JRE (1.8.0_144-b01), built on Jul 21 2017 22:07:42 by "java_re" with gcc 4.2.1 (Based on Apple Inc. build 5658) (LLVM build 2336.11.00)

time: Wed Mar  7 19:16:59 2018
elapsed time: 12 seconds (0d 0h 0m 12s)

