#
# A fatal error has been detected by the Java Runtime Environment:
#
#  SIGSEGV (0xb) at pc=0x00007fffdd5baf59, pid=39252, tid=0x0000000000000307
#
# JRE version: Java(TM) SE Runtime Environment (8.0_144-b01) (build 1.8.0_144-b01)
# Java VM: Java HotSpot(TM) 64-Bit Server VM (25.144-b01 mixed mode bsd-amd64 compressed oops)
# Problematic frame:
# C  [libobjc.A.dylib+0xbf59]  weak_register_no_lock+0x41
#
# Failed to write core dump. Core dumps have been disabled. To enable core dumping, try "ulimit -c unlimited" before starting Java again
#
# If you would like to submit a bug report, please visit:
#   http://bugreport.java.com/bugreport/crash.jsp
# The crash happened outside the Java Virtual Machine in native code.
# See problematic frame for where to report the bug.
#

---------------  T H R E A D  ---------------

Current thread (0x00007fd0ca11f800):  JavaThread "AppKit Thread" daemon [_thread_in_native, id=775, stack(0x00007fff5f376000,0x00007fff5fb76000)]

siginfo: si_signo: 11 (SIGSEGV), si_code: 1 (SEGV_MAPERR), si_addr: 0x0000000000000020

Registers:
RAX=0x5000000000000000, RBX=0x00007fd0c8d95260, RCX=0x0000000000000000, RDX=0x00007fd0c8d9fbc8
RSP=0x00007fff5fb706a0, RBP=0x00007fff5fb706f0, RSI=0x00007fd0c8d95260, RDI=0x00007fffe6d13860
R8 =0x000000000000003f, R9 =0x00007fd0c8c46f80, R10=0x000000000000001b, R11=0x00007fd0c91cbdb0
R12=0x0000000000000001, R13=0x00007fffe6d13480, R14=0x00007fffe6d13860, R15=0x00007fd0c8d9fbc8
RIP=0x00007fffdd5baf59, EFLAGS=0x0000000000010246, ERR=0x0000000000000004
  TRAPNO=0x000000000000000e

Top of Stack: (sp=0x00007fff5fb706a0)
0x00007fff5fb706a0:   00007fffe6d13480 00007fffe6d13840
0x00007fff5fb706b0:   00007fff5fb70740 00007fffdd5badd8
0x00007fff5fb706c0:   0000000000000000 00007fffe6d13480
0x00007fff5fb706d0:   00007fd0c8d9fbc8 00007fffe6d13480
0x00007fff5fb706e0:   00007fd0c8d95260 0000000000000000
0x00007fff5fb706f0:   00007fff5fb70780 00007fffdd5bad5f
0x00007fff5fb70700:   0000000000000000 00007fd0c8d9f9a8
0x00007fff5fb70710:   ffff802f373b9080 00000000000003c0
0x00007fff5fb70720:   00007fffe6c5d630 0000000000000000
0x00007fff5fb70730:   00007fffe6d13840 00007fd0c8d95260
0x00007fff5fb70740:   0000000000000000 00007fd0c8d9fbc8
0x00007fff5fb70750:   0000000000000009 00007fd0c8c46f80
0x00007fff5fb70760:   0000000000000000 00007fd0c8c46f80
0x00007fff5fb70770:   00007fd0c8d9fa60 00007fd0c8d95260
0x00007fff5fb70780:   00007fff5fb707c0 00007fffca12aacf
0x00007fff5fb70790:   00007fff5fb707c0 0000000000000000
0x00007fff5fb707a0:   00007fd0c8d95260 00007fffc6e5f006
0x00007fff5fb707b0:   00007fd0c8c46f80 00007fffdd5b6040
0x00007fff5fb707c0:   00007fff5fb707f0 00007fffc64f76fb
0x00007fff5fb707d0:   00007fffdd5b6040 00007fff5fb70878
0x00007fff5fb707e0:   00007fffc6ea2759 00007fffdd5b6040
0x00007fff5fb707f0:   00007fff5fb70830 00007fffc68c4c73
0x00007fff5fb70800:   0000000000000000 0000000000000000
0x00007fff5fb70810:   0000000000000094 00007fffc6e8517f
0x00007fff5fb70820:   00007fff5fb70878 0000000000000001
0x00007fff5fb70830:   00007fff5fb70860 00007fffc634ed48
0x00007fff5fb70840:   0000000000000000 00007fd0c8d95260
0x00007fff5fb70850:   00007fd0c8c46f80 0000000000000000
0x00007fff5fb70860:   00007fff5fb708c0 00007fffc64f7538
0x00007fff5fb70870:   0000000000000000 00007fffe6da6060
0x00007fff5fb70880:   00000000c2000000 00007fffc68c4b84
0x00007fff5fb70890:   00007fffe2e72cf0 0000000000000000 

Instructions: (pc=0x00007fffdd5baf59)
0x00007fffdd5baf39:   db 0f 84 1c 01 00 00 f6 c3 01 0f 85 10 01 00 00
0x00007fffdd5baf49:   48 8b 03 48 b9 f8 ff ff ff ff 7f 00 00 48 21 c1
0x00007fffdd5baf59:   f6 41 20 02 75 34 4c 8d 2d 6a 96 75 09 49 8b 75
0x00007fffdd5baf69:   00 48 89 df e8 a7 1d 00 00 48 89 c1 31 c0 48 3b 

Register to memory mapping:

RAX=0x5000000000000000 is an unknown value
RBX=0x00007fd0c8d95260 is an unknown value
RCX=0x0000000000000000 is an unknown value
RDX=0x00007fd0c8d9fbc8 is an unknown value
RSP=0x00007fff5fb706a0 is pointing into the stack for thread: 0x00007fd0ca11f800
RBP=0x00007fff5fb706f0 is pointing into the stack for thread: 0x00007fd0ca11f800
RSI=0x00007fd0c8d95260 is an unknown value
RDI=0x00007fffe6d13860: _ZN12_GLOBAL__N_1L12SideTableBufE+0x3e0 in /usr/lib/libobjc.A.dylib at 0x00007fffdd5af000
R8 =0x000000000000003f is an unknown value
R9 =0x00007fd0c8c46f80 is an unknown value
R10=0x000000000000001b is an unknown value
R11=0x00007fd0c91cbdb0 is an unknown value
R12=0x0000000000000001 is an unknown value
R13=0x00007fffe6d13480: _ZN12_GLOBAL__N_1L12SideTableBufE+0 in /usr/lib/libobjc.A.dylib at 0x00007fffdd5af000
R14=0x00007fffe6d13860: _ZN12_GLOBAL__N_1L12SideTableBufE+0x3e0 in /usr/lib/libobjc.A.dylib at 0x00007fffdd5af000
R15=0x00007fd0c8d9fbc8 is an unknown value


Stack: [0x00007fff5f376000,0x00007fff5fb76000],  sp=0x00007fff5fb706a0,  free space=8169k
Native frames: (J=compiled Java code, j=interpreted, Vv=VM code, C=native code)
C  [libobjc.A.dylib+0xbf59]  weak_register_no_lock+0x41
C  [libobjc.A.dylib+0xbd5f]  objc_storeWeak+0x1c5
C  [Foundation+0x17acf]  -[NSConcreteMapTable setObject:forKey:]+0x6a
C  [AppKit+0x3226fb]  -[NSView(NSOpenGLContextAssociation) _setOpenGLContext:]+0x9b
C  [AppKit+0x6efc73]  __27-[NSOpenGLContext setView:]_block_invoke+0xef
C  [AppKit+0x179d48]  NSPerformVisuallyAtomicChange+0x93
C  [AppKit+0x322538]  -[NSOpenGLContext setView:]+0x69
C  [liblwjgl.dylib+0xa586]  -[MacOSXOpenGLView lockFocus]+0x76
C  [AppKit+0x19ce7b]  -[NSView _recursiveDisplayRectIfNeededIgnoringOpacity:isVisibleRect:rectIsVisibleRectForView:topView:]+0x6ee
C  [AppKit+0x19d6d1]  -[NSView _recursiveDisplayRectIfNeededIgnoringOpacity:isVisibleRect:rectIsVisibleRectForView:topView:]+0xf44
C  [AppKit+0x19c2af]  -[NSThemeFrame _recursiveDisplayRectIfNeededIgnoringOpacity:isVisibleRect:rectIsVisibleRectForView:topView:]+0x14e
C  [AppKit+0x19a6d8]  -[NSView _displayRectIgnoringOpacity:isVisibleRect:rectIsVisibleRectForView:]+0x994
C  [AppKit+0x195fca]  -[NSView displayIfNeeded]+0x6d4
C  [AppKit+0x1958db]  -[NSWindow displayIfNeeded]+0xe6
C  [AppKit+0x8f5cb4]  ___NSWindowGetDisplayCycleObserver_block_invoke.6228+0x115
C  [AppKit+0x1953b9]  __37+[NSDisplayCycle currentDisplayCycle]_block_invoke+0x1c6
C  [QuartzCore+0x11d06]  _ZN2CA11Transaction19run_commit_handlersE18CATransactionPhase+0x2e
C  [QuartzCore+0x11b8bc]  _ZN2CA7Context18commit_transactionEPNS_11TransactionE+0xa0
C  [QuartzCore+0x107e1]  _ZN2CA11Transaction6commitEv+0x1db
C  [AppKit+0x4788b1]  __37+[NSDisplayCycle currentDisplayCycle]_block_invoke.31+0x143
C  [CoreFoundation+0xa6d37]  __CFRUNLOOP_IS_CALLING_OUT_TO_AN_OBSERVER_CALLBACK_FUNCTION__+0x17
C  [CoreFoundation+0xa6ca7]  __CFRunLoopDoObservers+0x187
C  [CoreFoundation+0x876d9]  __CFRunLoopRun+0x369
C  [CoreFoundation+0x87114]  CFRunLoopRunSpecific+0x1a4
C  [HIToolbox+0x30ebc]  RunCurrentEventLoopInMode+0xf0
C  [HIToolbox+0x30bf9]  ReceiveNextEventCommon+0xb8
C  [HIToolbox+0x30b26]  _BlockUntilNextEventMatchingListInModeWithFilter+0x47
C  [AppKit+0x46a54]  _DPSNextEvent+0x460
C  [AppKit+0x7c27ee]  -[NSApplication(NSEvent) _nextEventMatchingEventMask:untilDate:inMode:dequeue:]+0xaec
C  [libosxapp.dylib+0x23aa]  -[NSApplicationAWT nextEventMatchingMask:untilDate:inMode:dequeue:]+0x7c
C  [AppKit+0x3b3db]  -[NSApplication run]+0x39e
C  [libosxapp.dylib+0x214d]  +[NSApplicationAWT runAWTLoopWithApp:]+0x9c
C  [libawt_lwawt.dylib+0x45edf]  -[AWTStarter starter:]+0x389
C  [Foundation+0x7152a]  __NSThreadPerformPerform+0x146
C  [CoreFoundation+0xa7321]  __CFRUNLOOP_IS_CALLING_OUT_TO_A_SOURCE0_PERFORM_FUNCTION__+0x11
C  [CoreFoundation+0x8821d]  __CFRunLoopDoSources0+0x22d
C  [CoreFoundation+0x87716]  __CFRunLoopRun+0x3a6
C  [CoreFoundation+0x87114]  CFRunLoopRunSpecific+0x1a4
C  [java+0x6465]  CreateExecutionEnvironment+0x367
C  [java+0x218c]  JLI_Launch+0x7a0
C  [java+0x84c2]  main+0x65
C  [java+0x19e4]  start+0x34
C  0x0000000000000006


---------------  P R O C E S S  ---------------

Java Threads: ( => current thread )
  0x00007fd0c919b000 JavaThread "Java2D Queue Flusher" daemon [_thread_blocked, id=62219, stack(0x000070000c120000,0x000070000c220000)]
  0x00007fd0c9198000 JavaThread "Java2D Disposer" daemon [_thread_blocked, id=60723, stack(0x000070000c01d000,0x000070000c11d000)]
  0x00007fd0c9084800 JavaThread "AWT-Shutdown" [_thread_blocked, id=29215, stack(0x000070000bd91000,0x000070000be91000)]
=>0x00007fd0ca11f800 JavaThread "AppKit Thread" daemon [_thread_in_native, id=775, stack(0x00007fff5f376000,0x00007fff5fb76000)]
  0x00007fd0ca812800 JavaThread "Service Thread" daemon [_thread_blocked, id=18691, stack(0x000070000bb8b000,0x000070000bc8b000)]
  0x00007fd0ca821000 JavaThread "C1 CompilerThread2" daemon [_thread_blocked, id=18179, stack(0x000070000ba88000,0x000070000bb88000)]
  0x00007fd0ca820800 JavaThread "C2 CompilerThread1" daemon [_thread_blocked, id=17667, stack(0x000070000b985000,0x000070000ba85000)]
  0x00007fd0ca037800 JavaThread "C2 CompilerThread0" daemon [_thread_blocked, id=17155, stack(0x000070000b882000,0x000070000b982000)]
  0x00007fd0ca007800 JavaThread "Signal Dispatcher" daemon [_thread_blocked, id=16643, stack(0x000070000b77f000,0x000070000b87f000)]
  0x00007fd0ca033800 JavaThread "Finalizer" daemon [_thread_blocked, id=12547, stack(0x000070000b67c000,0x000070000b77c000)]
  0x00007fd0ca030800 JavaThread "Reference Handler" daemon [_thread_blocked, id=12035, stack(0x000070000b579000,0x000070000b679000)]
  0x00007fd0c9806000 JavaThread "main" [_thread_in_native, id=7171, stack(0x000070000af67000,0x000070000b067000)]

Other Threads:
  0x00007fd0ca02c000 VMThread [stack: 0x000070000b476000,0x000070000b576000] [id=11523]
  0x00007fd0c900f000 WatcherThread [stack: 0x000070000bc8e000,0x000070000bd8e000] [id=19203]

VM state:not at safepoint (normal execution)

VM Mutex/Monitor currently owned by a thread: None

Heap:
 PSYoungGen      total 102400K, used 15760K [0x0000000795580000, 0x000000079e880000, 0x00000007c0000000)
  eden space 97280K, 16% used [0x0000000795580000,0x00000007964cc050,0x000000079b480000)
  from space 5120K, 1% used [0x000000079b480000,0x000000079b498000,0x000000079b980000)
  to   space 2560K, 0% used [0x000000079e600000,0x000000079e600000,0x000000079e880000)
 ParOldGen       total 210944K, used 65043K [0x0000000740000000, 0x000000074ce00000, 0x0000000795580000)
  object space 210944K, 30% used [0x0000000740000000,0x0000000743f84d78,0x000000074ce00000)
 Metaspace       used 9516K, capacity 9685K, committed 9856K, reserved 1058816K
  class space    used 1005K, capacity 1085K, committed 1152K, reserved 1048576K

Card table byte_map: [0x0000000101d67000,0x0000000102168000] byte_map_base: 0x00000000fe367000

Marking Bits: (ParMarkBitMap*) 0x00000001012f35d0
 Begin Bits: [0x0000000102413000, 0x0000000104413000)
 End Bits:   [0x0000000104413000, 0x0000000106413000)

Polling page: 0x000000010014a000

CodeCache: size=245760Kb used=3714Kb max_used=3714Kb free=242045Kb
 bounds [0x0000000106722000, 0x0000000106ad2000, 0x0000000115722000]
 total_blobs=1408 nmethods=900 adapters=422
 compilation: enabled

Compilation events (10 events):
Event: 11.173 Thread 0x00007fd0ca821000  894       3       java.nio.Bits::getLong (18 bytes)
Event: 11.174 Thread 0x00007fd0ca821000 nmethod 894 0x0000000106ab5f10 code [0x0000000106ab6080, 0x0000000106ab6278]
Event: 11.178 Thread 0x00007fd0ca820800  895       4       org.newdawn.slick.opengl.TextureImpl::bind (39 bytes)
Event: 11.183 Thread 0x00007fd0ca820800 nmethod 895 0x0000000106abda10 code [0x0000000106abdbc0, 0x0000000106abdef8]
Event: 11.223 Thread 0x00007fd0ca821000  897   !   3       org.lwjgl.input.Mouse::isButtonDown (61 bytes)
Event: 11.224 Thread 0x00007fd0ca821000 nmethod 897 0x0000000106abee90 code [0x0000000106abf040, 0x0000000106abf638]
Event: 11.224 Thread 0x00007fd0ca821000  898       3       java.nio.DirectByteBuffer::get (16 bytes)
Event: 11.224 Thread 0x00007fd0ca821000 nmethod 898 0x0000000106abd190 code [0x0000000106abd300, 0x0000000106abd570]
Event: 11.245 Thread 0x00007fd0ca037800  899       4       org.newdawn.slick.Graphics::resetTransform (39 bytes)
Event: 11.246 Thread 0x00007fd0ca037800 nmethod 899 0x0000000106abcf10 code [0x0000000106abd060, 0x0000000106abd0f8]

GC Heap History (10 events):
Event: 1.204 GC heap before
{Heap before GC invocations=3 (full 1):
 PSYoungGen      total 38400K, used 33280K [0x0000000795580000, 0x000000079a080000, 0x00000007c0000000)
  eden space 33280K, 100% used [0x0000000795580000,0x0000000797600000,0x0000000797600000)
  from space 5120K, 0% used [0x0000000797600000,0x0000000797600000,0x0000000797b00000)
  to   space 5120K, 0% used [0x0000000799b80000,0x0000000799b80000,0x000000079a080000)
 ParOldGen       total 120320K, used 37264K [0x0000000740000000, 0x0000000747580000, 0x0000000795580000)
  object space 120320K, 30% used [0x0000000740000000,0x0000000742464190,0x0000000747580000)
 Metaspace       used 9262K, capacity 9397K, committed 9600K, reserved 1058816K
  class space    used 991K, capacity 1053K, committed 1152K, reserved 1048576K
Event: 1.223 GC heap after
Heap after GC invocations=3 (full 1):
 PSYoungGen      total 60416K, used 128K [0x0000000795580000, 0x0000000799c00000, 0x00000007c0000000)
  eden space 59904K, 0% used [0x0000000795580000,0x0000000795580000,0x0000000799000000)
  from space 512K, 25% used [0x0000000799b80000,0x0000000799ba0000,0x0000000799c00000)
  to   space 5120K, 0% used [0x0000000799200000,0x0000000799200000,0x0000000799700000)
 ParOldGen       total 120320K, used 106592K [0x0000000740000000, 0x0000000747580000, 0x0000000795580000)
  object space 120320K, 88% used [0x0000000740000000,0x0000000746818140,0x0000000747580000)
 Metaspace       used 9262K, capacity 9397K, committed 9600K, reserved 1058816K
  class space    used 991K, capacity 1053K, committed 1152K, reserved 1048576K
}
Event: 1.223 GC heap before
{Heap before GC invocations=4 (full 2):
 PSYoungGen      total 60416K, used 128K [0x0000000795580000, 0x0000000799c00000, 0x00000007c0000000)
  eden space 59904K, 0% used [0x0000000795580000,0x0000000795580000,0x0000000799000000)
  from space 512K, 25% used [0x0000000799b80000,0x0000000799ba0000,0x0000000799c00000)
  to   space 5120K, 0% used [0x0000000799200000,0x0000000799200000,0x0000000799700000)
 ParOldGen       total 120320K, used 106592K [0x0000000740000000, 0x0000000747580000, 0x0000000795580000)
  object space 120320K, 88% used [0x0000000740000000,0x0000000746818140,0x0000000747580000)
 Metaspace       used 9262K, capacity 9397K, committed 9600K, reserved 1058816K
  class space    used 991K, capacity 1053K, committed 1152K, reserved 1048576K
Event: 1.229 GC heap after
Heap after GC invocations=4 (full 2):
 PSYoungGen      total 60416K, used 0K [0x0000000795580000, 0x0000000799c00000, 0x00000007c0000000)
  eden space 59904K, 0% used [0x0000000795580000,0x0000000795580000,0x0000000799000000)
  from space 512K, 0% used [0x0000000799b80000,0x0000000799b80000,0x0000000799c00000)
  to   space 5120K, 0% used [0x0000000799200000,0x0000000799200000,0x0000000799700000)
 ParOldGen       total 210944K, used 65027K [0x0000000740000000, 0x000000074ce00000, 0x0000000795580000)
  object space 210944K, 30% used [0x0000000740000000,0x0000000743f80d78,0x000000074ce00000)
 Metaspace       used 9262K, capacity 9397K, committed 9600K, reserved 1058816K
  class space    used 991K, capacity 1053K, committed 1152K, reserved 1048576K
}
Event: 1.305 GC heap before
{Heap before GC invocations=5 (full 2):
 PSYoungGen      total 60416K, used 59904K [0x0000000795580000, 0x0000000799c00000, 0x00000007c0000000)
  eden space 59904K, 100% used [0x0000000795580000,0x0000000799000000,0x0000000799000000)
  from space 512K, 0% used [0x0000000799b80000,0x0000000799b80000,0x0000000799c00000)
  to   space 5120K, 0% used [0x0000000799200000,0x0000000799200000,0x0000000799700000)
 ParOldGen       total 210944K, used 65027K [0x0000000740000000, 0x000000074ce00000, 0x0000000795580000)
  object space 210944K, 30% used [0x0000000740000000,0x0000000743f80d78,0x000000074ce00000)
 Metaspace       used 9262K, capacity 9397K, committed 9600K, reserved 1058816K
  class space    used 991K, capacity 1053K, committed 1152K, reserved 1048576K
Event: 1.306 GC heap after
Heap after GC invocations=5 (full 2):
 PSYoungGen      total 67072K, used 0K [0x0000000795580000, 0x000000079bf80000, 0x00000007c0000000)
  eden space 61952K, 0% used [0x0000000795580000,0x0000000795580000,0x0000000799200000)
  from space 5120K, 0% used [0x0000000799200000,0x0000000799200000,0x0000000799700000)
  to   space 5120K, 0% used [0x000000079ba80000,0x000000079ba80000,0x000000079bf80000)
 ParOldGen       total 210944K, used 65027K [0x0000000740000000, 0x000000074ce00000, 0x0000000795580000)
  object space 210944K, 30% used [0x0000000740000000,0x0000000743f80d78,0x000000074ce00000)
 Metaspace       used 9262K, capacity 9397K, committed 9600K, reserved 1058816K
  class space    used 991K, capacity 1053K, committed 1152K, reserved 1048576K
}
Event: 3.511 GC heap before
{Heap before GC invocations=6 (full 2):
 PSYoungGen      total 67072K, used 61952K [0x0000000795580000, 0x000000079bf80000, 0x00000007c0000000)
  eden space 61952K, 100% used [0x0000000795580000,0x0000000799200000,0x0000000799200000)
  from space 5120K, 0% used [0x0000000799200000,0x0000000799200000,0x0000000799700000)
  to   space 5120K, 0% used [0x000000079ba80000,0x000000079ba80000,0x000000079bf80000)
 ParOldGen       total 210944K, used 65027K [0x0000000740000000, 0x000000074ce00000, 0x0000000795580000)
  object space 210944K, 30% used [0x0000000740000000,0x0000000743f80d78,0x000000074ce00000)
 Metaspace       used 9487K, capacity 9621K, committed 9856K, reserved 1058816K
  class space    used 1004K, capacity 1085K, committed 1152K, reserved 1048576K
Event: 3.512 GC heap after
Heap after GC invocations=6 (full 2):
 PSYoungGen      total 101376K, used 160K [0x0000000795580000, 0x000000079be80000, 0x00000007c0000000)
  eden space 97280K, 0% used [0x0000000795580000,0x0000000795580000,0x000000079b480000)
  from space 4096K, 3% used [0x000000079ba80000,0x000000079baa8000,0x000000079be80000)
  to   space 5120K, 0% used [0x000000079b480000,0x000000079b480000,0x000000079b980000)
 ParOldGen       total 210944K, used 65035K [0x0000000740000000, 0x000000074ce00000, 0x0000000795580000)
  object space 210944K, 30% used [0x0000000740000000,0x0000000743f82d78,0x000000074ce00000)
 Metaspace       used 9487K, capacity 9621K, committed 9856K, reserved 1058816K
  class space    used 1004K, capacity 1085K, committed 1152K, reserved 1048576K
}
Event: 10.638 GC heap before
{Heap before GC invocations=7 (full 2):
 PSYoungGen      total 101376K, used 97440K [0x0000000795580000, 0x000000079be80000, 0x00000007c0000000)
  eden space 97280K, 100% used [0x0000000795580000,0x000000079b480000,0x000000079b480000)
  from space 4096K, 3% used [0x000000079ba80000,0x000000079baa8000,0x000000079be80000)
  to   space 5120K, 0% used [0x000000079b480000,0x000000079b480000,0x000000079b980000)
 ParOldGen       total 210944K, used 65035K [0x0000000740000000, 0x000000074ce00000, 0x0000000795580000)
  object space 210944K, 30% used [0x0000000740000000,0x0000000743f82d78,0x000000074ce00000)
 Metaspace       used 9503K, capacity 9685K, committed 9856K, reserved 1058816K
  class space    used 1004K, capacity 1085K, committed 1152K, reserved 1048576K
Event: 10.639 GC heap after
Heap after GC invocations=7 (full 2):
 PSYoungGen      total 102400K, used 96K [0x0000000795580000, 0x000000079e880000, 0x00000007c0000000)
  eden space 97280K, 0% used [0x0000000795580000,0x0000000795580000,0x000000079b480000)
  from space 5120K, 1% used [0x000000079b480000,0x000000079b498000,0x000000079b980000)
  to   space 2560K, 0% used [0x000000079e600000,0x000000079e600000,0x000000079e880000)
 ParOldGen       total 210944K, used 65043K [0x0000000740000000, 0x000000074ce00000, 0x0000000795580000)
  object space 210944K, 30% used [0x0000000740000000,0x0000000743f84d78,0x000000074ce00000)
 Metaspace       used 9503K, capacity 9685K, committed 9856K, reserved 1058816K
  class space    used 1004K, capacity 1085K, committed 1152K, reserved 1048576K
}

Deoptimization events (9 events):
Event: 0.525 Thread 0x00007fd0c9806000 Uncommon trap: reason=unstable_if action=reinterpret pc=0x00000001068bc3c0 method=java.lang.String.replace(CC)Ljava/lang/String; @ 26
Event: 0.828 Thread 0x00007fd0c9806000 Uncommon trap: reason=unstable_if action=reinterpret pc=0x00000001068c4138 method=java.lang.String.indexOf([CII[CIII)I @ 3
Event: 1.155 Thread 0x00007fd0c9806000 Uncommon trap: reason=unstable_if action=reinterpret pc=0x000000010699dfd8 method=sun.java2d.loops.OpaqueCopyAnyToArgb.Blit(Lsun/java2d/SurfaceData;Lsun/java2d/SurfaceData;Ljava/awt/Composite;Lsun/java2d/pipe/Region;IIIIII)V @ 150
Event: 1.351 Thread 0x00007fd0c9806000 Uncommon trap: reason=unstable_if action=reinterpret pc=0x00000001069accb8 method=sun.java2d.loops.OpaqueCopyArgbToAny.Blit(Lsun/java2d/SurfaceData;Lsun/java2d/SurfaceData;Ljava/awt/Composite;Lsun/java2d/pipe/Region;IIIIII)V @ 159
Event: 1.352 Thread 0x00007fd0c9806000 Uncommon trap: reason=unstable_if action=reinterpret pc=0x00000001069ae264 method=java.awt.image.ComponentColorModel.getDataElements(ILjava/lang/Object;)Ljava/lang/Object; @ 2993
Event: 1.352 Thread 0x00007fd0c9806000 Uncommon trap: reason=unstable_if action=reinterpret pc=0x0000000106994fe8 method=sun.awt.image.ByteInterleavedRaster.getDataElements(IILjava/lang/Object;)Ljava/lang/Object; @ 43
Event: 3.020 Thread 0x00007fd0c9806000 Uncommon trap: reason=unstable_if action=reinterpret pc=0x0000000106a1e4bc method=java.lang.Math.max(FF)F @ 11
Event: 3.020 Thread 0x00007fd0c9806000 Uncommon trap: reason=unstable_if action=reinterpret pc=0x0000000106a09c24 method=java.lang.Math.min(FF)F @ 11
Event: 3.020 Thread 0x00007fd0c9806000 Uncommon trap: reason=unstable_if action=reinterpret pc=0x0000000106a09f28 method=java.lang.Math.max(FF)F @ 11

Internal exceptions (10 events):
Event: 0.188 Thread 0x00007fd0c9806000 Exception <a 'java/security/PrivilegedActionException'> (0x00000007957bd0c0) thrown at [/Users/java_re/workspace/8-2-build-macosx-x86_64/jdk8u144/9417/hotspot/src/share/vm/prims/jvm.cpp, line 1390]
Event: 0.189 Thread 0x00007fd0c9806000 Exception <a 'java/security/PrivilegedActionException'> (0x00000007957c05d8) thrown at [/Users/java_re/workspace/8-2-build-macosx-x86_64/jdk8u144/9417/hotspot/src/share/vm/prims/jvm.cpp, line 1390]
Event: 0.189 Thread 0x00007fd0c9806000 Exception <a 'java/security/PrivilegedActionException'> (0x00000007957c07e8) thrown at [/Users/java_re/workspace/8-2-build-macosx-x86_64/jdk8u144/9417/hotspot/src/share/vm/prims/jvm.cpp, line 1390]
Event: 0.258 Thread 0x00007fd0c9806000 Exception <a 'java/lang/NoSuchFieldError': method resolution failed> (0x000000079588e458) thrown at [/Users/java_re/workspace/8-2-build-macosx-x86_64/jdk8u144/9417/hotspot/src/share/vm/prims/methodHandles.cpp, line 1146]
Event: 0.260 Thread 0x00007fd0c9806000 Exception <a 'java/lang/NoSuchFieldError': method resolution failed> (0x000000079589bb78) thrown at [/Users/java_re/workspace/8-2-build-macosx-x86_64/jdk8u144/9417/hotspot/src/share/vm/prims/methodHandles.cpp, line 1146]
Event: 0.486 Thread 0x00007fd0c9806000 Exception <a 'java/io/FileNotFoundException'> (0x0000000795916528) thrown at [/Users/java_re/workspace/8-2-build-macosx-x86_64/jdk8u144/9417/hotspot/src/share/vm/prims/jni.cpp, line 709]
Event: 0.486 Thread 0x00007fd0c9806000 Exception <a 'java/io/FileNotFoundException'> (0x0000000795917078) thrown at [/Users/java_re/workspace/8-2-build-macosx-x86_64/jdk8u144/9417/hotspot/src/share/vm/prims/jni.cpp, line 709]
Event: 0.803 Thread 0x00007fd0c9806000 Exception <a 'java/lang/NoClassDefFoundError': net/java/games/input/ControllerEnvironment> (0x0000000795d93b48) thrown at [/Users/java_re/workspace/8-2-build-macosx-x86_64/jdk8u144/9417/hotspot/src/share/vm/classfile/systemDictionary.cpp, line 199]
Event: 1.352 Thread 0x00007fd0c9806000 Implicit null exception at 0x00000001069adcd5 to 0x00000001069ae249
Event: 1.352 Thread 0x00007fd0c9806000 Implicit null exception at 0x0000000106994d9e to 0x0000000106994fcd

Events (10 events):
Event: 3.020 Thread 0x00007fd0c9806000 DEOPT PACKING pc=0x0000000106a09f28 sp=0x000070000b0662d0
Event: 3.020 Thread 0x00007fd0c9806000 DEOPT UNPACKING pc=0x0000000106727229 sp=0x000070000b066298 mode 2
Event: 3.511 Executing VM operation: ParallelGCFailedAllocation
Event: 3.513 Executing VM operation: ParallelGCFailedAllocation done
Event: 4.122 Executing VM operation: EnableBiasedLocking
Event: 4.122 Executing VM operation: EnableBiasedLocking done
Event: 10.638 Executing VM operation: ParallelGCFailedAllocation
Event: 10.639 Executing VM operation: ParallelGCFailedAllocation done
Event: 11.376 loading class org/lwjgl/opengl/CallbackUtil
Event: 11.376 loading class org/lwjgl/opengl/CallbackUtil done


Dynamic libraries:
0x0000000053324000 	/System/Library/Frameworks/Cocoa.framework/Versions/A/Cocoa
0x0000000053324000 	/System/Library/Frameworks/Security.framework/Versions/A/Security
0x0000000053324000 	/System/Library/Frameworks/ApplicationServices.framework/Versions/A/ApplicationServices
0x0000000053324000 	/usr/lib/libz.1.dylib
0x0000000053324000 	/usr/lib/libSystem.B.dylib
0x0000000053324000 	/usr/lib/libobjc.A.dylib
0x0000000053324000 	/System/Library/Frameworks/CoreFoundation.framework/Versions/A/CoreFoundation
0x0000000053324000 	/System/Library/Frameworks/Foundation.framework/Versions/C/Foundation
0x0000000053324000 	/System/Library/Frameworks/AppKit.framework/Versions/C/AppKit
0x0000000053324000 	/System/Library/Frameworks/CoreData.framework/Versions/A/CoreData
0x0000000053324000 	/System/Library/PrivateFrameworks/RemoteViewServices.framework/Versions/A/RemoteViewServices
0x0000000053324000 	/System/Library/PrivateFrameworks/UIFoundation.framework/Versions/A/UIFoundation
0x0000000053324000 	/System/Library/PrivateFrameworks/DFRFoundation.framework/Versions/A/DFRFoundation
0x0000000053324000 	/usr/lib/libenergytrace.dylib
0x0000000053324000 	/System/Library/PrivateFrameworks/SkyLight.framework/Versions/A/SkyLight
0x0000000053324000 	/System/Library/Frameworks/CoreGraphics.framework/Versions/A/CoreGraphics
0x0000000053324000 	/usr/lib/libScreenReader.dylib
0x0000000053324000 	/System/Library/Frameworks/Accelerate.framework/Versions/A/Accelerate
0x0000000053324000 	/System/Library/Frameworks/IOSurface.framework/Versions/A/IOSurface
0x0000000053324000 	/System/Library/Frameworks/AudioToolbox.framework/Versions/A/AudioToolbox
0x0000000053324000 	/System/Library/Frameworks/AudioUnit.framework/Versions/A/AudioUnit
0x0000000053324000 	/System/Library/PrivateFrameworks/DataDetectorsCore.framework/Versions/A/DataDetectorsCore
0x0000000053324000 	/System/Library/PrivateFrameworks/DesktopServicesPriv.framework/Versions/A/DesktopServicesPriv
0x0000000053324000 	/System/Library/Frameworks/Carbon.framework/Versions/A/Frameworks/HIToolbox.framework/Versions/A/HIToolbox
0x0000000053324000 	/usr/lib/libicucore.A.dylib
0x0000000053324000 	/System/Library/Frameworks/QuartzCore.framework/Versions/A/QuartzCore
0x0000000053324000 	/System/Library/Frameworks/Carbon.framework/Versions/A/Frameworks/SpeechRecognition.framework/Versions/A/SpeechRecognition
0x0000000053324000 	/usr/lib/libauto.dylib
0x0000000053324000 	/usr/lib/libxml2.2.dylib
0x0000000053324000 	/System/Library/PrivateFrameworks/CoreUI.framework/Versions/A/CoreUI
0x0000000053324000 	/System/Library/Frameworks/CoreAudio.framework/Versions/A/CoreAudio
0x0000000053324000 	/System/Library/Frameworks/DiskArbitration.framework/Versions/A/DiskArbitration
0x0000000053324000 	/usr/lib/liblangid.dylib
0x0000000053324000 	/System/Library/PrivateFrameworks/MultitouchSupport.framework/Versions/A/MultitouchSupport
0x0000000053324000 	/System/Library/Frameworks/IOKit.framework/Versions/A/IOKit
0x0000000053324000 	/usr/lib/libDiagnosticMessagesClient.dylib
0x0000000053324000 	/System/Library/Frameworks/CoreServices.framework/Versions/A/CoreServices
0x0000000053324000 	/System/Library/PrivateFrameworks/PerformanceAnalysis.framework/Versions/A/PerformanceAnalysis
0x0000000053324000 	/System/Library/PrivateFrameworks/GenerationalStorage.framework/Versions/A/GenerationalStorage
0x0000000053324000 	/System/Library/Frameworks/OpenGL.framework/Versions/A/OpenGL
0x0000000053324000 	/System/Library/Frameworks/CoreImage.framework/Versions/A/CoreImage
0x0000000053324000 	/System/Library/Frameworks/CoreText.framework/Versions/A/CoreText
0x0000000053324000 	/System/Library/Frameworks/ImageIO.framework/Versions/A/ImageIO
0x0000000053324000 	/System/Library/PrivateFrameworks/Backup.framework/Versions/A/Backup
0x0000000053324000 	/usr/lib/libarchive.2.dylib
0x0000000053324000 	/System/Library/Frameworks/CFNetwork.framework/Versions/A/CFNetwork
0x0000000053324000 	/System/Library/Frameworks/SystemConfiguration.framework/Versions/A/SystemConfiguration
0x0000000053324000 	/usr/lib/libCRFSuite.dylib
0x0000000053324000 	/usr/lib/libc++.1.dylib
0x0000000053324000 	/usr/lib/libc++abi.dylib
0x0000000053324000 	/usr/lib/system/libcache.dylib
0x0000000053324000 	/usr/lib/system/libcommonCrypto.dylib
0x0000000053324000 	/usr/lib/system/libcompiler_rt.dylib
0x0000000053324000 	/usr/lib/system/libcopyfile.dylib
0x0000000053324000 	/usr/lib/system/libcorecrypto.dylib
0x0000000053324000 	/usr/lib/system/libdispatch.dylib
0x0000000053324000 	/usr/lib/system/libdyld.dylib
0x0000000053324000 	/usr/lib/system/libkeymgr.dylib
0x0000000053324000 	/usr/lib/system/liblaunch.dylib
0x0000000053324000 	/usr/lib/system/libmacho.dylib
0x0000000053324000 	/usr/lib/system/libquarantine.dylib
0x0000000053324000 	/usr/lib/system/libremovefile.dylib
0x0000000053324000 	/usr/lib/system/libsystem_asl.dylib
0x0000000053324000 	/usr/lib/system/libsystem_blocks.dylib
0x0000000053324000 	/usr/lib/system/libsystem_c.dylib
0x0000000053324000 	/usr/lib/system/libsystem_configuration.dylib
0x0000000053324000 	/usr/lib/system/libsystem_coreservices.dylib
0x0000000053324000 	/usr/lib/system/libsystem_coretls.dylib
0x0000000053324000 	/usr/lib/system/libsystem_dnssd.dylib
0x0000000053324000 	/usr/lib/system/libsystem_info.dylib
0x0000000053324000 	/usr/lib/system/libsystem_kernel.dylib
0x0000000053324000 	/usr/lib/system/libsystem_m.dylib
0x0000000053324000 	/usr/lib/system/libsystem_malloc.dylib
0x0000000053324000 	/usr/lib/system/libsystem_network.dylib
0x0000000053324000 	/usr/lib/system/libsystem_networkextension.dylib
0x0000000053324000 	/usr/lib/system/libsystem_notify.dylib
0x0000000053324000 	/usr/lib/system/libsystem_platform.dylib
0x0000000053324000 	/usr/lib/system/libsystem_pthread.dylib
0x0000000053324000 	/usr/lib/system/libsystem_sandbox.dylib
0x0000000053324000 	/usr/lib/system/libsystem_secinit.dylib
0x0000000053324000 	/usr/lib/system/libsystem_symptoms.dylib
0x0000000053324000 	/usr/lib/system/libsystem_trace.dylib
0x0000000053324000 	/usr/lib/system/libunwind.dylib
0x0000000053324000 	/usr/lib/system/libxpc.dylib
0x0000000053324000 	/usr/lib/libbsm.0.dylib
0x0000000053324000 	/usr/lib/system/libkxld.dylib
0x0000000053324000 	/usr/lib/libcoretls.dylib
0x0000000053324000 	/usr/lib/libcoretls_cfhelpers.dylib
0x0000000053324000 	/usr/lib/libOpenScriptingUtil.dylib
0x0000000053324000 	/usr/lib/libpam.2.dylib
0x0000000053324000 	/usr/lib/libsqlite3.dylib
0x0000000053324000 	/usr/lib/libxar.1.dylib
0x0000000053324000 	/usr/lib/libbz2.1.0.dylib
0x0000000053324000 	/usr/lib/liblzma.5.dylib
0x0000000053324000 	/usr/lib/libnetwork.dylib
0x0000000053324000 	/usr/lib/libpcap.A.dylib
0x0000000053324000 	/System/Library/Frameworks/CoreServices.framework/Versions/A/Frameworks/FSEvents.framework/Versions/A/FSEvents
0x0000000053324000 	/System/Library/Frameworks/CoreServices.framework/Versions/A/Frameworks/CarbonCore.framework/Versions/A/CarbonCore
0x0000000053324000 	/System/Library/Frameworks/CoreServices.framework/Versions/A/Frameworks/Metadata.framework/Versions/A/Metadata
0x0000000053324000 	/System/Library/Frameworks/CoreServices.framework/Versions/A/Frameworks/OSServices.framework/Versions/A/OSServices
0x0000000053324000 	/System/Library/Frameworks/CoreServices.framework/Versions/A/Frameworks/SearchKit.framework/Versions/A/SearchKit
0x0000000053324000 	/System/Library/Frameworks/CoreServices.framework/Versions/A/Frameworks/AE.framework/Versions/A/AE
0x0000000053324000 	/System/Library/Frameworks/CoreServices.framework/Versions/A/Frameworks/LaunchServices.framework/Versions/A/LaunchServices
0x0000000053324000 	/System/Library/Frameworks/CoreServices.framework/Versions/A/Frameworks/DictionaryServices.framework/Versions/A/DictionaryServices
0x0000000053324000 	/System/Library/Frameworks/CoreServices.framework/Versions/A/Frameworks/SharedFileList.framework/Versions/A/SharedFileList
0x0000000053324000 	/System/Library/Frameworks/NetFS.framework/Versions/A/NetFS
0x0000000053324000 	/System/Library/PrivateFrameworks/NetAuth.framework/Versions/A/NetAuth
0x0000000053324000 	/System/Library/PrivateFrameworks/login.framework/Versions/A/Frameworks/loginsupport.framework/Versions/A/loginsupport
0x0000000053324000 	/System/Library/PrivateFrameworks/TCC.framework/Versions/A/TCC
0x0000000053324000 	/usr/lib/libmecabra.dylib
0x0000000053324000 	/System/Library/Frameworks/ApplicationServices.framework/Versions/A/Frameworks/ATS.framework/Versions/A/ATS
0x0000000053324000 	/System/Library/Frameworks/ApplicationServices.framework/Versions/A/Frameworks/ColorSync.framework/Versions/A/ColorSync
0x0000000053324000 	/System/Library/Frameworks/ApplicationServices.framework/Versions/A/Frameworks/HIServices.framework/Versions/A/HIServices
0x0000000053324000 	/System/Library/Frameworks/ApplicationServices.framework/Versions/A/Frameworks/LangAnalysis.framework/Versions/A/LangAnalysis
0x0000000053324000 	/System/Library/Frameworks/ApplicationServices.framework/Versions/A/Frameworks/PrintCore.framework/Versions/A/PrintCore
0x0000000053324000 	/System/Library/Frameworks/ApplicationServices.framework/Versions/A/Frameworks/QD.framework/Versions/A/QD
0x0000000053324000 	/System/Library/Frameworks/ApplicationServices.framework/Versions/A/Frameworks/SpeechSynthesis.framework/Versions/A/SpeechSynthesis
0x0000000053324000 	/System/Library/Frameworks/Accelerate.framework/Versions/A/Frameworks/vImage.framework/Versions/A/vImage
0x0000000053324000 	/System/Library/Frameworks/Accelerate.framework/Versions/A/Frameworks/vecLib.framework/Versions/A/vecLib
0x0000000053324000 	/System/Library/Frameworks/Accelerate.framework/Versions/A/Frameworks/vecLib.framework/Versions/A/libvDSP.dylib
0x0000000053324000 	/System/Library/Frameworks/Accelerate.framework/Versions/A/Frameworks/vecLib.framework/Versions/A/libBNNS.dylib
0x0000000053324000 	/System/Library/Frameworks/Accelerate.framework/Versions/A/Frameworks/vecLib.framework/Versions/A/libQuadrature.dylib
0x0000000053324000 	/System/Library/Frameworks/Accelerate.framework/Versions/A/Frameworks/vecLib.framework/Versions/A/libvMisc.dylib
0x0000000053324000 	/System/Library/Frameworks/Accelerate.framework/Versions/A/Frameworks/vecLib.framework/Versions/A/libLAPACK.dylib
0x0000000053324000 	/System/Library/Frameworks/Accelerate.framework/Versions/A/Frameworks/vecLib.framework/Versions/A/libBLAS.dylib
0x0000000053324000 	/System/Library/Frameworks/Accelerate.framework/Versions/A/Frameworks/vecLib.framework/Versions/A/libLinearAlgebra.dylib
0x0000000053324000 	/System/Library/Frameworks/Accelerate.framework/Versions/A/Frameworks/vecLib.framework/Versions/A/libSparseBLAS.dylib
0x0000000053324000 	/System/Library/Frameworks/ApplicationServices.framework/Versions/A/Frameworks/ATS.framework/Versions/A/Resources/libFontParser.dylib
0x0000000053324000 	/System/Library/Frameworks/ApplicationServices.framework/Versions/A/Frameworks/ATS.framework/Versions/A/Resources/libFontRegistry.dylib
0x0000000053324000 	/System/Library/Frameworks/ImageIO.framework/Versions/A/Resources/libJPEG.dylib
0x0000000053324000 	/System/Library/Frameworks/ImageIO.framework/Versions/A/Resources/libTIFF.dylib
0x0000000053324000 	/System/Library/Frameworks/ImageIO.framework/Versions/A/Resources/libPng.dylib
0x0000000053324000 	/System/Library/Frameworks/ImageIO.framework/Versions/A/Resources/libGIF.dylib
0x0000000053324000 	/System/Library/Frameworks/ImageIO.framework/Versions/A/Resources/libJP2.dylib
0x0000000053324000 	/System/Library/Frameworks/ImageIO.framework/Versions/A/Resources/libRadiance.dylib
0x0000000053324000 	/usr/lib/libcompression.dylib
0x0000000053324000 	/System/Library/PrivateFrameworks/AppleJPEG.framework/Versions/A/AppleJPEG
0x0000000053324000 	/usr/lib/libcups.2.dylib
0x0000000053324000 	/System/Library/Frameworks/Kerberos.framework/Versions/A/Kerberos
0x0000000053324000 	/System/Library/Frameworks/GSS.framework/Versions/A/GSS
0x0000000053324000 	/usr/lib/libresolv.9.dylib
0x0000000053324000 	/usr/lib/libiconv.2.dylib
0x0000000053324000 	/System/Library/PrivateFrameworks/Heimdal.framework/Versions/A/Heimdal
0x0000000053324000 	/usr/lib/libheimdal-asn1.dylib
0x0000000053324000 	/System/Library/Frameworks/OpenDirectory.framework/Versions/A/OpenDirectory
0x0000000053324000 	/System/Library/PrivateFrameworks/CommonAuth.framework/Versions/A/CommonAuth
0x0000000053324000 	/System/Library/Frameworks/OpenDirectory.framework/Versions/A/Frameworks/CFOpenDirectory.framework/Versions/A/CFOpenDirectory
0x0000000053324000 	/System/Library/Frameworks/SecurityFoundation.framework/Versions/A/SecurityFoundation
0x0000000053324000 	/System/Library/PrivateFrameworks/LanguageModeling.framework/Versions/A/LanguageModeling
0x0000000053324000 	/usr/lib/libmarisa.dylib
0x0000000053324000 	/usr/lib/libChineseTokenizer.dylib
0x0000000053324000 	/usr/lib/libcmph.dylib
0x0000000053324000 	/System/Library/PrivateFrameworks/CoreEmoji.framework/Versions/A/CoreEmoji
0x0000000053324000 	/System/Library/Frameworks/ServiceManagement.framework/Versions/A/ServiceManagement
0x0000000053324000 	/usr/lib/libxslt.1.dylib
0x0000000053324000 	/System/Library/Frameworks/Carbon.framework/Versions/A/Frameworks/Ink.framework/Versions/A/Ink
0x0000000053324000 	/System/Library/PrivateFrameworks/TextureIO.framework/Versions/A/TextureIO
0x0000000053324000 	/System/Library/Frameworks/Metal.framework/Versions/A/Metal
0x0000000053324000 	/usr/lib/libate.dylib
0x0000000053324000 	/System/Library/PrivateFrameworks/GPUCompiler.framework/libmetal_timestamp.dylib
0x0000000053324000 	/System/Library/Frameworks/OpenGL.framework/Versions/A/Libraries/libCoreFSCache.dylib
0x0000000053324000 	/System/Library/PrivateFrameworks/IOAccelerator.framework/Versions/A/IOAccelerator
0x0000000053324000 	/System/Library/Frameworks/CoreVideo.framework/Versions/A/CoreVideo
0x0000000053324000 	/usr/lib/libFosl_dynamic.dylib
0x0000000053324000 	/System/Library/PrivateFrameworks/MetalPerformanceShaders.framework/Versions/A/MetalPerformanceShaders
0x0000000053324000 	/System/Library/PrivateFrameworks/FaceCore.framework/Versions/A/FaceCore
0x0000000053324000 	/System/Library/Frameworks/OpenCL.framework/Versions/A/OpenCL
0x0000000053324000 	/System/Library/Frameworks/OpenGL.framework/Versions/A/Libraries/libGLU.dylib
0x0000000053324000 	/System/Library/Frameworks/OpenGL.framework/Versions/A/Libraries/libGFXShared.dylib
0x0000000053324000 	/System/Library/Frameworks/OpenGL.framework/Versions/A/Libraries/libGL.dylib
0x0000000053324000 	/System/Library/Frameworks/OpenGL.framework/Versions/A/Libraries/libGLImage.dylib
0x0000000053324000 	/System/Library/Frameworks/OpenGL.framework/Versions/A/Libraries/libCVMSPluginSupport.dylib
0x0000000053324000 	/System/Library/Frameworks/OpenGL.framework/Versions/A/Libraries/libCoreVMClient.dylib
0x0000000053324000 	/System/Library/PrivateFrameworks/CrashReporterSupport.framework/Versions/A/CrashReporterSupport
0x0000000053324000 	/System/Library/PrivateFrameworks/Sharing.framework/Versions/A/Sharing
0x0000000053324000 	/System/Library/PrivateFrameworks/IconServices.framework/Versions/A/IconServices
0x0000000053324000 	/System/Library/PrivateFrameworks/ProtocolBuffer.framework/Versions/A/ProtocolBuffer
0x0000000053324000 	/System/Library/PrivateFrameworks/Apple80211.framework/Versions/A/Apple80211
0x0000000053324000 	/System/Library/Frameworks/CoreWLAN.framework/Versions/A/CoreWLAN
0x0000000053324000 	/System/Library/PrivateFrameworks/CoreUtils.framework/Versions/A/CoreUtils
0x0000000053324000 	/System/Library/Frameworks/IOBluetooth.framework/Versions/A/IOBluetooth
0x0000000053324000 	/System/Library/PrivateFrameworks/CoreWiFi.framework/Versions/A/CoreWiFi
0x0000000053324000 	/System/Library/Frameworks/CoreBluetooth.framework/Versions/A/CoreBluetooth
0x0000000053324000 	/System/Library/Frameworks/CoreDisplay.framework/Versions/A/CoreDisplay
0x0000000053324000 	/System/Library/PrivateFrameworks/IOPresentment.framework/Versions/A/IOPresentment
0x0000000053324000 	/System/Library/PrivateFrameworks/DSExternalDisplay.framework/Versions/A/DSExternalDisplay
0x0000000053324000 	/System/Library/PrivateFrameworks/DebugSymbols.framework/Versions/A/DebugSymbols
0x0000000053324000 	/System/Library/PrivateFrameworks/CoreSymbolication.framework/Versions/A/CoreSymbolication
0x0000000053324000 	/System/Library/PrivateFrameworks/Symbolication.framework/Versions/A/Symbolication
0x0000000053324000 	/System/Library/PrivateFrameworks/AppleFSCompression.framework/Versions/A/AppleFSCompression
0x0000000053324000 	/System/Library/PrivateFrameworks/SpeechRecognitionCore.framework/Versions/A/SpeechRecognitionCore
0x0000000053324000 	/System/Library/PrivateFrameworks/ChunkingLibrary.framework/Versions/A/ChunkingLibrary
0x0000000100a00000 	/Library/Java/JavaVirtualMachines/jdk1.8.0_144.jdk/Contents/Home/jre/lib/server/libjvm.dylib
0x0000000053324000 	/usr/lib/libstdc++.6.dylib
0x0000000100107000 	/Library/Java/JavaVirtualMachines/jdk1.8.0_144.jdk/Contents/Home/jre/lib/libverify.dylib
0x0000000100115000 	/Library/Java/JavaVirtualMachines/jdk1.8.0_144.jdk/Contents/Home/jre/lib/libjava.dylib
0x0000000100154000 	/Library/Java/JavaVirtualMachines/jdk1.8.0_144.jdk/Contents/Home/jre/lib/libzip.dylib
0x0000000117308000 	/System/Library/Frameworks/JavaVM.framework/Frameworks/JavaRuntimeSupport.framework/JavaRuntimeSupport
0x0000000117322000 	/System/Library/Frameworks/JavaVM.framework/Versions/A/Frameworks/JavaNativeFoundation.framework/Versions/A/JavaNativeFoundation
0x0000000106684000 	/System/Library/Frameworks/JavaVM.framework/Versions/A/JavaVM
0x0000000053324000 	/System/Library/Frameworks/Carbon.framework/Versions/A/Carbon
0x0000000117337000 	/System/Library/PrivateFrameworks/JavaLaunching.framework/Versions/A/JavaLaunching
0x0000000053324000 	/System/Library/Frameworks/Carbon.framework/Versions/A/Frameworks/CommonPanels.framework/Versions/A/CommonPanels
0x0000000053324000 	/System/Library/Frameworks/Carbon.framework/Versions/A/Frameworks/Help.framework/Versions/A/Help
0x0000000053324000 	/System/Library/Frameworks/Carbon.framework/Versions/A/Frameworks/ImageCapture.framework/Versions/A/ImageCapture
0x0000000053324000 	/System/Library/Frameworks/Carbon.framework/Versions/A/Frameworks/OpenScripting.framework/Versions/A/OpenScripting
0x0000000053324000 	/System/Library/Frameworks/Carbon.framework/Versions/A/Frameworks/Print.framework/Versions/A/Print
0x0000000053324000 	/System/Library/Frameworks/Carbon.framework/Versions/A/Frameworks/SecurityHI.framework/Versions/A/SecurityHI
0x0000000118c5a000 	/Library/Java/JavaVirtualMachines/jdk1.8.0_144.jdk/Contents/Home/jre/lib/libawt.dylib
0x0000000118d02000 	/Library/Java/JavaVirtualMachines/jdk1.8.0_144.jdk/Contents/Home/jre/lib/./libmlib_image.dylib
0x0000000118dce000 	/Library/Java/JavaVirtualMachines/jdk1.8.0_144.jdk/Contents/Home/jre/lib/libawt_lwawt.dylib
0x0000000118e85000 	/Library/Java/JavaVirtualMachines/jdk1.8.0_144.jdk/Contents/Home/jre/lib/./libosxapp.dylib
0x0000000053324000 	/System/Library/Frameworks/ExceptionHandling.framework/Versions/A/ExceptionHandling
0x0000000053324000 	/System/Library/PrivateFrameworks/CoreServicesInternal.framework/Versions/A/CoreServicesInternal
0x0000000053324000 	/System/Library/CoreServices/RawCamera.bundle/Contents/MacOS/RawCamera
0x0000000053324000 	/System/Library/Frameworks/Accelerate.framework/Versions/A/Frameworks/vImage.framework/Versions/A/Libraries/libCGInterfaces.dylib
0x0000000053324000 	/System/Library/Frameworks/ApplicationServices.framework/Versions/A/Frameworks/ATS.framework/Versions/A/Resources/libTrueTypeScaler.dylib
0x000000011abb4000 	/System/Library/Frameworks/OpenGL.framework/Resources/GLEngine.bundle/GLEngine
0x0000000053324000 	/System/Library/Frameworks/OpenGL.framework/Versions/A/Libraries/libGLProgrammability.dylib
0x000000011ad99000 	/System/Library/Extensions/AppleIntelBDWGraphicsGLDriver.bundle/Contents/MacOS/AppleIntelBDWGraphicsGLDriver
0x0000000053324000 	/System/Library/PrivateFrameworks/GPUSupport.framework/Versions/A/Libraries/libGPUSupportMercury.dylib
0x000000011b503000 	/System/Library/Frameworks/OpenGL.framework/Resources//GLRendererFloat.bundle/GLRendererFloat
0x0000000053324000 	/System/Library/Frameworks/OpenCL.framework/Versions/A/Libraries/libcldcpuengine.dylib
0x0000000053324000 	/usr/lib/libcrypto.0.9.8.dylib
0x0000000053324000 	/System/Library/PrivateFrameworks/TrustEvaluationAgent.framework/Versions/A/TrustEvaluationAgent
0x000000011b537000 	/System/Library/Extensions/AppleIntelBDWGraphicsMTLDriver.bundle/Contents/MacOS/AppleIntelBDWGraphicsMTLDriver
0x0000000053324000 	/System/Library/PrivateFrameworks/FamilyControls.framework/Versions/A/FamilyControls
0x0000000053324000 	/System/Library/PrivateFrameworks/CommerceKit.framework/Versions/A/Frameworks/CommerceCore.framework/Versions/A/CommerceCore
0x0000000053324000 	/System/Library/PrivateFrameworks/SystemAdministration.framework/Versions/A/SystemAdministration
0x0000000053324000 	/System/Library/PrivateFrameworks/AppContainer.framework/Versions/A/AppContainer
0x0000000053324000 	/System/Library/PrivateFrameworks/SecCodeWrapper.framework/Versions/A/SecCodeWrapper
0x0000000053324000 	/System/Library/Frameworks/DirectoryService.framework/Versions/A/DirectoryService
0x0000000053324000 	/System/Library/PrivateFrameworks/DiskImages.framework/Versions/A/DiskImages
0x0000000053324000 	/System/Library/PrivateFrameworks/LoginUIKit.framework/Versions/A/Frameworks/LoginUICore.framework/Versions/A/LoginUICore
0x0000000053324000 	/usr/lib/libCoreStorage.dylib
0x0000000053324000 	/usr/lib/libcsfde.dylib
0x0000000053324000 	/usr/lib/libodfde.dylib
0x0000000053324000 	/System/Library/Frameworks/DiscRecording.framework/Versions/A/DiscRecording
0x0000000053324000 	/usr/lib/libcurl.4.dylib
0x0000000053324000 	/System/Library/PrivateFrameworks/MediaKit.framework/Versions/A/MediaKit
0x0000000053324000 	/System/Library/PrivateFrameworks/ProtectedCloudStorage.framework/Versions/A/ProtectedCloudStorage
0x0000000053324000 	/System/Library/PrivateFrameworks/EFILogin.framework/Versions/A/EFILogin
0x0000000053324000 	/usr/lib/libutil.dylib
0x0000000053324000 	/System/Library/Frameworks/LDAP.framework/Versions/A/LDAP
0x0000000053324000 	/usr/lib/libsasl2.2.dylib
0x0000000053324000 	/System/Library/PrivateFrameworks/CoreDaemon.framework/Versions/B/CoreDaemon
0x0000000053324000 	/System/Library/PrivateFrameworks/AppleSRP.framework/Versions/A/AppleSRP
0x0000000053324000 	/System/Library/PrivateFrameworks/APFS.framework/Versions/A/APFS
0x000000011cd16000 	/Library/Java/JavaVirtualMachines/jdk1.8.0_144.jdk/Contents/Home/jre/lib/libfontmanager.dylib
0x000000011cd7d000 	/Users/kis/Desktop/workspace/AnalogGame/Lib/Native/macosx/liblwjgl.dylib
0x000000011910e000 	/Library/Java/JavaVirtualMachines/jdk1.8.0_144.jdk/Contents/Home/jre/lib/libjawt.dylib
0x0000000053324000 	/System/Library/PrivateFrameworks/ViewBridge.framework/Versions/A/ViewBridge
0x0000000053324000 	/System/Library/PrivateFrameworks/XPCService.framework/Versions/A/XPCService
0x0000000053324000 	/System/Library/PrivateFrameworks/AppSandbox.framework/Versions/A/AppSandbox
0x0000000053324000 	/usr/lib/libsandbox.1.dylib
0x0000000053324000 	/usr/lib/libMatch.1.dylib
0x000000011e571000 	/Library/Java/JavaVirtualMachines/jdk1.8.0_144.jdk/Contents/Home/jre/lib/libnio.dylib
0x000000011e581000 	/Library/Java/JavaVirtualMachines/jdk1.8.0_144.jdk/Contents/Home/jre/lib/./libnet.dylib
0x000000011e5e0000 	/Library/Java/JavaVirtualMachines/jdk1.8.0_144.jdk/Contents/Home/jre/lib/libjpeg.dylib

VM Arguments:
jvm_args: -Djava.library.path=/Users/kis/Desktop/workspace/AnalogGame/Lib/Native/macosx -Dfile.encoding=UTF-8 
java_command: AnalogGame
java_class_path (initial): /Users/kis/Desktop/workspace/AnalogGame/bin:/Users/kis/Desktop/workspace/AnalogGame/Lib/Jars/slick.jar:/Users/kis/Desktop/workspace/AnalogGame/Lib/Jars/lwjgl.jar
Launcher Type: SUN_STANDARD

Environment Variables:
PATH=/usr/bin:/bin:/usr/sbin:/sbin
SHELL=/bin/bash

Signal Handlers:
SIGSEGV: [libjvm.dylib+0x5b26e5], sa_mask[0]=11111111011111110111111111111111, sa_flags=SA_ONSTACK|SA_RESTART|SA_SIGINFO
SIGBUS: [libjvm.dylib+0x5b26e5], sa_mask[0]=11111111011111110111111111111111, sa_flags=SA_RESTART|SA_SIGINFO
SIGFPE: [libjvm.dylib+0x489100], sa_mask[0]=11111111011111110111111111111111, sa_flags=SA_RESTART|SA_SIGINFO
SIGPIPE: [libjvm.dylib+0x489100], sa_mask[0]=11111111011111110111111111111111, sa_flags=SA_RESTART|SA_SIGINFO
SIGXFSZ: [libjvm.dylib+0x489100], sa_mask[0]=11111111011111110111111111111111, sa_flags=SA_RESTART|SA_SIGINFO
SIGILL: [libjvm.dylib+0x489100], sa_mask[0]=11111111011111110111111111111111, sa_flags=SA_RESTART|SA_SIGINFO
SIGUSR1: SIG_DFL, sa_mask[0]=00000000000000000000000000000000, sa_flags=none
SIGUSR2: [libjvm.dylib+0x488c1e], sa_mask[0]=00100000000000000000000000000000, sa_flags=SA_RESTART|SA_SIGINFO
SIGHUP: [libjvm.dylib+0x4871f5], sa_mask[0]=11111111011111110111111111111111, sa_flags=SA_RESTART|SA_SIGINFO
SIGINT: [libjvm.dylib+0x4871f5], sa_mask[0]=11111111011111110111111111111111, sa_flags=SA_RESTART|SA_SIGINFO
SIGTERM: [libjvm.dylib+0x4871f5], sa_mask[0]=11111111011111110111111111111111, sa_flags=SA_RESTART|SA_SIGINFO
SIGQUIT: [libjvm.dylib+0x4871f5], sa_mask[0]=11111111011111110111111111111111, sa_flags=SA_RESTART|SA_SIGINFO


---------------  S Y S T E M  ---------------

OS:Bsduname:Darwin 16.7.0 Darwin Kernel Version 16.7.0: Thu Jun 15 17:36:27 PDT 2017; root:xnu-3789.70.16~2/RELEASE_X86_64 x86_64
rlimit: STACK 8192k, CORE 0k, NPROC 709, NOFILE 10240, AS infinity
load average:2.06 1.76 1.71

CPU:total 4 (initial active 4) (2 cores per cpu, 2 threads per core) family 6 model 61 stepping 4, cmov, cx8, fxsr, mmx, sse, sse2, sse3, ssse3, sse4.1, sse4.2, popcnt, avx, avx2, aes, clmul, erms, 3dnowpref, lzcnt, ht, tsc, tscinvbit, bmi1, bmi2, adx

Memory: 4k page, physical 8388608k(85328k free)

/proc/meminfo:


vm_info: Java HotSpot(TM) 64-Bit Server VM (25.144-b01) for bsd-amd64 JRE (1.8.0_144-b01), built on Jul 21 2017 22:07:42 by "java_re" with gcc 4.2.1 (Based on Apple Inc. build 5658) (LLVM build 2336.11.00)

time: Wed Mar 14 18:48:34 2018
elapsed time: 11 seconds (0d 0h 0m 11s)

