#
# A fatal error has been detected by the Java Runtime Environment:
#
#  SIGSEGV (0xb) at pc=0x00007fffbcbcf069, pid=6316, tid=0x0000000000000307
#
# JRE version: Java(TM) SE Runtime Environment (8.0_144-b01) (build 1.8.0_144-b01)
# Java VM: Java HotSpot(TM) 64-Bit Server VM (25.144-b01 mixed mode bsd-amd64 compressed oops)
# Problematic frame:
# C  [libobjc.A.dylib+0x7069]  objc_msgSend+0x29
#
# Failed to write core dump. Core dumps have been disabled. To enable core dumping, try "ulimit -c unlimited" before starting Java again
#
# If you would like to submit a bug report, please visit:
#   http://bugreport.java.com/bugreport/crash.jsp
# The crash happened outside the Java Virtual Machine in native code.
# See problematic frame for where to report the bug.
#

---------------  T H R E A D  ---------------

Current thread (0x00007faa2f855000):  JavaThread "AppKit Thread" daemon [_thread_in_native, id=775, stack(0x00007fff5e41b000,0x00007fff5ec1b000)]

siginfo: si_signo: 11 (SIGSEGV), si_code: 1 (SEGV_MAPERR), si_addr: 0x0000000060980400

Registers:
RAX=0x00007faa2e7a7240, RBX=0x00007faa2e47baa0, RCX=0x00007faa2e544920, RDX=0x00007faa2e7a7240
RSP=0x00007fff5ec16098, RBP=0x00007fff5ec160a0, RSI=0x00007fffa64bb843, RDI=0x00007faa2e544920
R8 =0x000000000000003f, R9 =0x00007faa2e47c440, R10=0x00000001078a5ea0, R11=0x0000000060980400
R12=0x0000000000000000, R13=0x00007faa2e47c440, R14=0x00007faa2e7a7240, R15=0x0000000000000000
RIP=0x00007fffbcbcf069, EFLAGS=0x0000000000010206, ERR=0x0000000000000004
  TRAPNO=0x000000000000000e

Top of Stack: (sp=0x00007fff5ec16098)
0x00007fff5ec16098:   00007fffa7d5145c 00007fff5ec16110
0x00007fff5ec160a8:   00007fffa7d5135b 0000000000000000
0x00007fff5ec160b8:   00007fffc63bf060 00000000c2000000
0x00007fff5ec160c8:   00007fffa7d513b0 00007fffc2c34680
0x00007fff5ec160d8:   00007faa2e47c440 00007faa2e7a7240
0x00007fff5ec160e8:   00007fff5ec168d8 00007fffbcbcf040
0x00007fff5ec160f8:   00007fff5ec161e0 00007faa2e47c440
0x00007fff5ec16108:   00007fffa645305a 00007fff5ec16150
0x00007fff5ec16118:   00007fffa7d510c2 00007fff5ec16720
0x00007fff5ec16128:   0000000000000001 00007fffbcbcf040
0x00007fff5ec16138:   00007fff5ec161e0 00007fff5ec168d8
0x00007fff5ec16148:   00007fffa645305a 00007fff5ec16870
0x00007fff5ec16158:   00007fffa7d0e523 00007faa2e400000
0x00007fff5ec16168:   0000000000000001 0000000101005400
0x00007fff5ec16178:   0000000000000004 00007faa2e623eb0
0x00007fff5ec16188:   00007fffc2c35cb0 0000000000000000
0x00007fff5ec16198:   00007faa301310d0 00007faa2e623e01
0x00007fff5ec161a8:   00007faa2e5659a0 00007fffc2d680e0
0x00007fff5ec161b8:   0000000000000000 0000000000000000
0x00007fff5ec161c8:   0000000000000000 00007faa2e52fbc0
0x00007fff5ec161d8:   00007fffc2c74900 00007fff5ec16720
0x00007fff5ec161e8:   0000000000000002 0000000000000100
0x00007fff5ec161f8:   00007fffc632c400 00007fff5ec16620
0x00007fff5ec16208:   0000000000000000 0000000000000100
0x00007fff5ec16218:   00007faa2e44e600 00007fff5ec16250
0x00007fff5ec16228:   00007fffa7d51d0c ffff8055d1bb1910
0x00007fff5ec16238:   00007faa2e44e6f0 00007fffc2d65640
0x00007fff5ec16248:   00007faa2e44e6f0 00007fff5ec16280
0x00007fff5ec16258:   00007fffa7d51d58 ffff8055d1bb1910
0x00007fff5ec16268:   00007faa2e44e6f0 00007fffc2d658c0
0x00007fff5ec16278:   00007faa2e44e6f0 00007fff5ec162b0
0x00007fff5ec16288:   00007fffa7d51e3b 0000000000000700 

Instructions: (pc=0x00007fffbcbcf069)
0x00007fffbcbcf049:   01 2e 75 66 49 ba f8 ff ff ff ff 7f 00 00 4c 23
0x00007fffbcbcf059:   17 49 89 f3 45 23 5a 18 49 c1 e3 04 4d 03 5a 10
0x00007fffbcbcf069:   49 3b 33 75 04 41 ff 63 08 49 83 3b 01 76 0d 49
0x00007fffbcbcf079:   83 c3 10 49 3b 33 75 f1 41 ff 63 08 72 64 4d 8b 

Register to memory mapping:

RAX=0x00007faa2e7a7240 is an unknown value
RBX=0x00007faa2e47baa0 is an unknown value
RCX=0x00007faa2e544920 is an unknown value
RDX=0x00007faa2e7a7240 is an unknown value
RSP=0x00007fff5ec16098 is pointing into the stack for thread: 0x00007faa2f855000
RBP=0x00007fff5ec160a0 is pointing into the stack for thread: 0x00007faa2f855000
RSI=0x00007fffa64bb843: __NSStyleNameIndexTable+0xe048b in /System/Library/Frameworks/AppKit.framework/Versions/C/AppKit at 0x00007fffa57ee000
RDI=0x00007faa2e544920 is an unknown value
R8 =0x000000000000003f is an unknown value
R9 =0x00007faa2e47c440 is an unknown value
R10={method} {0x00000001078a5ea0} 'equals' '(Ljava/lang/Object;)Z' in 'java/security/CodeSource'
R11=0x0000000060980400 is an unknown value
R12=0x0000000000000000 is an unknown value
R13=0x00007faa2e47c440 is an unknown value
R14=0x00007faa2e7a7240 is an unknown value
R15=0x0000000000000000 is an unknown value


Stack: [0x00007fff5e41b000,0x00007fff5ec1b000],  sp=0x00007fff5ec16098,  free space=8172k
Native frames: (J=compiled Java code, j=interpreted, Vv=VM code, C=native code)
C  [libobjc.A.dylib+0x7069]  objc_msgSend+0x29
C  [CoreFoundation+0x9d35b]  _CFXRegistrationPost+0x1ab
C  [CoreFoundation+0x9d0c2]  ___CFXNotificationPost_block_invoke+0x32
C  [CoreFoundation+0x5a523]  -[_CFXNotificationRegistrar find:object:observer:enumerator:]+0x723
C  [CoreFoundation+0x5955c]  _CFXNotificationPost+0x25c
C  [Foundation+0x6677]  -[NSNotificationCenter postNotificationName:object:userInfo:]+0x42
C  [AppKit+0x24ee3b]  -[NSSurface _disposeSurface]+0x98
C  [AppKit+0x24e9ea]  -[NSSurface setWindow:]+0x35
C  [AppKit+0x28960]  -[NSView _setWindow:]+0xa0f
C  [AppKit+0x2b587]  -[NSView removeFromSuperview]+0x1d1
C  [AppKit+0x14cd60]  -[NSView removeFromSuperviewWithoutNeedingDisplay]+0x26
C  [liblwjgl.dylib+0xa205]  +[MacOSXKeyableWindow destroyWindow]+0xb5
C  [Foundation+0x7152a]  __NSThreadPerformPerform+0x146
C  [CoreFoundation+0xa7321]  __CFRUNLOOP_IS_CALLING_OUT_TO_A_SOURCE0_PERFORM_FUNCTION__+0x11
C  [CoreFoundation+0x8821d]  __CFRunLoopDoSources0+0x22d
C  [CoreFoundation+0x87716]  __CFRunLoopRun+0x3a6
C  [CoreFoundation+0x87114]  CFRunLoopRunSpecific+0x1a4
C  [HIToolbox+0x30ebc]  RunCurrentEventLoopInMode+0xf0
C  [HIToolbox+0x30cf1]  ReceiveNextEventCommon+0x1b0
C  [HIToolbox+0x30b26]  _BlockUntilNextEventMatchingListInModeWithFilter+0x47
C  [AppKit+0x46a54]  _DPSNextEvent+0x460
C  [AppKit+0x7c27ee]  -[NSApplication(NSEvent) _nextEventMatchingEventMask:untilDate:inMode:dequeue:]+0xaec
C  [libosxapp.dylib+0x23aa]  -[NSApplicationAWT nextEventMatchingMask:untilDate:inMode:dequeue:]+0x7c
C  [AppKit+0x3b3db]  -[NSApplication run]+0x39e
C  [libosxapp.dylib+0x214d]  +[NSApplicationAWT runAWTLoopWithApp:]+0x9c
C  [libawt_lwawt.dylib+0x45edf]  -[AWTStarter starter:]+0x389
C  [Foundation+0x7152a]  __NSThreadPerformPerform+0x146
C  [CoreFoundation+0xa7321]  __CFRUNLOOP_IS_CALLING_OUT_TO_A_SOURCE0_PERFORM_FUNCTION__+0x11
C  [CoreFoundation+0x8821d]  __CFRunLoopDoSources0+0x22d
C  [CoreFoundation+0x87716]  __CFRunLoopRun+0x3a6
C  [CoreFoundation+0x87114]  CFRunLoopRunSpecific+0x1a4
C  [java+0x6465]  CreateExecutionEnvironment+0x367
C  [java+0x218c]  JLI_Launch+0x7a0
C  [java+0x84c2]  main+0x65
C  [java+0x19e4]  start+0x34
C  0x0000000000000006


---------------  P R O C E S S  ---------------

Java Threads: ( => current thread )
  0x00007faa2e9ea800 JavaThread "AWT-Shutdown" [_thread_blocked, id=4107, stack(0x00007000038b7000,0x00007000039b7000)]
  0x00007faa2f264000 JavaThread "Java2D Queue Flusher" daemon [_thread_blocked, id=61959, stack(0x0000700003c46000,0x0000700003d46000)]
  0x00007faa2f8c5800 JavaThread "Java2D Disposer" daemon [_thread_blocked, id=61451, stack(0x0000700003b43000,0x0000700003c43000)]
=>0x00007faa2f855000 JavaThread "AppKit Thread" daemon [_thread_in_native, id=775, stack(0x00007fff5e41b000,0x00007fff5ec1b000)]
  0x00007faa30027800 JavaThread "Service Thread" daemon [_thread_blocked, id=18691, stack(0x00007000036b1000,0x00007000037b1000)]
  0x00007faa3001f000 JavaThread "C1 CompilerThread2" daemon [_thread_blocked, id=18179, stack(0x00007000035ae000,0x00007000036ae000)]
  0x00007faa3001e000 JavaThread "C2 CompilerThread1" daemon [_thread_blocked, id=17667, stack(0x00007000034ab000,0x00007000035ab000)]
  0x00007faa3001c800 JavaThread "C2 CompilerThread0" daemon [_thread_blocked, id=17155, stack(0x00007000033a8000,0x00007000034a8000)]
  0x00007faa3001b000 JavaThread "Signal Dispatcher" daemon [_thread_blocked, id=16643, stack(0x00007000032a5000,0x00007000033a5000)]
  0x00007faa2e84a000 JavaThread "Finalizer" daemon [_thread_blocked, id=12547, stack(0x00007000031a2000,0x00007000032a2000)]
  0x00007faa2e847000 JavaThread "Reference Handler" daemon [_thread_blocked, id=12035, stack(0x000070000309f000,0x000070000319f000)]
  0x00007faa2e808800 JavaThread "main" [_thread_in_native, id=7171, stack(0x0000700002a8d000,0x0000700002b8d000)]

Other Threads:
  0x00007faa2e842800 VMThread [stack: 0x0000700002f9c000,0x000070000309c000] [id=11523]
  0x00007faa2e81b800 WatcherThread [stack: 0x00007000037b4000,0x00007000038b4000] [id=19203]

VM state:not at safepoint (normal execution)

VM Mutex/Monitor currently owned by a thread: None

Heap:
 PSYoungGen      total 115200K, used 41014K [0x0000000795580000, 0x000000079d300000, 0x00000007c0000000)
  eden space 114688K, 35% used [0x0000000795580000,0x0000000797d659b8,0x000000079c580000)
  from space 512K, 31% used [0x000000079d280000,0x000000079d2a8000,0x000000079d300000)
  to   space 5120K, 0% used [0x000000079c900000,0x000000079c900000,0x000000079ce00000)
 ParOldGen       total 176128K, used 64294K [0x0000000740000000, 0x000000074ac00000, 0x0000000795580000)
  object space 176128K, 36% used [0x0000000740000000,0x0000000743ec98c8,0x000000074ac00000)
 Metaspace       used 9738K, capacity 9877K, committed 10112K, reserved 1058816K
  class space    used 1017K, capacity 1085K, committed 1152K, reserved 1048576K

Card table byte_map: [0x0000000102d67000,0x0000000103168000] byte_map_base: 0x00000000ff367000

Marking Bits: (ParMarkBitMap*) 0x00000001022f35d0
 Begin Bits: [0x0000000103413000, 0x0000000105413000)
 End Bits:   [0x0000000105413000, 0x0000000107413000)

Polling page: 0x00000001010a5000

CodeCache: size=245760Kb used=4338Kb max_used=4356Kb free=241421Kb
 bounds [0x000000010d880000, 0x000000010dcd0000, 0x000000011c880000]
 total_blobs=1537 nmethods=1029 adapters=422
 compilation: enabled

Compilation events (10 events):
Event: 27.966 Thread 0x00007faa3001f000 1027       2       org.newdawn.slick.opengl.renderer.ImmediateModeOGLRenderer::flush (1 bytes)
Event: 27.967 Thread 0x00007faa3001f000 nmethod 1027 0x000000010dcaf510 code [0x000000010dcaf660, 0x000000010dcaf7b0]
Event: 27.967 Thread 0x00007faa3001c800 nmethod 1024 0x000000010dc928d0 code [0x000000010dc92a20, 0x000000010dc92a98]
Event: 27.967 Thread 0x00007faa3001c800 1025       4       org.newdawn.slick.AngelCodeFont::drawString (11 bytes)
Event: 27.969 Thread 0x00007faa3001e000 nmethod 1023 0x000000010dcb0b90 code [0x000000010dcb0d00, 0x000000010dcb0e28]
Event: 27.969 Thread 0x00007faa3001e000 1026       4       org.newdawn.slick.AngelCodeFont::drawString (17 bytes)
Event: 27.969 Thread 0x00007faa3001f000 1028   !   3       org.newdawn.slick.GameContainer::updateAndRender (406 bytes)
Event: 27.976 Thread 0x00007faa3001f000 nmethod 1028 0x000000010dcb3d10 code [0x000000010dcb4220, 0x000000010dcb6ca8]
Event: 28.077 Thread 0x00007faa3001c800 nmethod 1025 0x000000010dcbc250 code [0x000000010dcbc640, 0x000000010dcbe7b8]
Event: 28.088 Thread 0x00007faa3001e000 nmethod 1026 0x000000010dcc1a90 code [0x000000010dcc1e80, 0x000000010dcc3fd8]

GC Heap History (10 events):
Event: 1.109 GC heap before
{Heap before GC invocations=2 (full 0):
 PSYoungGen      total 38400K, used 27678K [0x0000000795580000, 0x000000079a080000, 0x00000007c0000000)
  eden space 33280K, 75% used [0x0000000795580000,0x0000000796e1a290,0x0000000797600000)
  from space 5120K, 48% used [0x0000000797600000,0x000000079786d808,0x0000000797b00000)
  to   space 5120K, 0% used [0x0000000799b80000,0x0000000799b80000,0x000000079a080000)
 ParOldGen       total 87552K, used 55777K [0x0000000740000000, 0x0000000745580000, 0x0000000795580000)
  object space 87552K, 63% used [0x0000000740000000,0x00000007436787f8,0x0000000745580000)
 Metaspace       used 9425K, capacity 9589K, committed 9856K, reserved 1058816K
  class space    used 1000K, capacity 1053K, committed 1152K, reserved 1048576K
Event: 1.127 GC heap after
Heap after GC invocations=2 (full 0):
 PSYoungGen      total 71680K, used 1698K [0x0000000795580000, 0x000000079a080000, 0x00000007c0000000)
  eden space 66560K, 0% used [0x0000000795580000,0x0000000795580000,0x0000000799680000)
  from space 5120K, 33% used [0x0000000799b80000,0x0000000799d28900,0x000000079a080000)
  to   space 5120K, 0% used [0x0000000799680000,0x0000000799680000,0x0000000799b80000)
 ParOldGen       total 101888K, used 97377K [0x0000000740000000, 0x0000000746380000, 0x0000000795580000)
  object space 101888K, 95% used [0x0000000740000000,0x0000000745f187c8,0x0000000746380000)
 Metaspace       used 9425K, capacity 9589K, committed 9856K, reserved 1058816K
  class space    used 1000K, capacity 1053K, committed 1152K, reserved 1048576K
}
Event: 1.127 GC heap before
{Heap before GC invocations=3 (full 1):
 PSYoungGen      total 71680K, used 1698K [0x0000000795580000, 0x000000079a080000, 0x00000007c0000000)
  eden space 66560K, 0% used [0x0000000795580000,0x0000000795580000,0x0000000799680000)
  from space 5120K, 33% used [0x0000000799b80000,0x0000000799d28900,0x000000079a080000)
  to   space 5120K, 0% used [0x0000000799680000,0x0000000799680000,0x0000000799b80000)
 ParOldGen       total 101888K, used 97377K [0x0000000740000000, 0x0000000746380000, 0x0000000795580000)
  object space 101888K, 95% used [0x0000000740000000,0x0000000745f187c8,0x0000000746380000)
 Metaspace       used 9425K, capacity 9589K, committed 9856K, reserved 1058816K
  class space    used 1000K, capacity 1053K, committed 1152K, reserved 1048576K
Event: 1.144 GC heap after
Heap after GC invocations=3 (full 1):
 PSYoungGen      total 71680K, used 0K [0x0000000795580000, 0x000000079a080000, 0x00000007c0000000)
  eden space 66560K, 0% used [0x0000000795580000,0x0000000795580000,0x0000000799680000)
  from space 5120K, 0% used [0x0000000799b80000,0x0000000799b80000,0x000000079a080000)
  to   space 5120K, 0% used [0x0000000799680000,0x0000000799680000,0x0000000799b80000)
 ParOldGen       total 136704K, used 50462K [0x0000000740000000, 0x0000000748580000, 0x0000000795580000)
  object space 136704K, 36% used [0x0000000740000000,0x00000007431479a0,0x0000000748580000)
 Metaspace       used 9425K, capacity 9589K, committed 9856K, reserved 1058816K
  class space    used 1000K, capacity 1053K, committed 1152K, reserved 1048576K
}
Event: 1.386 GC heap before
{Heap before GC invocations=4 (full 1):
 PSYoungGen      total 71680K, used 66560K [0x0000000795580000, 0x000000079a080000, 0x00000007c0000000)
  eden space 66560K, 100% used [0x0000000795580000,0x0000000799680000,0x0000000799680000)
  from space 5120K, 0% used [0x0000000799b80000,0x0000000799b80000,0x000000079a080000)
  to   space 5120K, 0% used [0x0000000799680000,0x0000000799680000,0x0000000799b80000)
 ParOldGen       total 136704K, used 50462K [0x0000000740000000, 0x0000000748580000, 0x0000000795580000)
  object space 136704K, 36% used [0x0000000740000000,0x00000007431479a0,0x0000000748580000)
 Metaspace       used 9426K, capacity 9589K, committed 9856K, reserved 1058816K
  class space    used 1000K, capacity 1053K, committed 1152K, reserved 1048576K
Event: 1.397 GC heap after
Heap after GC invocations=4 (full 1):
 PSYoungGen      total 71680K, used 96K [0x0000000795580000, 0x000000079d780000, 0x00000007c0000000)
  eden space 66560K, 0% used [0x0000000795580000,0x0000000795580000,0x0000000799680000)
  from space 5120K, 1% used [0x0000000799680000,0x0000000799698000,0x0000000799b80000)
  to   space 5120K, 0% used [0x000000079d280000,0x000000079d280000,0x000000079d780000)
 ParOldGen       total 136704K, used 105918K [0x0000000740000000, 0x0000000748580000, 0x0000000795580000)
  object space 136704K, 77% used [0x0000000740000000,0x000000074676f960,0x0000000748580000)
 Metaspace       used 9426K, capacity 9589K, committed 9856K, reserved 1058816K
  class space    used 1000K, capacity 1053K, committed 1152K, reserved 1048576K
}
Event: 1.397 GC heap before
{Heap before GC invocations=5 (full 2):
 PSYoungGen      total 71680K, used 96K [0x0000000795580000, 0x000000079d780000, 0x00000007c0000000)
  eden space 66560K, 0% used [0x0000000795580000,0x0000000795580000,0x0000000799680000)
  from space 5120K, 1% used [0x0000000799680000,0x0000000799698000,0x0000000799b80000)
  to   space 5120K, 0% used [0x000000079d280000,0x000000079d280000,0x000000079d780000)
 ParOldGen       total 136704K, used 105918K [0x0000000740000000, 0x0000000748580000, 0x0000000795580000)
  object space 136704K, 77% used [0x0000000740000000,0x000000074676f960,0x0000000748580000)
 Metaspace       used 9426K, capacity 9589K, committed 9856K, reserved 1058816K
  class space    used 1000K, capacity 1053K, committed 1152K, reserved 1048576K
Event: 1.407 GC heap after
Heap after GC invocations=5 (full 2):
 PSYoungGen      total 71680K, used 0K [0x0000000795580000, 0x000000079d780000, 0x00000007c0000000)
  eden space 66560K, 0% used [0x0000000795580000,0x0000000795580000,0x0000000799680000)
  from space 5120K, 0% used [0x0000000799680000,0x0000000799680000,0x0000000799b80000)
  to   space 5120K, 0% used [0x000000079d280000,0x000000079d280000,0x000000079d780000)
 ParOldGen       total 176128K, used 64286K [0x0000000740000000, 0x000000074ac00000, 0x0000000795580000)
  object space 176128K, 36% used [0x0000000740000000,0x0000000743ec78c8,0x000000074ac00000)
 Metaspace       used 9426K, capacity 9589K, committed 9856K, reserved 1058816K
  class space    used 1000K, capacity 1053K, committed 1152K, reserved 1048576K
}
Event: 10.503 GC heap before
{Heap before GC invocations=6 (full 2):
 PSYoungGen      total 71680K, used 66560K [0x0000000795580000, 0x000000079d780000, 0x00000007c0000000)
  eden space 66560K, 100% used [0x0000000795580000,0x0000000799680000,0x0000000799680000)
  from space 5120K, 0% used [0x0000000799680000,0x0000000799680000,0x0000000799b80000)
  to   space 5120K, 0% used [0x000000079d280000,0x000000079d280000,0x000000079d780000)
 ParOldGen       total 176128K, used 64286K [0x0000000740000000, 0x000000074ac00000, 0x0000000795580000)
  object space 176128K, 36% used [0x0000000740000000,0x0000000743ec78c8,0x000000074ac00000)
 Metaspace       used 9691K, capacity 9877K, committed 10112K, reserved 1058816K
  class space    used 1014K, capacity 1085K, committed 1152K, reserved 1048576K
Event: 10.505 GC heap after
Heap after GC invocations=6 (full 2):
 PSYoungGen      total 115200K, used 160K [0x0000000795580000, 0x000000079d300000, 0x00000007c0000000)
  eden space 114688K, 0% used [0x0000000795580000,0x0000000795580000,0x000000079c580000)
  from space 512K, 31% used [0x000000079d280000,0x000000079d2a8000,0x000000079d300000)
  to   space 5120K, 0% used [0x000000079c900000,0x000000079c900000,0x000000079ce00000)
 ParOldGen       total 176128K, used 64294K [0x0000000740000000, 0x000000074ac00000, 0x0000000795580000)
  object space 176128K, 36% used [0x0000000740000000,0x0000000743ec98c8,0x000000074ac00000)
 Metaspace       used 9691K, capacity 9877K, committed 10112K, reserved 1058816K
  class space    used 1014K, capacity 1085K, committed 1152K, reserved 1048576K
}

Deoptimization events (10 events):
Event: 1.147 Thread 0x00007faa2e808800 Uncommon trap: reason=unstable_if action=reinterpret pc=0x000000010dadaeb0 method=java.awt.image.ComponentColorModel.extractComponent(Ljava/lang/Object;II)I @ 4
Event: 1.147 Thread 0x00007faa2e808800 Uncommon trap: reason=unstable_if action=reinterpret pc=0x000000010daeaca8 method=java.awt.image.ComponentColorModel.getAlpha(Ljava/lang/Object;)I @ 4
Event: 1.147 Thread 0x00007faa2e808800 Uncommon trap: reason=unstable_if action=reinterpret pc=0x000000010dae8bdc method=java.awt.image.ComponentColorModel.getAlpha(Ljava/lang/Object;)I @ 4
Event: 1.148 Thread 0x00007faa2e808800 Uncommon trap: reason=unstable_if action=reinterpret pc=0x000000010db04b6c method=java.awt.image.ComponentColorModel.getAlpha(Ljava/lang/Object;)I @ 4
Event: 8.373 Thread 0x00007faa2e808800 Uncommon trap: reason=unstable_if action=reinterpret pc=0x000000010dc3d350 method=java.util.HashMap$HashIterator.nextNode()Ljava/util/HashMap$Node; @ 53
Event: 8.373 Thread 0x00007faa2e808800 Uncommon trap: reason=unstable_if action=reinterpret pc=0x000000010dc4fe24 method=java.util.HashMap$HashIterator.<init>(Ljava/util/HashMap;)V @ 38
Event: 9.811 Thread 0x00007faa2e808800 Uncommon trap: reason=unstable_if action=reinterpret pc=0x000000010dc5f828 method=Play.update(Lorg/newdawn/slick/GameContainer;Lorg/newdawn/slick/state/StateBasedGame;I)V @ 285
Event: 12.039 Thread 0x00007faa3012b800 Uncommon trap: reason=unstable_if action=reinterpret pc=0x000000010dc57078 method=java.util.HashMap.keySet()Ljava/util/Set; @ 6
Event: 27.781 Thread 0x00007faa2e808800 Uncommon trap: reason=unstable_if action=reinterpret pc=0x000000010dca4f7c method=org.newdawn.slick.GameContainer.updateAndRender(I)V @ 69
Event: 28.268 Thread 0x00007faa2e808800 Uncommon trap: reason=unstable_if action=reinterpret pc=0x000000010dc806a0 method=org.newdawn.slick.AppGameContainer.gameLoop()V @ 60

Internal exceptions (10 events):
Event: 0.158 Thread 0x00007faa2e808800 Exception <a 'java/security/PrivilegedActionException'> (0x00000007957ceaf0) thrown at [/Users/java_re/workspace/8-2-build-macosx-x86_64/jdk8u144/9417/hotspot/src/share/vm/prims/jvm.cpp, line 1390]
Event: 0.158 Thread 0x00007faa2e808800 Exception <a 'java/security/PrivilegedActionException'> (0x00000007957ced00) thrown at [/Users/java_re/workspace/8-2-build-macosx-x86_64/jdk8u144/9417/hotspot/src/share/vm/prims/jvm.cpp, line 1390]
Event: 0.158 Thread 0x00007faa2e808800 Exception <a 'java/security/PrivilegedActionException'> (0x00000007957d2218) thrown at [/Users/java_re/workspace/8-2-build-macosx-x86_64/jdk8u144/9417/hotspot/src/share/vm/prims/jvm.cpp, line 1390]
Event: 0.158 Thread 0x00007faa2e808800 Exception <a 'java/security/PrivilegedActionException'> (0x00000007957d2428) thrown at [/Users/java_re/workspace/8-2-build-macosx-x86_64/jdk8u144/9417/hotspot/src/share/vm/prims/jvm.cpp, line 1390]
Event: 0.206 Thread 0x00007faa2e808800 Exception <a 'java/lang/NoSuchFieldError': method resolution failed> (0x000000079589f308) thrown at [/Users/java_re/workspace/8-2-build-macosx-x86_64/jdk8u144/9417/hotspot/src/share/vm/prims/methodHandles.cpp, line 1146]
Event: 0.208 Thread 0x00007faa2e808800 Exception <a 'java/lang/NoSuchFieldError': method resolution failed> (0x00000007958aca58) thrown at [/Users/java_re/workspace/8-2-build-macosx-x86_64/jdk8u144/9417/hotspot/src/share/vm/prims/methodHandles.cpp, line 1146]
Event: 0.404 Thread 0x00007faa2e808800 Exception <a 'java/io/FileNotFoundException'> (0x00000007959273e8) thrown at [/Users/java_re/workspace/8-2-build-macosx-x86_64/jdk8u144/9417/hotspot/src/share/vm/prims/jni.cpp, line 709]
Event: 0.404 Thread 0x00007faa2e808800 Exception <a 'java/io/FileNotFoundException'> (0x0000000795927f38) thrown at [/Users/java_re/workspace/8-2-build-macosx-x86_64/jdk8u144/9417/hotspot/src/share/vm/prims/jni.cpp, line 709]
Event: 0.754 Thread 0x00007faa2e808800 Exception <a 'java/lang/NoClassDefFoundError': net/java/games/input/ControllerEnvironment> (0x0000000795da85c0) thrown at [/Users/java_re/workspace/8-2-build-macosx-x86_64/jdk8u144/9417/hotspot/src/share/vm/classfile/systemDictionary.cpp, line 199]
Event: 8.373 Thread 0x00007faa2e808800 Implicit null exception at 0x000000010dc4fbc6 to 0x000000010dc4fe0d

Events (10 events):
Event: 21.620 Thread 0x00007faa2f86d000 Thread exited: 0x00007faa2f86d000
Event: 25.256 Thread 0x00007faa2e9ea800 Thread added: 0x00007faa2e9ea800
Event: 27.781 Thread 0x00007faa2e808800 Uncommon trap: trap_request=0xffffff65 fr.pc=0x000000010dca4f7c
Event: 27.781 Thread 0x00007faa2e808800 DEOPT PACKING pc=0x000000010dca4f7c sp=0x0000700002b8c730
Event: 27.781 Thread 0x00007faa2e808800 DEOPT UNPACKING pc=0x000000010d885229 sp=0x0000700002b8c750 mode 2
Event: 28.268 Thread 0x00007faa2e808800 Uncommon trap: trap_request=0xffffff65 fr.pc=0x000000010dc806a0
Event: 28.268 Thread 0x00007faa2e808800 DEOPT PACKING pc=0x000000010dc806a0 sp=0x0000700002b8c7e0
Event: 28.268 Thread 0x00007faa2e808800 DEOPT UNPACKING pc=0x000000010d885229 sp=0x0000700002b8c7a8 mode 2
Event: 28.280 loading class org/lwjgl/opengl/CallbackUtil
Event: 28.280 loading class org/lwjgl/opengl/CallbackUtil done


Dynamic libraries:
0x000000003293d000 	/System/Library/Frameworks/Cocoa.framework/Versions/A/Cocoa
0x000000003293d000 	/System/Library/Frameworks/Security.framework/Versions/A/Security
0x000000003293d000 	/System/Library/Frameworks/ApplicationServices.framework/Versions/A/ApplicationServices
0x000000003293d000 	/usr/lib/libz.1.dylib
0x000000003293d000 	/usr/lib/libSystem.B.dylib
0x000000003293d000 	/usr/lib/libobjc.A.dylib
0x000000003293d000 	/System/Library/Frameworks/CoreFoundation.framework/Versions/A/CoreFoundation
0x000000003293d000 	/System/Library/Frameworks/Foundation.framework/Versions/C/Foundation
0x000000003293d000 	/System/Library/Frameworks/AppKit.framework/Versions/C/AppKit
0x000000003293d000 	/System/Library/Frameworks/CoreData.framework/Versions/A/CoreData
0x000000003293d000 	/System/Library/PrivateFrameworks/RemoteViewServices.framework/Versions/A/RemoteViewServices
0x000000003293d000 	/System/Library/PrivateFrameworks/UIFoundation.framework/Versions/A/UIFoundation
0x000000003293d000 	/System/Library/PrivateFrameworks/DFRFoundation.framework/Versions/A/DFRFoundation
0x000000003293d000 	/usr/lib/libenergytrace.dylib
0x000000003293d000 	/System/Library/PrivateFrameworks/SkyLight.framework/Versions/A/SkyLight
0x000000003293d000 	/System/Library/Frameworks/CoreGraphics.framework/Versions/A/CoreGraphics
0x000000003293d000 	/usr/lib/libScreenReader.dylib
0x000000003293d000 	/System/Library/Frameworks/Accelerate.framework/Versions/A/Accelerate
0x000000003293d000 	/System/Library/Frameworks/IOSurface.framework/Versions/A/IOSurface
0x000000003293d000 	/System/Library/Frameworks/AudioToolbox.framework/Versions/A/AudioToolbox
0x000000003293d000 	/System/Library/Frameworks/AudioUnit.framework/Versions/A/AudioUnit
0x000000003293d000 	/System/Library/PrivateFrameworks/DataDetectorsCore.framework/Versions/A/DataDetectorsCore
0x000000003293d000 	/System/Library/PrivateFrameworks/DesktopServicesPriv.framework/Versions/A/DesktopServicesPriv
0x000000003293d000 	/System/Library/Frameworks/Carbon.framework/Versions/A/Frameworks/HIToolbox.framework/Versions/A/HIToolbox
0x000000003293d000 	/usr/lib/libicucore.A.dylib
0x000000003293d000 	/System/Library/Frameworks/QuartzCore.framework/Versions/A/QuartzCore
0x000000003293d000 	/System/Library/Frameworks/Carbon.framework/Versions/A/Frameworks/SpeechRecognition.framework/Versions/A/SpeechRecognition
0x000000003293d000 	/usr/lib/libauto.dylib
0x000000003293d000 	/usr/lib/libxml2.2.dylib
0x000000003293d000 	/System/Library/PrivateFrameworks/CoreUI.framework/Versions/A/CoreUI
0x000000003293d000 	/System/Library/Frameworks/CoreAudio.framework/Versions/A/CoreAudio
0x000000003293d000 	/System/Library/Frameworks/DiskArbitration.framework/Versions/A/DiskArbitration
0x000000003293d000 	/usr/lib/liblangid.dylib
0x000000003293d000 	/System/Library/PrivateFrameworks/MultitouchSupport.framework/Versions/A/MultitouchSupport
0x000000003293d000 	/System/Library/Frameworks/IOKit.framework/Versions/A/IOKit
0x000000003293d000 	/usr/lib/libDiagnosticMessagesClient.dylib
0x000000003293d000 	/System/Library/Frameworks/CoreServices.framework/Versions/A/CoreServices
0x000000003293d000 	/System/Library/PrivateFrameworks/PerformanceAnalysis.framework/Versions/A/PerformanceAnalysis
0x000000003293d000 	/System/Library/PrivateFrameworks/GenerationalStorage.framework/Versions/A/GenerationalStorage
0x000000003293d000 	/System/Library/Frameworks/OpenGL.framework/Versions/A/OpenGL
0x000000003293d000 	/System/Library/Frameworks/CoreImage.framework/Versions/A/CoreImage
0x000000003293d000 	/System/Library/Frameworks/CoreText.framework/Versions/A/CoreText
0x000000003293d000 	/System/Library/Frameworks/ImageIO.framework/Versions/A/ImageIO
0x000000003293d000 	/System/Library/PrivateFrameworks/Backup.framework/Versions/A/Backup
0x000000003293d000 	/usr/lib/libarchive.2.dylib
0x000000003293d000 	/System/Library/Frameworks/CFNetwork.framework/Versions/A/CFNetwork
0x000000003293d000 	/System/Library/Frameworks/SystemConfiguration.framework/Versions/A/SystemConfiguration
0x000000003293d000 	/usr/lib/libCRFSuite.dylib
0x000000003293d000 	/usr/lib/libc++.1.dylib
0x000000003293d000 	/usr/lib/libc++abi.dylib
0x000000003293d000 	/usr/lib/system/libcache.dylib
0x000000003293d000 	/usr/lib/system/libcommonCrypto.dylib
0x000000003293d000 	/usr/lib/system/libcompiler_rt.dylib
0x000000003293d000 	/usr/lib/system/libcopyfile.dylib
0x000000003293d000 	/usr/lib/system/libcorecrypto.dylib
0x000000003293d000 	/usr/lib/system/libdispatch.dylib
0x000000003293d000 	/usr/lib/system/libdyld.dylib
0x000000003293d000 	/usr/lib/system/libkeymgr.dylib
0x000000003293d000 	/usr/lib/system/liblaunch.dylib
0x000000003293d000 	/usr/lib/system/libmacho.dylib
0x000000003293d000 	/usr/lib/system/libquarantine.dylib
0x000000003293d000 	/usr/lib/system/libremovefile.dylib
0x000000003293d000 	/usr/lib/system/libsystem_asl.dylib
0x000000003293d000 	/usr/lib/system/libsystem_blocks.dylib
0x000000003293d000 	/usr/lib/system/libsystem_c.dylib
0x000000003293d000 	/usr/lib/system/libsystem_configuration.dylib
0x000000003293d000 	/usr/lib/system/libsystem_coreservices.dylib
0x000000003293d000 	/usr/lib/system/libsystem_coretls.dylib
0x000000003293d000 	/usr/lib/system/libsystem_dnssd.dylib
0x000000003293d000 	/usr/lib/system/libsystem_info.dylib
0x000000003293d000 	/usr/lib/system/libsystem_kernel.dylib
0x000000003293d000 	/usr/lib/system/libsystem_m.dylib
0x000000003293d000 	/usr/lib/system/libsystem_malloc.dylib
0x000000003293d000 	/usr/lib/system/libsystem_network.dylib
0x000000003293d000 	/usr/lib/system/libsystem_networkextension.dylib
0x000000003293d000 	/usr/lib/system/libsystem_notify.dylib
0x000000003293d000 	/usr/lib/system/libsystem_platform.dylib
0x000000003293d000 	/usr/lib/system/libsystem_pthread.dylib
0x000000003293d000 	/usr/lib/system/libsystem_sandbox.dylib
0x000000003293d000 	/usr/lib/system/libsystem_secinit.dylib
0x000000003293d000 	/usr/lib/system/libsystem_symptoms.dylib
0x000000003293d000 	/usr/lib/system/libsystem_trace.dylib
0x000000003293d000 	/usr/lib/system/libunwind.dylib
0x000000003293d000 	/usr/lib/system/libxpc.dylib
0x000000003293d000 	/usr/lib/libbsm.0.dylib
0x000000003293d000 	/usr/lib/system/libkxld.dylib
0x000000003293d000 	/usr/lib/libcoretls.dylib
0x000000003293d000 	/usr/lib/libcoretls_cfhelpers.dylib
0x000000003293d000 	/usr/lib/libOpenScriptingUtil.dylib
0x000000003293d000 	/usr/lib/libpam.2.dylib
0x000000003293d000 	/usr/lib/libsqlite3.dylib
0x000000003293d000 	/usr/lib/libxar.1.dylib
0x000000003293d000 	/usr/lib/libbz2.1.0.dylib
0x000000003293d000 	/usr/lib/liblzma.5.dylib
0x000000003293d000 	/usr/lib/libnetwork.dylib
0x000000003293d000 	/usr/lib/libpcap.A.dylib
0x000000003293d000 	/System/Library/Frameworks/CoreServices.framework/Versions/A/Frameworks/FSEvents.framework/Versions/A/FSEvents
0x000000003293d000 	/System/Library/Frameworks/CoreServices.framework/Versions/A/Frameworks/CarbonCore.framework/Versions/A/CarbonCore
0x000000003293d000 	/System/Library/Frameworks/CoreServices.framework/Versions/A/Frameworks/Metadata.framework/Versions/A/Metadata
0x000000003293d000 	/System/Library/Frameworks/CoreServices.framework/Versions/A/Frameworks/OSServices.framework/Versions/A/OSServices
0x000000003293d000 	/System/Library/Frameworks/CoreServices.framework/Versions/A/Frameworks/SearchKit.framework/Versions/A/SearchKit
0x000000003293d000 	/System/Library/Frameworks/CoreServices.framework/Versions/A/Frameworks/AE.framework/Versions/A/AE
0x000000003293d000 	/System/Library/Frameworks/CoreServices.framework/Versions/A/Frameworks/LaunchServices.framework/Versions/A/LaunchServices
0x000000003293d000 	/System/Library/Frameworks/CoreServices.framework/Versions/A/Frameworks/DictionaryServices.framework/Versions/A/DictionaryServices
0x000000003293d000 	/System/Library/Frameworks/CoreServices.framework/Versions/A/Frameworks/SharedFileList.framework/Versions/A/SharedFileList
0x000000003293d000 	/System/Library/Frameworks/NetFS.framework/Versions/A/NetFS
0x000000003293d000 	/System/Library/PrivateFrameworks/NetAuth.framework/Versions/A/NetAuth
0x000000003293d000 	/System/Library/PrivateFrameworks/login.framework/Versions/A/Frameworks/loginsupport.framework/Versions/A/loginsupport
0x000000003293d000 	/System/Library/PrivateFrameworks/TCC.framework/Versions/A/TCC
0x000000003293d000 	/usr/lib/libmecabra.dylib
0x000000003293d000 	/System/Library/Frameworks/ApplicationServices.framework/Versions/A/Frameworks/ATS.framework/Versions/A/ATS
0x000000003293d000 	/System/Library/Frameworks/ApplicationServices.framework/Versions/A/Frameworks/ColorSync.framework/Versions/A/ColorSync
0x000000003293d000 	/System/Library/Frameworks/ApplicationServices.framework/Versions/A/Frameworks/HIServices.framework/Versions/A/HIServices
0x000000003293d000 	/System/Library/Frameworks/ApplicationServices.framework/Versions/A/Frameworks/LangAnalysis.framework/Versions/A/LangAnalysis
0x000000003293d000 	/System/Library/Frameworks/ApplicationServices.framework/Versions/A/Frameworks/PrintCore.framework/Versions/A/PrintCore
0x000000003293d000 	/System/Library/Frameworks/ApplicationServices.framework/Versions/A/Frameworks/QD.framework/Versions/A/QD
0x000000003293d000 	/System/Library/Frameworks/ApplicationServices.framework/Versions/A/Frameworks/SpeechSynthesis.framework/Versions/A/SpeechSynthesis
0x000000003293d000 	/System/Library/Frameworks/Accelerate.framework/Versions/A/Frameworks/vImage.framework/Versions/A/vImage
0x000000003293d000 	/System/Library/Frameworks/Accelerate.framework/Versions/A/Frameworks/vecLib.framework/Versions/A/vecLib
0x000000003293d000 	/System/Library/Frameworks/Accelerate.framework/Versions/A/Frameworks/vecLib.framework/Versions/A/libvDSP.dylib
0x000000003293d000 	/System/Library/Frameworks/Accelerate.framework/Versions/A/Frameworks/vecLib.framework/Versions/A/libBNNS.dylib
0x000000003293d000 	/System/Library/Frameworks/Accelerate.framework/Versions/A/Frameworks/vecLib.framework/Versions/A/libQuadrature.dylib
0x000000003293d000 	/System/Library/Frameworks/Accelerate.framework/Versions/A/Frameworks/vecLib.framework/Versions/A/libvMisc.dylib
0x000000003293d000 	/System/Library/Frameworks/Accelerate.framework/Versions/A/Frameworks/vecLib.framework/Versions/A/libLAPACK.dylib
0x000000003293d000 	/System/Library/Frameworks/Accelerate.framework/Versions/A/Frameworks/vecLib.framework/Versions/A/libBLAS.dylib
0x000000003293d000 	/System/Library/Frameworks/Accelerate.framework/Versions/A/Frameworks/vecLib.framework/Versions/A/libLinearAlgebra.dylib
0x000000003293d000 	/System/Library/Frameworks/Accelerate.framework/Versions/A/Frameworks/vecLib.framework/Versions/A/libSparseBLAS.dylib
0x000000003293d000 	/System/Library/Frameworks/ApplicationServices.framework/Versions/A/Frameworks/ATS.framework/Versions/A/Resources/libFontParser.dylib
0x000000003293d000 	/System/Library/Frameworks/ApplicationServices.framework/Versions/A/Frameworks/ATS.framework/Versions/A/Resources/libFontRegistry.dylib
0x000000003293d000 	/System/Library/Frameworks/ImageIO.framework/Versions/A/Resources/libJPEG.dylib
0x000000003293d000 	/System/Library/Frameworks/ImageIO.framework/Versions/A/Resources/libTIFF.dylib
0x000000003293d000 	/System/Library/Frameworks/ImageIO.framework/Versions/A/Resources/libPng.dylib
0x000000003293d000 	/System/Library/Frameworks/ImageIO.framework/Versions/A/Resources/libGIF.dylib
0x000000003293d000 	/System/Library/Frameworks/ImageIO.framework/Versions/A/Resources/libJP2.dylib
0x000000003293d000 	/System/Library/Frameworks/ImageIO.framework/Versions/A/Resources/libRadiance.dylib
0x000000003293d000 	/usr/lib/libcompression.dylib
0x000000003293d000 	/System/Library/PrivateFrameworks/AppleJPEG.framework/Versions/A/AppleJPEG
0x000000003293d000 	/usr/lib/libcups.2.dylib
0x000000003293d000 	/System/Library/Frameworks/Kerberos.framework/Versions/A/Kerberos
0x000000003293d000 	/System/Library/Frameworks/GSS.framework/Versions/A/GSS
0x000000003293d000 	/usr/lib/libresolv.9.dylib
0x000000003293d000 	/usr/lib/libiconv.2.dylib
0x000000003293d000 	/System/Library/PrivateFrameworks/Heimdal.framework/Versions/A/Heimdal
0x000000003293d000 	/usr/lib/libheimdal-asn1.dylib
0x000000003293d000 	/System/Library/Frameworks/OpenDirectory.framework/Versions/A/OpenDirectory
0x000000003293d000 	/System/Library/PrivateFrameworks/CommonAuth.framework/Versions/A/CommonAuth
0x000000003293d000 	/System/Library/Frameworks/OpenDirectory.framework/Versions/A/Frameworks/CFOpenDirectory.framework/Versions/A/CFOpenDirectory
0x000000003293d000 	/System/Library/Frameworks/SecurityFoundation.framework/Versions/A/SecurityFoundation
0x000000003293d000 	/System/Library/PrivateFrameworks/LanguageModeling.framework/Versions/A/LanguageModeling
0x000000003293d000 	/usr/lib/libmarisa.dylib
0x000000003293d000 	/usr/lib/libChineseTokenizer.dylib
0x000000003293d000 	/usr/lib/libcmph.dylib
0x000000003293d000 	/System/Library/PrivateFrameworks/CoreEmoji.framework/Versions/A/CoreEmoji
0x000000003293d000 	/System/Library/Frameworks/ServiceManagement.framework/Versions/A/ServiceManagement
0x000000003293d000 	/usr/lib/libxslt.1.dylib
0x000000003293d000 	/System/Library/Frameworks/Carbon.framework/Versions/A/Frameworks/Ink.framework/Versions/A/Ink
0x000000003293d000 	/System/Library/PrivateFrameworks/TextureIO.framework/Versions/A/TextureIO
0x000000003293d000 	/System/Library/Frameworks/Metal.framework/Versions/A/Metal
0x000000003293d000 	/usr/lib/libate.dylib
0x000000003293d000 	/System/Library/PrivateFrameworks/GPUCompiler.framework/libmetal_timestamp.dylib
0x000000003293d000 	/System/Library/Frameworks/OpenGL.framework/Versions/A/Libraries/libCoreFSCache.dylib
0x000000003293d000 	/System/Library/PrivateFrameworks/IOAccelerator.framework/Versions/A/IOAccelerator
0x000000003293d000 	/System/Library/Frameworks/CoreVideo.framework/Versions/A/CoreVideo
0x000000003293d000 	/usr/lib/libFosl_dynamic.dylib
0x000000003293d000 	/System/Library/PrivateFrameworks/MetalPerformanceShaders.framework/Versions/A/MetalPerformanceShaders
0x000000003293d000 	/System/Library/PrivateFrameworks/FaceCore.framework/Versions/A/FaceCore
0x000000003293d000 	/System/Library/Frameworks/OpenCL.framework/Versions/A/OpenCL
0x000000003293d000 	/System/Library/Frameworks/OpenGL.framework/Versions/A/Libraries/libGLU.dylib
0x000000003293d000 	/System/Library/Frameworks/OpenGL.framework/Versions/A/Libraries/libGFXShared.dylib
0x000000003293d000 	/System/Library/Frameworks/OpenGL.framework/Versions/A/Libraries/libGL.dylib
0x000000003293d000 	/System/Library/Frameworks/OpenGL.framework/Versions/A/Libraries/libGLImage.dylib
0x000000003293d000 	/System/Library/Frameworks/OpenGL.framework/Versions/A/Libraries/libCVMSPluginSupport.dylib
0x000000003293d000 	/System/Library/Frameworks/OpenGL.framework/Versions/A/Libraries/libCoreVMClient.dylib
0x000000003293d000 	/System/Library/PrivateFrameworks/CrashReporterSupport.framework/Versions/A/CrashReporterSupport
0x000000003293d000 	/System/Library/PrivateFrameworks/Sharing.framework/Versions/A/Sharing
0x000000003293d000 	/System/Library/PrivateFrameworks/IconServices.framework/Versions/A/IconServices
0x000000003293d000 	/System/Library/PrivateFrameworks/ProtocolBuffer.framework/Versions/A/ProtocolBuffer
0x000000003293d000 	/System/Library/PrivateFrameworks/Apple80211.framework/Versions/A/Apple80211
0x000000003293d000 	/System/Library/Frameworks/CoreWLAN.framework/Versions/A/CoreWLAN
0x000000003293d000 	/System/Library/PrivateFrameworks/CoreUtils.framework/Versions/A/CoreUtils
0x000000003293d000 	/System/Library/Frameworks/IOBluetooth.framework/Versions/A/IOBluetooth
0x000000003293d000 	/System/Library/PrivateFrameworks/CoreWiFi.framework/Versions/A/CoreWiFi
0x000000003293d000 	/System/Library/Frameworks/CoreBluetooth.framework/Versions/A/CoreBluetooth
0x000000003293d000 	/System/Library/Frameworks/CoreDisplay.framework/Versions/A/CoreDisplay
0x000000003293d000 	/System/Library/PrivateFrameworks/IOPresentment.framework/Versions/A/IOPresentment
0x000000003293d000 	/System/Library/PrivateFrameworks/DSExternalDisplay.framework/Versions/A/DSExternalDisplay
0x000000003293d000 	/System/Library/PrivateFrameworks/DebugSymbols.framework/Versions/A/DebugSymbols
0x000000003293d000 	/System/Library/PrivateFrameworks/CoreSymbolication.framework/Versions/A/CoreSymbolication
0x000000003293d000 	/System/Library/PrivateFrameworks/Symbolication.framework/Versions/A/Symbolication
0x000000003293d000 	/System/Library/PrivateFrameworks/AppleFSCompression.framework/Versions/A/AppleFSCompression
0x000000003293d000 	/System/Library/PrivateFrameworks/SpeechRecognitionCore.framework/Versions/A/SpeechRecognitionCore
0x000000003293d000 	/System/Library/PrivateFrameworks/ChunkingLibrary.framework/Versions/A/ChunkingLibrary
0x0000000101a00000 	/Library/Java/JavaVirtualMachines/jdk1.8.0_144.jdk/Contents/Home/jre/lib/server/libjvm.dylib
0x000000003293d000 	/usr/lib/libstdc++.6.dylib
0x0000000101062000 	/Library/Java/JavaVirtualMachines/jdk1.8.0_144.jdk/Contents/Home/jre/lib/libverify.dylib
0x0000000101070000 	/Library/Java/JavaVirtualMachines/jdk1.8.0_144.jdk/Contents/Home/jre/lib/libjava.dylib
0x00000001010af000 	/Library/Java/JavaVirtualMachines/jdk1.8.0_144.jdk/Contents/Home/jre/lib/libzip.dylib
0x00000001091ca000 	/System/Library/Frameworks/JavaVM.framework/Frameworks/JavaRuntimeSupport.framework/JavaRuntimeSupport
0x00000001091e4000 	/System/Library/Frameworks/JavaVM.framework/Versions/A/Frameworks/JavaNativeFoundation.framework/Versions/A/JavaNativeFoundation
0x00000001091f9000 	/System/Library/Frameworks/JavaVM.framework/Versions/A/JavaVM
0x000000003293d000 	/System/Library/Frameworks/Carbon.framework/Versions/A/Carbon
0x0000000109206000 	/System/Library/PrivateFrameworks/JavaLaunching.framework/Versions/A/JavaLaunching
0x000000003293d000 	/System/Library/Frameworks/Carbon.framework/Versions/A/Frameworks/CommonPanels.framework/Versions/A/CommonPanels
0x000000003293d000 	/System/Library/Frameworks/Carbon.framework/Versions/A/Frameworks/Help.framework/Versions/A/Help
0x000000003293d000 	/System/Library/Frameworks/Carbon.framework/Versions/A/Frameworks/ImageCapture.framework/Versions/A/ImageCapture
0x000000003293d000 	/System/Library/Frameworks/Carbon.framework/Versions/A/Frameworks/OpenScripting.framework/Versions/A/OpenScripting
0x000000003293d000 	/System/Library/Frameworks/Carbon.framework/Versions/A/Frameworks/Print.framework/Versions/A/Print
0x000000003293d000 	/System/Library/Frameworks/Carbon.framework/Versions/A/Frameworks/SecurityHI.framework/Versions/A/SecurityHI
0x000000010ab29000 	/Library/Java/JavaVirtualMachines/jdk1.8.0_144.jdk/Contents/Home/jre/lib/libawt.dylib
0x000000010abd1000 	/Library/Java/JavaVirtualMachines/jdk1.8.0_144.jdk/Contents/Home/jre/lib/./libmlib_image.dylib
0x000000010ac9d000 	/Library/Java/JavaVirtualMachines/jdk1.8.0_144.jdk/Contents/Home/jre/lib/libawt_lwawt.dylib
0x000000010ad54000 	/Library/Java/JavaVirtualMachines/jdk1.8.0_144.jdk/Contents/Home/jre/lib/./libosxapp.dylib
0x000000003293d000 	/System/Library/Frameworks/ExceptionHandling.framework/Versions/A/ExceptionHandling
0x000000003293d000 	/System/Library/PrivateFrameworks/CoreServicesInternal.framework/Versions/A/CoreServicesInternal
0x000000003293d000 	/System/Library/CoreServices/RawCamera.bundle/Contents/MacOS/RawCamera
0x000000003293d000 	/System/Library/Frameworks/Accelerate.framework/Versions/A/Frameworks/vImage.framework/Versions/A/Libraries/libCGInterfaces.dylib
0x000000003293d000 	/System/Library/Frameworks/ApplicationServices.framework/Versions/A/Frameworks/ATS.framework/Versions/A/Resources/libTrueTypeScaler.dylib
0x000000010caa1000 	/System/Library/Frameworks/OpenGL.framework/Resources/GLEngine.bundle/GLEngine
0x000000003293d000 	/System/Library/Frameworks/OpenGL.framework/Versions/A/Libraries/libGLProgrammability.dylib
0x000000010cc86000 	/System/Library/Extensions/AppleIntelBDWGraphicsGLDriver.bundle/Contents/MacOS/AppleIntelBDWGraphicsGLDriver
0x000000003293d000 	/System/Library/PrivateFrameworks/GPUSupport.framework/Versions/A/Libraries/libGPUSupportMercury.dylib
0x000000010d3f2000 	/System/Library/Frameworks/OpenGL.framework/Resources//GLRendererFloat.bundle/GLRendererFloat
0x000000003293d000 	/System/Library/Frameworks/OpenCL.framework/Versions/A/Libraries/libcldcpuengine.dylib
0x000000003293d000 	/usr/lib/libcrypto.0.9.8.dylib
0x000000003293d000 	/System/Library/PrivateFrameworks/TrustEvaluationAgent.framework/Versions/A/TrustEvaluationAgent
0x000000010d426000 	/System/Library/Extensions/AppleIntelBDWGraphicsMTLDriver.bundle/Contents/MacOS/AppleIntelBDWGraphicsMTLDriver
0x000000003293d000 	/System/Library/PrivateFrameworks/FamilyControls.framework/Versions/A/FamilyControls
0x000000003293d000 	/System/Library/PrivateFrameworks/CommerceKit.framework/Versions/A/Frameworks/CommerceCore.framework/Versions/A/CommerceCore
0x000000003293d000 	/System/Library/PrivateFrameworks/SystemAdministration.framework/Versions/A/SystemAdministration
0x000000003293d000 	/System/Library/PrivateFrameworks/AppContainer.framework/Versions/A/AppContainer
0x000000003293d000 	/System/Library/PrivateFrameworks/SecCodeWrapper.framework/Versions/A/SecCodeWrapper
0x000000003293d000 	/System/Library/Frameworks/DirectoryService.framework/Versions/A/DirectoryService
0x000000003293d000 	/System/Library/PrivateFrameworks/DiskImages.framework/Versions/A/DiskImages
0x000000003293d000 	/System/Library/PrivateFrameworks/LoginUIKit.framework/Versions/A/Frameworks/LoginUICore.framework/Versions/A/LoginUICore
0x000000003293d000 	/usr/lib/libCoreStorage.dylib
0x000000003293d000 	/usr/lib/libcsfde.dylib
0x000000003293d000 	/usr/lib/libodfde.dylib
0x000000003293d000 	/System/Library/Frameworks/DiscRecording.framework/Versions/A/DiscRecording
0x000000003293d000 	/usr/lib/libcurl.4.dylib
0x000000003293d000 	/System/Library/PrivateFrameworks/MediaKit.framework/Versions/A/MediaKit
0x000000003293d000 	/System/Library/PrivateFrameworks/ProtectedCloudStorage.framework/Versions/A/ProtectedCloudStorage
0x000000003293d000 	/System/Library/PrivateFrameworks/EFILogin.framework/Versions/A/EFILogin
0x000000003293d000 	/usr/lib/libutil.dylib
0x000000003293d000 	/System/Library/Frameworks/LDAP.framework/Versions/A/LDAP
0x000000003293d000 	/usr/lib/libsasl2.2.dylib
0x000000003293d000 	/System/Library/PrivateFrameworks/CoreDaemon.framework/Versions/B/CoreDaemon
0x000000003293d000 	/System/Library/PrivateFrameworks/AppleSRP.framework/Versions/A/AppleSRP
0x000000003293d000 	/System/Library/PrivateFrameworks/APFS.framework/Versions/A/APFS
0x000000011dca0000 	/Library/Java/JavaVirtualMachines/jdk1.8.0_144.jdk/Contents/Home/jre/lib/libfontmanager.dylib
0x000000011dd07000 	/Users/kis/Desktop/workspace/AnalogGame/Lib/Native/macosx/liblwjgl.dylib
0x000000010afde000 	/Library/Java/JavaVirtualMachines/jdk1.8.0_144.jdk/Contents/Home/jre/lib/libjawt.dylib
0x000000003293d000 	/System/Library/PrivateFrameworks/ViewBridge.framework/Versions/A/ViewBridge
0x000000003293d000 	/System/Library/PrivateFrameworks/XPCService.framework/Versions/A/XPCService
0x000000003293d000 	/System/Library/PrivateFrameworks/AppSandbox.framework/Versions/A/AppSandbox
0x000000003293d000 	/usr/lib/libsandbox.1.dylib
0x000000003293d000 	/usr/lib/libMatch.1.dylib
0x000000011f4fb000 	/Library/Java/JavaVirtualMachines/jdk1.8.0_144.jdk/Contents/Home/jre/lib/libnio.dylib
0x000000011f50b000 	/Library/Java/JavaVirtualMachines/jdk1.8.0_144.jdk/Contents/Home/jre/lib/./libnet.dylib
0x0000000120916000 	/Library/Java/JavaVirtualMachines/jdk1.8.0_144.jdk/Contents/Home/jre/lib/libjpeg.dylib

VM Arguments:
jvm_args: -Djava.library.path=/Users/kis/Desktop/workspace/AnalogGame/Lib/Native/macosx -Dfile.encoding=UTF-8 
java_command: AnalogGame
java_class_path (initial): /Users/kis/Desktop/workspace/AnalogGame/bin:/Users/kis/Desktop/workspace/AnalogGame/Lib/Jars/slick.jar:/Users/kis/Desktop/workspace/AnalogGame/Lib/Jars/lwjgl.jar
Launcher Type: SUN_STANDARD

Environment Variables:
PATH=/usr/bin:/bin:/usr/sbin:/sbin
SHELL=/bin/bash

Signal Handlers:
SIGSEGV: [libjvm.dylib+0x5b26e5], sa_mask[0]=11111111011111110111111111111111, sa_flags=SA_ONSTACK|SA_RESTART|SA_SIGINFO
SIGBUS: [libjvm.dylib+0x5b26e5], sa_mask[0]=11111111011111110111111111111111, sa_flags=SA_RESTART|SA_SIGINFO
SIGFPE: [libjvm.dylib+0x489100], sa_mask[0]=11111111011111110111111111111111, sa_flags=SA_RESTART|SA_SIGINFO
SIGPIPE: [libjvm.dylib+0x489100], sa_mask[0]=11111111011111110111111111111111, sa_flags=SA_RESTART|SA_SIGINFO
SIGXFSZ: [libjvm.dylib+0x489100], sa_mask[0]=11111111011111110111111111111111, sa_flags=SA_RESTART|SA_SIGINFO
SIGILL: [libjvm.dylib+0x489100], sa_mask[0]=11111111011111110111111111111111, sa_flags=SA_RESTART|SA_SIGINFO
SIGUSR1: SIG_DFL, sa_mask[0]=00000000000000000000000000000000, sa_flags=none
SIGUSR2: [libjvm.dylib+0x488c1e], sa_mask[0]=00100000000000000000000000000000, sa_flags=SA_RESTART|SA_SIGINFO
SIGHUP: [libjvm.dylib+0x4871f5], sa_mask[0]=11111111011111110111111111111111, sa_flags=SA_RESTART|SA_SIGINFO
SIGINT: [libjvm.dylib+0x4871f5], sa_mask[0]=11111111011111110111111111111111, sa_flags=SA_RESTART|SA_SIGINFO
SIGTERM: [libjvm.dylib+0x4871f5], sa_mask[0]=11111111011111110111111111111111, sa_flags=SA_RESTART|SA_SIGINFO
SIGQUIT: [libjvm.dylib+0x4871f5], sa_mask[0]=11111111011111110111111111111111, sa_flags=SA_RESTART|SA_SIGINFO


---------------  S Y S T E M  ---------------

OS:Bsduname:Darwin 16.7.0 Darwin Kernel Version 16.7.0: Thu Jun 15 17:36:27 PDT 2017; root:xnu-3789.70.16~2/RELEASE_X86_64 x86_64
rlimit: STACK 8192k, CORE 0k, NPROC 709, NOFILE 10240, AS infinity
load average:2.22 1.99 1.86

CPU:total 4 (initial active 4) (2 cores per cpu, 2 threads per core) family 6 model 61 stepping 4, cmov, cx8, fxsr, mmx, sse, sse2, sse3, ssse3, sse4.1, sse4.2, popcnt, avx, avx2, aes, clmul, erms, 3dnowpref, lzcnt, ht, tsc, tscinvbit, bmi1, bmi2, adx

Memory: 4k page, physical 8388608k(689860k free)

/proc/meminfo:


vm_info: Java HotSpot(TM) 64-Bit Server VM (25.144-b01) for bsd-amd64 JRE (1.8.0_144-b01), built on Jul 21 2017 22:07:42 by "java_re" with gcc 4.2.1 (Based on Apple Inc. build 5658) (LLVM build 2336.11.00)

time: Wed May 16 18:52:05 2018
elapsed time: 28 seconds (0d 0h 0m 28s)

