#
# A fatal error has been detected by the Java Runtime Environment:
#
#  SIGSEGV (0xb) at pc=0x00007fffbcbd3f59, pid=5957, tid=0x0000000000000307
#
# JRE version: Java(TM) SE Runtime Environment (8.0_144-b01) (build 1.8.0_144-b01)
# Java VM: Java HotSpot(TM) 64-Bit Server VM (25.144-b01 mixed mode bsd-amd64 compressed oops)
# Problematic frame:
# C  [libobjc.A.dylib+0xbf59]  weak_register_no_lock+0x41
#
# Failed to write core dump. Core dumps have been disabled. To enable core dumping, try "ulimit -c unlimited" before starting Java again
#
# If you would like to submit a bug report, please visit:
#   http://bugreport.java.com/bugreport/crash.jsp
# The crash happened outside the Java Virtual Machine in native code.
# See problematic frame for where to report the bug.
#

---------------  T H R E A D  ---------------

Current thread (0x00007ffd1d83b800):  JavaThread "AppKit Thread" daemon [_thread_in_native, id=775, stack(0x00007fff5c0c6000,0x00007fff5c8c6000)]

siginfo: si_signo: 11 (SIGSEGV), si_code: 1 (SEGV_MAPERR), si_addr: 0x0000000000000020

Registers:
RAX=0x8000000000000000, RBX=0x00007ffd1bc513b0, RCX=0x0000000000000000, RDX=0x00007ffd1bd8fcc0
RSP=0x00007fff5c8c06a0, RBP=0x00007fff5c8c06f0, RSI=0x00007ffd1bc513b0, RDI=0x00007fffc632d120
R8 =0x000000000000003f, R9 =0x00007ffd1bc6fac0, R10=0x0000000000000011, R11=0x00007ffd1d17f310
R12=0x0000000000000001, R13=0x00007fffc632c480, R14=0x00007fffc632d120, R15=0x00007ffd1bd8fcc0
RIP=0x00007fffbcbd3f59, EFLAGS=0x0000000000010246, ERR=0x0000000000000004
  TRAPNO=0x000000000000000e

Top of Stack: (sp=0x00007fff5c8c06a0)
0x00007fff5c8c06a0:   00007fffc632c480 00007fffc632c8c0
0x00007fff5c8c06b0:   00007fff5c8c0740 00007fffbcbd3dd8
0x00007fff5c8c06c0:   0000000000000000 00007fffc632c480
0x00007fff5c8c06d0:   00007ffd1bd8fcc0 00007fffc632c480
0x00007fff5c8c06e0:   00007ffd1bc513b0 0000000000000000
0x00007fff5c8c06f0:   00007fff5c8c0780 00007fffbcbd3d5f
0x00007fff5c8c0700:   0000000000000000 00007ffd1bd9bb90
0x00007fff5c8c0710:   ffff8002e4390540 0000000000000c80
0x00007fff5c8c0720:   00007fffc6276630 0000000000000000
0x00007fff5c8c0730:   00007fffc632d100 00007ffd1bc513b0
0x00007fff5c8c0740:   0000000000000000 00007ffd1bd8fcc0
0x00007fff5c8c0750:   0000000000000008 00007ffd1bc6fac0
0x00007fff5c8c0760:   0000000000000000 00007ffd1bc6fac0
0x00007fff5c8c0770:   00007ffd1bd8fb60 00007ffd1bc513b0
0x00007fff5c8c0780:   00007fff5c8c07c0 00007fffa9743acf
0x00007fff5c8c0790:   00007fff5c8c07c0 0000000000000000
0x00007fff5c8c07a0:   00007ffd1bc513b0 00007fffa6478006
0x00007fff5c8c07b0:   00007ffd1bc6fac0 00007fffbcbcf040
0x00007fff5c8c07c0:   00007fff5c8c07f0 00007fffa5b106fb
0x00007fff5c8c07d0:   00007fffbcbcf040 00007fff5c8c0878
0x00007fff5c8c07e0:   00007fffa64bb759 00007fffbcbcf040
0x00007fff5c8c07f0:   00007fff5c8c0830 00007fffa5eddc73
0x00007fff5c8c0800:   0000000000000000 0000000000000000
0x00007fff5c8c0810:   0000000000000094 00007fffa649e17f
0x00007fff5c8c0820:   00007fff5c8c0878 0000000000000001
0x00007fff5c8c0830:   00007fff5c8c0860 00007fffa5967d48
0x00007fff5c8c0840:   0000000000000000 00007ffd1bc513b0
0x00007fff5c8c0850:   00007ffd1bc6fac0 0000000000000000
0x00007fff5c8c0860:   00007fff5c8c08c0 00007fffa5b10538
0x00007fff5c8c0870:   0000000000000000 00007fffc63bf060
0x00007fff5c8c0880:   00000000c2000000 00007fffa5eddb84
0x00007fff5c8c0890:   00007fffc248bcf0 0000000000000000 

Instructions: (pc=0x00007fffbcbd3f59)
0x00007fffbcbd3f39:   db 0f 84 1c 01 00 00 f6 c3 01 0f 85 10 01 00 00
0x00007fffbcbd3f49:   48 8b 03 48 b9 f8 ff ff ff ff 7f 00 00 48 21 c1
0x00007fffbcbd3f59:   f6 41 20 02 75 34 4c 8d 2d 6a 96 75 09 49 8b 75
0x00007fffbcbd3f69:   00 48 89 df e8 a7 1d 00 00 48 89 c1 31 c0 48 3b 

Register to memory mapping:

RAX=0x8000000000000000 is an unknown value
RBX=0x00007ffd1bc513b0 is an unknown value
RCX=0x0000000000000000 is an unknown value
RDX=0x00007ffd1bd8fcc0 is an unknown value
RSP=0x00007fff5c8c06a0 is pointing into the stack for thread: 0x00007ffd1d83b800
RBP=0x00007fff5c8c06f0 is pointing into the stack for thread: 0x00007ffd1d83b800
RSI=0x00007ffd1bc513b0 is an unknown value
RDI=0x00007fffc632d120: _ZN12_GLOBAL__N_1L12SideTableBufE+0xca0 in /usr/lib/libobjc.A.dylib at 0x00007fffbcbc8000
R8 =0x000000000000003f is an unknown value
R9 =0x00007ffd1bc6fac0 is an unknown value
R10=0x0000000000000011 is an unknown value
R11=0x00007ffd1d17f310 is an unknown value
R12=0x0000000000000001 is an unknown value
R13=0x00007fffc632c480: _ZN12_GLOBAL__N_1L12SideTableBufE+0 in /usr/lib/libobjc.A.dylib at 0x00007fffbcbc8000
R14=0x00007fffc632d120: _ZN12_GLOBAL__N_1L12SideTableBufE+0xca0 in /usr/lib/libobjc.A.dylib at 0x00007fffbcbc8000
R15=0x00007ffd1bd8fcc0 is an unknown value


Stack: [0x00007fff5c0c6000,0x00007fff5c8c6000],  sp=0x00007fff5c8c06a0,  free space=8169k
Native frames: (J=compiled Java code, j=interpreted, Vv=VM code, C=native code)
C  [libobjc.A.dylib+0xbf59]  weak_register_no_lock+0x41
C  [libobjc.A.dylib+0xbd5f]  objc_storeWeak+0x1c5
C  [Foundation+0x17acf]  -[NSConcreteMapTable setObject:forKey:]+0x6a
C  [AppKit+0x3226fb]  -[NSView(NSOpenGLContextAssociation) _setOpenGLContext:]+0x9b
C  [AppKit+0x6efc73]  __27-[NSOpenGLContext setView:]_block_invoke+0xef
C  [AppKit+0x179d48]  NSPerformVisuallyAtomicChange+0x93
C  [AppKit+0x322538]  -[NSOpenGLContext setView:]+0x69
C  [liblwjgl.dylib+0xa586]  -[MacOSXOpenGLView lockFocus]+0x76
C  [AppKit+0x19ce7b]  -[NSView _recursiveDisplayRectIfNeededIgnoringOpacity:isVisibleRect:rectIsVisibleRectForView:topView:]+0x6ee
C  [AppKit+0x19d6d1]  -[NSView _recursiveDisplayRectIfNeededIgnoringOpacity:isVisibleRect:rectIsVisibleRectForView:topView:]+0xf44
C  [AppKit+0x19c2af]  -[NSThemeFrame _recursiveDisplayRectIfNeededIgnoringOpacity:isVisibleRect:rectIsVisibleRectForView:topView:]+0x14e
C  [AppKit+0x19a6d8]  -[NSView _displayRectIgnoringOpacity:isVisibleRect:rectIsVisibleRectForView:]+0x994
C  [AppKit+0x195fca]  -[NSView displayIfNeeded]+0x6d4
C  [AppKit+0x1958db]  -[NSWindow displayIfNeeded]+0xe6
C  [AppKit+0x8f5cb4]  ___NSWindowGetDisplayCycleObserver_block_invoke.6228+0x115
C  [AppKit+0x1953b9]  __37+[NSDisplayCycle currentDisplayCycle]_block_invoke+0x1c6
C  [QuartzCore+0x11d06]  CA::Transaction::run_commit_handlers(CATransactionPhase)+0x2e
C  [QuartzCore+0x11b8bc]  CA::Context::commit_transaction(CA::Transaction*)+0xa0
C  [QuartzCore+0x107e1]  CA::Transaction::commit()+0x1db
C  [AppKit+0x4788b1]  __37+[NSDisplayCycle currentDisplayCycle]_block_invoke.31+0x143
C  [CoreFoundation+0xa6d37]  __CFRUNLOOP_IS_CALLING_OUT_TO_AN_OBSERVER_CALLBACK_FUNCTION__+0x17
C  [CoreFoundation+0xa6ca7]  __CFRunLoopDoObservers+0x187
C  [CoreFoundation+0x876d9]  __CFRunLoopRun+0x369
C  [CoreFoundation+0x87114]  CFRunLoopRunSpecific+0x1a4
C  [HIToolbox+0x30ebc]  RunCurrentEventLoopInMode+0xf0
C  [HIToolbox+0x30bf9]  ReceiveNextEventCommon+0xb8
C  [HIToolbox+0x30b26]  _BlockUntilNextEventMatchingListInModeWithFilter+0x47
C  [AppKit+0x46a54]  _DPSNextEvent+0x460
C  [AppKit+0x7c27ee]  -[NSApplication(NSEvent) _nextEventMatchingEventMask:untilDate:inMode:dequeue:]+0xaec
C  [libosxapp.dylib+0x23aa]  -[NSApplicationAWT nextEventMatchingMask:untilDate:inMode:dequeue:]+0x7c
C  [AppKit+0x3b3db]  -[NSApplication run]+0x39e
C  [libosxapp.dylib+0x214d]  +[NSApplicationAWT runAWTLoopWithApp:]+0x9c
C  [libawt_lwawt.dylib+0x45edf]  -[AWTStarter starter:]+0x389
C  [Foundation+0x7152a]  __NSThreadPerformPerform+0x146
C  [CoreFoundation+0xa7321]  __CFRUNLOOP_IS_CALLING_OUT_TO_A_SOURCE0_PERFORM_FUNCTION__+0x11
C  [CoreFoundation+0x8821d]  __CFRunLoopDoSources0+0x22d
C  [CoreFoundation+0x87716]  __CFRunLoopRun+0x3a6
C  [CoreFoundation+0x87114]  CFRunLoopRunSpecific+0x1a4
C  [java+0x6465]  CreateExecutionEnvironment+0x367
C  [java+0x218c]  JLI_Launch+0x7a0
C  [java+0x84c2]  main+0x65
C  [java+0x19e4]  start+0x34
C  0x0000000000000006


---------------  P R O C E S S  ---------------

Java Threads: ( => current thread )
  0x00007ffd1c9cf800 JavaThread "AWT-Shutdown" [_thread_blocked, id=30727, stack(0x00007000023c8000,0x00007000024c8000)]
  0x00007ffd1c931800 JavaThread "Java2D Queue Flusher" daemon [_thread_blocked, id=61959, stack(0x00007000026d4000,0x00007000027d4000)]
  0x00007ffd1d1f4000 JavaThread "Java2D Disposer" daemon [_thread_blocked, id=61451, stack(0x00007000025d1000,0x00007000026d1000)]
=>0x00007ffd1d83b800 JavaThread "AppKit Thread" daemon [_thread_in_native, id=775, stack(0x00007fff5c0c6000,0x00007fff5c8c6000)]
  0x00007ffd1d01b800 JavaThread "Service Thread" daemon [_thread_blocked, id=18691, stack(0x000070000213f000,0x000070000223f000)]
  0x00007ffd1c060800 JavaThread "C1 CompilerThread2" daemon [_thread_blocked, id=18179, stack(0x000070000203c000,0x000070000213c000)]
  0x00007ffd1c060000 JavaThread "C2 CompilerThread1" daemon [_thread_blocked, id=17667, stack(0x0000700001f39000,0x0000700002039000)]
  0x00007ffd1d046000 JavaThread "C2 CompilerThread0" daemon [_thread_blocked, id=17155, stack(0x0000700001e36000,0x0000700001f36000)]
  0x00007ffd1c01b800 JavaThread "Signal Dispatcher" daemon [_thread_blocked, id=16643, stack(0x0000700001d33000,0x0000700001e33000)]
  0x00007ffd1d042000 JavaThread "Finalizer" daemon [_thread_blocked, id=12547, stack(0x0000700001c30000,0x0000700001d30000)]
  0x00007ffd1d03c000 JavaThread "Reference Handler" daemon [_thread_blocked, id=12035, stack(0x0000700001b2d000,0x0000700001c2d000)]
  0x00007ffd1d002000 JavaThread "main" [_thread_in_native, id=3587, stack(0x0000700001392000,0x0000700001492000)]

Other Threads:
  0x00007ffd1d037000 VMThread [stack: 0x0000700001a2a000,0x0000700001b2a000] [id=11523]
  0x00007ffd1d016000 WatcherThread [stack: 0x0000700002242000,0x0000700002342000] [id=19203]

VM state:not at safepoint (normal execution)

VM Mutex/Monitor currently owned by a thread: None

Heap:
 PSYoungGen      total 116736K, used 21861K [0x0000000795580000, 0x000000079d400000, 0x00000007c0000000)
  eden space 116224K, 18% used [0x0000000795580000,0x0000000796ab97f8,0x000000079c700000)
  from space 512K, 25% used [0x000000079d380000,0x000000079d3a0000,0x000000079d400000)
  to   space 5120K, 0% used [0x000000079ca00000,0x000000079ca00000,0x000000079cf00000)
 ParOldGen       total 174592K, used 64301K [0x0000000740000000, 0x000000074aa80000, 0x0000000795580000)
  object space 174592K, 36% used [0x0000000740000000,0x0000000743ecb700,0x000000074aa80000)
 Metaspace       used 9740K, capacity 9877K, committed 10112K, reserved 1058816K
  class space    used 1017K, capacity 1085K, committed 1152K, reserved 1048576K

Card table byte_map: [0x0000000104fc0000,0x00000001053c1000] byte_map_base: 0x00000001015c0000

Marking Bits: (ParMarkBitMap*) 0x0000000103caa5d0
 Begin Bits: [0x0000000115a9b000, 0x0000000117a9b000)
 End Bits:   [0x0000000117a9b000, 0x0000000119a9b000)

Polling page: 0x00000001043a1000

CodeCache: size=245760Kb used=4520Kb max_used=4520Kb free=241239Kb
 bounds [0x0000000106a9b000, 0x0000000106f0b000, 0x0000000115a9b000]
 total_blobs=1562 nmethods=1054 adapters=422
 compilation: enabled

Compilation events (10 events):
Event: 19.090 Thread 0x00007ffd1c060800 1048       3       org.lwjgl.opengl.GL11::glClearColor (27 bytes)
Event: 19.091 Thread 0x00007ffd1c060800 nmethod 1048 0x0000000106f00610 code [0x0000000106f00800, 0x0000000106f00f58]
Event: 19.091 Thread 0x00007ffd1c060800 1049       3       org.newdawn.slick.state.transition.FadeInTransition::postRender (41 bytes)
Event: 19.092 Thread 0x00007ffd1c060800 nmethod 1049 0x0000000106f01390 code [0x0000000106f015e0, 0x0000000106f020b8]
Event: 19.095 Thread 0x00007ffd1c060800 1050       3       org.newdawn.slick.Graphics::setBackground (33 bytes)
Event: 19.096 Thread 0x00007ffd1c060800 nmethod 1050 0x0000000106f027d0 code [0x0000000106f02a00, 0x0000000106f03578]
Event: 19.097 Thread 0x00007ffd1c060800 1051       3       org.newdawn.slick.opengl.renderer.ImmediateModeOGLRenderer::glClearColor (9 bytes)
Event: 19.097 Thread 0x00007ffd1c060800 nmethod 1051 0x0000000106f03e90 code [0x0000000106f04080, 0x0000000106f04858]
Event: 19.435 Thread 0x00007ffd1c060800 1052   !   3       org.lwjgl.opengl.Display::update (154 bytes)
Event: 19.437 Thread 0x00007ffd1c060800 nmethod 1052 0x0000000106f04e10 code [0x0000000106f050c0, 0x0000000106f06238]

GC Heap History (10 events):
Event: 1.196 GC heap before
{Heap before GC invocations=2 (full 0):
 PSYoungGen      total 38400K, used 27662K [0x0000000795580000, 0x000000079a080000, 0x00000007c0000000)
  eden space 33280K, 75% used [0x0000000795580000,0x0000000796e1a310,0x0000000797600000)
  from space 5120K, 48% used [0x0000000797600000,0x00000007978697f8,0x0000000797b00000)
  to   space 5120K, 0% used [0x0000000799b80000,0x0000000799b80000,0x000000079a080000)
 ParOldGen       total 87552K, used 55785K [0x0000000740000000, 0x0000000745580000, 0x0000000795580000)
  object space 87552K, 63% used [0x0000000740000000,0x000000074367a7f8,0x0000000745580000)
 Metaspace       used 9430K, capacity 9589K, committed 9856K, reserved 1058816K
  class space    used 1000K, capacity 1053K, committed 1152K, reserved 1048576K
Event: 1.213 GC heap after
Heap after GC invocations=2 (full 0):
 PSYoungGen      total 71680K, used 1714K [0x0000000795580000, 0x000000079a080000, 0x00000007c0000000)
  eden space 66560K, 0% used [0x0000000795580000,0x0000000795580000,0x0000000799680000)
  from space 5120K, 33% used [0x0000000799b80000,0x0000000799d2c8f0,0x000000079a080000)
  to   space 5120K, 0% used [0x0000000799680000,0x0000000799680000,0x0000000799b80000)
 ParOldGen       total 101888K, used 97385K [0x0000000740000000, 0x0000000746380000, 0x0000000795580000)
  object space 101888K, 95% used [0x0000000740000000,0x0000000745f1a7c8,0x0000000746380000)
 Metaspace       used 9430K, capacity 9589K, committed 9856K, reserved 1058816K
  class space    used 1000K, capacity 1053K, committed 1152K, reserved 1048576K
}
Event: 1.213 GC heap before
{Heap before GC invocations=3 (full 1):
 PSYoungGen      total 71680K, used 1714K [0x0000000795580000, 0x000000079a080000, 0x00000007c0000000)
  eden space 66560K, 0% used [0x0000000795580000,0x0000000795580000,0x0000000799680000)
  from space 5120K, 33% used [0x0000000799b80000,0x0000000799d2c8f0,0x000000079a080000)
  to   space 5120K, 0% used [0x0000000799680000,0x0000000799680000,0x0000000799b80000)
 ParOldGen       total 101888K, used 97385K [0x0000000740000000, 0x0000000746380000, 0x0000000795580000)
  object space 101888K, 95% used [0x0000000740000000,0x0000000745f1a7c8,0x0000000746380000)
 Metaspace       used 9430K, capacity 9589K, committed 9856K, reserved 1058816K
  class space    used 1000K, capacity 1053K, committed 1152K, reserved 1048576K
Event: 1.229 GC heap after
Heap after GC invocations=3 (full 1):
 PSYoungGen      total 71680K, used 0K [0x0000000795580000, 0x000000079a080000, 0x00000007c0000000)
  eden space 66560K, 0% used [0x0000000795580000,0x0000000795580000,0x0000000799680000)
  from space 5120K, 0% used [0x0000000799b80000,0x0000000799b80000,0x000000079a080000)
  to   space 5120K, 0% used [0x0000000799680000,0x0000000799680000,0x0000000799b80000)
 ParOldGen       total 136192K, used 50469K [0x0000000740000000, 0x0000000748500000, 0x0000000795580000)
  object space 136192K, 37% used [0x0000000740000000,0x00000007431497d8,0x0000000748500000)
 Metaspace       used 9430K, capacity 9589K, committed 9856K, reserved 1058816K
  class space    used 1000K, capacity 1053K, committed 1152K, reserved 1048576K
}
Event: 1.503 GC heap before
{Heap before GC invocations=4 (full 1):
 PSYoungGen      total 71680K, used 66560K [0x0000000795580000, 0x000000079a080000, 0x00000007c0000000)
  eden space 66560K, 100% used [0x0000000795580000,0x0000000799680000,0x0000000799680000)
  from space 5120K, 0% used [0x0000000799b80000,0x0000000799b80000,0x000000079a080000)
  to   space 5120K, 0% used [0x0000000799680000,0x0000000799680000,0x0000000799b80000)
 ParOldGen       total 136192K, used 50469K [0x0000000740000000, 0x0000000748500000, 0x0000000795580000)
  object space 136192K, 37% used [0x0000000740000000,0x00000007431497d8,0x0000000748500000)
 Metaspace       used 9430K, capacity 9589K, committed 9856K, reserved 1058816K
  class space    used 1000K, capacity 1053K, committed 1152K, reserved 1048576K
Event: 1.514 GC heap after
Heap after GC invocations=4 (full 1):
 PSYoungGen      total 71680K, used 128K [0x0000000795580000, 0x000000079d880000, 0x00000007c0000000)
  eden space 66560K, 0% used [0x0000000795580000,0x0000000795580000,0x0000000799680000)
  from space 5120K, 2% used [0x0000000799680000,0x00000007996a0000,0x0000000799b80000)
  to   space 5120K, 0% used [0x000000079d380000,0x000000079d380000,0x000000079d880000)
 ParOldGen       total 136192K, used 105925K [0x0000000740000000, 0x0000000748500000, 0x0000000795580000)
  object space 136192K, 77% used [0x0000000740000000,0x0000000746771798,0x0000000748500000)
 Metaspace       used 9430K, capacity 9589K, committed 9856K, reserved 1058816K
  class space    used 1000K, capacity 1053K, committed 1152K, reserved 1048576K
}
Event: 1.514 GC heap before
{Heap before GC invocations=5 (full 2):
 PSYoungGen      total 71680K, used 128K [0x0000000795580000, 0x000000079d880000, 0x00000007c0000000)
  eden space 66560K, 0% used [0x0000000795580000,0x0000000795580000,0x0000000799680000)
  from space 5120K, 2% used [0x0000000799680000,0x00000007996a0000,0x0000000799b80000)
  to   space 5120K, 0% used [0x000000079d380000,0x000000079d380000,0x000000079d880000)
 ParOldGen       total 136192K, used 105925K [0x0000000740000000, 0x0000000748500000, 0x0000000795580000)
  object space 136192K, 77% used [0x0000000740000000,0x0000000746771798,0x0000000748500000)
 Metaspace       used 9430K, capacity 9589K, committed 9856K, reserved 1058816K
  class space    used 1000K, capacity 1053K, committed 1152K, reserved 1048576K
Event: 1.523 GC heap after
Heap after GC invocations=5 (full 2):
 PSYoungGen      total 71680K, used 0K [0x0000000795580000, 0x000000079d880000, 0x00000007c0000000)
  eden space 66560K, 0% used [0x0000000795580000,0x0000000795580000,0x0000000799680000)
  from space 5120K, 0% used [0x0000000799680000,0x0000000799680000,0x0000000799b80000)
  to   space 5120K, 0% used [0x000000079d380000,0x000000079d380000,0x000000079d880000)
 ParOldGen       total 174592K, used 64293K [0x0000000740000000, 0x000000074aa80000, 0x0000000795580000)
  object space 174592K, 36% used [0x0000000740000000,0x0000000743ec9700,0x000000074aa80000)
 Metaspace       used 9430K, capacity 9589K, committed 9856K, reserved 1058816K
  class space    used 1000K, capacity 1053K, committed 1152K, reserved 1048576K
}
Event: 8.848 GC heap before
{Heap before GC invocations=6 (full 2):
 PSYoungGen      total 71680K, used 66560K [0x0000000795580000, 0x000000079d880000, 0x00000007c0000000)
  eden space 66560K, 100% used [0x0000000795580000,0x0000000799680000,0x0000000799680000)
  from space 5120K, 0% used [0x0000000799680000,0x0000000799680000,0x0000000799b80000)
  to   space 5120K, 0% used [0x000000079d380000,0x000000079d380000,0x000000079d880000)
 ParOldGen       total 174592K, used 64293K [0x0000000740000000, 0x000000074aa80000, 0x0000000795580000)
  object space 174592K, 36% used [0x0000000740000000,0x0000000743ec9700,0x000000074aa80000)
 Metaspace       used 9698K, capacity 9877K, committed 10112K, reserved 1058816K
  class space    used 1017K, capacity 1085K, committed 1152K, reserved 1048576K
Event: 8.850 GC heap after
Heap after GC invocations=6 (full 2):
 PSYoungGen      total 116736K, used 128K [0x0000000795580000, 0x000000079d400000, 0x00000007c0000000)
  eden space 116224K, 0% used [0x0000000795580000,0x0000000795580000,0x000000079c700000)
  from space 512K, 25% used [0x000000079d380000,0x000000079d3a0000,0x000000079d400000)
  to   space 5120K, 0% used [0x000000079ca00000,0x000000079ca00000,0x000000079cf00000)
 ParOldGen       total 174592K, used 64301K [0x0000000740000000, 0x000000074aa80000, 0x0000000795580000)
  object space 174592K, 36% used [0x0000000740000000,0x0000000743ecb700,0x000000074aa80000)
 Metaspace       used 9698K, capacity 9877K, committed 10112K, reserved 1058816K
  class space    used 1017K, capacity 1085K, committed 1152K, reserved 1048576K
}

Deoptimization events (10 events):
Event: 2.889 Thread 0x00007ffd1d002000 Uncommon trap: reason=unstable_if action=reinterpret pc=0x0000000106d4829c method=com.sun.imageio.plugins.jpeg.JPEGImageReader.acceptPixels(IZ)V @ 96
Event: 13.345 Thread 0x00007ffd1d002000 Uncommon trap: reason=unstable_if action=reinterpret pc=0x0000000106e6d2d0 method=Play.update(Lorg/newdawn/slick/GameContainer;Lorg/newdawn/slick/state/StateBasedGame;I)V @ 189
Event: 17.286 Thread 0x00007ffd1d002000 Uncommon trap: reason=unstable_if action=reinterpret pc=0x0000000106eb4038 method=Play.update(Lorg/newdawn/slick/GameContainer;Lorg/newdawn/slick/state/StateBasedGame;I)V @ 159
Event: 17.286 Thread 0x00007ffd1d002000 Uncommon trap: reason=unstable_if action=reinterpret pc=0x0000000106e78af4 method=Plane.render(Lorg/newdawn/slick/Graphics;)V @ 7
Event: 18.368 Thread 0x00007ffd1d002000 Uncommon trap: reason=unstable_if action=reinterpret pc=0x0000000106ecc0fc method=org.newdawn.slick.state.StateBasedGame.render(Lorg/newdawn/slick/GameContainer;Lorg/newdawn/slick/Graphics;)V @ 10
Event: 18.382 Thread 0x00007ffd1d002000 Uncommon trap: reason=unstable_if action=reinterpret pc=0x0000000106e93568 method=org.newdawn.slick.state.StateBasedGame.update(Lorg/newdawn/slick/GameContainer;I)V @ 10
Event: 18.562 Thread 0x00007ffd1d002000 Uncommon trap: reason=unstable_if action=reinterpret pc=0x0000000106eacbac method=org.lwjgl.input.Mouse.next()Z @ 28
Event: 18.568 Thread 0x00007ffd1d002000 Uncommon trap: reason=unstable_if action=reinterpret pc=0x0000000106e8144c method=org.lwjgl.input.Mouse.next()Z @ 28
Event: 19.057 Thread 0x00007ffd1d002000 Uncommon trap: reason=unstable_if action=reinterpret pc=0x0000000106ea01b0 method=org.lwjgl.opengl.MacOSXDisplay.update()V @ 86
Event: 19.552 Thread 0x00007ffd1d002000 Uncommon trap: reason=unstable_if action=reinterpret pc=0x0000000106e98aa0 method=org.newdawn.slick.AppGameContainer.gameLoop()V @ 60

Internal exceptions (10 events):
Event: 0.041 Thread 0x00007ffd1d002000 Exception <a 'java/lang/NoSuchMethodError': Method sun.misc.Unsafe.prefetchRead(Ljava/lang/Object;J)V name or signature does not match> (0x0000000795587f90) thrown at [/Users/java_re/workspace/8-2-build-macosx-x86_64/jdk8u144/9417/hotspot/src/share/vm/pri
Event: 0.217 Thread 0x00007ffd1d002000 Exception <a 'java/security/PrivilegedActionException'> (0x00000007957ceaf0) thrown at [/Users/java_re/workspace/8-2-build-macosx-x86_64/jdk8u144/9417/hotspot/src/share/vm/prims/jvm.cpp, line 1390]
Event: 0.217 Thread 0x00007ffd1d002000 Exception <a 'java/security/PrivilegedActionException'> (0x00000007957ced00) thrown at [/Users/java_re/workspace/8-2-build-macosx-x86_64/jdk8u144/9417/hotspot/src/share/vm/prims/jvm.cpp, line 1390]
Event: 0.217 Thread 0x00007ffd1d002000 Exception <a 'java/security/PrivilegedActionException'> (0x00000007957d2218) thrown at [/Users/java_re/workspace/8-2-build-macosx-x86_64/jdk8u144/9417/hotspot/src/share/vm/prims/jvm.cpp, line 1390]
Event: 0.217 Thread 0x00007ffd1d002000 Exception <a 'java/security/PrivilegedActionException'> (0x00000007957d2428) thrown at [/Users/java_re/workspace/8-2-build-macosx-x86_64/jdk8u144/9417/hotspot/src/share/vm/prims/jvm.cpp, line 1390]
Event: 0.286 Thread 0x00007ffd1d002000 Exception <a 'java/lang/NoSuchFieldError': method resolution failed> (0x000000079589f308) thrown at [/Users/java_re/workspace/8-2-build-macosx-x86_64/jdk8u144/9417/hotspot/src/share/vm/prims/methodHandles.cpp, line 1146]
Event: 0.289 Thread 0x00007ffd1d002000 Exception <a 'java/lang/NoSuchFieldError': method resolution failed> (0x00000007958aca58) thrown at [/Users/java_re/workspace/8-2-build-macosx-x86_64/jdk8u144/9417/hotspot/src/share/vm/prims/methodHandles.cpp, line 1146]
Event: 0.507 Thread 0x00007ffd1d002000 Exception <a 'java/io/FileNotFoundException'> (0x00000007959273e8) thrown at [/Users/java_re/workspace/8-2-build-macosx-x86_64/jdk8u144/9417/hotspot/src/share/vm/prims/jni.cpp, line 709]
Event: 0.507 Thread 0x00007ffd1d002000 Exception <a 'java/io/FileNotFoundException'> (0x0000000795927f38) thrown at [/Users/java_re/workspace/8-2-build-macosx-x86_64/jdk8u144/9417/hotspot/src/share/vm/prims/jni.cpp, line 709]
Event: 0.828 Thread 0x00007ffd1d002000 Exception <a 'java/lang/NoClassDefFoundError': net/java/games/input/ControllerEnvironment> (0x0000000795da7ed0) thrown at [/Users/java_re/workspace/8-2-build-macosx-x86_64/jdk8u144/9417/hotspot/src/share/vm/classfile/systemDictionary.cpp, line 199]

Events (10 events):
Event: 18.568 Thread 0x00007ffd1d002000 DEOPT PACKING pc=0x0000000106e8144c sp=0x00007000014915c0
Event: 18.568 Thread 0x00007ffd1d002000 DEOPT UNPACKING pc=0x0000000106aa0229 sp=0x0000700001491548 mode 2
Event: 19.057 Thread 0x00007ffd1d002000 Uncommon trap: trap_request=0xffffff65 fr.pc=0x0000000106ea01b0
Event: 19.057 Thread 0x00007ffd1d002000 DEOPT PACKING pc=0x0000000106ea01b0 sp=0x0000700001491780
Event: 19.057 Thread 0x00007ffd1d002000 DEOPT UNPACKING pc=0x0000000106aa0229 sp=0x0000700001491668 mode 2
Event: 19.552 Thread 0x00007ffd1d002000 Uncommon trap: trap_request=0xffffff65 fr.pc=0x0000000106e98aa0
Event: 19.552 Thread 0x00007ffd1d002000 DEOPT PACKING pc=0x0000000106e98aa0 sp=0x00007000014917e0
Event: 19.552 Thread 0x00007ffd1d002000 DEOPT UNPACKING pc=0x0000000106aa0229 sp=0x00007000014917a8 mode 2
Event: 19.568 loading class org/lwjgl/opengl/CallbackUtil
Event: 19.568 loading class org/lwjgl/opengl/CallbackUtil done


Dynamic libraries:
0x000000003293d000 	/System/Library/Frameworks/Cocoa.framework/Versions/A/Cocoa
0x000000003293d000 	/System/Library/Frameworks/Security.framework/Versions/A/Security
0x000000003293d000 	/System/Library/Frameworks/ApplicationServices.framework/Versions/A/ApplicationServices
0x000000003293d000 	/usr/lib/libz.1.dylib
0x000000003293d000 	/usr/lib/libSystem.B.dylib
0x000000003293d000 	/usr/lib/libobjc.A.dylib
0x000000003293d000 	/System/Library/Frameworks/CoreFoundation.framework/Versions/A/CoreFoundation
0x000000003293d000 	/System/Library/Frameworks/Foundation.framework/Versions/C/Foundation
0x000000003293d000 	/System/Library/Frameworks/AppKit.framework/Versions/C/AppKit
0x000000003293d000 	/System/Library/Frameworks/CoreData.framework/Versions/A/CoreData
0x000000003293d000 	/System/Library/PrivateFrameworks/RemoteViewServices.framework/Versions/A/RemoteViewServices
0x000000003293d000 	/System/Library/PrivateFrameworks/UIFoundation.framework/Versions/A/UIFoundation
0x000000003293d000 	/System/Library/PrivateFrameworks/DFRFoundation.framework/Versions/A/DFRFoundation
0x000000003293d000 	/usr/lib/libenergytrace.dylib
0x000000003293d000 	/System/Library/PrivateFrameworks/SkyLight.framework/Versions/A/SkyLight
0x000000003293d000 	/System/Library/Frameworks/CoreGraphics.framework/Versions/A/CoreGraphics
0x000000003293d000 	/usr/lib/libScreenReader.dylib
0x000000003293d000 	/System/Library/Frameworks/Accelerate.framework/Versions/A/Accelerate
0x000000003293d000 	/System/Library/Frameworks/IOSurface.framework/Versions/A/IOSurface
0x000000003293d000 	/System/Library/Frameworks/AudioToolbox.framework/Versions/A/AudioToolbox
0x000000003293d000 	/System/Library/Frameworks/AudioUnit.framework/Versions/A/AudioUnit
0x000000003293d000 	/System/Library/PrivateFrameworks/DataDetectorsCore.framework/Versions/A/DataDetectorsCore
0x000000003293d000 	/System/Library/PrivateFrameworks/DesktopServicesPriv.framework/Versions/A/DesktopServicesPriv
0x000000003293d000 	/System/Library/Frameworks/Carbon.framework/Versions/A/Frameworks/HIToolbox.framework/Versions/A/HIToolbox
0x000000003293d000 	/usr/lib/libicucore.A.dylib
0x000000003293d000 	/System/Library/Frameworks/QuartzCore.framework/Versions/A/QuartzCore
0x000000003293d000 	/System/Library/Frameworks/Carbon.framework/Versions/A/Frameworks/SpeechRecognition.framework/Versions/A/SpeechRecognition
0x000000003293d000 	/usr/lib/libauto.dylib
0x000000003293d000 	/usr/lib/libxml2.2.dylib
0x000000003293d000 	/System/Library/PrivateFrameworks/CoreUI.framework/Versions/A/CoreUI
0x000000003293d000 	/System/Library/Frameworks/CoreAudio.framework/Versions/A/CoreAudio
0x000000003293d000 	/System/Library/Frameworks/DiskArbitration.framework/Versions/A/DiskArbitration
0x000000003293d000 	/usr/lib/liblangid.dylib
0x000000003293d000 	/System/Library/PrivateFrameworks/MultitouchSupport.framework/Versions/A/MultitouchSupport
0x000000003293d000 	/System/Library/Frameworks/IOKit.framework/Versions/A/IOKit
0x000000003293d000 	/usr/lib/libDiagnosticMessagesClient.dylib
0x000000003293d000 	/System/Library/Frameworks/CoreServices.framework/Versions/A/CoreServices
0x000000003293d000 	/System/Library/PrivateFrameworks/PerformanceAnalysis.framework/Versions/A/PerformanceAnalysis
0x000000003293d000 	/System/Library/PrivateFrameworks/GenerationalStorage.framework/Versions/A/GenerationalStorage
0x000000003293d000 	/System/Library/Frameworks/OpenGL.framework/Versions/A/OpenGL
0x000000003293d000 	/System/Library/Frameworks/CoreImage.framework/Versions/A/CoreImage
0x000000003293d000 	/System/Library/Frameworks/CoreText.framework/Versions/A/CoreText
0x000000003293d000 	/System/Library/Frameworks/ImageIO.framework/Versions/A/ImageIO
0x000000003293d000 	/System/Library/PrivateFrameworks/Backup.framework/Versions/A/Backup
0x000000003293d000 	/usr/lib/libarchive.2.dylib
0x000000003293d000 	/System/Library/Frameworks/CFNetwork.framework/Versions/A/CFNetwork
0x000000003293d000 	/System/Library/Frameworks/SystemConfiguration.framework/Versions/A/SystemConfiguration
0x000000003293d000 	/usr/lib/libCRFSuite.dylib
0x000000003293d000 	/usr/lib/libc++.1.dylib
0x000000003293d000 	/usr/lib/libc++abi.dylib
0x000000003293d000 	/usr/lib/system/libcache.dylib
0x000000003293d000 	/usr/lib/system/libcommonCrypto.dylib
0x000000003293d000 	/usr/lib/system/libcompiler_rt.dylib
0x000000003293d000 	/usr/lib/system/libcopyfile.dylib
0x000000003293d000 	/usr/lib/system/libcorecrypto.dylib
0x000000003293d000 	/usr/lib/system/libdispatch.dylib
0x000000003293d000 	/usr/lib/system/libdyld.dylib
0x000000003293d000 	/usr/lib/system/libkeymgr.dylib
0x000000003293d000 	/usr/lib/system/liblaunch.dylib
0x000000003293d000 	/usr/lib/system/libmacho.dylib
0x000000003293d000 	/usr/lib/system/libquarantine.dylib
0x000000003293d000 	/usr/lib/system/libremovefile.dylib
0x000000003293d000 	/usr/lib/system/libsystem_asl.dylib
0x000000003293d000 	/usr/lib/system/libsystem_blocks.dylib
0x000000003293d000 	/usr/lib/system/libsystem_c.dylib
0x000000003293d000 	/usr/lib/system/libsystem_configuration.dylib
0x000000003293d000 	/usr/lib/system/libsystem_coreservices.dylib
0x000000003293d000 	/usr/lib/system/libsystem_coretls.dylib
0x000000003293d000 	/usr/lib/system/libsystem_dnssd.dylib
0x000000003293d000 	/usr/lib/system/libsystem_info.dylib
0x000000003293d000 	/usr/lib/system/libsystem_kernel.dylib
0x000000003293d000 	/usr/lib/system/libsystem_m.dylib
0x000000003293d000 	/usr/lib/system/libsystem_malloc.dylib
0x000000003293d000 	/usr/lib/system/libsystem_network.dylib
0x000000003293d000 	/usr/lib/system/libsystem_networkextension.dylib
0x000000003293d000 	/usr/lib/system/libsystem_notify.dylib
0x000000003293d000 	/usr/lib/system/libsystem_platform.dylib
0x000000003293d000 	/usr/lib/system/libsystem_pthread.dylib
0x000000003293d000 	/usr/lib/system/libsystem_sandbox.dylib
0x000000003293d000 	/usr/lib/system/libsystem_secinit.dylib
0x000000003293d000 	/usr/lib/system/libsystem_symptoms.dylib
0x000000003293d000 	/usr/lib/system/libsystem_trace.dylib
0x000000003293d000 	/usr/lib/system/libunwind.dylib
0x000000003293d000 	/usr/lib/system/libxpc.dylib
0x000000003293d000 	/usr/lib/libbsm.0.dylib
0x000000003293d000 	/usr/lib/system/libkxld.dylib
0x000000003293d000 	/usr/lib/libcoretls.dylib
0x000000003293d000 	/usr/lib/libcoretls_cfhelpers.dylib
0x000000003293d000 	/usr/lib/libOpenScriptingUtil.dylib
0x000000003293d000 	/usr/lib/libpam.2.dylib
0x000000003293d000 	/usr/lib/libsqlite3.dylib
0x000000003293d000 	/usr/lib/libxar.1.dylib
0x000000003293d000 	/usr/lib/libbz2.1.0.dylib
0x000000003293d000 	/usr/lib/liblzma.5.dylib
0x000000003293d000 	/usr/lib/libnetwork.dylib
0x000000003293d000 	/usr/lib/libpcap.A.dylib
0x000000003293d000 	/System/Library/Frameworks/CoreServices.framework/Versions/A/Frameworks/FSEvents.framework/Versions/A/FSEvents
0x000000003293d000 	/System/Library/Frameworks/CoreServices.framework/Versions/A/Frameworks/CarbonCore.framework/Versions/A/CarbonCore
0x000000003293d000 	/System/Library/Frameworks/CoreServices.framework/Versions/A/Frameworks/Metadata.framework/Versions/A/Metadata
0x000000003293d000 	/System/Library/Frameworks/CoreServices.framework/Versions/A/Frameworks/OSServices.framework/Versions/A/OSServices
0x000000003293d000 	/System/Library/Frameworks/CoreServices.framework/Versions/A/Frameworks/SearchKit.framework/Versions/A/SearchKit
0x000000003293d000 	/System/Library/Frameworks/CoreServices.framework/Versions/A/Frameworks/AE.framework/Versions/A/AE
0x000000003293d000 	/System/Library/Frameworks/CoreServices.framework/Versions/A/Frameworks/LaunchServices.framework/Versions/A/LaunchServices
0x000000003293d000 	/System/Library/Frameworks/CoreServices.framework/Versions/A/Frameworks/DictionaryServices.framework/Versions/A/DictionaryServices
0x000000003293d000 	/System/Library/Frameworks/CoreServices.framework/Versions/A/Frameworks/SharedFileList.framework/Versions/A/SharedFileList
0x000000003293d000 	/System/Library/Frameworks/NetFS.framework/Versions/A/NetFS
0x000000003293d000 	/System/Library/PrivateFrameworks/NetAuth.framework/Versions/A/NetAuth
0x000000003293d000 	/System/Library/PrivateFrameworks/login.framework/Versions/A/Frameworks/loginsupport.framework/Versions/A/loginsupport
0x000000003293d000 	/System/Library/PrivateFrameworks/TCC.framework/Versions/A/TCC
0x000000003293d000 	/usr/lib/libmecabra.dylib
0x000000003293d000 	/System/Library/Frameworks/ApplicationServices.framework/Versions/A/Frameworks/ATS.framework/Versions/A/ATS
0x000000003293d000 	/System/Library/Frameworks/ApplicationServices.framework/Versions/A/Frameworks/ColorSync.framework/Versions/A/ColorSync
0x000000003293d000 	/System/Library/Frameworks/ApplicationServices.framework/Versions/A/Frameworks/HIServices.framework/Versions/A/HIServices
0x000000003293d000 	/System/Library/Frameworks/ApplicationServices.framework/Versions/A/Frameworks/LangAnalysis.framework/Versions/A/LangAnalysis
0x000000003293d000 	/System/Library/Frameworks/ApplicationServices.framework/Versions/A/Frameworks/PrintCore.framework/Versions/A/PrintCore
0x000000003293d000 	/System/Library/Frameworks/ApplicationServices.framework/Versions/A/Frameworks/QD.framework/Versions/A/QD
0x000000003293d000 	/System/Library/Frameworks/ApplicationServices.framework/Versions/A/Frameworks/SpeechSynthesis.framework/Versions/A/SpeechSynthesis
0x000000003293d000 	/System/Library/Frameworks/Accelerate.framework/Versions/A/Frameworks/vImage.framework/Versions/A/vImage
0x000000003293d000 	/System/Library/Frameworks/Accelerate.framework/Versions/A/Frameworks/vecLib.framework/Versions/A/vecLib
0x000000003293d000 	/System/Library/Frameworks/Accelerate.framework/Versions/A/Frameworks/vecLib.framework/Versions/A/libvDSP.dylib
0x000000003293d000 	/System/Library/Frameworks/Accelerate.framework/Versions/A/Frameworks/vecLib.framework/Versions/A/libBNNS.dylib
0x000000003293d000 	/System/Library/Frameworks/Accelerate.framework/Versions/A/Frameworks/vecLib.framework/Versions/A/libQuadrature.dylib
0x000000003293d000 	/System/Library/Frameworks/Accelerate.framework/Versions/A/Frameworks/vecLib.framework/Versions/A/libvMisc.dylib
0x000000003293d000 	/System/Library/Frameworks/Accelerate.framework/Versions/A/Frameworks/vecLib.framework/Versions/A/libLAPACK.dylib
0x000000003293d000 	/System/Library/Frameworks/Accelerate.framework/Versions/A/Frameworks/vecLib.framework/Versions/A/libBLAS.dylib
0x000000003293d000 	/System/Library/Frameworks/Accelerate.framework/Versions/A/Frameworks/vecLib.framework/Versions/A/libLinearAlgebra.dylib
0x000000003293d000 	/System/Library/Frameworks/Accelerate.framework/Versions/A/Frameworks/vecLib.framework/Versions/A/libSparseBLAS.dylib
0x000000003293d000 	/System/Library/Frameworks/ApplicationServices.framework/Versions/A/Frameworks/ATS.framework/Versions/A/Resources/libFontParser.dylib
0x000000003293d000 	/System/Library/Frameworks/ApplicationServices.framework/Versions/A/Frameworks/ATS.framework/Versions/A/Resources/libFontRegistry.dylib
0x000000003293d000 	/System/Library/Frameworks/ImageIO.framework/Versions/A/Resources/libJPEG.dylib
0x000000003293d000 	/System/Library/Frameworks/ImageIO.framework/Versions/A/Resources/libTIFF.dylib
0x000000003293d000 	/System/Library/Frameworks/ImageIO.framework/Versions/A/Resources/libPng.dylib
0x000000003293d000 	/System/Library/Frameworks/ImageIO.framework/Versions/A/Resources/libGIF.dylib
0x000000003293d000 	/System/Library/Frameworks/ImageIO.framework/Versions/A/Resources/libJP2.dylib
0x000000003293d000 	/System/Library/Frameworks/ImageIO.framework/Versions/A/Resources/libRadiance.dylib
0x000000003293d000 	/usr/lib/libcompression.dylib
0x000000003293d000 	/System/Library/PrivateFrameworks/AppleJPEG.framework/Versions/A/AppleJPEG
0x000000003293d000 	/usr/lib/libcups.2.dylib
0x000000003293d000 	/System/Library/Frameworks/Kerberos.framework/Versions/A/Kerberos
0x000000003293d000 	/System/Library/Frameworks/GSS.framework/Versions/A/GSS
0x000000003293d000 	/usr/lib/libresolv.9.dylib
0x000000003293d000 	/usr/lib/libiconv.2.dylib
0x000000003293d000 	/System/Library/PrivateFrameworks/Heimdal.framework/Versions/A/Heimdal
0x000000003293d000 	/usr/lib/libheimdal-asn1.dylib
0x000000003293d000 	/System/Library/Frameworks/OpenDirectory.framework/Versions/A/OpenDirectory
0x000000003293d000 	/System/Library/PrivateFrameworks/CommonAuth.framework/Versions/A/CommonAuth
0x000000003293d000 	/System/Library/Frameworks/OpenDirectory.framework/Versions/A/Frameworks/CFOpenDirectory.framework/Versions/A/CFOpenDirectory
0x000000003293d000 	/System/Library/Frameworks/SecurityFoundation.framework/Versions/A/SecurityFoundation
0x000000003293d000 	/System/Library/PrivateFrameworks/LanguageModeling.framework/Versions/A/LanguageModeling
0x000000003293d000 	/usr/lib/libmarisa.dylib
0x000000003293d000 	/usr/lib/libChineseTokenizer.dylib
0x000000003293d000 	/usr/lib/libcmph.dylib
0x000000003293d000 	/System/Library/PrivateFrameworks/CoreEmoji.framework/Versions/A/CoreEmoji
0x000000003293d000 	/System/Library/Frameworks/ServiceManagement.framework/Versions/A/ServiceManagement
0x000000003293d000 	/usr/lib/libxslt.1.dylib
0x000000003293d000 	/System/Library/Frameworks/Carbon.framework/Versions/A/Frameworks/Ink.framework/Versions/A/Ink
0x000000003293d000 	/System/Library/PrivateFrameworks/TextureIO.framework/Versions/A/TextureIO
0x000000003293d000 	/System/Library/Frameworks/Metal.framework/Versions/A/Metal
0x000000003293d000 	/usr/lib/libate.dylib
0x000000003293d000 	/System/Library/PrivateFrameworks/GPUCompiler.framework/libmetal_timestamp.dylib
0x000000003293d000 	/System/Library/Frameworks/OpenGL.framework/Versions/A/Libraries/libCoreFSCache.dylib
0x000000003293d000 	/System/Library/PrivateFrameworks/IOAccelerator.framework/Versions/A/IOAccelerator
0x000000003293d000 	/System/Library/Frameworks/CoreVideo.framework/Versions/A/CoreVideo
0x000000003293d000 	/usr/lib/libFosl_dynamic.dylib
0x000000003293d000 	/System/Library/PrivateFrameworks/MetalPerformanceShaders.framework/Versions/A/MetalPerformanceShaders
0x000000003293d000 	/System/Library/PrivateFrameworks/FaceCore.framework/Versions/A/FaceCore
0x000000003293d000 	/System/Library/Frameworks/OpenCL.framework/Versions/A/OpenCL
0x000000003293d000 	/System/Library/Frameworks/OpenGL.framework/Versions/A/Libraries/libGLU.dylib
0x000000003293d000 	/System/Library/Frameworks/OpenGL.framework/Versions/A/Libraries/libGFXShared.dylib
0x000000003293d000 	/System/Library/Frameworks/OpenGL.framework/Versions/A/Libraries/libGL.dylib
0x000000003293d000 	/System/Library/Frameworks/OpenGL.framework/Versions/A/Libraries/libGLImage.dylib
0x000000003293d000 	/System/Library/Frameworks/OpenGL.framework/Versions/A/Libraries/libCVMSPluginSupport.dylib
0x000000003293d000 	/System/Library/Frameworks/OpenGL.framework/Versions/A/Libraries/libCoreVMClient.dylib
0x000000003293d000 	/System/Library/PrivateFrameworks/CrashReporterSupport.framework/Versions/A/CrashReporterSupport
0x000000003293d000 	/System/Library/PrivateFrameworks/Sharing.framework/Versions/A/Sharing
0x000000003293d000 	/System/Library/PrivateFrameworks/IconServices.framework/Versions/A/IconServices
0x000000003293d000 	/System/Library/PrivateFrameworks/ProtocolBuffer.framework/Versions/A/ProtocolBuffer
0x000000003293d000 	/System/Library/PrivateFrameworks/Apple80211.framework/Versions/A/Apple80211
0x000000003293d000 	/System/Library/Frameworks/CoreWLAN.framework/Versions/A/CoreWLAN
0x000000003293d000 	/System/Library/PrivateFrameworks/CoreUtils.framework/Versions/A/CoreUtils
0x000000003293d000 	/System/Library/Frameworks/IOBluetooth.framework/Versions/A/IOBluetooth
0x000000003293d000 	/System/Library/PrivateFrameworks/CoreWiFi.framework/Versions/A/CoreWiFi
0x000000003293d000 	/System/Library/Frameworks/CoreBluetooth.framework/Versions/A/CoreBluetooth
0x000000003293d000 	/System/Library/Frameworks/CoreDisplay.framework/Versions/A/CoreDisplay
0x000000003293d000 	/System/Library/PrivateFrameworks/IOPresentment.framework/Versions/A/IOPresentment
0x000000003293d000 	/System/Library/PrivateFrameworks/DSExternalDisplay.framework/Versions/A/DSExternalDisplay
0x000000003293d000 	/System/Library/PrivateFrameworks/DebugSymbols.framework/Versions/A/DebugSymbols
0x000000003293d000 	/System/Library/PrivateFrameworks/CoreSymbolication.framework/Versions/A/CoreSymbolication
0x000000003293d000 	/System/Library/PrivateFrameworks/Symbolication.framework/Versions/A/Symbolication
0x000000003293d000 	/System/Library/PrivateFrameworks/AppleFSCompression.framework/Versions/A/AppleFSCompression
0x000000003293d000 	/System/Library/PrivateFrameworks/SpeechRecognitionCore.framework/Versions/A/SpeechRecognitionCore
0x000000003293d000 	/System/Library/PrivateFrameworks/ChunkingLibrary.framework/Versions/A/ChunkingLibrary
0x00000001033b7000 	/Library/Java/JavaVirtualMachines/jdk1.8.0_144.jdk/Contents/Home/jre/lib/server/libjvm.dylib
0x000000003293d000 	/usr/lib/libstdc++.6.dylib
0x000000010435e000 	/Library/Java/JavaVirtualMachines/jdk1.8.0_144.jdk/Contents/Home/jre/lib/libverify.dylib
0x000000010436c000 	/Library/Java/JavaVirtualMachines/jdk1.8.0_144.jdk/Contents/Home/jre/lib/libjava.dylib
0x00000001043ab000 	/Library/Java/JavaVirtualMachines/jdk1.8.0_144.jdk/Contents/Home/jre/lib/libzip.dylib
0x000000011a5bb000 	/System/Library/Frameworks/JavaVM.framework/Frameworks/JavaRuntimeSupport.framework/JavaRuntimeSupport
0x000000011a5d5000 	/System/Library/Frameworks/JavaVM.framework/Versions/A/Frameworks/JavaNativeFoundation.framework/Versions/A/JavaNativeFoundation
0x00000001069fc000 	/System/Library/Frameworks/JavaVM.framework/Versions/A/JavaVM
0x000000003293d000 	/System/Library/Frameworks/Carbon.framework/Versions/A/Carbon
0x000000011a5ea000 	/System/Library/PrivateFrameworks/JavaLaunching.framework/Versions/A/JavaLaunching
0x000000003293d000 	/System/Library/Frameworks/Carbon.framework/Versions/A/Frameworks/CommonPanels.framework/Versions/A/CommonPanels
0x000000003293d000 	/System/Library/Frameworks/Carbon.framework/Versions/A/Frameworks/Help.framework/Versions/A/Help
0x000000003293d000 	/System/Library/Frameworks/Carbon.framework/Versions/A/Frameworks/ImageCapture.framework/Versions/A/ImageCapture
0x000000003293d000 	/System/Library/Frameworks/Carbon.framework/Versions/A/Frameworks/OpenScripting.framework/Versions/A/OpenScripting
0x000000003293d000 	/System/Library/Frameworks/Carbon.framework/Versions/A/Frameworks/Print.framework/Versions/A/Print
0x000000003293d000 	/System/Library/Frameworks/Carbon.framework/Versions/A/Frameworks/SecurityHI.framework/Versions/A/SecurityHI
0x000000011bf0d000 	/Library/Java/JavaVirtualMachines/jdk1.8.0_144.jdk/Contents/Home/jre/lib/libawt.dylib
0x000000011bfb5000 	/Library/Java/JavaVirtualMachines/jdk1.8.0_144.jdk/Contents/Home/jre/lib/./libmlib_image.dylib
0x000000011c081000 	/Library/Java/JavaVirtualMachines/jdk1.8.0_144.jdk/Contents/Home/jre/lib/libawt_lwawt.dylib
0x000000011c138000 	/Library/Java/JavaVirtualMachines/jdk1.8.0_144.jdk/Contents/Home/jre/lib/./libosxapp.dylib
0x000000003293d000 	/System/Library/Frameworks/ExceptionHandling.framework/Versions/A/ExceptionHandling
0x000000003293d000 	/System/Library/PrivateFrameworks/CoreServicesInternal.framework/Versions/A/CoreServicesInternal
0x000000003293d000 	/System/Library/CoreServices/RawCamera.bundle/Contents/MacOS/RawCamera
0x000000003293d000 	/System/Library/Frameworks/Accelerate.framework/Versions/A/Frameworks/vImage.framework/Versions/A/Libraries/libCGInterfaces.dylib
0x000000003293d000 	/System/Library/Frameworks/ApplicationServices.framework/Versions/A/Frameworks/ATS.framework/Versions/A/Resources/libTrueTypeScaler.dylib
0x000000011deed000 	/System/Library/Frameworks/OpenGL.framework/Resources/GLEngine.bundle/GLEngine
0x000000003293d000 	/System/Library/Frameworks/OpenGL.framework/Versions/A/Libraries/libGLProgrammability.dylib
0x000000011e0d2000 	/System/Library/Extensions/AppleIntelBDWGraphicsGLDriver.bundle/Contents/MacOS/AppleIntelBDWGraphicsGLDriver
0x000000003293d000 	/System/Library/PrivateFrameworks/GPUSupport.framework/Versions/A/Libraries/libGPUSupportMercury.dylib
0x000000011c9d7000 	/System/Library/Frameworks/OpenGL.framework/Resources//GLRendererFloat.bundle/GLRendererFloat
0x000000003293d000 	/System/Library/Frameworks/OpenCL.framework/Versions/A/Libraries/libcldcpuengine.dylib
0x000000003293d000 	/usr/lib/libcrypto.0.9.8.dylib
0x000000003293d000 	/System/Library/PrivateFrameworks/TrustEvaluationAgent.framework/Versions/A/TrustEvaluationAgent
0x000000011e83c000 	/System/Library/Extensions/AppleIntelBDWGraphicsMTLDriver.bundle/Contents/MacOS/AppleIntelBDWGraphicsMTLDriver
0x000000003293d000 	/System/Library/PrivateFrameworks/FamilyControls.framework/Versions/A/FamilyControls
0x000000003293d000 	/System/Library/PrivateFrameworks/CommerceKit.framework/Versions/A/Frameworks/CommerceCore.framework/Versions/A/CommerceCore
0x000000003293d000 	/System/Library/PrivateFrameworks/SystemAdministration.framework/Versions/A/SystemAdministration
0x000000003293d000 	/System/Library/PrivateFrameworks/AppContainer.framework/Versions/A/AppContainer
0x000000003293d000 	/System/Library/PrivateFrameworks/SecCodeWrapper.framework/Versions/A/SecCodeWrapper
0x000000003293d000 	/System/Library/Frameworks/DirectoryService.framework/Versions/A/DirectoryService
0x000000003293d000 	/System/Library/PrivateFrameworks/DiskImages.framework/Versions/A/DiskImages
0x000000003293d000 	/System/Library/PrivateFrameworks/LoginUIKit.framework/Versions/A/Frameworks/LoginUICore.framework/Versions/A/LoginUICore
0x000000003293d000 	/usr/lib/libCoreStorage.dylib
0x000000003293d000 	/usr/lib/libcsfde.dylib
0x000000003293d000 	/usr/lib/libodfde.dylib
0x000000003293d000 	/System/Library/Frameworks/DiscRecording.framework/Versions/A/DiscRecording
0x000000003293d000 	/usr/lib/libcurl.4.dylib
0x000000003293d000 	/System/Library/PrivateFrameworks/MediaKit.framework/Versions/A/MediaKit
0x000000003293d000 	/System/Library/PrivateFrameworks/ProtectedCloudStorage.framework/Versions/A/ProtectedCloudStorage
0x000000003293d000 	/System/Library/PrivateFrameworks/EFILogin.framework/Versions/A/EFILogin
0x000000003293d000 	/usr/lib/libutil.dylib
0x000000003293d000 	/System/Library/Frameworks/LDAP.framework/Versions/A/LDAP
0x000000003293d000 	/usr/lib/libsasl2.2.dylib
0x000000003293d000 	/System/Library/PrivateFrameworks/CoreDaemon.framework/Versions/B/CoreDaemon
0x000000003293d000 	/System/Library/PrivateFrameworks/AppleSRP.framework/Versions/A/AppleSRP
0x000000003293d000 	/System/Library/PrivateFrameworks/APFS.framework/Versions/A/APFS
0x0000000120033000 	/Library/Java/JavaVirtualMachines/jdk1.8.0_144.jdk/Contents/Home/jre/lib/libfontmanager.dylib
0x000000012009a000 	/Users/kis/Desktop/workspace/AnalogGame/Lib/Native/macosx/liblwjgl.dylib
0x000000011c83f000 	/Library/Java/JavaVirtualMachines/jdk1.8.0_144.jdk/Contents/Home/jre/lib/libjawt.dylib
0x000000003293d000 	/System/Library/PrivateFrameworks/ViewBridge.framework/Versions/A/ViewBridge
0x000000003293d000 	/System/Library/PrivateFrameworks/XPCService.framework/Versions/A/XPCService
0x000000003293d000 	/System/Library/PrivateFrameworks/AppSandbox.framework/Versions/A/AppSandbox
0x000000003293d000 	/usr/lib/libsandbox.1.dylib
0x000000003293d000 	/usr/lib/libMatch.1.dylib
0x000000012188e000 	/Library/Java/JavaVirtualMachines/jdk1.8.0_144.jdk/Contents/Home/jre/lib/libnio.dylib
0x000000012189e000 	/Library/Java/JavaVirtualMachines/jdk1.8.0_144.jdk/Contents/Home/jre/lib/./libnet.dylib
0x0000000122d5b000 	/Library/Java/JavaVirtualMachines/jdk1.8.0_144.jdk/Contents/Home/jre/lib/libjpeg.dylib

VM Arguments:
jvm_args: -Djava.library.path=/Users/kis/Desktop/workspace/AnalogGame/Lib/Native/macosx -Dfile.encoding=UTF-8 
java_command: AnalogGame
java_class_path (initial): /Users/kis/Desktop/workspace/AnalogGame/bin:/Users/kis/Desktop/workspace/AnalogGame/Lib/Jars/slick.jar:/Users/kis/Desktop/workspace/AnalogGame/Lib/Jars/lwjgl.jar
Launcher Type: SUN_STANDARD

Environment Variables:
PATH=/usr/bin:/bin:/usr/sbin:/sbin
SHELL=/bin/bash

Signal Handlers:
SIGSEGV: [libjvm.dylib+0x5b26e5], sa_mask[0]=11111111011111110111111111111111, sa_flags=SA_ONSTACK|SA_RESTART|SA_SIGINFO
SIGBUS: [libjvm.dylib+0x5b26e5], sa_mask[0]=11111111011111110111111111111111, sa_flags=SA_RESTART|SA_SIGINFO
SIGFPE: [libjvm.dylib+0x489100], sa_mask[0]=11111111011111110111111111111111, sa_flags=SA_RESTART|SA_SIGINFO
SIGPIPE: [libjvm.dylib+0x489100], sa_mask[0]=11111111011111110111111111111111, sa_flags=SA_RESTART|SA_SIGINFO
SIGXFSZ: [libjvm.dylib+0x489100], sa_mask[0]=11111111011111110111111111111111, sa_flags=SA_RESTART|SA_SIGINFO
SIGILL: [libjvm.dylib+0x489100], sa_mask[0]=11111111011111110111111111111111, sa_flags=SA_RESTART|SA_SIGINFO
SIGUSR1: SIG_DFL, sa_mask[0]=00000000000000000000000000000000, sa_flags=none
SIGUSR2: [libjvm.dylib+0x488c1e], sa_mask[0]=00100000000000000000000000000000, sa_flags=SA_RESTART|SA_SIGINFO
SIGHUP: [libjvm.dylib+0x4871f5], sa_mask[0]=11111111011111110111111111111111, sa_flags=SA_RESTART|SA_SIGINFO
SIGINT: [libjvm.dylib+0x4871f5], sa_mask[0]=11111111011111110111111111111111, sa_flags=SA_RESTART|SA_SIGINFO
SIGTERM: [libjvm.dylib+0x4871f5], sa_mask[0]=11111111011111110111111111111111, sa_flags=SA_RESTART|SA_SIGINFO
SIGQUIT: [libjvm.dylib+0x4871f5], sa_mask[0]=11111111011111110111111111111111, sa_flags=SA_RESTART|SA_SIGINFO


---------------  S Y S T E M  ---------------

OS:Bsduname:Darwin 16.7.0 Darwin Kernel Version 16.7.0: Thu Jun 15 17:36:27 PDT 2017; root:xnu-3789.70.16~2/RELEASE_X86_64 x86_64
rlimit: STACK 8192k, CORE 0k, NPROC 709, NOFILE 10240, AS infinity
load average:2.05 1.77 1.77

CPU:total 4 (initial active 4) (2 cores per cpu, 2 threads per core) family 6 model 61 stepping 4, cmov, cx8, fxsr, mmx, sse, sse2, sse3, ssse3, sse4.1, sse4.2, popcnt, avx, avx2, aes, clmul, erms, 3dnowpref, lzcnt, ht, tsc, tscinvbit, bmi1, bmi2, adx

Memory: 4k page, physical 8388608k(1310836k free)

/proc/meminfo:


vm_info: Java HotSpot(TM) 64-Bit Server VM (25.144-b01) for bsd-amd64 JRE (1.8.0_144-b01), built on Jul 21 2017 22:07:42 by "java_re" with gcc 4.2.1 (Based on Apple Inc. build 5658) (LLVM build 2336.11.00)

time: Wed May 16 18:43:59 2018
elapsed time: 19 seconds (0d 0h 0m 19s)

