#
# A fatal error has been detected by the Java Runtime Environment:
#
#  SIGSEGV (0xb) at pc=0x00007fff92af705d, pid=64106, tid=0x0000000000000307
#
# JRE version: Java(TM) SE Runtime Environment (8.0_144-b01) (build 1.8.0_144-b01)
# Java VM: Java HotSpot(TM) 64-Bit Server VM (25.144-b01 mixed mode bsd-amd64 compressed oops)
# Problematic frame:
# C  [libobjc.A.dylib+0x705d]  objc_msgSend+0x1d
#
# Failed to write core dump. Core dumps have been disabled. To enable core dumping, try "ulimit -c unlimited" before starting Java again
#
# If you would like to submit a bug report, please visit:
#   http://bugreport.java.com/bugreport/crash.jsp
# The crash happened outside the Java Virtual Machine in native code.
# See problematic frame for where to report the bug.
#

---------------  T H R E A D  ---------------

Current thread (0x00007f8c83948000):  JavaThread "AppKit Thread" daemon [_thread_in_native, id=775, stack(0x00007fff51201000,0x00007fff51a01000)]

siginfo: si_signo: 11 (SIGSEGV), si_code: 1 (SEGV_MAPERR), si_addr: 0x000007f8c81e5f70

Registers:
RAX=0x00007f8c81d985d0, RBX=0x00007f8c81f73c40, RCX=0x00007f8c81e2b1e0, RDX=0x00007f8c81d985d0
RSP=0x00007fff519fc098, RBP=0x00007fff519fc0a0, RSI=0x00007fff7c3e3843, RDI=0x00007f8c81e2b1e0
R8 =0x000000000000003f, R9 =0x00007f8c81f70690, R10=0x000007f8c81e5f58, R11=0x00007fff7c3e3843
R12=0x0000000000000000, R13=0x00007f8c81f70690, R14=0x00007f8c81d985d0, R15=0x0000000000000000
RIP=0x00007fff92af705d, EFLAGS=0x0000000000010202, ERR=0x0000000000000004
  TRAPNO=0x000000000000000e

Top of Stack: (sp=0x00007fff519fc098)
0x00007fff519fc098:   00007fff7dc7945c 00007fff519fc110
0x00007fff519fc0a8:   00007fff7dc7935b 0000000000000000
0x00007fff519fc0b8:   00007fff9c2e7060 00000000c2000000
0x00007fff519fc0c8:   00007fff7dc793b0 00007fff98b5c680
0x00007fff519fc0d8:   00007f8c81f70690 00007f8c81d985d0
0x00007fff519fc0e8:   00007fff519fc8d8 00007fff92af7040
0x00007fff519fc0f8:   00007fff519fc1e0 00007f8c81f70690
0x00007fff519fc108:   00007fff7c37b05a 00007fff519fc150
0x00007fff519fc118:   00007fff7dc790c2 00007fff519fc720
0x00007fff519fc128:   0000000000000001 00007fff92af7040
0x00007fff519fc138:   00007fff519fc1e0 00007fff519fc8d8
0x00007fff519fc148:   00007fff7c37b05a 00007fff519fc870
0x00007fff519fc158:   00007fff7dc36523 00007f8c81d00000
0x00007fff519fc168:   0000000000000002 000000010e21fe00
0x00007fff519fc178:   0000000000000004 00007f8c81f1fe80
0x00007fff519fc188:   00007fff98b5dcb0 0000000000000000
0x00007fff519fc198:   00007f8c829160d0 00007f8c81f1fe01
0x00007fff519fc1a8:   00007f8c81f72530 00007fff98c900e0
0x00007fff519fc1b8:   0000000000000000 0000000000000000
0x00007fff519fc1c8:   0000000000000000 00007f8c81f73160
0x00007fff519fc1d8:   00007fff98b9c900 00007fff519fc720
0x00007fff519fc1e8:   0000000000000002 0000000000000100
0x00007fff519fc1f8:   00007fff9c254400 00007fff519fc620
0x00007fff519fc208:   0000000000000000 0000000000000100
0x00007fff519fc218:   00007f8c81da2400 00007fff519fc250
0x00007fff519fc228:   00007fff7dc79d0c ffff80737e25db50
0x00007fff519fc238:   00007f8c81da24b0 00007fff98c8d640
0x00007fff519fc248:   00007f8c81da24b0 00007fff519fc280
0x00007fff519fc258:   00007fff7dc79d58 ffff80737e25db50
0x00007fff519fc268:   00007f8c81da24b0 00007fff98c8d8c0
0x00007fff519fc278:   00007f8c81da24b0 00007fff519fc2b0
0x00007fff519fc288:   00007fff7dc79e3b 0000000000000180 

Instructions: (pc=0x00007fff92af705d)
0x00007fff92af703d:   0f 1f 00 48 85 ff 2e 74 62 40 f6 c7 01 2e 75 66
0x00007fff92af704d:   49 ba f8 ff ff ff ff 7f 00 00 4c 23 17 49 89 f3
0x00007fff92af705d:   45 23 5a 18 49 c1 e3 04 4d 03 5a 10 49 3b 33 75
0x00007fff92af706d:   04 41 ff 63 08 49 83 3b 01 76 0d 49 83 c3 10 49 

Register to memory mapping:

RAX=0x00007f8c81d985d0 is an unknown value
RBX=0x00007f8c81f73c40 is an unknown value
RCX=0x00007f8c81e2b1e0 is an unknown value
RDX=0x00007f8c81d985d0 is an unknown value
RSP=0x00007fff519fc098 is pointing into the stack for thread: 0x00007f8c83948000
RBP=0x00007fff519fc0a0 is pointing into the stack for thread: 0x00007f8c83948000
RSI=0x00007fff7c3e3843: __NSStyleNameIndexTable+0xe048b in /System/Library/Frameworks/AppKit.framework/Versions/C/AppKit at 0x00007fff7b716000
RDI=0x00007f8c81e2b1e0 is an unknown value
R8 =0x000000000000003f is an unknown value
R9 =0x00007f8c81f70690 is an unknown value
R10=0x000007f8c81e5f58 is an unknown value
R11=0x00007fff7c3e3843: __NSStyleNameIndexTable+0xe048b in /System/Library/Frameworks/AppKit.framework/Versions/C/AppKit at 0x00007fff7b716000
R12=0x0000000000000000 is an unknown value
R13=0x00007f8c81f70690 is an unknown value
R14=0x00007f8c81d985d0 is an unknown value
R15=0x0000000000000000 is an unknown value


Stack: [0x00007fff51201000,0x00007fff51a01000],  sp=0x00007fff519fc098,  free space=8172k
Native frames: (J=compiled Java code, j=interpreted, Vv=VM code, C=native code)
C  [libobjc.A.dylib+0x705d]  objc_msgSend+0x1d
C  [CoreFoundation+0x9d35b]  _CFXRegistrationPost+0x1ab
C  [CoreFoundation+0x9d0c2]  ___CFXNotificationPost_block_invoke+0x32
C  [CoreFoundation+0x5a523]  -[_CFXNotificationRegistrar find:object:observer:enumerator:]+0x723
C  [CoreFoundation+0x5955c]  _CFXNotificationPost+0x25c
C  [Foundation+0x6677]  -[NSNotificationCenter postNotificationName:object:userInfo:]+0x42
C  [AppKit+0x24ee3b]  -[NSSurface _disposeSurface]+0x98
C  [AppKit+0x24e9ea]  -[NSSurface setWindow:]+0x35
C  [AppKit+0x28960]  -[NSView _setWindow:]+0xa0f
C  [AppKit+0x2b587]  -[NSView removeFromSuperview]+0x1d1
C  [AppKit+0x14cd60]  -[NSView removeFromSuperviewWithoutNeedingDisplay]+0x26
C  [liblwjgl.dylib+0xa205]  +[MacOSXKeyableWindow destroyWindow]+0xb5
C  [Foundation+0x7152a]  __NSThreadPerformPerform+0x146
C  [CoreFoundation+0xa7321]  __CFRUNLOOP_IS_CALLING_OUT_TO_A_SOURCE0_PERFORM_FUNCTION__+0x11
C  [CoreFoundation+0x8821d]  __CFRunLoopDoSources0+0x22d
C  [CoreFoundation+0x87716]  __CFRunLoopRun+0x3a6
C  [CoreFoundation+0x87114]  CFRunLoopRunSpecific+0x1a4
C  [HIToolbox+0x30ebc]  RunCurrentEventLoopInMode+0xf0
C  [HIToolbox+0x30cf1]  ReceiveNextEventCommon+0x1b0
C  [HIToolbox+0x30b26]  _BlockUntilNextEventMatchingListInModeWithFilter+0x47
C  [AppKit+0x46a54]  _DPSNextEvent+0x460
C  [AppKit+0x7c27ee]  -[NSApplication(NSEvent) _nextEventMatchingEventMask:untilDate:inMode:dequeue:]+0xaec
C  [libosxapp.dylib+0x23aa]  -[NSApplicationAWT nextEventMatchingMask:untilDate:inMode:dequeue:]+0x7c
C  [AppKit+0x3b3db]  -[NSApplication run]+0x39e
C  [libosxapp.dylib+0x214d]  +[NSApplicationAWT runAWTLoopWithApp:]+0x9c
C  [libawt_lwawt.dylib+0x45edf]  -[AWTStarter starter:]+0x389
C  [Foundation+0x7152a]  __NSThreadPerformPerform+0x146
C  [CoreFoundation+0xa7321]  __CFRUNLOOP_IS_CALLING_OUT_TO_A_SOURCE0_PERFORM_FUNCTION__+0x11
C  [CoreFoundation+0x8821d]  __CFRunLoopDoSources0+0x22d
C  [CoreFoundation+0x87716]  __CFRunLoopRun+0x3a6
C  [CoreFoundation+0x87114]  CFRunLoopRunSpecific+0x1a4
C  [java+0x6465]  CreateExecutionEnvironment+0x367
C  [java+0x218c]  JLI_Launch+0x7a0
C  [java+0x84c2]  main+0x65
C  [java+0x19e4]  start+0x34
C  0x0000000000000006


---------------  P R O C E S S  ---------------

Java Threads: ( => current thread )
  0x00007f8c821cb800 JavaThread "AWT-Shutdown" [_thread_blocked, id=29959, stack(0x000070000b473000,0x000070000b573000)]
  0x00007f8c8217b800 JavaThread "Java2D Queue Flusher" daemon [_thread_blocked, id=61251, stack(0x000070000b77f000,0x000070000b87f000)]
  0x00007f8c820cc000 JavaThread "Java2D Disposer" daemon [_thread_blocked, id=60735, stack(0x000070000b67c000,0x000070000b77c000)]
=>0x00007f8c83948000 JavaThread "AppKit Thread" daemon [_thread_in_native, id=775, stack(0x00007fff51201000,0x00007fff51a01000)]
  0x00007f8c83850800 JavaThread "Service Thread" daemon [_thread_blocked, id=18947, stack(0x000070000b26d000,0x000070000b36d000)]
  0x00007f8c83008800 JavaThread "C1 CompilerThread2" daemon [_thread_blocked, id=18435, stack(0x000070000b16a000,0x000070000b26a000)]
  0x00007f8c8384f800 JavaThread "C2 CompilerThread1" daemon [_thread_blocked, id=17923, stack(0x000070000b067000,0x000070000b167000)]
  0x00007f8c83007800 JavaThread "C2 CompilerThread0" daemon [_thread_blocked, id=17411, stack(0x000070000af64000,0x000070000b064000)]
  0x00007f8c8282a000 JavaThread "Signal Dispatcher" daemon [_thread_blocked, id=16899, stack(0x000070000ae61000,0x000070000af61000)]
  0x00007f8c83839000 JavaThread "Finalizer" daemon [_thread_blocked, id=12547, stack(0x000070000acdb000,0x000070000addb000)]
  0x00007f8c83836000 JavaThread "Reference Handler" daemon [_thread_blocked, id=12035, stack(0x000070000abd8000,0x000070000acd8000)]
  0x00007f8c82000800 JavaThread "main" [_thread_in_native, id=3587, stack(0x000070000a43d000,0x000070000a53d000)]

Other Threads:
  0x00007f8c83831800 VMThread [stack: 0x000070000aad5000,0x000070000abd5000] [id=11523]
  0x00007f8c83049000 WatcherThread [stack: 0x000070000b370000,0x000070000b470000] [id=19459]

VM state:not at safepoint (normal execution)

VM Mutex/Monitor currently owned by a thread: None

Heap:
 PSYoungGen      total 102400K, used 6353K [0x0000000795580000, 0x000000079be80000, 0x00000007c0000000)
  eden space 97280K, 6% used [0x0000000795580000,0x0000000795b8c508,0x000000079b480000)
  from space 5120K, 3% used [0x000000079b980000,0x000000079b9a8000,0x000000079be80000)
  to   space 5120K, 0% used [0x000000079b480000,0x000000079b480000,0x000000079b980000)
 ParOldGen       total 192000K, used 65035K [0x0000000740000000, 0x000000074bb80000, 0x0000000795580000)
  object space 192000K, 33% used [0x0000000740000000,0x0000000743f82d10,0x000000074bb80000)
 Metaspace       used 9543K, capacity 9749K, committed 9856K, reserved 1058816K
  class space    used 1009K, capacity 1085K, committed 1152K, reserved 1048576K

Card table byte_map: [0x000000010ffc0000,0x00000001103c1000] byte_map_base: 0x000000010c5c0000

Marking Bits: (ParMarkBitMap*) 0x000000010eb6f5d0
 Begin Bits: [0x0000000122d6f000, 0x0000000124d6f000)
 End Bits:   [0x0000000124d6f000, 0x0000000126d6f000)

Polling page: 0x000000010f266000

CodeCache: size=245760Kb used=3693Kb max_used=3698Kb free=242066Kb
 bounds [0x0000000113d6f000, 0x000000011410f000, 0x0000000122d6f000]
 total_blobs=1385 nmethods=878 adapters=421
 compilation: enabled

Compilation events (10 events):
Event: 5.472 Thread 0x00007f8c83008800  874       3       java.lang.ref.Reference::clear (6 bytes)
Event: 5.472 Thread 0x00007f8c83008800 nmethod 874 0x000000011410a950 code [0x000000011410aaa0, 0x000000011410ac10]
Event: 5.472 Thread 0x00007f8c83008800  875       3       java.lang.ref.Finalizer::access$000 (4 bytes)
Event: 5.473 Thread 0x00007f8c83008800 nmethod 875 0x000000011410a650 code [0x000000011410a7a0, 0x000000011410a8f0]
Event: 5.473 Thread 0x00007f8c83008800  876       3       java.lang.ref.Finalizer::access$100 (6 bytes)
Event: 5.473 Thread 0x00007f8c83008800 nmethod 876 0x000000011410a2d0 code [0x000000011410a440, 0x000000011410a5a8]
Event: 5.490 Thread 0x00007f8c83008800  877       1       org.newdawn.slick.state.StateBasedGame::inputEnded (1 bytes)
Event: 5.490 Thread 0x00007f8c83008800 nmethod 877 0x0000000114107f90 code [0x00000001141080e0, 0x00000001141081f0]
Event: 5.666 Thread 0x00007f8c83007800  878       4       Plane::render (132 bytes)
Event: 5.689 Thread 0x00007f8c83007800 nmethod 878 0x000000011410d150 code [0x000000011410d380, 0x000000011410dd38]

GC Heap History (10 events):
Event: 1.063 GC heap before
{Heap before GC invocations=2 (full 1):
 PSYoungGen      total 38400K, used 2467K [0x0000000795580000, 0x000000079a080000, 0x00000007c0000000)
  eden space 33280K, 0% used [0x0000000795580000,0x0000000795580000,0x0000000797600000)
  from space 5120K, 48% used [0x0000000797600000,0x0000000797868f18,0x0000000797b00000)
  to   space 5120K, 0% used [0x0000000799b80000,0x0000000799b80000,0x000000079a080000)
 ParOldGen       total 87552K, used 55777K [0x0000000740000000, 0x0000000745580000, 0x0000000795580000)
  object space 87552K, 63% used [0x0000000740000000,0x00000007436787f8,0x0000000745580000)
 Metaspace       used 9209K, capacity 9333K, committed 9600K, reserved 1058816K
  class space    used 989K, capacity 1053K, committed 1152K, reserved 1048576K
Event: 1.079 GC heap after
Heap after GC invocations=2 (full 1):
 PSYoungGen      total 38400K, used 0K [0x0000000795580000, 0x000000079a080000, 0x00000007c0000000)
  eden space 33280K, 0% used [0x0000000795580000,0x0000000795580000,0x0000000797600000)
  from space 5120K, 0% used [0x0000000797600000,0x0000000797600000,0x0000000797b00000)
  to   space 5120K, 0% used [0x0000000799b80000,0x0000000799b80000,0x000000079a080000)
 ParOldGen       total 119296K, used 37270K [0x0000000740000000, 0x0000000747480000, 0x0000000795580000)
  object space 119296K, 31% used [0x0000000740000000,0x0000000742465940,0x0000000747480000)
 Metaspace       used 9209K, capacity 9333K, committed 9600K, reserved 1058816K
  class space    used 989K, capacity 1053K, committed 1152K, reserved 1048576K
}
Event: 1.272 GC heap before
{Heap before GC invocations=3 (full 1):
 PSYoungGen      total 38400K, used 33280K [0x0000000795580000, 0x000000079a080000, 0x00000007c0000000)
  eden space 33280K, 100% used [0x0000000795580000,0x0000000797600000,0x0000000797600000)
  from space 5120K, 0% used [0x0000000797600000,0x0000000797600000,0x0000000797b00000)
  to   space 5120K, 0% used [0x0000000799b80000,0x0000000799b80000,0x000000079a080000)
 ParOldGen       total 119296K, used 37270K [0x0000000740000000, 0x0000000747480000, 0x0000000795580000)
  object space 119296K, 31% used [0x0000000740000000,0x0000000742465940,0x0000000747480000)
 Metaspace       used 9261K, capacity 9397K, committed 9600K, reserved 1058816K
  class space    used 992K, capacity 1053K, committed 1152K, reserved 1048576K
Event: 1.291 GC heap after
Heap after GC invocations=3 (full 1):
 PSYoungGen      total 59904K, used 128K [0x0000000795580000, 0x0000000799c00000, 0x00000007c0000000)
  eden space 59392K, 0% used [0x0000000795580000,0x0000000795580000,0x0000000798f80000)
  from space 512K, 25% used [0x0000000799b80000,0x0000000799ba0000,0x0000000799c00000)
  to   space 5120K, 0% used [0x0000000799200000,0x0000000799200000,0x0000000799700000)
 ParOldGen       total 119296K, used 92734K [0x0000000740000000, 0x0000000747480000, 0x0000000795580000)
  object space 119296K, 77% used [0x0000000740000000,0x0000000745a8f900,0x0000000747480000)
 Metaspace       used 9261K, capacity 9397K, committed 9600K, reserved 1058816K
  class space    used 992K, capacity 1053K, committed 1152K, reserved 1048576K
}
Event: 1.291 GC heap before
{Heap before GC invocations=4 (full 2):
 PSYoungGen      total 59904K, used 128K [0x0000000795580000, 0x0000000799c00000, 0x00000007c0000000)
  eden space 59392K, 0% used [0x0000000795580000,0x0000000795580000,0x0000000798f80000)
  from space 512K, 25% used [0x0000000799b80000,0x0000000799ba0000,0x0000000799c00000)
  to   space 5120K, 0% used [0x0000000799200000,0x0000000799200000,0x0000000799700000)
 ParOldGen       total 119296K, used 92734K [0x0000000740000000, 0x0000000747480000, 0x0000000795580000)
  object space 119296K, 77% used [0x0000000740000000,0x0000000745a8f900,0x0000000747480000)
 Metaspace       used 9261K, capacity 9397K, committed 9600K, reserved 1058816K
  class space    used 992K, capacity 1053K, committed 1152K, reserved 1048576K
Event: 1.298 GC heap after
Heap after GC invocations=4 (full 2):
 PSYoungGen      total 59904K, used 0K [0x0000000795580000, 0x0000000799c00000, 0x00000007c0000000)
  eden space 59392K, 0% used [0x0000000795580000,0x0000000795580000,0x0000000798f80000)
  from space 512K, 0% used [0x0000000799b80000,0x0000000799b80000,0x0000000799c00000)
  to   space 5120K, 0% used [0x0000000799200000,0x0000000799200000,0x0000000799700000)
 ParOldGen       total 192000K, used 65027K [0x0000000740000000, 0x000000074bb80000, 0x0000000795580000)
  object space 192000K, 33% used [0x0000000740000000,0x0000000743f80d10,0x000000074bb80000)
 Metaspace       used 9261K, capacity 9397K, committed 9600K, reserved 1058816K
  class space    used 992K, capacity 1053K, committed 1152K, reserved 1048576K
}
Event: 1.372 GC heap before
{Heap before GC invocations=5 (full 2):
 PSYoungGen      total 59904K, used 59392K [0x0000000795580000, 0x0000000799c00000, 0x00000007c0000000)
  eden space 59392K, 100% used [0x0000000795580000,0x0000000798f80000,0x0000000798f80000)
  from space 512K, 0% used [0x0000000799b80000,0x0000000799b80000,0x0000000799c00000)
  to   space 5120K, 0% used [0x0000000799200000,0x0000000799200000,0x0000000799700000)
 ParOldGen       total 192000K, used 65027K [0x0000000740000000, 0x000000074bb80000, 0x0000000795580000)
  object space 192000K, 33% used [0x0000000740000000,0x0000000743f80d10,0x000000074bb80000)
 Metaspace       used 9261K, capacity 9397K, committed 9600K, reserved 1058816K
  class space    used 992K, capacity 1053K, committed 1152K, reserved 1048576K
Event: 1.373 GC heap after
Heap after GC invocations=5 (full 2):
 PSYoungGen      total 67072K, used 0K [0x0000000795580000, 0x000000079be80000, 0x00000007c0000000)
  eden space 61952K, 0% used [0x0000000795580000,0x0000000795580000,0x0000000799200000)
  from space 5120K, 0% used [0x0000000799200000,0x0000000799200000,0x0000000799700000)
  to   space 5120K, 0% used [0x000000079b980000,0x000000079b980000,0x000000079be80000)
 ParOldGen       total 192000K, used 65027K [0x0000000740000000, 0x000000074bb80000, 0x0000000795580000)
  object space 192000K, 33% used [0x0000000740000000,0x0000000743f80d10,0x000000074bb80000)
 Metaspace       used 9261K, capacity 9397K, committed 9600K, reserved 1058816K
  class space    used 992K, capacity 1053K, committed 1152K, reserved 1048576K
}
Event: 5.462 GC heap before
{Heap before GC invocations=6 (full 2):
 PSYoungGen      total 67072K, used 61952K [0x0000000795580000, 0x000000079be80000, 0x00000007c0000000)
  eden space 61952K, 100% used [0x0000000795580000,0x0000000799200000,0x0000000799200000)
  from space 5120K, 0% used [0x0000000799200000,0x0000000799200000,0x0000000799700000)
  to   space 5120K, 0% used [0x000000079b980000,0x000000079b980000,0x000000079be80000)
 ParOldGen       total 192000K, used 65027K [0x0000000740000000, 0x000000074bb80000, 0x0000000795580000)
  object space 192000K, 33% used [0x0000000740000000,0x0000000743f80d10,0x000000074bb80000)
 Metaspace       used 9534K, capacity 9749K, committed 9856K, reserved 1058816K
  class space    used 1008K, capacity 1085K, committed 1152K, reserved 1048576K
Event: 5.463 GC heap after
Heap after GC invocations=6 (full 2):
 PSYoungGen      total 102400K, used 160K [0x0000000795580000, 0x000000079be80000, 0x00000007c0000000)
  eden space 97280K, 0% used [0x0000000795580000,0x0000000795580000,0x000000079b480000)
  from space 5120K, 3% used [0x000000079b980000,0x000000079b9a8000,0x000000079be80000)
  to   space 5120K, 0% used [0x000000079b480000,0x000000079b480000,0x000000079b980000)
 ParOldGen       total 192000K, used 65035K [0x0000000740000000, 0x000000074bb80000, 0x0000000795580000)
  object space 192000K, 33% used [0x0000000740000000,0x0000000743f82d10,0x000000074bb80000)
 Metaspace       used 9534K, capacity 9749K, committed 9856K, reserved 1058816K
  class space    used 1008K, capacity 1085K, committed 1152K, reserved 1048576K
}

Deoptimization events (7 events):
Event: 0.523 Thread 0x00007f8c82000800 Uncommon trap: reason=unstable_if action=reinterpret pc=0x0000000113f04d00 method=java.lang.String.replace(CC)Ljava/lang/String; @ 26
Event: 0.854 Thread 0x00007f8c82000800 Uncommon trap: reason=unstable_if action=reinterpret pc=0x0000000113f0d5f8 method=java.lang.String.indexOf([CII[CIII)I @ 3
Event: 1.222 Thread 0x00007f8c82000800 Uncommon trap: reason=unstable_if action=reinterpret pc=0x0000000113fe5e58 method=sun.java2d.loops.OpaqueCopyAnyToArgb.Blit(Lsun/java2d/SurfaceData;Lsun/java2d/SurfaceData;Ljava/awt/Composite;Lsun/java2d/pipe/Region;IIIIII)V @ 150
Event: 1.421 Thread 0x00007f8c82000800 Uncommon trap: reason=unstable_if action=reinterpret pc=0x0000000113ff6538 method=sun.java2d.loops.OpaqueCopyArgbToAny.Blit(Lsun/java2d/SurfaceData;Lsun/java2d/SurfaceData;Ljava/awt/Composite;Lsun/java2d/pipe/Region;IIIIII)V @ 159
Event: 1.421 Thread 0x00007f8c82000800 Uncommon trap: reason=unstable_if action=reinterpret pc=0x0000000113ff7ae4 method=java.awt.image.ComponentColorModel.getDataElements(ILjava/lang/Object;)Ljava/lang/Object; @ 2993
Event: 1.421 Thread 0x00007f8c82000800 Uncommon trap: reason=unstable_if action=reinterpret pc=0x0000000113fde828 method=sun.awt.image.ByteInterleavedRaster.getDataElements(IILjava/lang/Object;)Ljava/lang/Object; @ 43
Event: 1.511 Thread 0x00007f8c82000800 Uncommon trap: reason=unstable_if action=reinterpret pc=0x0000000113fbc25c method=com.sun.imageio.plugins.jpeg.JPEGImageReader.acceptPixels(IZ)V @ 96

Internal exceptions (10 events):
Event: 0.205 Thread 0x00007f8c82000800 Exception <a 'java/security/PrivilegedActionException'> (0x00000007957ce158) thrown at [/Users/java_re/workspace/8-2-build-macosx-x86_64/jdk8u144/9417/hotspot/src/share/vm/prims/jvm.cpp, line 1390]
Event: 0.205 Thread 0x00007f8c82000800 Exception <a 'java/security/PrivilegedActionException'> (0x00000007957d1670) thrown at [/Users/java_re/workspace/8-2-build-macosx-x86_64/jdk8u144/9417/hotspot/src/share/vm/prims/jvm.cpp, line 1390]
Event: 0.205 Thread 0x00007f8c82000800 Exception <a 'java/security/PrivilegedActionException'> (0x00000007957d1880) thrown at [/Users/java_re/workspace/8-2-build-macosx-x86_64/jdk8u144/9417/hotspot/src/share/vm/prims/jvm.cpp, line 1390]
Event: 0.266 Thread 0x00007f8c82000800 Exception <a 'java/lang/NoSuchFieldError': method resolution failed> (0x000000079589e758) thrown at [/Users/java_re/workspace/8-2-build-macosx-x86_64/jdk8u144/9417/hotspot/src/share/vm/prims/methodHandles.cpp, line 1146]
Event: 0.268 Thread 0x00007f8c82000800 Exception <a 'java/lang/NoSuchFieldError': method resolution failed> (0x00000007958abea8) thrown at [/Users/java_re/workspace/8-2-build-macosx-x86_64/jdk8u144/9417/hotspot/src/share/vm/prims/methodHandles.cpp, line 1146]
Event: 0.492 Thread 0x00007f8c82000800 Exception <a 'java/io/FileNotFoundException'> (0x0000000795926830) thrown at [/Users/java_re/workspace/8-2-build-macosx-x86_64/jdk8u144/9417/hotspot/src/share/vm/prims/jni.cpp, line 709]
Event: 0.492 Thread 0x00007f8c82000800 Exception <a 'java/io/FileNotFoundException'> (0x0000000795927380) thrown at [/Users/java_re/workspace/8-2-build-macosx-x86_64/jdk8u144/9417/hotspot/src/share/vm/prims/jni.cpp, line 709]
Event: 0.833 Thread 0x00007f8c82000800 Exception <a 'java/lang/NoClassDefFoundError': net/java/games/input/ControllerEnvironment> (0x0000000795da4a40) thrown at [/Users/java_re/workspace/8-2-build-macosx-x86_64/jdk8u144/9417/hotspot/src/share/vm/classfile/systemDictionary.cpp, line 199]
Event: 1.421 Thread 0x00007f8c82000800 Implicit null exception at 0x0000000113ff7555 to 0x0000000113ff7ac9
Event: 1.421 Thread 0x00007f8c82000800 Implicit null exception at 0x0000000113fde5de to 0x0000000113fde80d

Events (10 events):
Event: 5.470 Executing VM operation: RevokeBias
Event: 5.470 Executing VM operation: RevokeBias done
Event: 5.470 Executing VM operation: RevokeBias
Event: 5.470 Executing VM operation: RevokeBias done
Event: 5.470 Executing VM operation: RevokeBias
Event: 5.470 Executing VM operation: RevokeBias done
Event: 5.470 Executing VM operation: BulkRevokeBias
Event: 5.471 Executing VM operation: BulkRevokeBias done
Event: 5.781 loading class org/lwjgl/opengl/CallbackUtil
Event: 5.781 loading class org/lwjgl/opengl/CallbackUtil done


Dynamic libraries:
0x0000000008865000 	/System/Library/Frameworks/Cocoa.framework/Versions/A/Cocoa
0x0000000008865000 	/System/Library/Frameworks/Security.framework/Versions/A/Security
0x0000000008865000 	/System/Library/Frameworks/ApplicationServices.framework/Versions/A/ApplicationServices
0x0000000008865000 	/usr/lib/libz.1.dylib
0x0000000008865000 	/usr/lib/libSystem.B.dylib
0x0000000008865000 	/usr/lib/libobjc.A.dylib
0x0000000008865000 	/System/Library/Frameworks/CoreFoundation.framework/Versions/A/CoreFoundation
0x0000000008865000 	/System/Library/Frameworks/Foundation.framework/Versions/C/Foundation
0x0000000008865000 	/System/Library/Frameworks/AppKit.framework/Versions/C/AppKit
0x0000000008865000 	/System/Library/Frameworks/CoreData.framework/Versions/A/CoreData
0x0000000008865000 	/System/Library/PrivateFrameworks/RemoteViewServices.framework/Versions/A/RemoteViewServices
0x0000000008865000 	/System/Library/PrivateFrameworks/UIFoundation.framework/Versions/A/UIFoundation
0x0000000008865000 	/System/Library/PrivateFrameworks/DFRFoundation.framework/Versions/A/DFRFoundation
0x0000000008865000 	/usr/lib/libenergytrace.dylib
0x0000000008865000 	/System/Library/PrivateFrameworks/SkyLight.framework/Versions/A/SkyLight
0x0000000008865000 	/System/Library/Frameworks/CoreGraphics.framework/Versions/A/CoreGraphics
0x0000000008865000 	/usr/lib/libScreenReader.dylib
0x0000000008865000 	/System/Library/Frameworks/Accelerate.framework/Versions/A/Accelerate
0x0000000008865000 	/System/Library/Frameworks/IOSurface.framework/Versions/A/IOSurface
0x0000000008865000 	/System/Library/Frameworks/AudioToolbox.framework/Versions/A/AudioToolbox
0x0000000008865000 	/System/Library/Frameworks/AudioUnit.framework/Versions/A/AudioUnit
0x0000000008865000 	/System/Library/PrivateFrameworks/DataDetectorsCore.framework/Versions/A/DataDetectorsCore
0x0000000008865000 	/System/Library/PrivateFrameworks/DesktopServicesPriv.framework/Versions/A/DesktopServicesPriv
0x0000000008865000 	/System/Library/Frameworks/Carbon.framework/Versions/A/Frameworks/HIToolbox.framework/Versions/A/HIToolbox
0x0000000008865000 	/usr/lib/libicucore.A.dylib
0x0000000008865000 	/System/Library/Frameworks/QuartzCore.framework/Versions/A/QuartzCore
0x0000000008865000 	/System/Library/Frameworks/Carbon.framework/Versions/A/Frameworks/SpeechRecognition.framework/Versions/A/SpeechRecognition
0x0000000008865000 	/usr/lib/libauto.dylib
0x0000000008865000 	/usr/lib/libxml2.2.dylib
0x0000000008865000 	/System/Library/PrivateFrameworks/CoreUI.framework/Versions/A/CoreUI
0x0000000008865000 	/System/Library/Frameworks/CoreAudio.framework/Versions/A/CoreAudio
0x0000000008865000 	/System/Library/Frameworks/DiskArbitration.framework/Versions/A/DiskArbitration
0x0000000008865000 	/usr/lib/liblangid.dylib
0x0000000008865000 	/System/Library/PrivateFrameworks/MultitouchSupport.framework/Versions/A/MultitouchSupport
0x0000000008865000 	/System/Library/Frameworks/IOKit.framework/Versions/A/IOKit
0x0000000008865000 	/usr/lib/libDiagnosticMessagesClient.dylib
0x0000000008865000 	/System/Library/Frameworks/CoreServices.framework/Versions/A/CoreServices
0x0000000008865000 	/System/Library/PrivateFrameworks/PerformanceAnalysis.framework/Versions/A/PerformanceAnalysis
0x0000000008865000 	/System/Library/PrivateFrameworks/GenerationalStorage.framework/Versions/A/GenerationalStorage
0x0000000008865000 	/System/Library/Frameworks/OpenGL.framework/Versions/A/OpenGL
0x0000000008865000 	/System/Library/Frameworks/CoreImage.framework/Versions/A/CoreImage
0x0000000008865000 	/System/Library/Frameworks/CoreText.framework/Versions/A/CoreText
0x0000000008865000 	/System/Library/Frameworks/ImageIO.framework/Versions/A/ImageIO
0x0000000008865000 	/System/Library/PrivateFrameworks/Backup.framework/Versions/A/Backup
0x0000000008865000 	/usr/lib/libarchive.2.dylib
0x0000000008865000 	/System/Library/Frameworks/CFNetwork.framework/Versions/A/CFNetwork
0x0000000008865000 	/System/Library/Frameworks/SystemConfiguration.framework/Versions/A/SystemConfiguration
0x0000000008865000 	/usr/lib/libCRFSuite.dylib
0x0000000008865000 	/usr/lib/libc++.1.dylib
0x0000000008865000 	/usr/lib/libc++abi.dylib
0x0000000008865000 	/usr/lib/system/libcache.dylib
0x0000000008865000 	/usr/lib/system/libcommonCrypto.dylib
0x0000000008865000 	/usr/lib/system/libcompiler_rt.dylib
0x0000000008865000 	/usr/lib/system/libcopyfile.dylib
0x0000000008865000 	/usr/lib/system/libcorecrypto.dylib
0x0000000008865000 	/usr/lib/system/libdispatch.dylib
0x0000000008865000 	/usr/lib/system/libdyld.dylib
0x0000000008865000 	/usr/lib/system/libkeymgr.dylib
0x0000000008865000 	/usr/lib/system/liblaunch.dylib
0x0000000008865000 	/usr/lib/system/libmacho.dylib
0x0000000008865000 	/usr/lib/system/libquarantine.dylib
0x0000000008865000 	/usr/lib/system/libremovefile.dylib
0x0000000008865000 	/usr/lib/system/libsystem_asl.dylib
0x0000000008865000 	/usr/lib/system/libsystem_blocks.dylib
0x0000000008865000 	/usr/lib/system/libsystem_c.dylib
0x0000000008865000 	/usr/lib/system/libsystem_configuration.dylib
0x0000000008865000 	/usr/lib/system/libsystem_coreservices.dylib
0x0000000008865000 	/usr/lib/system/libsystem_coretls.dylib
0x0000000008865000 	/usr/lib/system/libsystem_dnssd.dylib
0x0000000008865000 	/usr/lib/system/libsystem_info.dylib
0x0000000008865000 	/usr/lib/system/libsystem_kernel.dylib
0x0000000008865000 	/usr/lib/system/libsystem_m.dylib
0x0000000008865000 	/usr/lib/system/libsystem_malloc.dylib
0x0000000008865000 	/usr/lib/system/libsystem_network.dylib
0x0000000008865000 	/usr/lib/system/libsystem_networkextension.dylib
0x0000000008865000 	/usr/lib/system/libsystem_notify.dylib
0x0000000008865000 	/usr/lib/system/libsystem_platform.dylib
0x0000000008865000 	/usr/lib/system/libsystem_pthread.dylib
0x0000000008865000 	/usr/lib/system/libsystem_sandbox.dylib
0x0000000008865000 	/usr/lib/system/libsystem_secinit.dylib
0x0000000008865000 	/usr/lib/system/libsystem_symptoms.dylib
0x0000000008865000 	/usr/lib/system/libsystem_trace.dylib
0x0000000008865000 	/usr/lib/system/libunwind.dylib
0x0000000008865000 	/usr/lib/system/libxpc.dylib
0x0000000008865000 	/usr/lib/libbsm.0.dylib
0x0000000008865000 	/usr/lib/system/libkxld.dylib
0x0000000008865000 	/usr/lib/libcoretls.dylib
0x0000000008865000 	/usr/lib/libcoretls_cfhelpers.dylib
0x0000000008865000 	/usr/lib/libOpenScriptingUtil.dylib
0x0000000008865000 	/usr/lib/libpam.2.dylib
0x0000000008865000 	/usr/lib/libsqlite3.dylib
0x0000000008865000 	/usr/lib/libxar.1.dylib
0x0000000008865000 	/usr/lib/libbz2.1.0.dylib
0x0000000008865000 	/usr/lib/liblzma.5.dylib
0x0000000008865000 	/usr/lib/libnetwork.dylib
0x0000000008865000 	/usr/lib/libpcap.A.dylib
0x0000000008865000 	/System/Library/Frameworks/CoreServices.framework/Versions/A/Frameworks/FSEvents.framework/Versions/A/FSEvents
0x0000000008865000 	/System/Library/Frameworks/CoreServices.framework/Versions/A/Frameworks/CarbonCore.framework/Versions/A/CarbonCore
0x0000000008865000 	/System/Library/Frameworks/CoreServices.framework/Versions/A/Frameworks/Metadata.framework/Versions/A/Metadata
0x0000000008865000 	/System/Library/Frameworks/CoreServices.framework/Versions/A/Frameworks/OSServices.framework/Versions/A/OSServices
0x0000000008865000 	/System/Library/Frameworks/CoreServices.framework/Versions/A/Frameworks/SearchKit.framework/Versions/A/SearchKit
0x0000000008865000 	/System/Library/Frameworks/CoreServices.framework/Versions/A/Frameworks/AE.framework/Versions/A/AE
0x0000000008865000 	/System/Library/Frameworks/CoreServices.framework/Versions/A/Frameworks/LaunchServices.framework/Versions/A/LaunchServices
0x0000000008865000 	/System/Library/Frameworks/CoreServices.framework/Versions/A/Frameworks/DictionaryServices.framework/Versions/A/DictionaryServices
0x0000000008865000 	/System/Library/Frameworks/CoreServices.framework/Versions/A/Frameworks/SharedFileList.framework/Versions/A/SharedFileList
0x0000000008865000 	/System/Library/Frameworks/NetFS.framework/Versions/A/NetFS
0x0000000008865000 	/System/Library/PrivateFrameworks/NetAuth.framework/Versions/A/NetAuth
0x0000000008865000 	/System/Library/PrivateFrameworks/login.framework/Versions/A/Frameworks/loginsupport.framework/Versions/A/loginsupport
0x0000000008865000 	/System/Library/PrivateFrameworks/TCC.framework/Versions/A/TCC
0x0000000008865000 	/usr/lib/libmecabra.dylib
0x0000000008865000 	/System/Library/Frameworks/ApplicationServices.framework/Versions/A/Frameworks/ATS.framework/Versions/A/ATS
0x0000000008865000 	/System/Library/Frameworks/ApplicationServices.framework/Versions/A/Frameworks/ColorSync.framework/Versions/A/ColorSync
0x0000000008865000 	/System/Library/Frameworks/ApplicationServices.framework/Versions/A/Frameworks/HIServices.framework/Versions/A/HIServices
0x0000000008865000 	/System/Library/Frameworks/ApplicationServices.framework/Versions/A/Frameworks/LangAnalysis.framework/Versions/A/LangAnalysis
0x0000000008865000 	/System/Library/Frameworks/ApplicationServices.framework/Versions/A/Frameworks/PrintCore.framework/Versions/A/PrintCore
0x0000000008865000 	/System/Library/Frameworks/ApplicationServices.framework/Versions/A/Frameworks/QD.framework/Versions/A/QD
0x0000000008865000 	/System/Library/Frameworks/ApplicationServices.framework/Versions/A/Frameworks/SpeechSynthesis.framework/Versions/A/SpeechSynthesis
0x0000000008865000 	/System/Library/Frameworks/Accelerate.framework/Versions/A/Frameworks/vImage.framework/Versions/A/vImage
0x0000000008865000 	/System/Library/Frameworks/Accelerate.framework/Versions/A/Frameworks/vecLib.framework/Versions/A/vecLib
0x0000000008865000 	/System/Library/Frameworks/Accelerate.framework/Versions/A/Frameworks/vecLib.framework/Versions/A/libvDSP.dylib
0x0000000008865000 	/System/Library/Frameworks/Accelerate.framework/Versions/A/Frameworks/vecLib.framework/Versions/A/libBNNS.dylib
0x0000000008865000 	/System/Library/Frameworks/Accelerate.framework/Versions/A/Frameworks/vecLib.framework/Versions/A/libQuadrature.dylib
0x0000000008865000 	/System/Library/Frameworks/Accelerate.framework/Versions/A/Frameworks/vecLib.framework/Versions/A/libvMisc.dylib
0x0000000008865000 	/System/Library/Frameworks/Accelerate.framework/Versions/A/Frameworks/vecLib.framework/Versions/A/libLAPACK.dylib
0x0000000008865000 	/System/Library/Frameworks/Accelerate.framework/Versions/A/Frameworks/vecLib.framework/Versions/A/libBLAS.dylib
0x0000000008865000 	/System/Library/Frameworks/Accelerate.framework/Versions/A/Frameworks/vecLib.framework/Versions/A/libLinearAlgebra.dylib
0x0000000008865000 	/System/Library/Frameworks/Accelerate.framework/Versions/A/Frameworks/vecLib.framework/Versions/A/libSparseBLAS.dylib
0x0000000008865000 	/System/Library/Frameworks/ApplicationServices.framework/Versions/A/Frameworks/ATS.framework/Versions/A/Resources/libFontParser.dylib
0x0000000008865000 	/System/Library/Frameworks/ApplicationServices.framework/Versions/A/Frameworks/ATS.framework/Versions/A/Resources/libFontRegistry.dylib
0x0000000008865000 	/System/Library/Frameworks/ImageIO.framework/Versions/A/Resources/libJPEG.dylib
0x0000000008865000 	/System/Library/Frameworks/ImageIO.framework/Versions/A/Resources/libTIFF.dylib
0x0000000008865000 	/System/Library/Frameworks/ImageIO.framework/Versions/A/Resources/libPng.dylib
0x0000000008865000 	/System/Library/Frameworks/ImageIO.framework/Versions/A/Resources/libGIF.dylib
0x0000000008865000 	/System/Library/Frameworks/ImageIO.framework/Versions/A/Resources/libJP2.dylib
0x0000000008865000 	/System/Library/Frameworks/ImageIO.framework/Versions/A/Resources/libRadiance.dylib
0x0000000008865000 	/usr/lib/libcompression.dylib
0x0000000008865000 	/System/Library/PrivateFrameworks/AppleJPEG.framework/Versions/A/AppleJPEG
0x0000000008865000 	/usr/lib/libcups.2.dylib
0x0000000008865000 	/System/Library/Frameworks/Kerberos.framework/Versions/A/Kerberos
0x0000000008865000 	/System/Library/Frameworks/GSS.framework/Versions/A/GSS
0x0000000008865000 	/usr/lib/libresolv.9.dylib
0x0000000008865000 	/usr/lib/libiconv.2.dylib
0x0000000008865000 	/System/Library/PrivateFrameworks/Heimdal.framework/Versions/A/Heimdal
0x0000000008865000 	/usr/lib/libheimdal-asn1.dylib
0x0000000008865000 	/System/Library/Frameworks/OpenDirectory.framework/Versions/A/OpenDirectory
0x0000000008865000 	/System/Library/PrivateFrameworks/CommonAuth.framework/Versions/A/CommonAuth
0x0000000008865000 	/System/Library/Frameworks/OpenDirectory.framework/Versions/A/Frameworks/CFOpenDirectory.framework/Versions/A/CFOpenDirectory
0x0000000008865000 	/System/Library/Frameworks/SecurityFoundation.framework/Versions/A/SecurityFoundation
0x0000000008865000 	/System/Library/PrivateFrameworks/LanguageModeling.framework/Versions/A/LanguageModeling
0x0000000008865000 	/usr/lib/libmarisa.dylib
0x0000000008865000 	/usr/lib/libChineseTokenizer.dylib
0x0000000008865000 	/usr/lib/libcmph.dylib
0x0000000008865000 	/System/Library/PrivateFrameworks/CoreEmoji.framework/Versions/A/CoreEmoji
0x0000000008865000 	/System/Library/Frameworks/ServiceManagement.framework/Versions/A/ServiceManagement
0x0000000008865000 	/usr/lib/libxslt.1.dylib
0x0000000008865000 	/System/Library/Frameworks/Carbon.framework/Versions/A/Frameworks/Ink.framework/Versions/A/Ink
0x0000000008865000 	/System/Library/PrivateFrameworks/TextureIO.framework/Versions/A/TextureIO
0x0000000008865000 	/System/Library/Frameworks/Metal.framework/Versions/A/Metal
0x0000000008865000 	/usr/lib/libate.dylib
0x0000000008865000 	/System/Library/PrivateFrameworks/GPUCompiler.framework/libmetal_timestamp.dylib
0x0000000008865000 	/System/Library/Frameworks/OpenGL.framework/Versions/A/Libraries/libCoreFSCache.dylib
0x0000000008865000 	/System/Library/PrivateFrameworks/IOAccelerator.framework/Versions/A/IOAccelerator
0x0000000008865000 	/System/Library/Frameworks/CoreVideo.framework/Versions/A/CoreVideo
0x0000000008865000 	/usr/lib/libFosl_dynamic.dylib
0x0000000008865000 	/System/Library/PrivateFrameworks/MetalPerformanceShaders.framework/Versions/A/MetalPerformanceShaders
0x0000000008865000 	/System/Library/PrivateFrameworks/FaceCore.framework/Versions/A/FaceCore
0x0000000008865000 	/System/Library/Frameworks/OpenCL.framework/Versions/A/OpenCL
0x0000000008865000 	/System/Library/Frameworks/OpenGL.framework/Versions/A/Libraries/libGLU.dylib
0x0000000008865000 	/System/Library/Frameworks/OpenGL.framework/Versions/A/Libraries/libGFXShared.dylib
0x0000000008865000 	/System/Library/Frameworks/OpenGL.framework/Versions/A/Libraries/libGL.dylib
0x0000000008865000 	/System/Library/Frameworks/OpenGL.framework/Versions/A/Libraries/libGLImage.dylib
0x0000000008865000 	/System/Library/Frameworks/OpenGL.framework/Versions/A/Libraries/libCVMSPluginSupport.dylib
0x0000000008865000 	/System/Library/Frameworks/OpenGL.framework/Versions/A/Libraries/libCoreVMClient.dylib
0x0000000008865000 	/System/Library/PrivateFrameworks/CrashReporterSupport.framework/Versions/A/CrashReporterSupport
0x0000000008865000 	/System/Library/PrivateFrameworks/Sharing.framework/Versions/A/Sharing
0x0000000008865000 	/System/Library/PrivateFrameworks/IconServices.framework/Versions/A/IconServices
0x0000000008865000 	/System/Library/PrivateFrameworks/ProtocolBuffer.framework/Versions/A/ProtocolBuffer
0x0000000008865000 	/System/Library/PrivateFrameworks/Apple80211.framework/Versions/A/Apple80211
0x0000000008865000 	/System/Library/Frameworks/CoreWLAN.framework/Versions/A/CoreWLAN
0x0000000008865000 	/System/Library/PrivateFrameworks/CoreUtils.framework/Versions/A/CoreUtils
0x0000000008865000 	/System/Library/Frameworks/IOBluetooth.framework/Versions/A/IOBluetooth
0x0000000008865000 	/System/Library/PrivateFrameworks/CoreWiFi.framework/Versions/A/CoreWiFi
0x0000000008865000 	/System/Library/Frameworks/CoreBluetooth.framework/Versions/A/CoreBluetooth
0x0000000008865000 	/System/Library/Frameworks/CoreDisplay.framework/Versions/A/CoreDisplay
0x0000000008865000 	/System/Library/PrivateFrameworks/IOPresentment.framework/Versions/A/IOPresentment
0x0000000008865000 	/System/Library/PrivateFrameworks/DSExternalDisplay.framework/Versions/A/DSExternalDisplay
0x0000000008865000 	/System/Library/PrivateFrameworks/DebugSymbols.framework/Versions/A/DebugSymbols
0x0000000008865000 	/System/Library/PrivateFrameworks/CoreSymbolication.framework/Versions/A/CoreSymbolication
0x0000000008865000 	/System/Library/PrivateFrameworks/Symbolication.framework/Versions/A/Symbolication
0x0000000008865000 	/System/Library/PrivateFrameworks/AppleFSCompression.framework/Versions/A/AppleFSCompression
0x0000000008865000 	/System/Library/PrivateFrameworks/SpeechRecognitionCore.framework/Versions/A/SpeechRecognitionCore
0x0000000008865000 	/System/Library/PrivateFrameworks/ChunkingLibrary.framework/Versions/A/ChunkingLibrary
0x000000010e27c000 	/Library/Java/JavaVirtualMachines/jdk1.8.0_144.jdk/Contents/Home/jre/lib/server/libjvm.dylib
0x0000000008865000 	/usr/lib/libstdc++.6.dylib
0x000000010f223000 	/Library/Java/JavaVirtualMachines/jdk1.8.0_144.jdk/Contents/Home/jre/lib/libverify.dylib
0x000000010f231000 	/Library/Java/JavaVirtualMachines/jdk1.8.0_144.jdk/Contents/Home/jre/lib/libjava.dylib
0x000000010f270000 	/Library/Java/JavaVirtualMachines/jdk1.8.0_144.jdk/Contents/Home/jre/lib/libzip.dylib
0x00000001123f2000 	/System/Library/Frameworks/JavaVM.framework/Frameworks/JavaRuntimeSupport.framework/JavaRuntimeSupport
0x000000011240c000 	/System/Library/Frameworks/JavaVM.framework/Versions/A/Frameworks/JavaNativeFoundation.framework/Versions/A/JavaNativeFoundation
0x000000010f3ec000 	/System/Library/Frameworks/JavaVM.framework/Versions/A/JavaVM
0x0000000008865000 	/System/Library/Frameworks/Carbon.framework/Versions/A/Carbon
0x0000000112421000 	/System/Library/PrivateFrameworks/JavaLaunching.framework/Versions/A/JavaLaunching
0x0000000008865000 	/System/Library/Frameworks/Carbon.framework/Versions/A/Frameworks/CommonPanels.framework/Versions/A/CommonPanels
0x0000000008865000 	/System/Library/Frameworks/Carbon.framework/Versions/A/Frameworks/Help.framework/Versions/A/Help
0x0000000008865000 	/System/Library/Frameworks/Carbon.framework/Versions/A/Frameworks/ImageCapture.framework/Versions/A/ImageCapture
0x0000000008865000 	/System/Library/Frameworks/Carbon.framework/Versions/A/Frameworks/OpenScripting.framework/Versions/A/OpenScripting
0x0000000008865000 	/System/Library/Frameworks/Carbon.framework/Versions/A/Frameworks/Print.framework/Versions/A/Print
0x0000000008865000 	/System/Library/Frameworks/Carbon.framework/Versions/A/Frameworks/SecurityHI.framework/Versions/A/SecurityHI
0x000000011248b000 	/Library/Java/JavaVirtualMachines/jdk1.8.0_144.jdk/Contents/Home/jre/lib/libawt.dylib
0x0000000112533000 	/Library/Java/JavaVirtualMachines/jdk1.8.0_144.jdk/Contents/Home/jre/lib/./libmlib_image.dylib
0x00000001125ff000 	/Library/Java/JavaVirtualMachines/jdk1.8.0_144.jdk/Contents/Home/jre/lib/libawt_lwawt.dylib
0x00000001126b6000 	/Library/Java/JavaVirtualMachines/jdk1.8.0_144.jdk/Contents/Home/jre/lib/./libosxapp.dylib
0x0000000008865000 	/System/Library/Frameworks/ExceptionHandling.framework/Versions/A/ExceptionHandling
0x0000000008865000 	/System/Library/PrivateFrameworks/CoreServicesInternal.framework/Versions/A/CoreServicesInternal
0x0000000008865000 	/System/Library/CoreServices/RawCamera.bundle/Contents/MacOS/RawCamera
0x0000000008865000 	/System/Library/Frameworks/Accelerate.framework/Versions/A/Frameworks/vImage.framework/Versions/A/Libraries/libCGInterfaces.dylib
0x0000000008865000 	/System/Library/Frameworks/ApplicationServices.framework/Versions/A/Frameworks/ATS.framework/Versions/A/Resources/libTrueTypeScaler.dylib
0x0000000128d61000 	/System/Library/Frameworks/OpenGL.framework/Resources/GLEngine.bundle/GLEngine
0x0000000008865000 	/System/Library/Frameworks/OpenGL.framework/Versions/A/Libraries/libGLProgrammability.dylib
0x0000000128f46000 	/System/Library/Extensions/AppleIntelBDWGraphicsGLDriver.bundle/Contents/MacOS/AppleIntelBDWGraphicsGLDriver
0x0000000008865000 	/System/Library/PrivateFrameworks/GPUSupport.framework/Versions/A/Libraries/libGPUSupportMercury.dylib
0x00000001296b0000 	/System/Library/Frameworks/OpenGL.framework/Resources//GLRendererFloat.bundle/GLRendererFloat
0x0000000008865000 	/System/Library/Frameworks/OpenCL.framework/Versions/A/Libraries/libcldcpuengine.dylib
0x0000000008865000 	/usr/lib/libcrypto.0.9.8.dylib
0x0000000008865000 	/System/Library/PrivateFrameworks/TrustEvaluationAgent.framework/Versions/A/TrustEvaluationAgent
0x00000001296e4000 	/System/Library/Extensions/AppleIntelBDWGraphicsMTLDriver.bundle/Contents/MacOS/AppleIntelBDWGraphicsMTLDriver
0x0000000008865000 	/System/Library/PrivateFrameworks/FamilyControls.framework/Versions/A/FamilyControls
0x0000000008865000 	/System/Library/PrivateFrameworks/CommerceKit.framework/Versions/A/Frameworks/CommerceCore.framework/Versions/A/CommerceCore
0x0000000008865000 	/System/Library/PrivateFrameworks/SystemAdministration.framework/Versions/A/SystemAdministration
0x0000000008865000 	/System/Library/PrivateFrameworks/AppContainer.framework/Versions/A/AppContainer
0x0000000008865000 	/System/Library/PrivateFrameworks/SecCodeWrapper.framework/Versions/A/SecCodeWrapper
0x0000000008865000 	/System/Library/Frameworks/DirectoryService.framework/Versions/A/DirectoryService
0x0000000008865000 	/System/Library/PrivateFrameworks/DiskImages.framework/Versions/A/DiskImages
0x0000000008865000 	/System/Library/PrivateFrameworks/LoginUIKit.framework/Versions/A/Frameworks/LoginUICore.framework/Versions/A/LoginUICore
0x0000000008865000 	/usr/lib/libCoreStorage.dylib
0x0000000008865000 	/usr/lib/libcsfde.dylib
0x0000000008865000 	/usr/lib/libodfde.dylib
0x0000000008865000 	/System/Library/Frameworks/DiscRecording.framework/Versions/A/DiscRecording
0x0000000008865000 	/usr/lib/libcurl.4.dylib
0x0000000008865000 	/System/Library/PrivateFrameworks/MediaKit.framework/Versions/A/MediaKit
0x0000000008865000 	/System/Library/PrivateFrameworks/ProtectedCloudStorage.framework/Versions/A/ProtectedCloudStorage
0x0000000008865000 	/System/Library/PrivateFrameworks/EFILogin.framework/Versions/A/EFILogin
0x0000000008865000 	/usr/lib/libutil.dylib
0x0000000008865000 	/System/Library/Frameworks/LDAP.framework/Versions/A/LDAP
0x0000000008865000 	/usr/lib/libsasl2.2.dylib
0x0000000008865000 	/System/Library/PrivateFrameworks/CoreDaemon.framework/Versions/B/CoreDaemon
0x0000000008865000 	/System/Library/PrivateFrameworks/AppleSRP.framework/Versions/A/AppleSRP
0x0000000008865000 	/System/Library/PrivateFrameworks/APFS.framework/Versions/A/APFS
0x000000012ae9c000 	/Library/Java/JavaVirtualMachines/jdk1.8.0_144.jdk/Contents/Home/jre/lib/libfontmanager.dylib
0x000000012af03000 	/Users/kis/Desktop/workspace/AnalogGame/Lib/Native/macosx/liblwjgl.dylib
0x000000011293f000 	/Library/Java/JavaVirtualMachines/jdk1.8.0_144.jdk/Contents/Home/jre/lib/libjawt.dylib
0x0000000008865000 	/System/Library/PrivateFrameworks/ViewBridge.framework/Versions/A/ViewBridge
0x0000000008865000 	/System/Library/PrivateFrameworks/XPCService.framework/Versions/A/XPCService
0x0000000008865000 	/System/Library/PrivateFrameworks/AppSandbox.framework/Versions/A/AppSandbox
0x0000000008865000 	/usr/lib/libsandbox.1.dylib
0x0000000008865000 	/usr/lib/libMatch.1.dylib
0x000000012c6f7000 	/Library/Java/JavaVirtualMachines/jdk1.8.0_144.jdk/Contents/Home/jre/lib/libnio.dylib
0x000000012c707000 	/Library/Java/JavaVirtualMachines/jdk1.8.0_144.jdk/Contents/Home/jre/lib/./libnet.dylib
0x000000012c766000 	/Library/Java/JavaVirtualMachines/jdk1.8.0_144.jdk/Contents/Home/jre/lib/libjpeg.dylib

VM Arguments:
jvm_args: -Djava.library.path=/Users/kis/Desktop/workspace/AnalogGame/Lib/Native/macosx -Dfile.encoding=UTF-8 
java_command: AnalogGame
java_class_path (initial): /Users/kis/Desktop/workspace/AnalogGame/bin:/Users/kis/Desktop/workspace/AnalogGame/Lib/Jars/slick.jar:/Users/kis/Desktop/workspace/AnalogGame/Lib/Jars/lwjgl.jar
Launcher Type: SUN_STANDARD

Environment Variables:
PATH=/usr/bin:/bin:/usr/sbin:/sbin
SHELL=/bin/bash

Signal Handlers:
SIGSEGV: [libjvm.dylib+0x5b26e5], sa_mask[0]=11111111011111110111111111111111, sa_flags=SA_ONSTACK|SA_RESTART|SA_SIGINFO
SIGBUS: [libjvm.dylib+0x5b26e5], sa_mask[0]=11111111011111110111111111111111, sa_flags=SA_RESTART|SA_SIGINFO
SIGFPE: [libjvm.dylib+0x489100], sa_mask[0]=11111111011111110111111111111111, sa_flags=SA_RESTART|SA_SIGINFO
SIGPIPE: [libjvm.dylib+0x489100], sa_mask[0]=11111111011111110111111111111111, sa_flags=SA_RESTART|SA_SIGINFO
SIGXFSZ: [libjvm.dylib+0x489100], sa_mask[0]=11111111011111110111111111111111, sa_flags=SA_RESTART|SA_SIGINFO
SIGILL: [libjvm.dylib+0x489100], sa_mask[0]=11111111011111110111111111111111, sa_flags=SA_RESTART|SA_SIGINFO
SIGUSR1: SIG_DFL, sa_mask[0]=00000000000000000000000000000000, sa_flags=none
SIGUSR2: [libjvm.dylib+0x488c1e], sa_mask[0]=00100000000000000000000000000000, sa_flags=SA_RESTART|SA_SIGINFO
SIGHUP: [libjvm.dylib+0x4871f5], sa_mask[0]=11111111011111110111111111111111, sa_flags=SA_RESTART|SA_SIGINFO
SIGINT: [libjvm.dylib+0x4871f5], sa_mask[0]=11111111011111110111111111111111, sa_flags=SA_RESTART|SA_SIGINFO
SIGTERM: [libjvm.dylib+0x4871f5], sa_mask[0]=11111111011111110111111111111111, sa_flags=SA_RESTART|SA_SIGINFO
SIGQUIT: [libjvm.dylib+0x4871f5], sa_mask[0]=11111111011111110111111111111111, sa_flags=SA_RESTART|SA_SIGINFO


---------------  S Y S T E M  ---------------

OS:Bsduname:Darwin 16.7.0 Darwin Kernel Version 16.7.0: Thu Jun 15 17:36:27 PDT 2017; root:xnu-3789.70.16~2/RELEASE_X86_64 x86_64
rlimit: STACK 8192k, CORE 0k, NPROC 709, NOFILE 10240, AS infinity
load average:1.48 1.57 1.69

CPU:total 4 (initial active 4) (2 cores per cpu, 2 threads per core) family 6 model 61 stepping 4, cmov, cx8, fxsr, mmx, sse, sse2, sse3, ssse3, sse4.1, sse4.2, popcnt, avx, avx2, aes, clmul, erms, 3dnowpref, lzcnt, ht, tsc, tscinvbit, bmi1, bmi2, adx

Memory: 4k page, physical 8388608k(481316k free)

/proc/meminfo:


vm_info: Java HotSpot(TM) 64-Bit Server VM (25.144-b01) for bsd-amd64 JRE (1.8.0_144-b01), built on Jul 21 2017 22:07:42 by "java_re" with gcc 4.2.1 (Based on Apple Inc. build 5658) (LLVM build 2336.11.00)

time: Wed May  2 17:00:08 2018
elapsed time: 5 seconds (0d 0h 0m 5s)

