#
# A fatal error has been detected by the Java Runtime Environment:
#
#  SIGSEGV (0xb) at pc=0x00007fffdd5bad08, pid=38518, tid=0x0000000000000307
#
# JRE version: Java(TM) SE Runtime Environment (8.0_144-b01) (build 1.8.0_144-b01)
# Java VM: Java HotSpot(TM) 64-Bit Server VM (25.144-b01 mixed mode bsd-amd64 compressed oops)
# Problematic frame:
# C  [libobjc.A.dylib+0xbd08]  objc_storeWeak+0x16e
#
# Failed to write core dump. Core dumps have been disabled. To enable core dumping, try "ulimit -c unlimited" before starting Java again
#
# If you would like to submit a bug report, please visit:
#   http://bugreport.java.com/bugreport/crash.jsp
# The crash happened outside the Java Virtual Machine in native code.
# See problematic frame for where to report the bug.
#

---------------  T H R E A D  ---------------

Current thread (0x00007f89d38a5800):  JavaThread "AppKit Thread" daemon [_thread_in_native, id=775, stack(0x00007fff584cb000,0x00007fff58ccb000)]

siginfo: si_signo: 11 (SIGSEGV), si_code: 1 (SEGV_MAPERR), si_addr: 0x0000000000000000

Registers:
RAX=0x00007f89d2805600, RBX=0x00007fffe6d13480, RCX=0x0000000000000000, RDX=0x00007ffffffffff8
RSP=0x00007fff58cc5700, RBP=0x00007fff58cc5780, RSI=0x00007f89d2805800, RDI=0x00007fffe6d13480
R8 =0x000000000000003f, R9 =0x00007f89d1c77fd0, R10=0x0000000000000012, R11=0x00007f89d38bad20
R12=0x00007fffe6d13800, R13=0x0000000000000000, R14=0x00007f89d1c8de10, R15=0x0000000000000000
RIP=0x00007fffdd5bad08, EFLAGS=0x0000000000010206, ERR=0x0000000000000004
  TRAPNO=0x000000000000000e

Top of Stack: (sp=0x00007fff58cc5700)
0x00007fff58cc5700:   0000000000000000 00007f89d1c8e6a8
0x00007fff58cc5710:   ffff80762e388030 0000000000000380
0x00007fff58cc5720:   00007fffe6c5d630 0000000000000000
0x00007fff58cc5730:   00007fffe6d13800 00007f89d1c8de10
0x00007fff58cc5740:   0000000000000000 00007f89d1c8e728
0x00007fff58cc5750:   0000000000000007 00007f89d1c77fd0
0x00007fff58cc5760:   0000000000000000 00007f89d1c77fd0
0x00007fff58cc5770:   00007f89d1c8e550 00007f89d1c8de10
0x00007fff58cc5780:   00007fff58cc57c0 00007fffca12aacf
0x00007fff58cc5790:   00007fff58cc57c0 0000000000000000
0x00007fff58cc57a0:   00007f89d1c8de10 00007fffc6e5f006
0x00007fff58cc57b0:   00007f89d1c77fd0 00007fffdd5b6040
0x00007fff58cc57c0:   00007fff58cc57f0 00007fffc64f76fb
0x00007fff58cc57d0:   00007fffdd5b6040 00007fff58cc5878
0x00007fff58cc57e0:   00007fffc6ea2759 00007fffdd5b6040
0x00007fff58cc57f0:   00007fff58cc5830 00007fffc68c4c73
0x00007fff58cc5800:   0000000000000000 0000000000000000
0x00007fff58cc5810:   0000000000000094 00007fffc6e8517f
0x00007fff58cc5820:   00007fff58cc5878 0000000000000001
0x00007fff58cc5830:   00007fff58cc5860 00007fffc634ed48
0x00007fff58cc5840:   0000000000000000 00007f89d1c8de10
0x00007fff58cc5850:   00007f89d1c77fd0 0000000000000000
0x00007fff58cc5860:   00007fff58cc58c0 00007fffc64f7538
0x00007fff58cc5870:   0000000000000000 00007fffe6da6060
0x00007fff58cc5880:   00000000c2000000 00007fffc68c4b84
0x00007fff58cc5890:   00007fffe2e72cf0 0000000000000000
0x00007fff58cc58a0:   00007f89d1c8de10 00007f89d1c77fd0
0x00007fff58cc58b0:   00007f89d1c77fd0 00007f89d1c8de10
0x00007fff58cc58c0:   00007fff58cc58f0 0000000123c37586
0x00007fff58cc58d0:   00007f89d1c77fd0 0000000123c6bc60
0x00007fff58cc58e0:   00007f89d1f2d020 00007f89d1f2d020
0x00007fff58cc58f0:   00007fff58cc5e60 00007fffc6371e7b 

Instructions: (pc=0x00007fffdd5bad08)
0x00007fffdd5bace8:   eb 07 48 8b 45 a0 48 8b 30 48 8b 45 c0 48 39 c6
0x00007fffdd5bacf8:   74 2a 48 8b 46 20 48 89 c1 48 21 d1 48 8b 49 08
0x00007fffdd5bad08:   f6 01 01 75 0a 48 8b 06 48 21 d0 48 8b 40 20 48
0x00007fffdd5bad18:   21 d0 f6 40 03 20 0f 84 f8 fe ff ff 49 c1 e5 06 

Register to memory mapping:

RAX=0x00007f89d2805600 is an unknown value
RBX=0x00007fffe6d13480: _ZN12_GLOBAL__N_1L12SideTableBufE+0 in /usr/lib/libobjc.A.dylib at 0x00007fffdd5af000
RCX=0x0000000000000000 is an unknown value
RDX=0x00007ffffffffff8 is an unknown value
RSP=0x00007fff58cc5700 is pointing into the stack for thread: 0x00007f89d38a5800
RBP=0x00007fff58cc5780 is pointing into the stack for thread: 0x00007f89d38a5800
RSI=0x00007f89d2805800 is a thread
RDI=0x00007fffe6d13480: _ZN12_GLOBAL__N_1L12SideTableBufE+0 in /usr/lib/libobjc.A.dylib at 0x00007fffdd5af000
R8 =0x000000000000003f is an unknown value
R9 =0x00007f89d1c77fd0 is an unknown value
R10=0x0000000000000012 is an unknown value
R11=0x00007f89d38bad20 is an unknown value
R12=0x00007fffe6d13800: _ZN12_GLOBAL__N_1L12SideTableBufE+0x380 in /usr/lib/libobjc.A.dylib at 0x00007fffdd5af000
R13=0x0000000000000000 is an unknown value
R14=0x00007f89d1c8de10 is an unknown value
R15=0x0000000000000000 is an unknown value


Stack: [0x00007fff584cb000,0x00007fff58ccb000],  sp=0x00007fff58cc5700,  free space=8169k
Native frames: (J=compiled Java code, j=interpreted, Vv=VM code, C=native code)
C  [libobjc.A.dylib+0xbd08]  objc_storeWeak+0x16e
C  [Foundation+0x17acf]  -[NSConcreteMapTable setObject:forKey:]+0x6a
C  [AppKit+0x3226fb]  -[NSView(NSOpenGLContextAssociation) _setOpenGLContext:]+0x9b
C  [AppKit+0x6efc73]  __27-[NSOpenGLContext setView:]_block_invoke+0xef
C  [AppKit+0x179d48]  NSPerformVisuallyAtomicChange+0x93
C  [AppKit+0x322538]  -[NSOpenGLContext setView:]+0x69
C  [liblwjgl.dylib+0xa586]  -[MacOSXOpenGLView lockFocus]+0x76
C  [AppKit+0x19ce7b]  -[NSView _recursiveDisplayRectIfNeededIgnoringOpacity:isVisibleRect:rectIsVisibleRectForView:topView:]+0x6ee
C  [AppKit+0x19d6d1]  -[NSView _recursiveDisplayRectIfNeededIgnoringOpacity:isVisibleRect:rectIsVisibleRectForView:topView:]+0xf44
C  [AppKit+0x19c2af]  -[NSThemeFrame _recursiveDisplayRectIfNeededIgnoringOpacity:isVisibleRect:rectIsVisibleRectForView:topView:]+0x14e
C  [AppKit+0x19a6d8]  -[NSView _displayRectIgnoringOpacity:isVisibleRect:rectIsVisibleRectForView:]+0x994
C  [AppKit+0x195fca]  -[NSView displayIfNeeded]+0x6d4
C  [AppKit+0x1958db]  -[NSWindow displayIfNeeded]+0xe6
C  [AppKit+0x8f5cb4]  ___NSWindowGetDisplayCycleObserver_block_invoke.6228+0x115
C  [AppKit+0x1953b9]  __37+[NSDisplayCycle currentDisplayCycle]_block_invoke+0x1c6
C  [QuartzCore+0x11d06]  CA::Transaction::run_commit_handlers(CATransactionPhase)+0x2e
C  [QuartzCore+0x11b8bc]  CA::Context::commit_transaction(CA::Transaction*)+0xa0
C  [QuartzCore+0x107e1]  CA::Transaction::commit()+0x1db
C  [AppKit+0x4788b1]  __37+[NSDisplayCycle currentDisplayCycle]_block_invoke.31+0x143
C  [CoreFoundation+0xa6d37]  __CFRUNLOOP_IS_CALLING_OUT_TO_AN_OBSERVER_CALLBACK_FUNCTION__+0x17
C  [CoreFoundation+0xa6ca7]  __CFRunLoopDoObservers+0x187
C  [CoreFoundation+0x876d9]  __CFRunLoopRun+0x369
C  [CoreFoundation+0x87114]  CFRunLoopRunSpecific+0x1a4
C  [HIToolbox+0x30ebc]  RunCurrentEventLoopInMode+0xf0
C  [HIToolbox+0x30bf9]  ReceiveNextEventCommon+0xb8
C  [HIToolbox+0x30b26]  _BlockUntilNextEventMatchingListInModeWithFilter+0x47
C  [AppKit+0x46a54]  _DPSNextEvent+0x460
C  [AppKit+0x7c27ee]  -[NSApplication(NSEvent) _nextEventMatchingEventMask:untilDate:inMode:dequeue:]+0xaec
C  [libosxapp.dylib+0x23aa]  -[NSApplicationAWT nextEventMatchingMask:untilDate:inMode:dequeue:]+0x7c
C  [AppKit+0x3b3db]  -[NSApplication run]+0x39e
C  [libosxapp.dylib+0x214d]  +[NSApplicationAWT runAWTLoopWithApp:]+0x9c
C  [libawt_lwawt.dylib+0x45edf]  -[AWTStarter starter:]+0x389
C  [Foundation+0x7152a]  __NSThreadPerformPerform+0x146
C  [CoreFoundation+0xa7321]  __CFRUNLOOP_IS_CALLING_OUT_TO_A_SOURCE0_PERFORM_FUNCTION__+0x11
C  [CoreFoundation+0x8821d]  __CFRunLoopDoSources0+0x22d
C  [CoreFoundation+0x87716]  __CFRunLoopRun+0x3a6
C  [CoreFoundation+0x87114]  CFRunLoopRunSpecific+0x1a4
C  [java+0x6465]  CreateExecutionEnvironment+0x367
C  [java+0x218c]  JLI_Launch+0x7a0
C  [java+0x84c2]  main+0x65
C  [java+0x19e4]  start+0x34
C  0x0000000000000006


---------------  P R O C E S S  ---------------

Java Threads: ( => current thread )
  0x00007f89d3a2f000 JavaThread "Java2D Queue Flusher" daemon [_thread_blocked, id=61251, stack(0x00007000034a7000,0x00007000035a7000)]
  0x00007f89d2161000 JavaThread "Java2D Disposer" daemon [_thread_blocked, id=58927, stack(0x00007000033a4000,0x00007000034a4000)]
  0x00007f89d3143800 JavaThread "AWT-Shutdown" [_thread_blocked, id=29471, stack(0x000070000319b000,0x000070000329b000)]
=>0x00007f89d38a5800 JavaThread "AppKit Thread" daemon [_thread_in_native, id=775, stack(0x00007fff584cb000,0x00007fff58ccb000)]
  0x00007f89d2842800 JavaThread "Service Thread" daemon [_thread_blocked, id=18691, stack(0x0000700002f12000,0x0000700003012000)]
  0x00007f89d3062000 JavaThread "C1 CompilerThread2" daemon [_thread_blocked, id=18179, stack(0x0000700002e0f000,0x0000700002f0f000)]
  0x00007f89d200a000 JavaThread "C2 CompilerThread1" daemon [_thread_blocked, id=17667, stack(0x0000700002d0c000,0x0000700002e0c000)]
  0x00007f89d2841800 JavaThread "C2 CompilerThread0" daemon [_thread_blocked, id=17155, stack(0x0000700002c09000,0x0000700002d09000)]
  0x00007f89d3056000 JavaThread "Signal Dispatcher" daemon [_thread_blocked, id=16643, stack(0x0000700002b06000,0x0000700002c06000)]
  0x00007f89d3055000 JavaThread "Finalizer" daemon [_thread_blocked, id=12547, stack(0x0000700002a03000,0x0000700002b03000)]
  0x00007f89d2812800 JavaThread "Reference Handler" daemon [_thread_blocked, id=12035, stack(0x0000700002900000,0x0000700002a00000)]
  0x00007f89d2805800 JavaThread "main" [_thread_in_native, id=7171, stack(0x00007000022ee000,0x00007000023ee000)]

Other Threads:
  0x00007f89d3052800 VMThread [stack: 0x00007000027fd000,0x00007000028fd000] [id=11523]
  0x00007f89d2859800 WatcherThread [stack: 0x0000700003015000,0x0000700003115000] [id=19203]

VM state:not at safepoint (normal execution)

VM Mutex/Monitor currently owned by a thread: None

Heap:
 PSYoungGen      total 102400K, used 13568K [0x0000000795580000, 0x000000079e900000, 0x00000007c0000000)
  eden space 97280K, 13% used [0x0000000795580000,0x00000007962a81e8,0x000000079b480000)
  from space 5120K, 1% used [0x000000079b480000,0x000000079b498000,0x000000079b980000)
  to   space 2560K, 0% used [0x000000079e680000,0x000000079e680000,0x000000079e900000)
 ParOldGen       total 210432K, used 65043K [0x0000000740000000, 0x000000074cd80000, 0x0000000795580000)
  object space 210432K, 30% used [0x0000000740000000,0x0000000743f84d78,0x000000074cd80000)
 Metaspace       used 9514K, capacity 9685K, committed 9856K, reserved 1058816K
  class space    used 1005K, capacity 1085K, committed 1152K, reserved 1048576K

Card table byte_map: [0x0000000108b70000,0x0000000108f71000] byte_map_base: 0x0000000105170000

Marking Bits: (ParMarkBitMap*) 0x00000001080f35d0
 Begin Bits: [0x000000010921c000, 0x000000010b21c000)
 End Bits:   [0x000000010b21c000, 0x000000010d21c000)

Polling page: 0x0000000106ff5000

CodeCache: size=245760Kb used=3732Kb max_used=3732Kb free=242027Kb
 bounds [0x00000001102fd000, 0x00000001106ad000, 0x000000011f2fd000]
 total_blobs=1412 nmethods=904 adapters=422
 compilation: enabled

Compilation events (10 events):
Event: 9.197 Thread 0x00007f89d200a000  898       4       java.util.HashMap::getNode (148 bytes)
Event: 9.201 Thread 0x00007f89d200a000 nmethod 898 0x000000011069b790 code [0x000000011069b900, 0x000000011069bb78]
Event: 9.317 Thread 0x00007f89d3062000  899       3       org.newdawn.slick.state.StateBasedGame::transitioning (20 bytes)
Event: 9.318 Thread 0x00007f89d3062000 nmethod 899 0x000000011069b390 code [0x000000011069b500, 0x000000011069b6f0]
Event: 9.324 Thread 0x00007f89d3062000  900       1       org.newdawn.slick.state.BasicGameState::isAcceptingInput (2 bytes)
Event: 9.325 Thread 0x00007f89d3062000 nmethod 900 0x00000001106a1050 code [0x00000001106a11a0, 0x00000001106a12b0]
Event: 9.820 Thread 0x00007f89d2841800  901  s    4       org.lwjgl.opengl.EventQueue::copyEvents (77 bytes)
Event: 9.829 Thread 0x00007f89d2841800 nmethod 901 0x00000001106a1310 code [0x00000001106a14e0, 0x00000001106a1ef8]
Event: 9.951 Thread 0x00007f89d3062000  902       3       java.awt.Point::<init> (7 bytes)
Event: 9.952 Thread 0x00007f89d3062000 nmethod 902 0x00000001106a0b50 code [0x00000001106a0cc0, 0x00000001106a0f30]

GC Heap History (10 events):
Event: 1.231 GC heap before
{Heap before GC invocations=3 (full 1):
 PSYoungGen      total 38400K, used 33280K [0x0000000795580000, 0x000000079a080000, 0x00000007c0000000)
  eden space 33280K, 100% used [0x0000000795580000,0x0000000797600000,0x0000000797600000)
  from space 5120K, 0% used [0x0000000797600000,0x0000000797600000,0x0000000797b00000)
  to   space 5120K, 0% used [0x0000000799b80000,0x0000000799b80000,0x000000079a080000)
 ParOldGen       total 120320K, used 37264K [0x0000000740000000, 0x0000000747580000, 0x0000000795580000)
  object space 120320K, 30% used [0x0000000740000000,0x00000007424641f8,0x0000000747580000)
 Metaspace       used 9270K, capacity 9397K, committed 9600K, reserved 1058816K
  class space    used 991K, capacity 1053K, committed 1152K, reserved 1048576K
Event: 1.251 GC heap after
Heap after GC invocations=3 (full 1):
 PSYoungGen      total 60928K, used 128K [0x0000000795580000, 0x0000000799c00000, 0x00000007c0000000)
  eden space 60416K, 0% used [0x0000000795580000,0x0000000795580000,0x0000000799080000)
  from space 512K, 25% used [0x0000000799b80000,0x0000000799ba0000,0x0000000799c00000)
  to   space 5120K, 0% used [0x0000000799200000,0x0000000799200000,0x0000000799700000)
 ParOldGen       total 120320K, used 106592K [0x0000000740000000, 0x0000000747580000, 0x0000000795580000)
  object space 120320K, 88% used [0x0000000740000000,0x00000007468181a8,0x0000000747580000)
 Metaspace       used 9270K, capacity 9397K, committed 9600K, reserved 1058816K
  class space    used 991K, capacity 1053K, committed 1152K, reserved 1048576K
}
Event: 1.251 GC heap before
{Heap before GC invocations=4 (full 2):
 PSYoungGen      total 60928K, used 128K [0x0000000795580000, 0x0000000799c00000, 0x00000007c0000000)
  eden space 60416K, 0% used [0x0000000795580000,0x0000000795580000,0x0000000799080000)
  from space 512K, 25% used [0x0000000799b80000,0x0000000799ba0000,0x0000000799c00000)
  to   space 5120K, 0% used [0x0000000799200000,0x0000000799200000,0x0000000799700000)
 ParOldGen       total 120320K, used 106592K [0x0000000740000000, 0x0000000747580000, 0x0000000795580000)
  object space 120320K, 88% used [0x0000000740000000,0x00000007468181a8,0x0000000747580000)
 Metaspace       used 9270K, capacity 9397K, committed 9600K, reserved 1058816K
  class space    used 991K, capacity 1053K, committed 1152K, reserved 1048576K
Event: 1.258 GC heap after
Heap after GC invocations=4 (full 2):
 PSYoungGen      total 60928K, used 0K [0x0000000795580000, 0x0000000799c00000, 0x00000007c0000000)
  eden space 60416K, 0% used [0x0000000795580000,0x0000000795580000,0x0000000799080000)
  from space 512K, 0% used [0x0000000799b80000,0x0000000799b80000,0x0000000799c00000)
  to   space 5120K, 0% used [0x0000000799200000,0x0000000799200000,0x0000000799700000)
 ParOldGen       total 210432K, used 65027K [0x0000000740000000, 0x000000074cd80000, 0x0000000795580000)
  object space 210432K, 30% used [0x0000000740000000,0x0000000743f80d78,0x000000074cd80000)
 Metaspace       used 9270K, capacity 9397K, committed 9600K, reserved 1058816K
  class space    used 991K, capacity 1053K, committed 1152K, reserved 1048576K
}
Event: 1.336 GC heap before
{Heap before GC invocations=5 (full 2):
 PSYoungGen      total 60928K, used 60416K [0x0000000795580000, 0x0000000799c00000, 0x00000007c0000000)
  eden space 60416K, 100% used [0x0000000795580000,0x0000000799080000,0x0000000799080000)
  from space 512K, 0% used [0x0000000799b80000,0x0000000799b80000,0x0000000799c00000)
  to   space 5120K, 0% used [0x0000000799200000,0x0000000799200000,0x0000000799700000)
 ParOldGen       total 210432K, used 65027K [0x0000000740000000, 0x000000074cd80000, 0x0000000795580000)
  object space 210432K, 30% used [0x0000000740000000,0x0000000743f80d78,0x000000074cd80000)
 Metaspace       used 9271K, capacity 9397K, committed 9600K, reserved 1058816K
  class space    used 991K, capacity 1053K, committed 1152K, reserved 1048576K
Event: 1.337 GC heap after
Heap after GC invocations=5 (full 2):
 PSYoungGen      total 67072K, used 0K [0x0000000795580000, 0x000000079c080000, 0x00000007c0000000)
  eden space 61952K, 0% used [0x0000000795580000,0x0000000795580000,0x0000000799200000)
  from space 5120K, 0% used [0x0000000799200000,0x0000000799200000,0x0000000799700000)
  to   space 5120K, 0% used [0x000000079bb80000,0x000000079bb80000,0x000000079c080000)
 ParOldGen       total 210432K, used 65027K [0x0000000740000000, 0x000000074cd80000, 0x0000000795580000)
  object space 210432K, 30% used [0x0000000740000000,0x0000000743f80d78,0x000000074cd80000)
 Metaspace       used 9271K, capacity 9397K, committed 9600K, reserved 1058816K
  class space    used 991K, capacity 1053K, committed 1152K, reserved 1048576K
}
Event: 3.253 GC heap before
{Heap before GC invocations=6 (full 2):
 PSYoungGen      total 67072K, used 61952K [0x0000000795580000, 0x000000079c080000, 0x00000007c0000000)
  eden space 61952K, 100% used [0x0000000795580000,0x0000000799200000,0x0000000799200000)
  from space 5120K, 0% used [0x0000000799200000,0x0000000799200000,0x0000000799700000)
  to   space 5120K, 0% used [0x000000079bb80000,0x000000079bb80000,0x000000079c080000)
 ParOldGen       total 210432K, used 65027K [0x0000000740000000, 0x000000074cd80000, 0x0000000795580000)
  object space 210432K, 30% used [0x0000000740000000,0x0000000743f80d78,0x000000074cd80000)
 Metaspace       used 9491K, capacity 9685K, committed 9856K, reserved 1058816K
  class space    used 1004K, capacity 1085K, committed 1152K, reserved 1048576K
Event: 3.255 GC heap after
Heap after GC invocations=6 (full 2):
 PSYoungGen      total 100352K, used 128K [0x0000000795580000, 0x000000079be80000, 0x00000007c0000000)
  eden space 97280K, 0% used [0x0000000795580000,0x0000000795580000,0x000000079b480000)
  from space 3072K, 4% used [0x000000079bb80000,0x000000079bba0000,0x000000079be80000)
  to   space 5120K, 0% used [0x000000079b480000,0x000000079b480000,0x000000079b980000)
 ParOldGen       total 210432K, used 65035K [0x0000000740000000, 0x000000074cd80000, 0x0000000795580000)
  object space 210432K, 30% used [0x0000000740000000,0x0000000743f82d78,0x000000074cd80000)
 Metaspace       used 9491K, capacity 9685K, committed 9856K, reserved 1058816K
  class space    used 1004K, capacity 1085K, committed 1152K, reserved 1048576K
}
Event: 9.213 GC heap before
{Heap before GC invocations=7 (full 2):
 PSYoungGen      total 100352K, used 97408K [0x0000000795580000, 0x000000079be80000, 0x00000007c0000000)
  eden space 97280K, 100% used [0x0000000795580000,0x000000079b480000,0x000000079b480000)
  from space 3072K, 4% used [0x000000079bb80000,0x000000079bba0000,0x000000079be80000)
  to   space 5120K, 0% used [0x000000079b480000,0x000000079b480000,0x000000079b980000)
 ParOldGen       total 210432K, used 65035K [0x0000000740000000, 0x000000074cd80000, 0x0000000795580000)
  object space 210432K, 30% used [0x0000000740000000,0x0000000743f82d78,0x000000074cd80000)
 Metaspace       used 9507K, capacity 9685K, committed 9856K, reserved 1058816K
  class space    used 1004K, capacity 1085K, committed 1152K, reserved 1048576K
Event: 9.214 GC heap after
Heap after GC invocations=7 (full 2):
 PSYoungGen      total 102400K, used 96K [0x0000000795580000, 0x000000079e900000, 0x00000007c0000000)
  eden space 97280K, 0% used [0x0000000795580000,0x0000000795580000,0x000000079b480000)
  from space 5120K, 1% used [0x000000079b480000,0x000000079b498000,0x000000079b980000)
  to   space 2560K, 0% used [0x000000079e680000,0x000000079e680000,0x000000079e900000)
 ParOldGen       total 210432K, used 65043K [0x0000000740000000, 0x000000074cd80000, 0x0000000795580000)
  object space 210432K, 30% used [0x0000000740000000,0x0000000743f84d78,0x000000074cd80000)
 Metaspace       used 9507K, capacity 9685K, committed 9856K, reserved 1058816K
  class space    used 1004K, capacity 1085K, committed 1152K, reserved 1048576K
}

Deoptimization events (9 events):
Event: 0.566 Thread 0x00007f89d2805800 Uncommon trap: reason=unstable_if action=reinterpret pc=0x000000011049e8c0 method=java.lang.String.replace(CC)Ljava/lang/String; @ 26
Event: 0.847 Thread 0x00007f89d2805800 Uncommon trap: reason=unstable_if action=reinterpret pc=0x00000001104a8238 method=java.lang.String.indexOf([CII[CIII)I @ 3
Event: 1.180 Thread 0x00007f89d2805800 Uncommon trap: reason=unstable_if action=reinterpret pc=0x0000000110583498 method=sun.java2d.loops.OpaqueCopyAnyToArgb.Blit(Lsun/java2d/SurfaceData;Lsun/java2d/SurfaceData;Ljava/awt/Composite;Lsun/java2d/pipe/Region;IIIIII)V @ 150
Event: 1.383 Thread 0x00007f89d2805800 Uncommon trap: reason=unstable_if action=reinterpret pc=0x00000001105927f8 method=sun.java2d.loops.OpaqueCopyArgbToAny.Blit(Lsun/java2d/SurfaceData;Lsun/java2d/SurfaceData;Ljava/awt/Composite;Lsun/java2d/pipe/Region;IIIIII)V @ 159
Event: 1.383 Thread 0x00007f89d2805800 Uncommon trap: reason=unstable_if action=reinterpret pc=0x00000001105952a4 method=java.awt.image.ComponentColorModel.getDataElements(ILjava/lang/Object;)Ljava/lang/Object; @ 2993
Event: 1.384 Thread 0x00007f89d2805800 Uncommon trap: reason=unstable_if action=reinterpret pc=0x0000000110574528 method=sun.awt.image.ByteInterleavedRaster.getDataElements(IILjava/lang/Object;)Ljava/lang/Object; @ 43
Event: 2.839 Thread 0x00007f89d2805800 Uncommon trap: reason=unstable_if action=reinterpret pc=0x00000001105f573c method=java.lang.Math.max(FF)F @ 11
Event: 2.839 Thread 0x00007f89d2805800 Uncommon trap: reason=unstable_if action=reinterpret pc=0x00000001105e8d24 method=java.lang.Math.min(FF)F @ 11
Event: 2.839 Thread 0x00007f89d2805800 Uncommon trap: reason=unstable_if action=reinterpret pc=0x00000001105e9228 method=java.lang.Math.max(FF)F @ 11

Internal exceptions (10 events):
Event: 0.232 Thread 0x00007f89d2805800 Exception <a 'java/security/PrivilegedActionException'> (0x00000007957bd210) thrown at [/Users/java_re/workspace/8-2-build-macosx-x86_64/jdk8u144/9417/hotspot/src/share/vm/prims/jvm.cpp, line 1390]
Event: 0.233 Thread 0x00007f89d2805800 Exception <a 'java/security/PrivilegedActionException'> (0x00000007957c0728) thrown at [/Users/java_re/workspace/8-2-build-macosx-x86_64/jdk8u144/9417/hotspot/src/share/vm/prims/jvm.cpp, line 1390]
Event: 0.233 Thread 0x00007f89d2805800 Exception <a 'java/security/PrivilegedActionException'> (0x00000007957c0938) thrown at [/Users/java_re/workspace/8-2-build-macosx-x86_64/jdk8u144/9417/hotspot/src/share/vm/prims/jvm.cpp, line 1390]
Event: 0.341 Thread 0x00007f89d2805800 Exception <a 'java/lang/NoSuchFieldError': method resolution failed> (0x000000079588e4d8) thrown at [/Users/java_re/workspace/8-2-build-macosx-x86_64/jdk8u144/9417/hotspot/src/share/vm/prims/methodHandles.cpp, line 1146]
Event: 0.344 Thread 0x00007f89d2805800 Exception <a 'java/lang/NoSuchFieldError': method resolution failed> (0x000000079589bc28) thrown at [/Users/java_re/workspace/8-2-build-macosx-x86_64/jdk8u144/9417/hotspot/src/share/vm/prims/methodHandles.cpp, line 1146]
Event: 0.532 Thread 0x00007f89d2805800 Exception <a 'java/io/FileNotFoundException'> (0x00000007959165c0) thrown at [/Users/java_re/workspace/8-2-build-macosx-x86_64/jdk8u144/9417/hotspot/src/share/vm/prims/jni.cpp, line 709]
Event: 0.532 Thread 0x00007f89d2805800 Exception <a 'java/io/FileNotFoundException'> (0x0000000795917110) thrown at [/Users/java_re/workspace/8-2-build-macosx-x86_64/jdk8u144/9417/hotspot/src/share/vm/prims/jni.cpp, line 709]
Event: 0.823 Thread 0x00007f89d2805800 Exception <a 'java/lang/NoClassDefFoundError': net/java/games/input/ControllerEnvironment> (0x0000000795d93c80) thrown at [/Users/java_re/workspace/8-2-build-macosx-x86_64/jdk8u144/9417/hotspot/src/share/vm/classfile/systemDictionary.cpp, line 199]
Event: 1.383 Thread 0x00007f89d2805800 Implicit null exception at 0x0000000110594d15 to 0x0000000110595289
Event: 1.384 Thread 0x00007f89d2805800 Implicit null exception at 0x00000001105742de to 0x000000011057450d

Events (10 events):
Event: 2.839 Thread 0x00007f89d2805800 DEOPT PACKING pc=0x00000001105e9228 sp=0x00007000023ed2d0
Event: 2.839 Thread 0x00007f89d2805800 DEOPT UNPACKING pc=0x0000000110302229 sp=0x00007000023ed298 mode 2
Event: 3.253 Executing VM operation: ParallelGCFailedAllocation
Event: 3.255 Executing VM operation: ParallelGCFailedAllocation done
Event: 4.158 Executing VM operation: EnableBiasedLocking
Event: 4.158 Executing VM operation: EnableBiasedLocking done
Event: 9.213 Executing VM operation: ParallelGCFailedAllocation
Event: 9.214 Executing VM operation: ParallelGCFailedAllocation done
Event: 9.963 loading class org/lwjgl/opengl/CallbackUtil
Event: 9.963 loading class org/lwjgl/opengl/CallbackUtil done


Dynamic libraries:
0x0000000053324000 	/System/Library/Frameworks/Cocoa.framework/Versions/A/Cocoa
0x0000000053324000 	/System/Library/Frameworks/Security.framework/Versions/A/Security
0x0000000053324000 	/System/Library/Frameworks/ApplicationServices.framework/Versions/A/ApplicationServices
0x0000000053324000 	/usr/lib/libz.1.dylib
0x0000000053324000 	/usr/lib/libSystem.B.dylib
0x0000000053324000 	/usr/lib/libobjc.A.dylib
0x0000000053324000 	/System/Library/Frameworks/CoreFoundation.framework/Versions/A/CoreFoundation
0x0000000053324000 	/System/Library/Frameworks/Foundation.framework/Versions/C/Foundation
0x0000000053324000 	/System/Library/Frameworks/AppKit.framework/Versions/C/AppKit
0x0000000053324000 	/System/Library/Frameworks/CoreData.framework/Versions/A/CoreData
0x0000000053324000 	/System/Library/PrivateFrameworks/RemoteViewServices.framework/Versions/A/RemoteViewServices
0x0000000053324000 	/System/Library/PrivateFrameworks/UIFoundation.framework/Versions/A/UIFoundation
0x0000000053324000 	/System/Library/PrivateFrameworks/DFRFoundation.framework/Versions/A/DFRFoundation
0x0000000053324000 	/usr/lib/libenergytrace.dylib
0x0000000053324000 	/System/Library/PrivateFrameworks/SkyLight.framework/Versions/A/SkyLight
0x0000000053324000 	/System/Library/Frameworks/CoreGraphics.framework/Versions/A/CoreGraphics
0x0000000053324000 	/usr/lib/libScreenReader.dylib
0x0000000053324000 	/System/Library/Frameworks/Accelerate.framework/Versions/A/Accelerate
0x0000000053324000 	/System/Library/Frameworks/IOSurface.framework/Versions/A/IOSurface
0x0000000053324000 	/System/Library/Frameworks/AudioToolbox.framework/Versions/A/AudioToolbox
0x0000000053324000 	/System/Library/Frameworks/AudioUnit.framework/Versions/A/AudioUnit
0x0000000053324000 	/System/Library/PrivateFrameworks/DataDetectorsCore.framework/Versions/A/DataDetectorsCore
0x0000000053324000 	/System/Library/PrivateFrameworks/DesktopServicesPriv.framework/Versions/A/DesktopServicesPriv
0x0000000053324000 	/System/Library/Frameworks/Carbon.framework/Versions/A/Frameworks/HIToolbox.framework/Versions/A/HIToolbox
0x0000000053324000 	/usr/lib/libicucore.A.dylib
0x0000000053324000 	/System/Library/Frameworks/QuartzCore.framework/Versions/A/QuartzCore
0x0000000053324000 	/System/Library/Frameworks/Carbon.framework/Versions/A/Frameworks/SpeechRecognition.framework/Versions/A/SpeechRecognition
0x0000000053324000 	/usr/lib/libauto.dylib
0x0000000053324000 	/usr/lib/libxml2.2.dylib
0x0000000053324000 	/System/Library/PrivateFrameworks/CoreUI.framework/Versions/A/CoreUI
0x0000000053324000 	/System/Library/Frameworks/CoreAudio.framework/Versions/A/CoreAudio
0x0000000053324000 	/System/Library/Frameworks/DiskArbitration.framework/Versions/A/DiskArbitration
0x0000000053324000 	/usr/lib/liblangid.dylib
0x0000000053324000 	/System/Library/PrivateFrameworks/MultitouchSupport.framework/Versions/A/MultitouchSupport
0x0000000053324000 	/System/Library/Frameworks/IOKit.framework/Versions/A/IOKit
0x0000000053324000 	/usr/lib/libDiagnosticMessagesClient.dylib
0x0000000053324000 	/System/Library/Frameworks/CoreServices.framework/Versions/A/CoreServices
0x0000000053324000 	/System/Library/PrivateFrameworks/PerformanceAnalysis.framework/Versions/A/PerformanceAnalysis
0x0000000053324000 	/System/Library/PrivateFrameworks/GenerationalStorage.framework/Versions/A/GenerationalStorage
0x0000000053324000 	/System/Library/Frameworks/OpenGL.framework/Versions/A/OpenGL
0x0000000053324000 	/System/Library/Frameworks/CoreImage.framework/Versions/A/CoreImage
0x0000000053324000 	/System/Library/Frameworks/CoreText.framework/Versions/A/CoreText
0x0000000053324000 	/System/Library/Frameworks/ImageIO.framework/Versions/A/ImageIO
0x0000000053324000 	/System/Library/PrivateFrameworks/Backup.framework/Versions/A/Backup
0x0000000053324000 	/usr/lib/libarchive.2.dylib
0x0000000053324000 	/System/Library/Frameworks/CFNetwork.framework/Versions/A/CFNetwork
0x0000000053324000 	/System/Library/Frameworks/SystemConfiguration.framework/Versions/A/SystemConfiguration
0x0000000053324000 	/usr/lib/libCRFSuite.dylib
0x0000000053324000 	/usr/lib/libc++.1.dylib
0x0000000053324000 	/usr/lib/libc++abi.dylib
0x0000000053324000 	/usr/lib/system/libcache.dylib
0x0000000053324000 	/usr/lib/system/libcommonCrypto.dylib
0x0000000053324000 	/usr/lib/system/libcompiler_rt.dylib
0x0000000053324000 	/usr/lib/system/libcopyfile.dylib
0x0000000053324000 	/usr/lib/system/libcorecrypto.dylib
0x0000000053324000 	/usr/lib/system/libdispatch.dylib
0x0000000053324000 	/usr/lib/system/libdyld.dylib
0x0000000053324000 	/usr/lib/system/libkeymgr.dylib
0x0000000053324000 	/usr/lib/system/liblaunch.dylib
0x0000000053324000 	/usr/lib/system/libmacho.dylib
0x0000000053324000 	/usr/lib/system/libquarantine.dylib
0x0000000053324000 	/usr/lib/system/libremovefile.dylib
0x0000000053324000 	/usr/lib/system/libsystem_asl.dylib
0x0000000053324000 	/usr/lib/system/libsystem_blocks.dylib
0x0000000053324000 	/usr/lib/system/libsystem_c.dylib
0x0000000053324000 	/usr/lib/system/libsystem_configuration.dylib
0x0000000053324000 	/usr/lib/system/libsystem_coreservices.dylib
0x0000000053324000 	/usr/lib/system/libsystem_coretls.dylib
0x0000000053324000 	/usr/lib/system/libsystem_dnssd.dylib
0x0000000053324000 	/usr/lib/system/libsystem_info.dylib
0x0000000053324000 	/usr/lib/system/libsystem_kernel.dylib
0x0000000053324000 	/usr/lib/system/libsystem_m.dylib
0x0000000053324000 	/usr/lib/system/libsystem_malloc.dylib
0x0000000053324000 	/usr/lib/system/libsystem_network.dylib
0x0000000053324000 	/usr/lib/system/libsystem_networkextension.dylib
0x0000000053324000 	/usr/lib/system/libsystem_notify.dylib
0x0000000053324000 	/usr/lib/system/libsystem_platform.dylib
0x0000000053324000 	/usr/lib/system/libsystem_pthread.dylib
0x0000000053324000 	/usr/lib/system/libsystem_sandbox.dylib
0x0000000053324000 	/usr/lib/system/libsystem_secinit.dylib
0x0000000053324000 	/usr/lib/system/libsystem_symptoms.dylib
0x0000000053324000 	/usr/lib/system/libsystem_trace.dylib
0x0000000053324000 	/usr/lib/system/libunwind.dylib
0x0000000053324000 	/usr/lib/system/libxpc.dylib
0x0000000053324000 	/usr/lib/libbsm.0.dylib
0x0000000053324000 	/usr/lib/system/libkxld.dylib
0x0000000053324000 	/usr/lib/libcoretls.dylib
0x0000000053324000 	/usr/lib/libcoretls_cfhelpers.dylib
0x0000000053324000 	/usr/lib/libOpenScriptingUtil.dylib
0x0000000053324000 	/usr/lib/libpam.2.dylib
0x0000000053324000 	/usr/lib/libsqlite3.dylib
0x0000000053324000 	/usr/lib/libxar.1.dylib
0x0000000053324000 	/usr/lib/libbz2.1.0.dylib
0x0000000053324000 	/usr/lib/liblzma.5.dylib
0x0000000053324000 	/usr/lib/libnetwork.dylib
0x0000000053324000 	/usr/lib/libpcap.A.dylib
0x0000000053324000 	/System/Library/Frameworks/CoreServices.framework/Versions/A/Frameworks/FSEvents.framework/Versions/A/FSEvents
0x0000000053324000 	/System/Library/Frameworks/CoreServices.framework/Versions/A/Frameworks/CarbonCore.framework/Versions/A/CarbonCore
0x0000000053324000 	/System/Library/Frameworks/CoreServices.framework/Versions/A/Frameworks/Metadata.framework/Versions/A/Metadata
0x0000000053324000 	/System/Library/Frameworks/CoreServices.framework/Versions/A/Frameworks/OSServices.framework/Versions/A/OSServices
0x0000000053324000 	/System/Library/Frameworks/CoreServices.framework/Versions/A/Frameworks/SearchKit.framework/Versions/A/SearchKit
0x0000000053324000 	/System/Library/Frameworks/CoreServices.framework/Versions/A/Frameworks/AE.framework/Versions/A/AE
0x0000000053324000 	/System/Library/Frameworks/CoreServices.framework/Versions/A/Frameworks/LaunchServices.framework/Versions/A/LaunchServices
0x0000000053324000 	/System/Library/Frameworks/CoreServices.framework/Versions/A/Frameworks/DictionaryServices.framework/Versions/A/DictionaryServices
0x0000000053324000 	/System/Library/Frameworks/CoreServices.framework/Versions/A/Frameworks/SharedFileList.framework/Versions/A/SharedFileList
0x0000000053324000 	/System/Library/Frameworks/NetFS.framework/Versions/A/NetFS
0x0000000053324000 	/System/Library/PrivateFrameworks/NetAuth.framework/Versions/A/NetAuth
0x0000000053324000 	/System/Library/PrivateFrameworks/login.framework/Versions/A/Frameworks/loginsupport.framework/Versions/A/loginsupport
0x0000000053324000 	/System/Library/PrivateFrameworks/TCC.framework/Versions/A/TCC
0x0000000053324000 	/usr/lib/libmecabra.dylib
0x0000000053324000 	/System/Library/Frameworks/ApplicationServices.framework/Versions/A/Frameworks/ATS.framework/Versions/A/ATS
0x0000000053324000 	/System/Library/Frameworks/ApplicationServices.framework/Versions/A/Frameworks/ColorSync.framework/Versions/A/ColorSync
0x0000000053324000 	/System/Library/Frameworks/ApplicationServices.framework/Versions/A/Frameworks/HIServices.framework/Versions/A/HIServices
0x0000000053324000 	/System/Library/Frameworks/ApplicationServices.framework/Versions/A/Frameworks/LangAnalysis.framework/Versions/A/LangAnalysis
0x0000000053324000 	/System/Library/Frameworks/ApplicationServices.framework/Versions/A/Frameworks/PrintCore.framework/Versions/A/PrintCore
0x0000000053324000 	/System/Library/Frameworks/ApplicationServices.framework/Versions/A/Frameworks/QD.framework/Versions/A/QD
0x0000000053324000 	/System/Library/Frameworks/ApplicationServices.framework/Versions/A/Frameworks/SpeechSynthesis.framework/Versions/A/SpeechSynthesis
0x0000000053324000 	/System/Library/Frameworks/Accelerate.framework/Versions/A/Frameworks/vImage.framework/Versions/A/vImage
0x0000000053324000 	/System/Library/Frameworks/Accelerate.framework/Versions/A/Frameworks/vecLib.framework/Versions/A/vecLib
0x0000000053324000 	/System/Library/Frameworks/Accelerate.framework/Versions/A/Frameworks/vecLib.framework/Versions/A/libvDSP.dylib
0x0000000053324000 	/System/Library/Frameworks/Accelerate.framework/Versions/A/Frameworks/vecLib.framework/Versions/A/libBNNS.dylib
0x0000000053324000 	/System/Library/Frameworks/Accelerate.framework/Versions/A/Frameworks/vecLib.framework/Versions/A/libQuadrature.dylib
0x0000000053324000 	/System/Library/Frameworks/Accelerate.framework/Versions/A/Frameworks/vecLib.framework/Versions/A/libvMisc.dylib
0x0000000053324000 	/System/Library/Frameworks/Accelerate.framework/Versions/A/Frameworks/vecLib.framework/Versions/A/libLAPACK.dylib
0x0000000053324000 	/System/Library/Frameworks/Accelerate.framework/Versions/A/Frameworks/vecLib.framework/Versions/A/libBLAS.dylib
0x0000000053324000 	/System/Library/Frameworks/Accelerate.framework/Versions/A/Frameworks/vecLib.framework/Versions/A/libLinearAlgebra.dylib
0x0000000053324000 	/System/Library/Frameworks/Accelerate.framework/Versions/A/Frameworks/vecLib.framework/Versions/A/libSparseBLAS.dylib
0x0000000053324000 	/System/Library/Frameworks/ApplicationServices.framework/Versions/A/Frameworks/ATS.framework/Versions/A/Resources/libFontParser.dylib
0x0000000053324000 	/System/Library/Frameworks/ApplicationServices.framework/Versions/A/Frameworks/ATS.framework/Versions/A/Resources/libFontRegistry.dylib
0x0000000053324000 	/System/Library/Frameworks/ImageIO.framework/Versions/A/Resources/libJPEG.dylib
0x0000000053324000 	/System/Library/Frameworks/ImageIO.framework/Versions/A/Resources/libTIFF.dylib
0x0000000053324000 	/System/Library/Frameworks/ImageIO.framework/Versions/A/Resources/libPng.dylib
0x0000000053324000 	/System/Library/Frameworks/ImageIO.framework/Versions/A/Resources/libGIF.dylib
0x0000000053324000 	/System/Library/Frameworks/ImageIO.framework/Versions/A/Resources/libJP2.dylib
0x0000000053324000 	/System/Library/Frameworks/ImageIO.framework/Versions/A/Resources/libRadiance.dylib
0x0000000053324000 	/usr/lib/libcompression.dylib
0x0000000053324000 	/System/Library/PrivateFrameworks/AppleJPEG.framework/Versions/A/AppleJPEG
0x0000000053324000 	/usr/lib/libcups.2.dylib
0x0000000053324000 	/System/Library/Frameworks/Kerberos.framework/Versions/A/Kerberos
0x0000000053324000 	/System/Library/Frameworks/GSS.framework/Versions/A/GSS
0x0000000053324000 	/usr/lib/libresolv.9.dylib
0x0000000053324000 	/usr/lib/libiconv.2.dylib
0x0000000053324000 	/System/Library/PrivateFrameworks/Heimdal.framework/Versions/A/Heimdal
0x0000000053324000 	/usr/lib/libheimdal-asn1.dylib
0x0000000053324000 	/System/Library/Frameworks/OpenDirectory.framework/Versions/A/OpenDirectory
0x0000000053324000 	/System/Library/PrivateFrameworks/CommonAuth.framework/Versions/A/CommonAuth
0x0000000053324000 	/System/Library/Frameworks/OpenDirectory.framework/Versions/A/Frameworks/CFOpenDirectory.framework/Versions/A/CFOpenDirectory
0x0000000053324000 	/System/Library/Frameworks/SecurityFoundation.framework/Versions/A/SecurityFoundation
0x0000000053324000 	/System/Library/PrivateFrameworks/LanguageModeling.framework/Versions/A/LanguageModeling
0x0000000053324000 	/usr/lib/libmarisa.dylib
0x0000000053324000 	/usr/lib/libChineseTokenizer.dylib
0x0000000053324000 	/usr/lib/libcmph.dylib
0x0000000053324000 	/System/Library/PrivateFrameworks/CoreEmoji.framework/Versions/A/CoreEmoji
0x0000000053324000 	/System/Library/Frameworks/ServiceManagement.framework/Versions/A/ServiceManagement
0x0000000053324000 	/usr/lib/libxslt.1.dylib
0x0000000053324000 	/System/Library/Frameworks/Carbon.framework/Versions/A/Frameworks/Ink.framework/Versions/A/Ink
0x0000000053324000 	/System/Library/PrivateFrameworks/TextureIO.framework/Versions/A/TextureIO
0x0000000053324000 	/System/Library/Frameworks/Metal.framework/Versions/A/Metal
0x0000000053324000 	/usr/lib/libate.dylib
0x0000000053324000 	/System/Library/PrivateFrameworks/GPUCompiler.framework/libmetal_timestamp.dylib
0x0000000053324000 	/System/Library/Frameworks/OpenGL.framework/Versions/A/Libraries/libCoreFSCache.dylib
0x0000000053324000 	/System/Library/PrivateFrameworks/IOAccelerator.framework/Versions/A/IOAccelerator
0x0000000053324000 	/System/Library/Frameworks/CoreVideo.framework/Versions/A/CoreVideo
0x0000000053324000 	/usr/lib/libFosl_dynamic.dylib
0x0000000053324000 	/System/Library/PrivateFrameworks/MetalPerformanceShaders.framework/Versions/A/MetalPerformanceShaders
0x0000000053324000 	/System/Library/PrivateFrameworks/FaceCore.framework/Versions/A/FaceCore
0x0000000053324000 	/System/Library/Frameworks/OpenCL.framework/Versions/A/OpenCL
0x0000000053324000 	/System/Library/Frameworks/OpenGL.framework/Versions/A/Libraries/libGLU.dylib
0x0000000053324000 	/System/Library/Frameworks/OpenGL.framework/Versions/A/Libraries/libGFXShared.dylib
0x0000000053324000 	/System/Library/Frameworks/OpenGL.framework/Versions/A/Libraries/libGL.dylib
0x0000000053324000 	/System/Library/Frameworks/OpenGL.framework/Versions/A/Libraries/libGLImage.dylib
0x0000000053324000 	/System/Library/Frameworks/OpenGL.framework/Versions/A/Libraries/libCVMSPluginSupport.dylib
0x0000000053324000 	/System/Library/Frameworks/OpenGL.framework/Versions/A/Libraries/libCoreVMClient.dylib
0x0000000053324000 	/System/Library/PrivateFrameworks/CrashReporterSupport.framework/Versions/A/CrashReporterSupport
0x0000000053324000 	/System/Library/PrivateFrameworks/Sharing.framework/Versions/A/Sharing
0x0000000053324000 	/System/Library/PrivateFrameworks/IconServices.framework/Versions/A/IconServices
0x0000000053324000 	/System/Library/PrivateFrameworks/ProtocolBuffer.framework/Versions/A/ProtocolBuffer
0x0000000053324000 	/System/Library/PrivateFrameworks/Apple80211.framework/Versions/A/Apple80211
0x0000000053324000 	/System/Library/Frameworks/CoreWLAN.framework/Versions/A/CoreWLAN
0x0000000053324000 	/System/Library/PrivateFrameworks/CoreUtils.framework/Versions/A/CoreUtils
0x0000000053324000 	/System/Library/Frameworks/IOBluetooth.framework/Versions/A/IOBluetooth
0x0000000053324000 	/System/Library/PrivateFrameworks/CoreWiFi.framework/Versions/A/CoreWiFi
0x0000000053324000 	/System/Library/Frameworks/CoreBluetooth.framework/Versions/A/CoreBluetooth
0x0000000053324000 	/System/Library/Frameworks/CoreDisplay.framework/Versions/A/CoreDisplay
0x0000000053324000 	/System/Library/PrivateFrameworks/IOPresentment.framework/Versions/A/IOPresentment
0x0000000053324000 	/System/Library/PrivateFrameworks/DSExternalDisplay.framework/Versions/A/DSExternalDisplay
0x0000000053324000 	/System/Library/PrivateFrameworks/DebugSymbols.framework/Versions/A/DebugSymbols
0x0000000053324000 	/System/Library/PrivateFrameworks/CoreSymbolication.framework/Versions/A/CoreSymbolication
0x0000000053324000 	/System/Library/PrivateFrameworks/Symbolication.framework/Versions/A/Symbolication
0x0000000053324000 	/System/Library/PrivateFrameworks/AppleFSCompression.framework/Versions/A/AppleFSCompression
0x0000000053324000 	/System/Library/PrivateFrameworks/SpeechRecognitionCore.framework/Versions/A/SpeechRecognitionCore
0x0000000053324000 	/System/Library/PrivateFrameworks/ChunkingLibrary.framework/Versions/A/ChunkingLibrary
0x0000000107800000 	/Library/Java/JavaVirtualMachines/jdk1.8.0_144.jdk/Contents/Home/jre/lib/server/libjvm.dylib
0x0000000053324000 	/usr/lib/libstdc++.6.dylib
0x0000000106fb2000 	/Library/Java/JavaVirtualMachines/jdk1.8.0_144.jdk/Contents/Home/jre/lib/libverify.dylib
0x0000000106fc0000 	/Library/Java/JavaVirtualMachines/jdk1.8.0_144.jdk/Contents/Home/jre/lib/libjava.dylib
0x00000001087a7000 	/Library/Java/JavaVirtualMachines/jdk1.8.0_144.jdk/Contents/Home/jre/lib/libzip.dylib
0x000000010f114000 	/System/Library/Frameworks/JavaVM.framework/Frameworks/JavaRuntimeSupport.framework/JavaRuntimeSupport
0x000000010f12e000 	/System/Library/Frameworks/JavaVM.framework/Versions/A/Frameworks/JavaNativeFoundation.framework/Versions/A/JavaNativeFoundation
0x000000010f143000 	/System/Library/Frameworks/JavaVM.framework/Versions/A/JavaVM
0x0000000053324000 	/System/Library/Frameworks/Carbon.framework/Versions/A/Carbon
0x000000010f150000 	/System/Library/PrivateFrameworks/JavaLaunching.framework/Versions/A/JavaLaunching
0x0000000053324000 	/System/Library/Frameworks/Carbon.framework/Versions/A/Frameworks/CommonPanels.framework/Versions/A/CommonPanels
0x0000000053324000 	/System/Library/Frameworks/Carbon.framework/Versions/A/Frameworks/Help.framework/Versions/A/Help
0x0000000053324000 	/System/Library/Frameworks/Carbon.framework/Versions/A/Frameworks/ImageCapture.framework/Versions/A/ImageCapture
0x0000000053324000 	/System/Library/Frameworks/Carbon.framework/Versions/A/Frameworks/OpenScripting.framework/Versions/A/OpenScripting
0x0000000053324000 	/System/Library/Frameworks/Carbon.framework/Versions/A/Frameworks/Print.framework/Versions/A/Print
0x0000000053324000 	/System/Library/Frameworks/Carbon.framework/Versions/A/Frameworks/SecurityHI.framework/Versions/A/SecurityHI
0x000000010f1c0000 	/Library/Java/JavaVirtualMachines/jdk1.8.0_144.jdk/Contents/Home/jre/lib/libawt.dylib
0x000000010f268000 	/Library/Java/JavaVirtualMachines/jdk1.8.0_144.jdk/Contents/Home/jre/lib/./libmlib_image.dylib
0x000000010f334000 	/Library/Java/JavaVirtualMachines/jdk1.8.0_144.jdk/Contents/Home/jre/lib/libawt_lwawt.dylib
0x000000010f3eb000 	/Library/Java/JavaVirtualMachines/jdk1.8.0_144.jdk/Contents/Home/jre/lib/./libosxapp.dylib
0x0000000053324000 	/System/Library/Frameworks/ExceptionHandling.framework/Versions/A/ExceptionHandling
0x0000000053324000 	/System/Library/PrivateFrameworks/CoreServicesInternal.framework/Versions/A/CoreServicesInternal
0x0000000053324000 	/System/Library/CoreServices/RawCamera.bundle/Contents/MacOS/RawCamera
0x0000000053324000 	/System/Library/Frameworks/Accelerate.framework/Versions/A/Frameworks/vImage.framework/Versions/A/Libraries/libCGInterfaces.dylib
0x0000000053324000 	/System/Library/Frameworks/ApplicationServices.framework/Versions/A/Frameworks/ATS.framework/Versions/A/Resources/libTrueTypeScaler.dylib
0x0000000121aab000 	/System/Library/Frameworks/OpenGL.framework/Resources/GLEngine.bundle/GLEngine
0x0000000053324000 	/System/Library/Frameworks/OpenGL.framework/Versions/A/Libraries/libGLProgrammability.dylib
0x0000000121c90000 	/System/Library/Extensions/AppleIntelBDWGraphicsGLDriver.bundle/Contents/MacOS/AppleIntelBDWGraphicsGLDriver
0x0000000053324000 	/System/Library/PrivateFrameworks/GPUSupport.framework/Versions/A/Libraries/libGPUSupportMercury.dylib
0x0000000110230000 	/System/Library/Frameworks/OpenGL.framework/Resources//GLRendererFloat.bundle/GLRendererFloat
0x0000000053324000 	/System/Library/Frameworks/OpenCL.framework/Versions/A/Libraries/libcldcpuengine.dylib
0x0000000053324000 	/usr/lib/libcrypto.0.9.8.dylib
0x0000000053324000 	/System/Library/PrivateFrameworks/TrustEvaluationAgent.framework/Versions/A/TrustEvaluationAgent
0x00000001223fa000 	/System/Library/Extensions/AppleIntelBDWGraphicsMTLDriver.bundle/Contents/MacOS/AppleIntelBDWGraphicsMTLDriver
0x0000000053324000 	/System/Library/PrivateFrameworks/FamilyControls.framework/Versions/A/FamilyControls
0x0000000053324000 	/System/Library/PrivateFrameworks/CommerceKit.framework/Versions/A/Frameworks/CommerceCore.framework/Versions/A/CommerceCore
0x0000000053324000 	/System/Library/PrivateFrameworks/SystemAdministration.framework/Versions/A/SystemAdministration
0x0000000053324000 	/System/Library/PrivateFrameworks/AppContainer.framework/Versions/A/AppContainer
0x0000000053324000 	/System/Library/PrivateFrameworks/SecCodeWrapper.framework/Versions/A/SecCodeWrapper
0x0000000053324000 	/System/Library/Frameworks/DirectoryService.framework/Versions/A/DirectoryService
0x0000000053324000 	/System/Library/PrivateFrameworks/DiskImages.framework/Versions/A/DiskImages
0x0000000053324000 	/System/Library/PrivateFrameworks/LoginUIKit.framework/Versions/A/Frameworks/LoginUICore.framework/Versions/A/LoginUICore
0x0000000053324000 	/usr/lib/libCoreStorage.dylib
0x0000000053324000 	/usr/lib/libcsfde.dylib
0x0000000053324000 	/usr/lib/libodfde.dylib
0x0000000053324000 	/System/Library/Frameworks/DiscRecording.framework/Versions/A/DiscRecording
0x0000000053324000 	/usr/lib/libcurl.4.dylib
0x0000000053324000 	/System/Library/PrivateFrameworks/MediaKit.framework/Versions/A/MediaKit
0x0000000053324000 	/System/Library/PrivateFrameworks/ProtectedCloudStorage.framework/Versions/A/ProtectedCloudStorage
0x0000000053324000 	/System/Library/PrivateFrameworks/EFILogin.framework/Versions/A/EFILogin
0x0000000053324000 	/usr/lib/libutil.dylib
0x0000000053324000 	/System/Library/Frameworks/LDAP.framework/Versions/A/LDAP
0x0000000053324000 	/usr/lib/libsasl2.2.dylib
0x0000000053324000 	/System/Library/PrivateFrameworks/CoreDaemon.framework/Versions/B/CoreDaemon
0x0000000053324000 	/System/Library/PrivateFrameworks/AppleSRP.framework/Versions/A/AppleSRP
0x0000000053324000 	/System/Library/PrivateFrameworks/APFS.framework/Versions/A/APFS
0x0000000123bc6000 	/Library/Java/JavaVirtualMachines/jdk1.8.0_144.jdk/Contents/Home/jre/lib/libfontmanager.dylib
0x0000000123c2d000 	/Users/kis/Desktop/workspace/AnalogGame/Lib/Native/macosx/liblwjgl.dylib
0x000000010f675000 	/Library/Java/JavaVirtualMachines/jdk1.8.0_144.jdk/Contents/Home/jre/lib/libjawt.dylib
0x0000000053324000 	/System/Library/PrivateFrameworks/ViewBridge.framework/Versions/A/ViewBridge
0x0000000053324000 	/System/Library/PrivateFrameworks/XPCService.framework/Versions/A/XPCService
0x0000000053324000 	/System/Library/PrivateFrameworks/AppSandbox.framework/Versions/A/AppSandbox
0x0000000053324000 	/usr/lib/libsandbox.1.dylib
0x0000000053324000 	/usr/lib/libMatch.1.dylib
0x0000000125421000 	/Library/Java/JavaVirtualMachines/jdk1.8.0_144.jdk/Contents/Home/jre/lib/libnio.dylib
0x0000000125431000 	/Library/Java/JavaVirtualMachines/jdk1.8.0_144.jdk/Contents/Home/jre/lib/./libnet.dylib
0x0000000125490000 	/Library/Java/JavaVirtualMachines/jdk1.8.0_144.jdk/Contents/Home/jre/lib/libjpeg.dylib

VM Arguments:
jvm_args: -Djava.library.path=/Users/kis/Desktop/workspace/AnalogGame/Lib/Native/macosx -Dfile.encoding=UTF-8 
java_command: AnalogGame
java_class_path (initial): /Users/kis/Desktop/workspace/AnalogGame/bin:/Users/kis/Desktop/workspace/AnalogGame/Lib/Jars/slick.jar:/Users/kis/Desktop/workspace/AnalogGame/Lib/Jars/lwjgl.jar
Launcher Type: SUN_STANDARD

Environment Variables:
PATH=/usr/bin:/bin:/usr/sbin:/sbin
SHELL=/bin/bash

Signal Handlers:
SIGSEGV: [libjvm.dylib+0x5b26e5], sa_mask[0]=11111111011111110111111111111111, sa_flags=SA_ONSTACK|SA_RESTART|SA_SIGINFO
SIGBUS: [libjvm.dylib+0x5b26e5], sa_mask[0]=11111111011111110111111111111111, sa_flags=SA_RESTART|SA_SIGINFO
SIGFPE: [libjvm.dylib+0x489100], sa_mask[0]=11111111011111110111111111111111, sa_flags=SA_RESTART|SA_SIGINFO
SIGPIPE: [libjvm.dylib+0x489100], sa_mask[0]=11111111011111110111111111111111, sa_flags=SA_RESTART|SA_SIGINFO
SIGXFSZ: [libjvm.dylib+0x489100], sa_mask[0]=11111111011111110111111111111111, sa_flags=SA_RESTART|SA_SIGINFO
SIGILL: [libjvm.dylib+0x489100], sa_mask[0]=11111111011111110111111111111111, sa_flags=SA_RESTART|SA_SIGINFO
SIGUSR1: SIG_DFL, sa_mask[0]=00000000000000000000000000000000, sa_flags=none
SIGUSR2: [libjvm.dylib+0x488c1e], sa_mask[0]=00100000000000000000000000000000, sa_flags=SA_RESTART|SA_SIGINFO
SIGHUP: [libjvm.dylib+0x4871f5], sa_mask[0]=11111111011111110111111111111111, sa_flags=SA_RESTART|SA_SIGINFO
SIGINT: [libjvm.dylib+0x4871f5], sa_mask[0]=11111111011111110111111111111111, sa_flags=SA_RESTART|SA_SIGINFO
SIGTERM: [libjvm.dylib+0x4871f5], sa_mask[0]=11111111011111110111111111111111, sa_flags=SA_RESTART|SA_SIGINFO
SIGQUIT: [libjvm.dylib+0x4871f5], sa_mask[0]=11111111011111110111111111111111, sa_flags=SA_RESTART|SA_SIGINFO


---------------  S Y S T E M  ---------------

OS:Bsduname:Darwin 16.7.0 Darwin Kernel Version 16.7.0: Thu Jun 15 17:36:27 PDT 2017; root:xnu-3789.70.16~2/RELEASE_X86_64 x86_64
rlimit: STACK 8192k, CORE 0k, NPROC 709, NOFILE 10240, AS infinity
load average:1.52 1.70 1.75

CPU:total 4 (initial active 4) (2 cores per cpu, 2 threads per core) family 6 model 61 stepping 4, cmov, cx8, fxsr, mmx, sse, sse2, sse3, ssse3, sse4.1, sse4.2, popcnt, avx, avx2, aes, clmul, erms, 3dnowpref, lzcnt, ht, tsc, tscinvbit, bmi1, bmi2, adx

Memory: 4k page, physical 8388608k(608200k free)

/proc/meminfo:


vm_info: Java HotSpot(TM) 64-Bit Server VM (25.144-b01) for bsd-amd64 JRE (1.8.0_144-b01), built on Jul 21 2017 22:07:42 by "java_re" with gcc 4.2.1 (Based on Apple Inc. build 5658) (LLVM build 2336.11.00)

time: Wed Mar 14 18:30:56 2018
elapsed time: 9 seconds (0d 0h 0m 9s)

