#
# A fatal error has been detected by the Java Runtime Environment:
#
#  SIGSEGV (0xb) at pc=0x00007fff92af705d, pid=99344, tid=0x0000000000000307
#
# JRE version: Java(TM) SE Runtime Environment (8.0_144-b01) (build 1.8.0_144-b01)
# Java VM: Java HotSpot(TM) 64-Bit Server VM (25.144-b01 mixed mode bsd-amd64 compressed oops)
# Problematic frame:
# C  [libobjc.A.dylib+0x705d]  objc_msgSend+0x1d
#
# Failed to write core dump. Core dumps have been disabled. To enable core dumping, try "ulimit -c unlimited" before starting Java again
#
# If you would like to submit a bug report, please visit:
#   http://bugreport.java.com/bugreport/crash.jsp
# The crash happened outside the Java Virtual Machine in native code.
# See problematic frame for where to report the bug.
#

---------------  T H R E A D  ---------------

Current thread (0x00007f80530f8000):  JavaThread "AppKit Thread" daemon [_thread_in_native, id=775, stack(0x00007fff579cf000,0x00007fff581cf000)]

siginfo: si_signo: 11 (SIGSEGV), si_code: 1 (SEGV_MAPERR), si_addr: 0x0000000000000018

Registers:
RAX=0x00007f80515367a0, RBX=0x00007f80515ad8b0, RCX=0x00007f8051461450, RDX=0x00007f80515367a0
RSP=0x00007fff581ca098, RBP=0x00007fff581ca0a0, RSI=0x00007fff7c3e3843, RDI=0x00007f8051461450
R8 =0x000000000000001f, R9 =0x00007f80515c7a10, R10=0x0000000000000000, R11=0x00007fff7c3e3843
R12=0x0000000000000000, R13=0x00007f80515c7a10, R14=0x00007f80515367a0, R15=0x0000000000000000
RIP=0x00007fff92af705d, EFLAGS=0x0000000000010246, ERR=0x0000000000000004
  TRAPNO=0x000000000000000e

Top of Stack: (sp=0x00007fff581ca098)
0x00007fff581ca098:   00007fff7dc7945c 00007fff581ca110
0x00007fff581ca0a8:   00007fff7dc7935b 0000000000000000
0x00007fff581ca0b8:   00007fff9c2e7060 00000000c2000000
0x00007fff581ca0c8:   00007fff7dc793b0 00007fff98b5c680
0x00007fff581ca0d8:   00007f80515c7a10 00007f80515367a0
0x00007fff581ca0e8:   00007fff581ca8d8 00007fff92af7040
0x00007fff581ca0f8:   00007fff581ca1e0 00007f80515c7a10
0x00007fff581ca108:   00007fff7c37b05a 00007fff581ca150
0x00007fff581ca118:   00007fff7dc790c2 00007fff581ca720
0x00007fff581ca128:   0000000000000001 00007fff92af7040
0x00007fff581ca138:   00007fff581ca1e0 00007fff581ca8d8
0x00007fff581ca148:   00007fff7c37b05a 00007fff581ca870
0x00007fff581ca158:   00007fff7dc36523 00007f8051400000
0x00007fff581ca168:   0000000000000001 0000000107a51400
0x00007fff581ca178:   0000000000000004 00007f805140cc80
0x00007fff581ca188:   00007fff98b5dcb0 0000000000000000
0x00007fff581ca198:   00007f805283f0d0 00007f805140cc01
0x00007fff581ca1a8:   00007f8051766550 00007fff98c900e0
0x00007fff581ca1b8:   0000000000000000 0000000000000000
0x00007fff581ca1c8:   0000000000000000 00007f8051766ff0
0x00007fff581ca1d8:   00007fff98b9c900 00007fff581ca720
0x00007fff581ca1e8:   0000000000000002 0000000000000100
0x00007fff581ca1f8:   00007fff9c254400 00007fff581ca620
0x00007fff581ca208:   0000000000000000 0000000000000100
0x00007fff581ca218:   00007f8051431e00 00007fff581ca250
0x00007fff581ca228:   00007fff7dc79d0c ffff807faebce150
0x00007fff581ca238:   00007f8051431eb0 00007fff98c8d640
0x00007fff581ca248:   00007f8051431eb0 00007fff581ca280
0x00007fff581ca258:   00007fff7dc79d58 ffff807faebce150
0x00007fff581ca268:   00007f8051431eb0 00007fff98c8d8c0
0x00007fff581ca278:   00007f8051431eb0 00007fff581ca2b0
0x00007fff581ca288:   00007fff7dc79e3b 00000000000001c0 

Instructions: (pc=0x00007fff92af705d)
0x00007fff92af703d:   0f 1f 00 48 85 ff 2e 74 62 40 f6 c7 01 2e 75 66
0x00007fff92af704d:   49 ba f8 ff ff ff ff 7f 00 00 4c 23 17 49 89 f3
0x00007fff92af705d:   45 23 5a 18 49 c1 e3 04 4d 03 5a 10 49 3b 33 75
0x00007fff92af706d:   04 41 ff 63 08 49 83 3b 01 76 0d 49 83 c3 10 49 

Register to memory mapping:

RAX=0x00007f80515367a0 is an unknown value
RBX=0x00007f80515ad8b0 is an unknown value
RCX=0x00007f8051461450 is an unknown value
RDX=0x00007f80515367a0 is an unknown value
RSP=0x00007fff581ca098 is pointing into the stack for thread: 0x00007f80530f8000
RBP=0x00007fff581ca0a0 is pointing into the stack for thread: 0x00007f80530f8000
RSI=0x00007fff7c3e3843: __NSStyleNameIndexTable+0xe048b in /System/Library/Frameworks/AppKit.framework/Versions/C/AppKit at 0x00007fff7b716000
RDI=0x00007f8051461450 is an unknown value
R8 =0x000000000000001f is an unknown value
R9 =0x00007f80515c7a10 is an unknown value
R10=0x0000000000000000 is an unknown value
R11=0x00007fff7c3e3843: __NSStyleNameIndexTable+0xe048b in /System/Library/Frameworks/AppKit.framework/Versions/C/AppKit at 0x00007fff7b716000
R12=0x0000000000000000 is an unknown value
R13=0x00007f80515c7a10 is an unknown value
R14=0x00007f80515367a0 is an unknown value
R15=0x0000000000000000 is an unknown value


Stack: [0x00007fff579cf000,0x00007fff581cf000],  sp=0x00007fff581ca098,  free space=8172k
Native frames: (J=compiled Java code, j=interpreted, Vv=VM code, C=native code)
C  [libobjc.A.dylib+0x705d]  objc_msgSend+0x1d
C  [CoreFoundation+0x9d35b]  _CFXRegistrationPost+0x1ab
C  [CoreFoundation+0x9d0c2]  ___CFXNotificationPost_block_invoke+0x32
C  [CoreFoundation+0x5a523]  -[_CFXNotificationRegistrar find:object:observer:enumerator:]+0x723
C  [CoreFoundation+0x5955c]  _CFXNotificationPost+0x25c
C  [Foundation+0x6677]  -[NSNotificationCenter postNotificationName:object:userInfo:]+0x42
C  [AppKit+0x24ee3b]  -[NSSurface _disposeSurface]+0x98
C  [AppKit+0x24e9ea]  -[NSSurface setWindow:]+0x35
C  [AppKit+0x28960]  -[NSView _setWindow:]+0xa0f
C  [AppKit+0x2b587]  -[NSView removeFromSuperview]+0x1d1
C  [AppKit+0x14cd60]  -[NSView removeFromSuperviewWithoutNeedingDisplay]+0x26
C  [liblwjgl.dylib+0xa205]  +[MacOSXKeyableWindow destroyWindow]+0xb5
C  [Foundation+0x7152a]  __NSThreadPerformPerform+0x146
C  [CoreFoundation+0xa7321]  __CFRUNLOOP_IS_CALLING_OUT_TO_A_SOURCE0_PERFORM_FUNCTION__+0x11
C  [CoreFoundation+0x8821d]  __CFRunLoopDoSources0+0x22d
C  [CoreFoundation+0x87716]  __CFRunLoopRun+0x3a6
C  [CoreFoundation+0x87114]  CFRunLoopRunSpecific+0x1a4
C  [HIToolbox+0x30ebc]  RunCurrentEventLoopInMode+0xf0
C  [HIToolbox+0x30cf1]  ReceiveNextEventCommon+0x1b0
C  [HIToolbox+0x30b26]  _BlockUntilNextEventMatchingListInModeWithFilter+0x47
C  [AppKit+0x46a54]  _DPSNextEvent+0x460
C  [AppKit+0x7c27ee]  -[NSApplication(NSEvent) _nextEventMatchingEventMask:untilDate:inMode:dequeue:]+0xaec
C  [libosxapp.dylib+0x23aa]  -[NSApplicationAWT nextEventMatchingMask:untilDate:inMode:dequeue:]+0x7c
C  [AppKit+0x3b3db]  -[NSApplication run]+0x39e
C  [libosxapp.dylib+0x214d]  +[NSApplicationAWT runAWTLoopWithApp:]+0x9c
C  [libawt_lwawt.dylib+0x45edf]  -[AWTStarter starter:]+0x389
C  [Foundation+0x7152a]  __NSThreadPerformPerform+0x146
C  [CoreFoundation+0xa7321]  __CFRUNLOOP_IS_CALLING_OUT_TO_A_SOURCE0_PERFORM_FUNCTION__+0x11
C  [CoreFoundation+0x8821d]  __CFRunLoopDoSources0+0x22d
C  [CoreFoundation+0x87716]  __CFRunLoopRun+0x3a6
C  [CoreFoundation+0x87114]  CFRunLoopRunSpecific+0x1a4
C  [java+0x6465]  CreateExecutionEnvironment+0x367
C  [java+0x218c]  JLI_Launch+0x7a0
C  [java+0x84c2]  main+0x65
C  [java+0x19e4]  start+0x34
C  0x0000000000000006


---------------  P R O C E S S  ---------------

Java Threads: ( => current thread )
  0x00007f8052109800 JavaThread "AWT-Shutdown" [_thread_blocked, id=29959, stack(0x000070000a286000,0x000070000a386000)]
  0x00007f80529d9800 JavaThread "Java2D Queue Flusher" daemon [_thread_blocked, id=62215, stack(0x000070000a592000,0x000070000a692000)]
  0x00007f80519f4800 JavaThread "Java2D Disposer" daemon [_thread_blocked, id=60935, stack(0x000070000a48f000,0x000070000a58f000)]
=>0x00007f80530f8000 JavaThread "AppKit Thread" daemon [_thread_in_native, id=775, stack(0x00007fff579cf000,0x00007fff581cf000)]
  0x00007f8053021800 JavaThread "Service Thread" daemon [_thread_blocked, id=18691, stack(0x0000700009ffd000,0x000070000a0fd000)]
  0x00007f805282b000 JavaThread "C1 CompilerThread2" daemon [_thread_blocked, id=18179, stack(0x0000700009efa000,0x0000700009ffa000)]
  0x00007f8052810800 JavaThread "C2 CompilerThread1" daemon [_thread_blocked, id=17667, stack(0x0000700009df7000,0x0000700009ef7000)]
  0x00007f805303a000 JavaThread "C2 CompilerThread0" daemon [_thread_blocked, id=17155, stack(0x0000700009cf4000,0x0000700009df4000)]
  0x00007f8053021000 JavaThread "Signal Dispatcher" daemon [_thread_blocked, id=16643, stack(0x0000700009bf1000,0x0000700009cf1000)]
  0x00007f8052801800 JavaThread "Finalizer" daemon [_thread_blocked, id=12547, stack(0x0000700009aee000,0x0000700009bee000)]
  0x00007f8053014800 JavaThread "Reference Handler" daemon [_thread_blocked, id=12035, stack(0x00007000099eb000,0x0000700009aeb000)]
  0x00007f8052002800 JavaThread "main" [_thread_in_native, id=7171, stack(0x00007000093d9000,0x00007000094d9000)]

Other Threads:
  0x00007f8053010000 VMThread [stack: 0x00007000098e8000,0x00007000099e8000] [id=11523]
  0x00007f805202e800 WatcherThread [stack: 0x000070000a100000,0x000070000a200000] [id=19203]

VM state:not at safepoint (normal execution)

VM Mutex/Monitor currently owned by a thread: None

Heap:
 PSYoungGen      total 102912K, used 29110K [0x0000000795580000, 0x000000079c080000, 0x00000007c0000000)
  eden space 99328K, 29% used [0x0000000795580000,0x00000007971c5b68,0x000000079b680000)
  from space 3584K, 4% used [0x000000079bd00000,0x000000079bd28000,0x000000079c080000)
  to   space 5120K, 0% used [0x000000079b680000,0x000000079b680000,0x000000079bb80000)
 ParOldGen       total 190976K, used 65035K [0x0000000740000000, 0x000000074ba80000, 0x0000000795580000)
  object space 190976K, 34% used [0x0000000740000000,0x0000000743f82d78,0x000000074ba80000)
 Metaspace       used 9516K, capacity 9749K, committed 9856K, reserved 1058816K
  class space    used 1007K, capacity 1085K, committed 1152K, reserved 1048576K

Card table byte_map: [0x0000000109767000,0x0000000109b68000] byte_map_base: 0x0000000105d67000

Marking Bits: (ParMarkBitMap*) 0x0000000108cf35d0
 Begin Bits: [0x0000000109e13000, 0x000000010be13000)
 End Bits:   [0x000000010be13000, 0x000000010de13000)

Polling page: 0x0000000107af1000

CodeCache: size=245760Kb used=3631Kb max_used=3631Kb free=242128Kb
 bounds [0x0000000117776000, 0x0000000117b16000, 0x0000000126776000]
 total_blobs=1374 nmethods=866 adapters=422
 compilation: enabled

Compilation events (10 events):
Event: 5.359 Thread 0x00007f805282b000  863       3       java.nio.Bits::makeInt (29 bytes)
Event: 5.359 Thread 0x00007f805282b000 nmethod 863 0x0000000117afda10 code [0x0000000117afdb60, 0x0000000117afdcb0]
Event: 5.555 Thread 0x00007f8052810800  864       4       java.util.HashMap$HashIterator::nextNode (100 bytes)
Event: 5.560 Thread 0x00007f8052810800 nmethod 864 0x0000000117b00bd0 code [0x0000000117b00d20, 0x0000000117b00f98]
Event: 5.624 Thread 0x00007f805303a000  865       4       java.nio.Buffer::limit (62 bytes)
Event: 5.625 Thread 0x00007f805303a000 nmethod 865 0x0000000117b01110 code [0x0000000117b01260, 0x0000000117b01358]
Event: 5.727 Thread 0x00007f805282b000  866   !   3       java.net.URL::<init> (543 bytes)
Event: 5.728 Thread 0x00007f8052810800  867       4       java.nio.DirectByteBuffer::put (18 bytes)
Event: 5.729 Thread 0x00007f8052810800 nmethod 867 0x0000000117acfbd0 code [0x0000000117acfd20, 0x0000000117acfdd8]
Event: 5.731 Thread 0x00007f805282b000 nmethod 866 0x0000000117b01450 code [0x0000000117b01920, 0x0000000117b04bb8]

GC Heap History (10 events):
Event: 1.109 GC heap before
{Heap before GC invocations=2 (full 1):
 PSYoungGen      total 38400K, used 2444K [0x0000000795580000, 0x000000079a080000, 0x00000007c0000000)
  eden space 33280K, 0% used [0x0000000795580000,0x0000000795580000,0x0000000797600000)
  from space 5120K, 47% used [0x0000000797600000,0x0000000797863008,0x0000000797b00000)
  to   space 5120K, 0% used [0x0000000799b80000,0x0000000799b80000,0x000000079a080000)
 ParOldGen       total 87552K, used 55785K [0x0000000740000000, 0x0000000745580000, 0x0000000795580000)
  object space 87552K, 63% used [0x0000000740000000,0x000000074367a7f8,0x0000000745580000)
 Metaspace       used 9206K, capacity 9333K, committed 9600K, reserved 1058816K
  class space    used 988K, capacity 1053K, committed 1152K, reserved 1048576K
Event: 1.123 GC heap after
Heap after GC invocations=2 (full 1):
 PSYoungGen      total 38400K, used 0K [0x0000000795580000, 0x000000079a080000, 0x00000007c0000000)
  eden space 33280K, 0% used [0x0000000795580000,0x0000000795580000,0x0000000797600000)
  from space 5120K, 0% used [0x0000000797600000,0x0000000797600000,0x0000000797b00000)
  to   space 5120K, 0% used [0x0000000799b80000,0x0000000799b80000,0x000000079a080000)
 ParOldGen       total 119296K, used 37264K [0x0000000740000000, 0x0000000747480000, 0x0000000795580000)
  object space 119296K, 31% used [0x0000000740000000,0x00000007424642e0,0x0000000747480000)
 Metaspace       used 9206K, capacity 9333K, committed 9600K, reserved 1058816K
  class space    used 988K, capacity 1053K, committed 1152K, reserved 1048576K
}
Event: 1.323 GC heap before
{Heap before GC invocations=3 (full 1):
 PSYoungGen      total 38400K, used 33280K [0x0000000795580000, 0x000000079a080000, 0x00000007c0000000)
  eden space 33280K, 100% used [0x0000000795580000,0x0000000797600000,0x0000000797600000)
  from space 5120K, 0% used [0x0000000797600000,0x0000000797600000,0x0000000797b00000)
  to   space 5120K, 0% used [0x0000000799b80000,0x0000000799b80000,0x000000079a080000)
 ParOldGen       total 119296K, used 37264K [0x0000000740000000, 0x0000000747480000, 0x0000000795580000)
  object space 119296K, 31% used [0x0000000740000000,0x00000007424642e0,0x0000000747480000)
 Metaspace       used 9253K, capacity 9397K, committed 9600K, reserved 1058816K
  class space    used 991K, capacity 1053K, committed 1152K, reserved 1048576K
Event: 1.345 GC heap after
Heap after GC invocations=3 (full 1):
 PSYoungGen      total 60928K, used 128K [0x0000000795580000, 0x0000000799c00000, 0x00000007c0000000)
  eden space 60416K, 0% used [0x0000000795580000,0x0000000795580000,0x0000000799080000)
  from space 512K, 25% used [0x0000000799b80000,0x0000000799ba0000,0x0000000799c00000)
  to   space 5120K, 0% used [0x0000000799200000,0x0000000799200000,0x0000000799700000)
 ParOldGen       total 119296K, used 92728K [0x0000000740000000, 0x0000000747480000, 0x0000000795580000)
  object space 119296K, 77% used [0x0000000740000000,0x0000000745a8e2a0,0x0000000747480000)
 Metaspace       used 9253K, capacity 9397K, committed 9600K, reserved 1058816K
  class space    used 991K, capacity 1053K, committed 1152K, reserved 1048576K
}
Event: 1.345 GC heap before
{Heap before GC invocations=4 (full 2):
 PSYoungGen      total 60928K, used 128K [0x0000000795580000, 0x0000000799c00000, 0x00000007c0000000)
  eden space 60416K, 0% used [0x0000000795580000,0x0000000795580000,0x0000000799080000)
  from space 512K, 25% used [0x0000000799b80000,0x0000000799ba0000,0x0000000799c00000)
  to   space 5120K, 0% used [0x0000000799200000,0x0000000799200000,0x0000000799700000)
 ParOldGen       total 119296K, used 92728K [0x0000000740000000, 0x0000000747480000, 0x0000000795580000)
  object space 119296K, 77% used [0x0000000740000000,0x0000000745a8e2a0,0x0000000747480000)
 Metaspace       used 9253K, capacity 9397K, committed 9600K, reserved 1058816K
  class space    used 991K, capacity 1053K, committed 1152K, reserved 1048576K
Event: 1.352 GC heap after
Heap after GC invocations=4 (full 2):
 PSYoungGen      total 60928K, used 0K [0x0000000795580000, 0x0000000799c00000, 0x00000007c0000000)
  eden space 60416K, 0% used [0x0000000795580000,0x0000000795580000,0x0000000799080000)
  from space 512K, 0% used [0x0000000799b80000,0x0000000799b80000,0x0000000799c00000)
  to   space 5120K, 0% used [0x0000000799200000,0x0000000799200000,0x0000000799700000)
 ParOldGen       total 190976K, used 65027K [0x0000000740000000, 0x000000074ba80000, 0x0000000795580000)
  object space 190976K, 34% used [0x0000000740000000,0x0000000743f80d78,0x000000074ba80000)
 Metaspace       used 9253K, capacity 9397K, committed 9600K, reserved 1058816K
  class space    used 991K, capacity 1053K, committed 1152K, reserved 1048576K
}
Event: 1.435 GC heap before
{Heap before GC invocations=5 (full 2):
 PSYoungGen      total 60928K, used 60416K [0x0000000795580000, 0x0000000799c00000, 0x00000007c0000000)
  eden space 60416K, 100% used [0x0000000795580000,0x0000000799080000,0x0000000799080000)
  from space 512K, 0% used [0x0000000799b80000,0x0000000799b80000,0x0000000799c00000)
  to   space 5120K, 0% used [0x0000000799200000,0x0000000799200000,0x0000000799700000)
 ParOldGen       total 190976K, used 65027K [0x0000000740000000, 0x000000074ba80000, 0x0000000795580000)
  object space 190976K, 34% used [0x0000000740000000,0x0000000743f80d78,0x000000074ba80000)
 Metaspace       used 9253K, capacity 9397K, committed 9600K, reserved 1058816K
  class space    used 991K, capacity 1053K, committed 1152K, reserved 1048576K
Event: 1.435 GC heap after
Heap after GC invocations=5 (full 2):
 PSYoungGen      total 67072K, used 0K [0x0000000795580000, 0x000000079c200000, 0x00000007c0000000)
  eden space 61952K, 0% used [0x0000000795580000,0x0000000795580000,0x0000000799200000)
  from space 5120K, 0% used [0x0000000799200000,0x0000000799200000,0x0000000799700000)
  to   space 5120K, 0% used [0x000000079bd00000,0x000000079bd00000,0x000000079c200000)
 ParOldGen       total 190976K, used 65027K [0x0000000740000000, 0x000000074ba80000, 0x0000000795580000)
  object space 190976K, 34% used [0x0000000740000000,0x0000000743f80d78,0x000000074ba80000)
 Metaspace       used 9253K, capacity 9397K, committed 9600K, reserved 1058816K
  class space    used 991K, capacity 1053K, committed 1152K, reserved 1048576K
}
Event: 4.277 GC heap before
{Heap before GC invocations=6 (full 2):
 PSYoungGen      total 67072K, used 61952K [0x0000000795580000, 0x000000079c200000, 0x00000007c0000000)
  eden space 61952K, 100% used [0x0000000795580000,0x0000000799200000,0x0000000799200000)
  from space 5120K, 0% used [0x0000000799200000,0x0000000799200000,0x0000000799700000)
  to   space 5120K, 0% used [0x000000079bd00000,0x000000079bd00000,0x000000079c200000)
 ParOldGen       total 190976K, used 65027K [0x0000000740000000, 0x000000074ba80000, 0x0000000795580000)
  object space 190976K, 34% used [0x0000000740000000,0x0000000743f80d78,0x000000074ba80000)
 Metaspace       used 9430K, capacity 9557K, committed 9856K, reserved 1058816K
  class space    used 1007K, capacity 1085K, committed 1152K, reserved 1048576K
Event: 4.279 GC heap after
Heap after GC invocations=6 (full 2):
 PSYoungGen      total 102912K, used 160K [0x0000000795580000, 0x000000079c080000, 0x00000007c0000000)
  eden space 99328K, 0% used [0x0000000795580000,0x0000000795580000,0x000000079b680000)
  from space 3584K, 4% used [0x000000079bd00000,0x000000079bd28000,0x000000079c080000)
  to   space 5120K, 0% used [0x000000079b680000,0x000000079b680000,0x000000079bb80000)
 ParOldGen       total 190976K, used 65035K [0x0000000740000000, 0x000000074ba80000, 0x0000000795580000)
  object space 190976K, 34% used [0x0000000740000000,0x0000000743f82d78,0x000000074ba80000)
 Metaspace       used 9430K, capacity 9557K, committed 9856K, reserved 1058816K
  class space    used 1007K, capacity 1085K, committed 1152K, reserved 1048576K
}

Deoptimization events (9 events):
Event: 0.521 Thread 0x00007f8052002800 Uncommon trap: reason=unstable_if action=reinterpret pc=0x0000000117905380 method=java.lang.String.replace(CC)Ljava/lang/String; @ 26
Event: 0.866 Thread 0x00007f8052002800 Uncommon trap: reason=unstable_if action=reinterpret pc=0x00000001179137b8 method=java.lang.String.indexOf([CII[CIII)I @ 3
Event: 1.269 Thread 0x00007f8052002800 Uncommon trap: reason=unstable_if action=reinterpret pc=0x00000001179f4698 method=sun.java2d.loops.OpaqueCopyAnyToArgb.Blit(Lsun/java2d/SurfaceData;Lsun/java2d/SurfaceData;Ljava/awt/Composite;Lsun/java2d/pipe/Region;IIIIII)V @ 150
Event: 1.484 Thread 0x00007f8052002800 Uncommon trap: reason=unstable_if action=reinterpret pc=0x0000000117a03378 method=sun.java2d.loops.OpaqueCopyArgbToAny.Blit(Lsun/java2d/SurfaceData;Lsun/java2d/SurfaceData;Ljava/awt/Composite;Lsun/java2d/pipe/Region;IIIIII)V @ 159
Event: 1.484 Thread 0x00007f8052002800 Uncommon trap: reason=unstable_if action=reinterpret pc=0x0000000117a04924 method=java.awt.image.ComponentColorModel.getDataElements(ILjava/lang/Object;)Ljava/lang/Object; @ 2993
Event: 1.485 Thread 0x00007f8052002800 Uncommon trap: reason=unstable_if action=reinterpret pc=0x00000001179e8468 method=sun.awt.image.ByteInterleavedRaster.getDataElements(IILjava/lang/Object;)Ljava/lang/Object; @ 43
Event: 4.580 Thread 0x00007f8052002800 Uncommon trap: reason=unstable_if action=reinterpret pc=0x0000000117a63488 method=java.lang.Math.max(FF)F @ 11
Event: 4.580 Thread 0x00007f8052002800 Uncommon trap: reason=unstable_if action=reinterpret pc=0x0000000117a53524 method=java.lang.Math.min(FF)F @ 11
Event: 4.580 Thread 0x00007f8052002800 Uncommon trap: reason=unstable_if action=reinterpret pc=0x0000000117a54d28 method=java.lang.Math.max(FF)F @ 11

Internal exceptions (10 events):
Event: 0.203 Thread 0x00007f8052002800 Exception <a 'java/security/PrivilegedActionException'> (0x00000007957bdba8) thrown at [/Users/java_re/workspace/8-2-build-macosx-x86_64/jdk8u144/9417/hotspot/src/share/vm/prims/jvm.cpp, line 1390]
Event: 0.204 Thread 0x00007f8052002800 Exception <a 'java/security/PrivilegedActionException'> (0x00000007957c10c0) thrown at [/Users/java_re/workspace/8-2-build-macosx-x86_64/jdk8u144/9417/hotspot/src/share/vm/prims/jvm.cpp, line 1390]
Event: 0.204 Thread 0x00007f8052002800 Exception <a 'java/security/PrivilegedActionException'> (0x00000007957c12d0) thrown at [/Users/java_re/workspace/8-2-build-macosx-x86_64/jdk8u144/9417/hotspot/src/share/vm/prims/jvm.cpp, line 1390]
Event: 0.249 Thread 0x00007f8052002800 Exception <a 'java/lang/NoSuchFieldError': method resolution failed> (0x000000079588eeb8) thrown at [/Users/java_re/workspace/8-2-build-macosx-x86_64/jdk8u144/9417/hotspot/src/share/vm/prims/methodHandles.cpp, line 1146]
Event: 0.251 Thread 0x00007f8052002800 Exception <a 'java/lang/NoSuchFieldError': method resolution failed> (0x000000079589c608) thrown at [/Users/java_re/workspace/8-2-build-macosx-x86_64/jdk8u144/9417/hotspot/src/share/vm/prims/methodHandles.cpp, line 1146]
Event: 0.492 Thread 0x00007f8052002800 Exception <a 'java/io/FileNotFoundException'> (0x0000000795916ff8) thrown at [/Users/java_re/workspace/8-2-build-macosx-x86_64/jdk8u144/9417/hotspot/src/share/vm/prims/jni.cpp, line 709]
Event: 0.492 Thread 0x00007f8052002800 Exception <a 'java/io/FileNotFoundException'> (0x0000000795917b48) thrown at [/Users/java_re/workspace/8-2-build-macosx-x86_64/jdk8u144/9417/hotspot/src/share/vm/prims/jni.cpp, line 709]
Event: 0.840 Thread 0x00007f8052002800 Exception <a 'java/lang/NoClassDefFoundError': net/java/games/input/ControllerEnvironment> (0x0000000795d94338) thrown at [/Users/java_re/workspace/8-2-build-macosx-x86_64/jdk8u144/9417/hotspot/src/share/vm/classfile/systemDictionary.cpp, line 199]
Event: 1.484 Thread 0x00007f8052002800 Implicit null exception at 0x0000000117a04395 to 0x0000000117a04909
Event: 1.485 Thread 0x00007f8052002800 Implicit null exception at 0x00000001179e821e to 0x00000001179e844d

Events (10 events):
Event: 4.580 Thread 0x00007f8052002800 DEOPT UNPACKING pc=0x000000011777b229 sp=0x00007000094d8440 mode 2
Event: 4.580 Thread 0x00007f8052002800 Uncommon trap: trap_request=0xffffff65 fr.pc=0x0000000117a53524
Event: 4.580 Thread 0x00007f8052002800 DEOPT PACKING pc=0x0000000117a53524 sp=0x00007000094d8470
Event: 4.580 Thread 0x00007f8052002800 DEOPT UNPACKING pc=0x000000011777b229 sp=0x00007000094d8438 mode 2
Event: 4.580 Thread 0x00007f8052002800 Uncommon trap: trap_request=0xffffff65 fr.pc=0x0000000117a54d28
Event: 4.580 Thread 0x00007f8052002800 DEOPT PACKING pc=0x0000000117a54d28 sp=0x00007000094d8470
Event: 4.580 Thread 0x00007f8052002800 DEOPT UNPACKING pc=0x000000011777b229 sp=0x00007000094d8438 mode 2
Event: 4.813 Thread 0x00007f8052109800 Thread added: 0x00007f8052109800
Event: 5.727 loading class org/lwjgl/opengl/CallbackUtil
Event: 5.727 loading class org/lwjgl/opengl/CallbackUtil done


Dynamic libraries:
0x0000000008865000 	/System/Library/Frameworks/Cocoa.framework/Versions/A/Cocoa
0x0000000008865000 	/System/Library/Frameworks/Security.framework/Versions/A/Security
0x0000000008865000 	/System/Library/Frameworks/ApplicationServices.framework/Versions/A/ApplicationServices
0x0000000008865000 	/usr/lib/libz.1.dylib
0x0000000008865000 	/usr/lib/libSystem.B.dylib
0x0000000008865000 	/usr/lib/libobjc.A.dylib
0x0000000008865000 	/System/Library/Frameworks/CoreFoundation.framework/Versions/A/CoreFoundation
0x0000000008865000 	/System/Library/Frameworks/Foundation.framework/Versions/C/Foundation
0x0000000008865000 	/System/Library/Frameworks/AppKit.framework/Versions/C/AppKit
0x0000000008865000 	/System/Library/Frameworks/CoreData.framework/Versions/A/CoreData
0x0000000008865000 	/System/Library/PrivateFrameworks/RemoteViewServices.framework/Versions/A/RemoteViewServices
0x0000000008865000 	/System/Library/PrivateFrameworks/UIFoundation.framework/Versions/A/UIFoundation
0x0000000008865000 	/System/Library/PrivateFrameworks/DFRFoundation.framework/Versions/A/DFRFoundation
0x0000000008865000 	/usr/lib/libenergytrace.dylib
0x0000000008865000 	/System/Library/PrivateFrameworks/SkyLight.framework/Versions/A/SkyLight
0x0000000008865000 	/System/Library/Frameworks/CoreGraphics.framework/Versions/A/CoreGraphics
0x0000000008865000 	/usr/lib/libScreenReader.dylib
0x0000000008865000 	/System/Library/Frameworks/Accelerate.framework/Versions/A/Accelerate
0x0000000008865000 	/System/Library/Frameworks/IOSurface.framework/Versions/A/IOSurface
0x0000000008865000 	/System/Library/Frameworks/AudioToolbox.framework/Versions/A/AudioToolbox
0x0000000008865000 	/System/Library/Frameworks/AudioUnit.framework/Versions/A/AudioUnit
0x0000000008865000 	/System/Library/PrivateFrameworks/DataDetectorsCore.framework/Versions/A/DataDetectorsCore
0x0000000008865000 	/System/Library/PrivateFrameworks/DesktopServicesPriv.framework/Versions/A/DesktopServicesPriv
0x0000000008865000 	/System/Library/Frameworks/Carbon.framework/Versions/A/Frameworks/HIToolbox.framework/Versions/A/HIToolbox
0x0000000008865000 	/usr/lib/libicucore.A.dylib
0x0000000008865000 	/System/Library/Frameworks/QuartzCore.framework/Versions/A/QuartzCore
0x0000000008865000 	/System/Library/Frameworks/Carbon.framework/Versions/A/Frameworks/SpeechRecognition.framework/Versions/A/SpeechRecognition
0x0000000008865000 	/usr/lib/libauto.dylib
0x0000000008865000 	/usr/lib/libxml2.2.dylib
0x0000000008865000 	/System/Library/PrivateFrameworks/CoreUI.framework/Versions/A/CoreUI
0x0000000008865000 	/System/Library/Frameworks/CoreAudio.framework/Versions/A/CoreAudio
0x0000000008865000 	/System/Library/Frameworks/DiskArbitration.framework/Versions/A/DiskArbitration
0x0000000008865000 	/usr/lib/liblangid.dylib
0x0000000008865000 	/System/Library/PrivateFrameworks/MultitouchSupport.framework/Versions/A/MultitouchSupport
0x0000000008865000 	/System/Library/Frameworks/IOKit.framework/Versions/A/IOKit
0x0000000008865000 	/usr/lib/libDiagnosticMessagesClient.dylib
0x0000000008865000 	/System/Library/Frameworks/CoreServices.framework/Versions/A/CoreServices
0x0000000008865000 	/System/Library/PrivateFrameworks/PerformanceAnalysis.framework/Versions/A/PerformanceAnalysis
0x0000000008865000 	/System/Library/PrivateFrameworks/GenerationalStorage.framework/Versions/A/GenerationalStorage
0x0000000008865000 	/System/Library/Frameworks/OpenGL.framework/Versions/A/OpenGL
0x0000000008865000 	/System/Library/Frameworks/CoreImage.framework/Versions/A/CoreImage
0x0000000008865000 	/System/Library/Frameworks/CoreText.framework/Versions/A/CoreText
0x0000000008865000 	/System/Library/Frameworks/ImageIO.framework/Versions/A/ImageIO
0x0000000008865000 	/System/Library/PrivateFrameworks/Backup.framework/Versions/A/Backup
0x0000000008865000 	/usr/lib/libarchive.2.dylib
0x0000000008865000 	/System/Library/Frameworks/CFNetwork.framework/Versions/A/CFNetwork
0x0000000008865000 	/System/Library/Frameworks/SystemConfiguration.framework/Versions/A/SystemConfiguration
0x0000000008865000 	/usr/lib/libCRFSuite.dylib
0x0000000008865000 	/usr/lib/libc++.1.dylib
0x0000000008865000 	/usr/lib/libc++abi.dylib
0x0000000008865000 	/usr/lib/system/libcache.dylib
0x0000000008865000 	/usr/lib/system/libcommonCrypto.dylib
0x0000000008865000 	/usr/lib/system/libcompiler_rt.dylib
0x0000000008865000 	/usr/lib/system/libcopyfile.dylib
0x0000000008865000 	/usr/lib/system/libcorecrypto.dylib
0x0000000008865000 	/usr/lib/system/libdispatch.dylib
0x0000000008865000 	/usr/lib/system/libdyld.dylib
0x0000000008865000 	/usr/lib/system/libkeymgr.dylib
0x0000000008865000 	/usr/lib/system/liblaunch.dylib
0x0000000008865000 	/usr/lib/system/libmacho.dylib
0x0000000008865000 	/usr/lib/system/libquarantine.dylib
0x0000000008865000 	/usr/lib/system/libremovefile.dylib
0x0000000008865000 	/usr/lib/system/libsystem_asl.dylib
0x0000000008865000 	/usr/lib/system/libsystem_blocks.dylib
0x0000000008865000 	/usr/lib/system/libsystem_c.dylib
0x0000000008865000 	/usr/lib/system/libsystem_configuration.dylib
0x0000000008865000 	/usr/lib/system/libsystem_coreservices.dylib
0x0000000008865000 	/usr/lib/system/libsystem_coretls.dylib
0x0000000008865000 	/usr/lib/system/libsystem_dnssd.dylib
0x0000000008865000 	/usr/lib/system/libsystem_info.dylib
0x0000000008865000 	/usr/lib/system/libsystem_kernel.dylib
0x0000000008865000 	/usr/lib/system/libsystem_m.dylib
0x0000000008865000 	/usr/lib/system/libsystem_malloc.dylib
0x0000000008865000 	/usr/lib/system/libsystem_network.dylib
0x0000000008865000 	/usr/lib/system/libsystem_networkextension.dylib
0x0000000008865000 	/usr/lib/system/libsystem_notify.dylib
0x0000000008865000 	/usr/lib/system/libsystem_platform.dylib
0x0000000008865000 	/usr/lib/system/libsystem_pthread.dylib
0x0000000008865000 	/usr/lib/system/libsystem_sandbox.dylib
0x0000000008865000 	/usr/lib/system/libsystem_secinit.dylib
0x0000000008865000 	/usr/lib/system/libsystem_symptoms.dylib
0x0000000008865000 	/usr/lib/system/libsystem_trace.dylib
0x0000000008865000 	/usr/lib/system/libunwind.dylib
0x0000000008865000 	/usr/lib/system/libxpc.dylib
0x0000000008865000 	/usr/lib/libbsm.0.dylib
0x0000000008865000 	/usr/lib/system/libkxld.dylib
0x0000000008865000 	/usr/lib/libcoretls.dylib
0x0000000008865000 	/usr/lib/libcoretls_cfhelpers.dylib
0x0000000008865000 	/usr/lib/libOpenScriptingUtil.dylib
0x0000000008865000 	/usr/lib/libpam.2.dylib
0x0000000008865000 	/usr/lib/libsqlite3.dylib
0x0000000008865000 	/usr/lib/libxar.1.dylib
0x0000000008865000 	/usr/lib/libbz2.1.0.dylib
0x0000000008865000 	/usr/lib/liblzma.5.dylib
0x0000000008865000 	/usr/lib/libnetwork.dylib
0x0000000008865000 	/usr/lib/libpcap.A.dylib
0x0000000008865000 	/System/Library/Frameworks/CoreServices.framework/Versions/A/Frameworks/FSEvents.framework/Versions/A/FSEvents
0x0000000008865000 	/System/Library/Frameworks/CoreServices.framework/Versions/A/Frameworks/CarbonCore.framework/Versions/A/CarbonCore
0x0000000008865000 	/System/Library/Frameworks/CoreServices.framework/Versions/A/Frameworks/Metadata.framework/Versions/A/Metadata
0x0000000008865000 	/System/Library/Frameworks/CoreServices.framework/Versions/A/Frameworks/OSServices.framework/Versions/A/OSServices
0x0000000008865000 	/System/Library/Frameworks/CoreServices.framework/Versions/A/Frameworks/SearchKit.framework/Versions/A/SearchKit
0x0000000008865000 	/System/Library/Frameworks/CoreServices.framework/Versions/A/Frameworks/AE.framework/Versions/A/AE
0x0000000008865000 	/System/Library/Frameworks/CoreServices.framework/Versions/A/Frameworks/LaunchServices.framework/Versions/A/LaunchServices
0x0000000008865000 	/System/Library/Frameworks/CoreServices.framework/Versions/A/Frameworks/DictionaryServices.framework/Versions/A/DictionaryServices
0x0000000008865000 	/System/Library/Frameworks/CoreServices.framework/Versions/A/Frameworks/SharedFileList.framework/Versions/A/SharedFileList
0x0000000008865000 	/System/Library/Frameworks/NetFS.framework/Versions/A/NetFS
0x0000000008865000 	/System/Library/PrivateFrameworks/NetAuth.framework/Versions/A/NetAuth
0x0000000008865000 	/System/Library/PrivateFrameworks/login.framework/Versions/A/Frameworks/loginsupport.framework/Versions/A/loginsupport
0x0000000008865000 	/System/Library/PrivateFrameworks/TCC.framework/Versions/A/TCC
0x0000000008865000 	/usr/lib/libmecabra.dylib
0x0000000008865000 	/System/Library/Frameworks/ApplicationServices.framework/Versions/A/Frameworks/ATS.framework/Versions/A/ATS
0x0000000008865000 	/System/Library/Frameworks/ApplicationServices.framework/Versions/A/Frameworks/ColorSync.framework/Versions/A/ColorSync
0x0000000008865000 	/System/Library/Frameworks/ApplicationServices.framework/Versions/A/Frameworks/HIServices.framework/Versions/A/HIServices
0x0000000008865000 	/System/Library/Frameworks/ApplicationServices.framework/Versions/A/Frameworks/LangAnalysis.framework/Versions/A/LangAnalysis
0x0000000008865000 	/System/Library/Frameworks/ApplicationServices.framework/Versions/A/Frameworks/PrintCore.framework/Versions/A/PrintCore
0x0000000008865000 	/System/Library/Frameworks/ApplicationServices.framework/Versions/A/Frameworks/QD.framework/Versions/A/QD
0x0000000008865000 	/System/Library/Frameworks/ApplicationServices.framework/Versions/A/Frameworks/SpeechSynthesis.framework/Versions/A/SpeechSynthesis
0x0000000008865000 	/System/Library/Frameworks/Accelerate.framework/Versions/A/Frameworks/vImage.framework/Versions/A/vImage
0x0000000008865000 	/System/Library/Frameworks/Accelerate.framework/Versions/A/Frameworks/vecLib.framework/Versions/A/vecLib
0x0000000008865000 	/System/Library/Frameworks/Accelerate.framework/Versions/A/Frameworks/vecLib.framework/Versions/A/libvDSP.dylib
0x0000000008865000 	/System/Library/Frameworks/Accelerate.framework/Versions/A/Frameworks/vecLib.framework/Versions/A/libBNNS.dylib
0x0000000008865000 	/System/Library/Frameworks/Accelerate.framework/Versions/A/Frameworks/vecLib.framework/Versions/A/libQuadrature.dylib
0x0000000008865000 	/System/Library/Frameworks/Accelerate.framework/Versions/A/Frameworks/vecLib.framework/Versions/A/libvMisc.dylib
0x0000000008865000 	/System/Library/Frameworks/Accelerate.framework/Versions/A/Frameworks/vecLib.framework/Versions/A/libLAPACK.dylib
0x0000000008865000 	/System/Library/Frameworks/Accelerate.framework/Versions/A/Frameworks/vecLib.framework/Versions/A/libBLAS.dylib
0x0000000008865000 	/System/Library/Frameworks/Accelerate.framework/Versions/A/Frameworks/vecLib.framework/Versions/A/libLinearAlgebra.dylib
0x0000000008865000 	/System/Library/Frameworks/Accelerate.framework/Versions/A/Frameworks/vecLib.framework/Versions/A/libSparseBLAS.dylib
0x0000000008865000 	/System/Library/Frameworks/ApplicationServices.framework/Versions/A/Frameworks/ATS.framework/Versions/A/Resources/libFontParser.dylib
0x0000000008865000 	/System/Library/Frameworks/ApplicationServices.framework/Versions/A/Frameworks/ATS.framework/Versions/A/Resources/libFontRegistry.dylib
0x0000000008865000 	/System/Library/Frameworks/ImageIO.framework/Versions/A/Resources/libJPEG.dylib
0x0000000008865000 	/System/Library/Frameworks/ImageIO.framework/Versions/A/Resources/libTIFF.dylib
0x0000000008865000 	/System/Library/Frameworks/ImageIO.framework/Versions/A/Resources/libPng.dylib
0x0000000008865000 	/System/Library/Frameworks/ImageIO.framework/Versions/A/Resources/libGIF.dylib
0x0000000008865000 	/System/Library/Frameworks/ImageIO.framework/Versions/A/Resources/libJP2.dylib
0x0000000008865000 	/System/Library/Frameworks/ImageIO.framework/Versions/A/Resources/libRadiance.dylib
0x0000000008865000 	/usr/lib/libcompression.dylib
0x0000000008865000 	/System/Library/PrivateFrameworks/AppleJPEG.framework/Versions/A/AppleJPEG
0x0000000008865000 	/usr/lib/libcups.2.dylib
0x0000000008865000 	/System/Library/Frameworks/Kerberos.framework/Versions/A/Kerberos
0x0000000008865000 	/System/Library/Frameworks/GSS.framework/Versions/A/GSS
0x0000000008865000 	/usr/lib/libresolv.9.dylib
0x0000000008865000 	/usr/lib/libiconv.2.dylib
0x0000000008865000 	/System/Library/PrivateFrameworks/Heimdal.framework/Versions/A/Heimdal
0x0000000008865000 	/usr/lib/libheimdal-asn1.dylib
0x0000000008865000 	/System/Library/Frameworks/OpenDirectory.framework/Versions/A/OpenDirectory
0x0000000008865000 	/System/Library/PrivateFrameworks/CommonAuth.framework/Versions/A/CommonAuth
0x0000000008865000 	/System/Library/Frameworks/OpenDirectory.framework/Versions/A/Frameworks/CFOpenDirectory.framework/Versions/A/CFOpenDirectory
0x0000000008865000 	/System/Library/Frameworks/SecurityFoundation.framework/Versions/A/SecurityFoundation
0x0000000008865000 	/System/Library/PrivateFrameworks/LanguageModeling.framework/Versions/A/LanguageModeling
0x0000000008865000 	/usr/lib/libmarisa.dylib
0x0000000008865000 	/usr/lib/libChineseTokenizer.dylib
0x0000000008865000 	/usr/lib/libcmph.dylib
0x0000000008865000 	/System/Library/PrivateFrameworks/CoreEmoji.framework/Versions/A/CoreEmoji
0x0000000008865000 	/System/Library/Frameworks/ServiceManagement.framework/Versions/A/ServiceManagement
0x0000000008865000 	/usr/lib/libxslt.1.dylib
0x0000000008865000 	/System/Library/Frameworks/Carbon.framework/Versions/A/Frameworks/Ink.framework/Versions/A/Ink
0x0000000008865000 	/System/Library/PrivateFrameworks/TextureIO.framework/Versions/A/TextureIO
0x0000000008865000 	/System/Library/Frameworks/Metal.framework/Versions/A/Metal
0x0000000008865000 	/usr/lib/libate.dylib
0x0000000008865000 	/System/Library/PrivateFrameworks/GPUCompiler.framework/libmetal_timestamp.dylib
0x0000000008865000 	/System/Library/Frameworks/OpenGL.framework/Versions/A/Libraries/libCoreFSCache.dylib
0x0000000008865000 	/System/Library/PrivateFrameworks/IOAccelerator.framework/Versions/A/IOAccelerator
0x0000000008865000 	/System/Library/Frameworks/CoreVideo.framework/Versions/A/CoreVideo
0x0000000008865000 	/usr/lib/libFosl_dynamic.dylib
0x0000000008865000 	/System/Library/PrivateFrameworks/MetalPerformanceShaders.framework/Versions/A/MetalPerformanceShaders
0x0000000008865000 	/System/Library/PrivateFrameworks/FaceCore.framework/Versions/A/FaceCore
0x0000000008865000 	/System/Library/Frameworks/OpenCL.framework/Versions/A/OpenCL
0x0000000008865000 	/System/Library/Frameworks/OpenGL.framework/Versions/A/Libraries/libGLU.dylib
0x0000000008865000 	/System/Library/Frameworks/OpenGL.framework/Versions/A/Libraries/libGFXShared.dylib
0x0000000008865000 	/System/Library/Frameworks/OpenGL.framework/Versions/A/Libraries/libGL.dylib
0x0000000008865000 	/System/Library/Frameworks/OpenGL.framework/Versions/A/Libraries/libGLImage.dylib
0x0000000008865000 	/System/Library/Frameworks/OpenGL.framework/Versions/A/Libraries/libCVMSPluginSupport.dylib
0x0000000008865000 	/System/Library/Frameworks/OpenGL.framework/Versions/A/Libraries/libCoreVMClient.dylib
0x0000000008865000 	/System/Library/PrivateFrameworks/CrashReporterSupport.framework/Versions/A/CrashReporterSupport
0x0000000008865000 	/System/Library/PrivateFrameworks/Sharing.framework/Versions/A/Sharing
0x0000000008865000 	/System/Library/PrivateFrameworks/IconServices.framework/Versions/A/IconServices
0x0000000008865000 	/System/Library/PrivateFrameworks/ProtocolBuffer.framework/Versions/A/ProtocolBuffer
0x0000000008865000 	/System/Library/PrivateFrameworks/Apple80211.framework/Versions/A/Apple80211
0x0000000008865000 	/System/Library/Frameworks/CoreWLAN.framework/Versions/A/CoreWLAN
0x0000000008865000 	/System/Library/PrivateFrameworks/CoreUtils.framework/Versions/A/CoreUtils
0x0000000008865000 	/System/Library/Frameworks/IOBluetooth.framework/Versions/A/IOBluetooth
0x0000000008865000 	/System/Library/PrivateFrameworks/CoreWiFi.framework/Versions/A/CoreWiFi
0x0000000008865000 	/System/Library/Frameworks/CoreBluetooth.framework/Versions/A/CoreBluetooth
0x0000000008865000 	/System/Library/Frameworks/CoreDisplay.framework/Versions/A/CoreDisplay
0x0000000008865000 	/System/Library/PrivateFrameworks/IOPresentment.framework/Versions/A/IOPresentment
0x0000000008865000 	/System/Library/PrivateFrameworks/DSExternalDisplay.framework/Versions/A/DSExternalDisplay
0x0000000008865000 	/System/Library/PrivateFrameworks/DebugSymbols.framework/Versions/A/DebugSymbols
0x0000000008865000 	/System/Library/PrivateFrameworks/CoreSymbolication.framework/Versions/A/CoreSymbolication
0x0000000008865000 	/System/Library/PrivateFrameworks/Symbolication.framework/Versions/A/Symbolication
0x0000000008865000 	/System/Library/PrivateFrameworks/AppleFSCompression.framework/Versions/A/AppleFSCompression
0x0000000008865000 	/System/Library/PrivateFrameworks/SpeechRecognitionCore.framework/Versions/A/SpeechRecognitionCore
0x0000000008865000 	/System/Library/PrivateFrameworks/ChunkingLibrary.framework/Versions/A/ChunkingLibrary
0x0000000108400000 	/Library/Java/JavaVirtualMachines/jdk1.8.0_144.jdk/Contents/Home/jre/lib/server/libjvm.dylib
0x0000000008865000 	/usr/lib/libstdc++.6.dylib
0x0000000107aae000 	/Library/Java/JavaVirtualMachines/jdk1.8.0_144.jdk/Contents/Home/jre/lib/libverify.dylib
0x0000000107abc000 	/Library/Java/JavaVirtualMachines/jdk1.8.0_144.jdk/Contents/Home/jre/lib/libjava.dylib
0x0000000107afb000 	/Library/Java/JavaVirtualMachines/jdk1.8.0_144.jdk/Contents/Home/jre/lib/libzip.dylib
0x000000010fc20000 	/System/Library/Frameworks/JavaVM.framework/Frameworks/JavaRuntimeSupport.framework/JavaRuntimeSupport
0x000000010fc3a000 	/System/Library/Frameworks/JavaVM.framework/Versions/A/Frameworks/JavaNativeFoundation.framework/Versions/A/JavaNativeFoundation
0x0000000107bf0000 	/System/Library/Frameworks/JavaVM.framework/Versions/A/JavaVM
0x0000000008865000 	/System/Library/Frameworks/Carbon.framework/Versions/A/Carbon
0x000000010fc4f000 	/System/Library/PrivateFrameworks/JavaLaunching.framework/Versions/A/JavaLaunching
0x0000000008865000 	/System/Library/Frameworks/Carbon.framework/Versions/A/Frameworks/CommonPanels.framework/Versions/A/CommonPanels
0x0000000008865000 	/System/Library/Frameworks/Carbon.framework/Versions/A/Frameworks/Help.framework/Versions/A/Help
0x0000000008865000 	/System/Library/Frameworks/Carbon.framework/Versions/A/Frameworks/ImageCapture.framework/Versions/A/ImageCapture
0x0000000008865000 	/System/Library/Frameworks/Carbon.framework/Versions/A/Frameworks/OpenScripting.framework/Versions/A/OpenScripting
0x0000000008865000 	/System/Library/Frameworks/Carbon.framework/Versions/A/Frameworks/Print.framework/Versions/A/Print
0x0000000008865000 	/System/Library/Frameworks/Carbon.framework/Versions/A/Frameworks/SecurityHI.framework/Versions/A/SecurityHI
0x0000000111576000 	/Library/Java/JavaVirtualMachines/jdk1.8.0_144.jdk/Contents/Home/jre/lib/libawt.dylib
0x000000011161e000 	/Library/Java/JavaVirtualMachines/jdk1.8.0_144.jdk/Contents/Home/jre/lib/./libmlib_image.dylib
0x00000001116ea000 	/Library/Java/JavaVirtualMachines/jdk1.8.0_144.jdk/Contents/Home/jre/lib/libawt_lwawt.dylib
0x00000001117a1000 	/Library/Java/JavaVirtualMachines/jdk1.8.0_144.jdk/Contents/Home/jre/lib/./libosxapp.dylib
0x0000000008865000 	/System/Library/Frameworks/ExceptionHandling.framework/Versions/A/ExceptionHandling
0x0000000008865000 	/System/Library/PrivateFrameworks/CoreServicesInternal.framework/Versions/A/CoreServicesInternal
0x0000000008865000 	/System/Library/CoreServices/RawCamera.bundle/Contents/MacOS/RawCamera
0x0000000008865000 	/System/Library/Frameworks/Accelerate.framework/Versions/A/Frameworks/vImage.framework/Versions/A/Libraries/libCGInterfaces.dylib
0x0000000008865000 	/System/Library/Frameworks/ApplicationServices.framework/Versions/A/Frameworks/ATS.framework/Versions/A/Resources/libTrueTypeScaler.dylib
0x00000001134fa000 	/System/Library/Frameworks/OpenGL.framework/Resources/GLEngine.bundle/GLEngine
0x0000000008865000 	/System/Library/Frameworks/OpenGL.framework/Versions/A/Libraries/libGLProgrammability.dylib
0x00000001136df000 	/System/Library/Extensions/AppleIntelBDWGraphicsGLDriver.bundle/Contents/MacOS/AppleIntelBDWGraphicsGLDriver
0x0000000008865000 	/System/Library/PrivateFrameworks/GPUSupport.framework/Versions/A/Libraries/libGPUSupportMercury.dylib
0x0000000113e49000 	/System/Library/Frameworks/OpenGL.framework/Resources//GLRendererFloat.bundle/GLRendererFloat
0x0000000008865000 	/System/Library/Frameworks/OpenCL.framework/Versions/A/Libraries/libcldcpuengine.dylib
0x0000000008865000 	/usr/lib/libcrypto.0.9.8.dylib
0x0000000008865000 	/System/Library/PrivateFrameworks/TrustEvaluationAgent.framework/Versions/A/TrustEvaluationAgent
0x0000000113e7d000 	/System/Library/Extensions/AppleIntelBDWGraphicsMTLDriver.bundle/Contents/MacOS/AppleIntelBDWGraphicsMTLDriver
0x0000000008865000 	/System/Library/PrivateFrameworks/FamilyControls.framework/Versions/A/FamilyControls
0x0000000008865000 	/System/Library/PrivateFrameworks/CommerceKit.framework/Versions/A/Frameworks/CommerceCore.framework/Versions/A/CommerceCore
0x0000000008865000 	/System/Library/PrivateFrameworks/SystemAdministration.framework/Versions/A/SystemAdministration
0x0000000008865000 	/System/Library/PrivateFrameworks/AppContainer.framework/Versions/A/AppContainer
0x0000000008865000 	/System/Library/PrivateFrameworks/SecCodeWrapper.framework/Versions/A/SecCodeWrapper
0x0000000008865000 	/System/Library/Frameworks/DirectoryService.framework/Versions/A/DirectoryService
0x0000000008865000 	/System/Library/PrivateFrameworks/DiskImages.framework/Versions/A/DiskImages
0x0000000008865000 	/System/Library/PrivateFrameworks/LoginUIKit.framework/Versions/A/Frameworks/LoginUICore.framework/Versions/A/LoginUICore
0x0000000008865000 	/usr/lib/libCoreStorage.dylib
0x0000000008865000 	/usr/lib/libcsfde.dylib
0x0000000008865000 	/usr/lib/libodfde.dylib
0x0000000008865000 	/System/Library/Frameworks/DiscRecording.framework/Versions/A/DiscRecording
0x0000000008865000 	/usr/lib/libcurl.4.dylib
0x0000000008865000 	/System/Library/PrivateFrameworks/MediaKit.framework/Versions/A/MediaKit
0x0000000008865000 	/System/Library/PrivateFrameworks/ProtectedCloudStorage.framework/Versions/A/ProtectedCloudStorage
0x0000000008865000 	/System/Library/PrivateFrameworks/EFILogin.framework/Versions/A/EFILogin
0x0000000008865000 	/usr/lib/libutil.dylib
0x0000000008865000 	/System/Library/Frameworks/LDAP.framework/Versions/A/LDAP
0x0000000008865000 	/usr/lib/libsasl2.2.dylib
0x0000000008865000 	/System/Library/PrivateFrameworks/CoreDaemon.framework/Versions/B/CoreDaemon
0x0000000008865000 	/System/Library/PrivateFrameworks/AppleSRP.framework/Versions/A/AppleSRP
0x0000000008865000 	/System/Library/PrivateFrameworks/APFS.framework/Versions/A/APFS
0x0000000115661000 	/Library/Java/JavaVirtualMachines/jdk1.8.0_144.jdk/Contents/Home/jre/lib/libfontmanager.dylib
0x00000001156c8000 	/Users/kis/Desktop/workspace/AnalogGame/Lib/Native/macosx/liblwjgl.dylib
0x0000000111a2a000 	/Library/Java/JavaVirtualMachines/jdk1.8.0_144.jdk/Contents/Home/jre/lib/libjawt.dylib
0x0000000008865000 	/System/Library/PrivateFrameworks/ViewBridge.framework/Versions/A/ViewBridge
0x0000000008865000 	/System/Library/PrivateFrameworks/XPCService.framework/Versions/A/XPCService
0x0000000008865000 	/System/Library/PrivateFrameworks/AppSandbox.framework/Versions/A/AppSandbox
0x0000000008865000 	/usr/lib/libsandbox.1.dylib
0x0000000008865000 	/usr/lib/libMatch.1.dylib
0x0000000116ebc000 	/Library/Java/JavaVirtualMachines/jdk1.8.0_144.jdk/Contents/Home/jre/lib/libnio.dylib
0x0000000116ecc000 	/Library/Java/JavaVirtualMachines/jdk1.8.0_144.jdk/Contents/Home/jre/lib/./libnet.dylib
0x0000000116f2b000 	/Library/Java/JavaVirtualMachines/jdk1.8.0_144.jdk/Contents/Home/jre/lib/libjpeg.dylib

VM Arguments:
jvm_args: -Djava.library.path=/Users/kis/Desktop/workspace/AnalogGame/Lib/Native/macosx -Dfile.encoding=UTF-8 
java_command: AnalogGame
java_class_path (initial): /Users/kis/Desktop/workspace/AnalogGame/bin:/Users/kis/Desktop/workspace/AnalogGame/Lib/Jars/slick.jar:/Users/kis/Desktop/workspace/AnalogGame/Lib/Jars/lwjgl.jar
Launcher Type: SUN_STANDARD

Environment Variables:
PATH=/usr/bin:/bin:/usr/sbin:/sbin
SHELL=/bin/bash

Signal Handlers:
SIGSEGV: [libjvm.dylib+0x5b26e5], sa_mask[0]=11111111011111110111111111111111, sa_flags=SA_ONSTACK|SA_RESTART|SA_SIGINFO
SIGBUS: [libjvm.dylib+0x5b26e5], sa_mask[0]=11111111011111110111111111111111, sa_flags=SA_RESTART|SA_SIGINFO
SIGFPE: [libjvm.dylib+0x489100], sa_mask[0]=11111111011111110111111111111111, sa_flags=SA_RESTART|SA_SIGINFO
SIGPIPE: [libjvm.dylib+0x489100], sa_mask[0]=11111111011111110111111111111111, sa_flags=SA_RESTART|SA_SIGINFO
SIGXFSZ: [libjvm.dylib+0x489100], sa_mask[0]=11111111011111110111111111111111, sa_flags=SA_RESTART|SA_SIGINFO
SIGILL: [libjvm.dylib+0x489100], sa_mask[0]=11111111011111110111111111111111, sa_flags=SA_RESTART|SA_SIGINFO
SIGUSR1: SIG_DFL, sa_mask[0]=00000000000000000000000000000000, sa_flags=none
SIGUSR2: [libjvm.dylib+0x488c1e], sa_mask[0]=00100000000000000000000000000000, sa_flags=SA_RESTART|SA_SIGINFO
SIGHUP: [libjvm.dylib+0x4871f5], sa_mask[0]=11111111011111110111111111111111, sa_flags=SA_RESTART|SA_SIGINFO
SIGINT: [libjvm.dylib+0x4871f5], sa_mask[0]=11111111011111110111111111111111, sa_flags=SA_RESTART|SA_SIGINFO
SIGTERM: [libjvm.dylib+0x4871f5], sa_mask[0]=11111111011111110111111111111111, sa_flags=SA_RESTART|SA_SIGINFO
SIGQUIT: [libjvm.dylib+0x4871f5], sa_mask[0]=11111111011111110111111111111111, sa_flags=SA_RESTART|SA_SIGINFO


---------------  S Y S T E M  ---------------

OS:Bsduname:Darwin 16.7.0 Darwin Kernel Version 16.7.0: Thu Jun 15 17:36:27 PDT 2017; root:xnu-3789.70.16~2/RELEASE_X86_64 x86_64
rlimit: STACK 8192k, CORE 0k, NPROC 709, NOFILE 10240, AS infinity
load average:2.58 2.28 2.61

CPU:total 4 (initial active 4) (2 cores per cpu, 2 threads per core) family 6 model 61 stepping 4, cmov, cx8, fxsr, mmx, sse, sse2, sse3, ssse3, sse4.1, sse4.2, popcnt, avx, avx2, aes, clmul, erms, 3dnowpref, lzcnt, ht, tsc, tscinvbit, bmi1, bmi2, adx

Memory: 4k page, physical 8388608k(93952k free)

/proc/meminfo:


vm_info: Java HotSpot(TM) 64-Bit Server VM (25.144-b01) for bsd-amd64 JRE (1.8.0_144-b01), built on Jul 21 2017 22:07:42 by "java_re" with gcc 4.2.1 (Based on Apple Inc. build 5658) (LLVM build 2336.11.00)

time: Wed Apr  4 18:10:11 2018
elapsed time: 5 seconds (0d 0h 0m 5s)

