#
# A fatal error has been detected by the Java Runtime Environment:
#
#  SIGBUS (0xa) at pc=0x00007fffbcbccbdd, pid=7070, tid=0x0000000000000307
#
# JRE version: Java(TM) SE Runtime Environment (8.0_144-b01) (build 1.8.0_144-b01)
# Java VM: Java HotSpot(TM) 64-Bit Server VM (25.144-b01 mixed mode bsd-amd64 compressed oops)
# Problematic frame:
# C  [libobjc.A.dylib+0x4bdd]  _ZL12realizeClassP10objc_class+0x8f
#
# Failed to write core dump. Core dumps have been disabled. To enable core dumping, try "ulimit -c unlimited" before starting Java again
#
# If you would like to submit a bug report, please visit:
#   http://bugreport.java.com/bugreport/crash.jsp
# The crash happened outside the Java Virtual Machine in native code.
# See problematic frame for where to report the bug.
#

---------------  T H R E A D  ---------------

Current thread (0x00007ff3a606b800):  JavaThread "AppKit Thread" daemon [_thread_in_native, id=775, stack(0x00007fff56b53000,0x00007fff57353000)]

siginfo: si_signo: 10 (SIGBUS), si_code: 2 (BUS_ADRERR), si_addr: 0x00000001093c1690

Registers:
RAX=0x000000004855c35d, RBX=0x00000001093c1690, RCX=0x00000000885dc35d, RDX=0xffffffffffffff00
RSP=0x00007fff5734d5e0, RBP=0x00007fff5734d640, RSI=0x0000000000000000, RDI=0x0000000109ada2d0
R8 =0x0000000000000040, R9 =0x00007ff3a5d9d690, R10=0x00000000ffffe000, R11=0x0000000000000003
R12=0x0000000000000000, R13=0x0000000109ada2d0, R14=0xc031e5894855c35d, R15=0x0000000000000000
RIP=0x00007fffbcbccbdd, EFLAGS=0x0000000000010282, ERR=0x0000000000000007
  TRAPNO=0x000000000000000e

Top of Stack: (sp=0x00007fff5734d5e0)
0x00007fff5734d5e0:   00007fffc63d6000 0000000000000040
0x00007fff5734d5f0:   00007fff5734d620 00007fffbd64743e
0x00007fff5734d600:   00007ff3a6804600 00007fffc632ce80
0x00007fff5734d610:   00007ff3a6804600 00007ff3a5d9d690
0x00007fff5734d620:   0000000000000000 00007ff3a6804800
0x00007fff5734d630:   00007ff3a6804600 0000000000000000
0x00007fff5734d640:   00007fff5734d6b0 00007fffbcbccc6f
0x00007fff5734d650:   000000005734d6b0 00000005ffffffff
0x00007fff5734d660:   00007fffc632cf48 00007fffc62762d0
0x00007fff5734d670:   00007fffc632ce80 0000000000000000
0x00007fff5734d680:   00007ff3a6804800 00007ff3a5c02bd0
0x00007fff5734d690:   00007fffc632ce80 0000000000000000
0x00007fff5734d6a0:   00007ff3a6804800 00007ff3a6804800
0x00007fff5734d6b0:   00007fff5734d6f0 00007fffbcbd0217
0x00007fff5734d6c0:   0000000000000000 0000000000000000
0x00007fff5734d6d0:   00007fffc632c480 00007fffc632ce80
0x00007fff5734d6e0:   00007ff3a5c02bd0 00007ff3a6804800
0x00007fff5734d6f0:   00007fff5734d780 00007fffbcbd3c39
0x00007fff5734d700:   0000000000000000 00007ff3a5d85da0
0x00007fff5734d710:   ffff800c5a3a8af0 0000000000000a00
0x00007fff5734d720:   00007fffc6276630 0000000000000000
0x00007fff5734d730:   00007fffc632ce80 00007ff3a5c02bd0
0x00007fff5734d740:   0000000000000000 00007ff3a5d87b10
0x00007fff5734d750:   000000000000000c 00007ff3a5c57510
0x00007fff5734d760:   0000000000000000 00007ff3a5c57510
0x00007fff5734d770:   00007ff3a5d91980 00007ff3a5c02bd0
0x00007fff5734d780:   00007fff5734d7c0 00007fffa9743acf
0x00007fff5734d790:   00007fff5734d7c0 0000000000000000
0x00007fff5734d7a0:   00007ff3a5c02bd0 00007fffa6478006
0x00007fff5734d7b0:   00007ff3a5c57510 00007fffbcbcf040
0x00007fff5734d7c0:   00007fff5734d7f0 00007fffa5b106fb
0x00007fff5734d7d0:   00007fffbcbcf040 00007fff5734d878 

Instructions: (pc=0x00007fffbcbccbdd)
0x00007fffbcbccbbd:   75 20 49 89 de 48 89 c3 eb 1c 4c 8b 73 08 eb 02
0x00007fffbcbccbcd:   8b 03 89 c1 81 e1 ff ff f7 3f 81 c9 00 00 08 80
0x00007fffbcbccbdd:   f0 0f b1 0b 75 ea 45 8b 3e 31 c0 41 83 e7 01 b9
0x00007fffbcbccbed:   07 00 00 00 0f 44 c8 89 4b 04 48 8d 05 17 09 76 

Register to memory mapping:

RAX=0x000000004855c35d is an unknown value
RBX=0x00000001093c1690: _ZN12ThreadShadow22unused_initial_virtualEv+0x4 in /Library/Java/JavaVirtualMachines/jdk1.8.0_144.jdk/Contents/Home/jre/lib/server/libjvm.dylib at 0x0000000109200000
RCX=0x00000000885dc35d is an unknown value
RDX=0xffffffffffffff00 is an unknown value
RSP=0x00007fff5734d5e0 is pointing into the stack for thread: 0x00007ff3a606b800
RBP=0x00007fff5734d640 is pointing into the stack for thread: 0x00007ff3a606b800
RSI=0x0000000000000000 is an unknown value
RDI=0x0000000109ada2d0: _ZTV10JavaThread+0x10 in /Library/Java/JavaVirtualMachines/jdk1.8.0_144.jdk/Contents/Home/jre/lib/server/libjvm.dylib at 0x0000000109200000
R8 =0x0000000000000040 is an unknown value
R9 =0x00007ff3a5d9d690 is an unknown value
R10=0x00000000ffffe000 is an unknown value
R11=0x0000000000000003 is an unknown value
R12=0x0000000000000000 is an unknown value
R13=0x0000000109ada2d0: _ZTV10JavaThread+0x10 in /Library/Java/JavaVirtualMachines/jdk1.8.0_144.jdk/Contents/Home/jre/lib/server/libjvm.dylib at 0x0000000109200000
R14=0xc031e5894855c35d is an unknown value
R15=0x0000000000000000 is an unknown value


Stack: [0x00007fff56b53000,0x00007fff57353000],  sp=0x00007fff5734d5e0,  free space=8169k
Native frames: (J=compiled Java code, j=interpreted, Vv=VM code, C=native code)
C  [libobjc.A.dylib+0x4bdd]  _ZL12realizeClassP10objc_class+0x8f
C  [libobjc.A.dylib+0x4c6f]  _ZL12realizeClassP10objc_class+0x121
C  [libobjc.A.dylib+0x8217]  _class_getNonMetaClass+0x29
C  [libobjc.A.dylib+0xbc39]  objc_storeWeak+0x9f
C  [Foundation+0x17acf]  -[NSConcreteMapTable setObject:forKey:]+0x6a
C  [AppKit+0x3226fb]  -[NSView(NSOpenGLContextAssociation) _setOpenGLContext:]+0x9b
C  [AppKit+0x6efc73]  __27-[NSOpenGLContext setView:]_block_invoke+0xef
C  [AppKit+0x179d48]  NSPerformVisuallyAtomicChange+0x93
C  [AppKit+0x322538]  -[NSOpenGLContext setView:]+0x69
C  [liblwjgl.dylib+0xa586]  -[MacOSXOpenGLView lockFocus]+0x76
C  [AppKit+0x19ce7b]  -[NSView _recursiveDisplayRectIfNeededIgnoringOpacity:isVisibleRect:rectIsVisibleRectForView:topView:]+0x6ee
C  [AppKit+0x19d6d1]  -[NSView _recursiveDisplayRectIfNeededIgnoringOpacity:isVisibleRect:rectIsVisibleRectForView:topView:]+0xf44
C  [AppKit+0x19c2af]  -[NSThemeFrame _recursiveDisplayRectIfNeededIgnoringOpacity:isVisibleRect:rectIsVisibleRectForView:topView:]+0x14e
C  [AppKit+0x19a6d8]  -[NSView _displayRectIgnoringOpacity:isVisibleRect:rectIsVisibleRectForView:]+0x994
C  [AppKit+0x195fca]  -[NSView displayIfNeeded]+0x6d4
C  [AppKit+0x1958db]  -[NSWindow displayIfNeeded]+0xe6
C  [AppKit+0x8f5cb4]  ___NSWindowGetDisplayCycleObserver_block_invoke.6228+0x115
C  [AppKit+0x1953b9]  __37+[NSDisplayCycle currentDisplayCycle]_block_invoke+0x1c6
C  [QuartzCore+0x11d06]  _ZN2CA11Transaction19run_commit_handlersE18CATransactionPhase+0x2e
C  [QuartzCore+0x11b8bc]  _ZN2CA7Context18commit_transactionEPNS_11TransactionE+0xa0
C  [QuartzCore+0x107e1]  _ZN2CA11Transaction6commitEv+0x1db
C  [AppKit+0x4788b1]  __37+[NSDisplayCycle currentDisplayCycle]_block_invoke.31+0x143
C  [CoreFoundation+0xa6d37]  __CFRUNLOOP_IS_CALLING_OUT_TO_AN_OBSERVER_CALLBACK_FUNCTION__+0x17
C  [CoreFoundation+0xa6ca7]  __CFRunLoopDoObservers+0x187
C  [CoreFoundation+0x876d9]  __CFRunLoopRun+0x369
C  [CoreFoundation+0x87114]  CFRunLoopRunSpecific+0x1a4
C  [HIToolbox+0x30ebc]  RunCurrentEventLoopInMode+0xf0
C  [HIToolbox+0x30bf9]  ReceiveNextEventCommon+0xb8
C  [HIToolbox+0x30b26]  _BlockUntilNextEventMatchingListInModeWithFilter+0x47
C  [AppKit+0x46a54]  _DPSNextEvent+0x460
C  [AppKit+0x7c27ee]  -[NSApplication(NSEvent) _nextEventMatchingEventMask:untilDate:inMode:dequeue:]+0xaec
C  [libosxapp.dylib+0x23aa]  -[NSApplicationAWT nextEventMatchingMask:untilDate:inMode:dequeue:]+0x7c
C  [AppKit+0x3b3db]  -[NSApplication run]+0x39e
C  [libosxapp.dylib+0x214d]  +[NSApplicationAWT runAWTLoopWithApp:]+0x9c
C  [libawt_lwawt.dylib+0x45edf]  -[AWTStarter starter:]+0x389
C  [Foundation+0x7152a]  __NSThreadPerformPerform+0x146
C  [CoreFoundation+0xa7321]  __CFRUNLOOP_IS_CALLING_OUT_TO_A_SOURCE0_PERFORM_FUNCTION__+0x11
C  [CoreFoundation+0x8821d]  __CFRunLoopDoSources0+0x22d
C  [CoreFoundation+0x87716]  __CFRunLoopRun+0x3a6
C  [CoreFoundation+0x87114]  CFRunLoopRunSpecific+0x1a4
C  [java+0x6465]  CreateExecutionEnvironment+0x367
C  [java+0x218c]  JLI_Launch+0x7a0
C  [java+0x84c2]  main+0x65
C  [java+0x19e4]  start+0x34
C  0x0000000000000006


---------------  P R O C E S S  ---------------

Java Threads: ( => current thread )
  0x00007ff3a6990000 JavaThread "AWT-Shutdown" [_thread_blocked, id=37979, stack(0x0000700007ad5000,0x0000700007bd5000)]
  0x00007ff3a6230000 JavaThread "Java2D Queue Flusher" daemon [_thread_blocked, id=61447, stack(0x0000700007de1000,0x0000700007ee1000)]
  0x00007ff3a7250800 JavaThread "Java2D Disposer" daemon [_thread_blocked, id=60955, stack(0x0000700007cde000,0x0000700007dde000)]
=>0x00007ff3a606b800 JavaThread "AppKit Thread" daemon [_thread_in_native, id=775, stack(0x00007fff56b53000,0x00007fff57353000)]
  0x00007ff3a6824800 JavaThread "Service Thread" daemon [_thread_blocked, id=18691, stack(0x00007000078cf000,0x00007000079cf000)]
  0x00007ff3a6824000 JavaThread "C1 CompilerThread2" daemon [_thread_blocked, id=18179, stack(0x00007000077cc000,0x00007000078cc000)]
  0x00007ff3a6042800 JavaThread "C2 CompilerThread1" daemon [_thread_blocked, id=17667, stack(0x00007000076c9000,0x00007000077c9000)]
  0x00007ff3a6823000 JavaThread "C2 CompilerThread0" daemon [_thread_blocked, id=17155, stack(0x00007000075c6000,0x00007000076c6000)]
  0x00007ff3a7024000 JavaThread "Signal Dispatcher" daemon [_thread_blocked, id=16643, stack(0x00007000074c3000,0x00007000075c3000)]
  0x00007ff3a7009000 JavaThread "Finalizer" daemon [_thread_blocked, id=12547, stack(0x00007000073c0000,0x00007000074c0000)]
  0x00007ff3a602b800 JavaThread "Reference Handler" daemon [_thread_blocked, id=12035, stack(0x00007000072bd000,0x00007000073bd000)]
  0x00007ff3a6804800 JavaThread "main" [_thread_in_native, id=7171, stack(0x0000700006cab000,0x0000700006dab000)]

Other Threads:
  0x00007ff3a6029000 VMThread [stack: 0x00007000071ba000,0x00007000072ba000] [id=11523]
  0x00007ff3a6825800 WatcherThread [stack: 0x00007000079d2000,0x0000700007ad2000] [id=19203]

VM state:not at safepoint (normal execution)

VM Mutex/Monitor currently owned by a thread: None

Heap:
 PSYoungGen      total 112128K, used 41713K [0x0000000795580000, 0x000000079d380000, 0x00000007c0000000)
  eden space 111616K, 37% used [0x0000000795580000,0x0000000797e14708,0x000000079c280000)
  from space 512K, 31% used [0x000000079d300000,0x000000079d328000,0x000000079d380000)
  to   space 5120K, 0% used [0x000000079c980000,0x000000079c980000,0x000000079ce80000)
 ParOldGen       total 177664K, used 64335K [0x0000000740000000, 0x000000074ad80000, 0x0000000795580000)
  object space 177664K, 36% used [0x0000000740000000,0x0000000743ed3d88,0x000000074ad80000)
 Metaspace       used 9737K, capacity 9877K, committed 10112K, reserved 1058816K
  class space    used 1021K, capacity 1085K, committed 1152K, reserved 1048576K

Card table byte_map: [0x000000010a567000,0x000000010a968000] byte_map_base: 0x0000000106b67000

Marking Bits: (ParMarkBitMap*) 0x0000000109af35d0
 Begin Bits: [0x000000011d679000, 0x000000011f679000)
 End Bits:   [0x000000011f679000, 0x0000000121679000)

Polling page: 0x000000010896d000

CodeCache: size=245760Kb used=4206Kb max_used=4220Kb free=241553Kb
 bounds [0x000000010e679000, 0x000000010eaa9000, 0x000000011d679000]
 total_blobs=1522 nmethods=1014 adapters=422
 compilation: enabled

Compilation events (10 events):
Event: 22.759 Thread 0x00007ff3a6824000 1010       3       java.nio.HeapByteBuffer::putLong (21 bytes)
Event: 22.760 Thread 0x00007ff3a6824000 nmethod 1010 0x000000010ea8ced0 code [0x000000010ea8d060, 0x000000010ea8d428]
Event: 22.760 Thread 0x00007ff3a6824000 1011       3       java.nio.Bits::putLong (21 bytes)
Event: 22.760 Thread 0x00007ff3a6824000 nmethod 1011 0x000000010ea7e410 code [0x000000010ea7e580, 0x000000010ea7e778]
Event: 22.784 Thread 0x00007ff3a6824000 1012       3       java.nio.HeapByteBuffer::getLong (19 bytes)
Event: 22.785 Thread 0x00007ff3a6824000 nmethod 1012 0x000000010ea8c810 code [0x000000010ea8c9c0, 0x000000010ea8cd68]
Event: 22.785 Thread 0x00007ff3a6824000 1013       3       java.nio.Bits::getLong (18 bytes)
Event: 22.785 Thread 0x00007ff3a6824000 nmethod 1013 0x000000010ea95fd0 code [0x000000010ea96140, 0x000000010ea96338]
Event: 23.106 Thread 0x00007ff3a6823000 1014   !   4       org.lwjgl.input.Mouse::next (235 bytes)
Event: 23.126 Thread 0x00007ff3a6823000 nmethod 1014 0x000000010ea99b90 code [0x000000010ea99e00, 0x000000010ea9a960]

GC Heap History (10 events):
Event: 2.338 GC heap before
{Heap before GC invocations=2 (full 0):
 PSYoungGen      total 38400K, used 27630K [0x0000000795580000, 0x000000079a080000, 0x00000007c0000000)
  eden space 33280K, 75% used [0x0000000795580000,0x0000000796e1a290,0x0000000797600000)
  from space 5120K, 47% used [0x0000000797600000,0x00000007978617f8,0x0000000797b00000)
  to   space 5120K, 0% used [0x0000000799b80000,0x0000000799b80000,0x000000079a080000)
 ParOldGen       total 87552K, used 55777K [0x0000000740000000, 0x0000000745580000, 0x0000000795580000)
  object space 87552K, 63% used [0x0000000740000000,0x00000007436787f8,0x0000000745580000)
 Metaspace       used 9435K, capacity 9589K, committed 9856K, reserved 1058816K
  class space    used 1003K, capacity 1053K, committed 1152K, reserved 1048576K
Event: 2.362 GC heap after
Heap after GC invocations=2 (full 0):
 PSYoungGen      total 71680K, used 1698K [0x0000000795580000, 0x000000079a080000, 0x00000007c0000000)
  eden space 66560K, 0% used [0x0000000795580000,0x0000000795580000,0x0000000799680000)
  from space 5120K, 33% used [0x0000000799b80000,0x0000000799d28900,0x000000079a080000)
  to   space 5120K, 0% used [0x0000000799680000,0x0000000799680000,0x0000000799b80000)
 ParOldGen       total 101888K, used 97377K [0x0000000740000000, 0x0000000746380000, 0x0000000795580000)
  object space 101888K, 95% used [0x0000000740000000,0x0000000745f187c8,0x0000000746380000)
 Metaspace       used 9435K, capacity 9589K, committed 9856K, reserved 1058816K
  class space    used 1003K, capacity 1053K, committed 1152K, reserved 1048576K
}
Event: 2.362 GC heap before
{Heap before GC invocations=3 (full 1):
 PSYoungGen      total 71680K, used 1698K [0x0000000795580000, 0x000000079a080000, 0x00000007c0000000)
  eden space 66560K, 0% used [0x0000000795580000,0x0000000795580000,0x0000000799680000)
  from space 5120K, 33% used [0x0000000799b80000,0x0000000799d28900,0x000000079a080000)
  to   space 5120K, 0% used [0x0000000799680000,0x0000000799680000,0x0000000799b80000)
 ParOldGen       total 101888K, used 97377K [0x0000000740000000, 0x0000000746380000, 0x0000000795580000)
  object space 101888K, 95% used [0x0000000740000000,0x0000000745f187c8,0x0000000746380000)
 Metaspace       used 9435K, capacity 9589K, committed 9856K, reserved 1058816K
  class space    used 1003K, capacity 1053K, committed 1152K, reserved 1048576K
Event: 2.389 GC heap after
Heap after GC invocations=3 (full 1):
 PSYoungGen      total 71680K, used 0K [0x0000000795580000, 0x000000079a080000, 0x00000007c0000000)
  eden space 66560K, 0% used [0x0000000795580000,0x0000000795580000,0x0000000799680000)
  from space 5120K, 0% used [0x0000000799b80000,0x0000000799b80000,0x000000079a080000)
  to   space 5120K, 0% used [0x0000000799680000,0x0000000799680000,0x0000000799b80000)
 ParOldGen       total 136704K, used 50462K [0x0000000740000000, 0x0000000748580000, 0x0000000795580000)
  object space 136704K, 36% used [0x0000000740000000,0x0000000743147b20,0x0000000748580000)
 Metaspace       used 9435K, capacity 9589K, committed 9856K, reserved 1058816K
  class space    used 1003K, capacity 1053K, committed 1152K, reserved 1048576K
}
Event: 2.866 GC heap before
{Heap before GC invocations=4 (full 1):
 PSYoungGen      total 71680K, used 66560K [0x0000000795580000, 0x000000079a080000, 0x00000007c0000000)
  eden space 66560K, 100% used [0x0000000795580000,0x0000000799680000,0x0000000799680000)
  from space 5120K, 0% used [0x0000000799b80000,0x0000000799b80000,0x000000079a080000)
  to   space 5120K, 0% used [0x0000000799680000,0x0000000799680000,0x0000000799b80000)
 ParOldGen       total 136704K, used 50462K [0x0000000740000000, 0x0000000748580000, 0x0000000795580000)
  object space 136704K, 36% used [0x0000000740000000,0x0000000743147b20,0x0000000748580000)
 Metaspace       used 9436K, capacity 9589K, committed 9856K, reserved 1058816K
  class space    used 1003K, capacity 1053K, committed 1152K, reserved 1048576K
Event: 2.886 GC heap after
Heap after GC invocations=4 (full 1):
 PSYoungGen      total 71680K, used 96K [0x0000000795580000, 0x000000079d800000, 0x00000007c0000000)
  eden space 66560K, 0% used [0x0000000795580000,0x0000000795580000,0x0000000799680000)
  from space 5120K, 1% used [0x0000000799680000,0x0000000799698000,0x0000000799b80000)
  to   space 5120K, 0% used [0x000000079d300000,0x000000079d300000,0x000000079d800000)
 ParOldGen       total 136704K, used 105918K [0x0000000740000000, 0x0000000748580000, 0x0000000795580000)
  object space 136704K, 77% used [0x0000000740000000,0x000000074676fae0,0x0000000748580000)
 Metaspace       used 9436K, capacity 9589K, committed 9856K, reserved 1058816K
  class space    used 1003K, capacity 1053K, committed 1152K, reserved 1048576K
}
Event: 2.886 GC heap before
{Heap before GC invocations=5 (full 2):
 PSYoungGen      total 71680K, used 96K [0x0000000795580000, 0x000000079d800000, 0x00000007c0000000)
  eden space 66560K, 0% used [0x0000000795580000,0x0000000795580000,0x0000000799680000)
  from space 5120K, 1% used [0x0000000799680000,0x0000000799698000,0x0000000799b80000)
  to   space 5120K, 0% used [0x000000079d300000,0x000000079d300000,0x000000079d800000)
 ParOldGen       total 136704K, used 105918K [0x0000000740000000, 0x0000000748580000, 0x0000000795580000)
  object space 136704K, 77% used [0x0000000740000000,0x000000074676fae0,0x0000000748580000)
 Metaspace       used 9436K, capacity 9589K, committed 9856K, reserved 1058816K
  class space    used 1003K, capacity 1053K, committed 1152K, reserved 1048576K
Event: 2.904 GC heap after
Heap after GC invocations=5 (full 2):
 PSYoungGen      total 71680K, used 0K [0x0000000795580000, 0x000000079d800000, 0x00000007c0000000)
  eden space 66560K, 0% used [0x0000000795580000,0x0000000795580000,0x0000000799680000)
  from space 5120K, 0% used [0x0000000799680000,0x0000000799680000,0x0000000799b80000)
  to   space 5120K, 0% used [0x000000079d300000,0x000000079d300000,0x000000079d800000)
 ParOldGen       total 177664K, used 64327K [0x0000000740000000, 0x000000074ad80000, 0x0000000795580000)
  object space 177664K, 36% used [0x0000000740000000,0x0000000743ed1d88,0x000000074ad80000)
 Metaspace       used 9436K, capacity 9589K, committed 9856K, reserved 1058816K
  class space    used 1003K, capacity 1053K, committed 1152K, reserved 1048576K
}
Event: 9.414 GC heap before
{Heap before GC invocations=6 (full 2):
 PSYoungGen      total 71680K, used 66560K [0x0000000795580000, 0x000000079d800000, 0x00000007c0000000)
  eden space 66560K, 100% used [0x0000000795580000,0x0000000799680000,0x0000000799680000)
  from space 5120K, 0% used [0x0000000799680000,0x0000000799680000,0x0000000799b80000)
  to   space 5120K, 0% used [0x000000079d300000,0x000000079d300000,0x000000079d800000)
 ParOldGen       total 177664K, used 64327K [0x0000000740000000, 0x000000074ad80000, 0x0000000795580000)
  object space 177664K, 36% used [0x0000000740000000,0x0000000743ed1d88,0x000000074ad80000)
 Metaspace       used 9707K, capacity 9877K, committed 10112K, reserved 1058816K
  class space    used 1021K, capacity 1085K, committed 1152K, reserved 1048576K
Event: 9.416 GC heap after
Heap after GC invocations=6 (full 2):
 PSYoungGen      total 112128K, used 160K [0x0000000795580000, 0x000000079d380000, 0x00000007c0000000)
  eden space 111616K, 0% used [0x0000000795580000,0x0000000795580000,0x000000079c280000)
  from space 512K, 31% used [0x000000079d300000,0x000000079d328000,0x000000079d380000)
  to   space 5120K, 0% used [0x000000079c980000,0x000000079c980000,0x000000079ce80000)
 ParOldGen       total 177664K, used 64335K [0x0000000740000000, 0x000000074ad80000, 0x0000000795580000)
  object space 177664K, 36% used [0x0000000740000000,0x0000000743ed3d88,0x000000074ad80000)
 Metaspace       used 9707K, capacity 9877K, committed 10112K, reserved 1058816K
  class space    used 1021K, capacity 1085K, committed 1152K, reserved 1048576K
}

Deoptimization events (10 events):
Event: 2.394 Thread 0x00007ff3a6804800 Uncommon trap: reason=unstable_if action=reinterpret pc=0x000000010e8dadb0 method=java.awt.image.ComponentColorModel.extractComponent(Ljava/lang/Object;II)I @ 4
Event: 2.394 Thread 0x00007ff3a6804800 Uncommon trap: reason=unstable_if action=reinterpret pc=0x000000010e8e97e8 method=java.awt.image.ComponentColorModel.getAlpha(Ljava/lang/Object;)I @ 4
Event: 2.394 Thread 0x00007ff3a6804800 Uncommon trap: reason=unstable_if action=reinterpret pc=0x000000010e8ec9dc method=java.awt.image.ComponentColorModel.getAlpha(Ljava/lang/Object;)I @ 4
Event: 2.395 Thread 0x00007ff3a6804800 Uncommon trap: reason=unstable_if action=reinterpret pc=0x000000010e907b30 method=java.awt.image.ComponentColorModel.getAlpha(Ljava/lang/Object;)I @ 4
Event: 7.188 Thread 0x00007ff3a6804800 Uncommon trap: reason=unstable_if action=reinterpret pc=0x000000010ea38310 method=java.util.HashMap$HashIterator.nextNode()Ljava/util/HashMap$Node; @ 53
Event: 7.190 Thread 0x00007ff3a6804800 Uncommon trap: reason=unstable_if action=reinterpret pc=0x000000010e930e9c method=com.sun.imageio.plugins.jpeg.JPEGImageReader.acceptPixels(IZ)V @ 96
Event: 8.768 Thread 0x00007ff3a6804800 Uncommon trap: reason=unstable_if action=reinterpret pc=0x000000010ea51d38 method=org.newdawn.slick.geom.Rectangle.intersects(Lorg/newdawn/slick/geom/Shape;)Z @ 79
Event: 10.202 Thread 0x00007ff3a6804800 Uncommon trap: reason=unstable_if action=reinterpret pc=0x000000010ea56f80 method=Play.update(Lorg/newdawn/slick/GameContainer;Lorg/newdawn/slick/state/StateBasedGame;I)V @ 189
Event: 21.585 Thread 0x00007ff3a6804800 Uncommon trap: reason=unstable_if action=reinterpret pc=0x000000010ea71c3c method=Play.update(Lorg/newdawn/slick/GameContainer;Lorg/newdawn/slick/state/StateBasedGame;I)V @ 159
Event: 21.585 Thread 0x00007ff3a6804800 Uncommon trap: reason=unstable_if action=reinterpret pc=0x000000010ea76568 method=Plane.render(Lorg/newdawn/slick/Graphics;)V @ 7

Internal exceptions (10 events):
Event: 0.067 Thread 0x00007ff3a6804800 Exception <a 'java/lang/NoSuchMethodError': Method sun.misc.Unsafe.prefetchRead(Ljava/lang/Object;J)V name or signature does not match> (0x0000000795587f90) thrown at [/Users/java_re/workspace/8-2-build-macosx-x86_64/jdk8u144/9417/hotspot/src/share/vm/pri
Event: 0.497 Thread 0x00007ff3a6804800 Exception <a 'java/security/PrivilegedActionException'> (0x00000007957ceaf0) thrown at [/Users/java_re/workspace/8-2-build-macosx-x86_64/jdk8u144/9417/hotspot/src/share/vm/prims/jvm.cpp, line 1390]
Event: 0.497 Thread 0x00007ff3a6804800 Exception <a 'java/security/PrivilegedActionException'> (0x00000007957ced00) thrown at [/Users/java_re/workspace/8-2-build-macosx-x86_64/jdk8u144/9417/hotspot/src/share/vm/prims/jvm.cpp, line 1390]
Event: 0.498 Thread 0x00007ff3a6804800 Exception <a 'java/security/PrivilegedActionException'> (0x00000007957d2218) thrown at [/Users/java_re/workspace/8-2-build-macosx-x86_64/jdk8u144/9417/hotspot/src/share/vm/prims/jvm.cpp, line 1390]
Event: 0.498 Thread 0x00007ff3a6804800 Exception <a 'java/security/PrivilegedActionException'> (0x00000007957d2428) thrown at [/Users/java_re/workspace/8-2-build-macosx-x86_64/jdk8u144/9417/hotspot/src/share/vm/prims/jvm.cpp, line 1390]
Event: 0.622 Thread 0x00007ff3a6804800 Exception <a 'java/lang/NoSuchFieldError': method resolution failed> (0x000000079589f308) thrown at [/Users/java_re/workspace/8-2-build-macosx-x86_64/jdk8u144/9417/hotspot/src/share/vm/prims/methodHandles.cpp, line 1146]
Event: 0.626 Thread 0x00007ff3a6804800 Exception <a 'java/lang/NoSuchFieldError': method resolution failed> (0x00000007958aca28) thrown at [/Users/java_re/workspace/8-2-build-macosx-x86_64/jdk8u144/9417/hotspot/src/share/vm/prims/methodHandles.cpp, line 1146]
Event: 0.960 Thread 0x00007ff3a6804800 Exception <a 'java/io/FileNotFoundException'> (0x00000007959273d0) thrown at [/Users/java_re/workspace/8-2-build-macosx-x86_64/jdk8u144/9417/hotspot/src/share/vm/prims/jni.cpp, line 709]
Event: 0.960 Thread 0x00007ff3a6804800 Exception <a 'java/io/FileNotFoundException'> (0x0000000795927f20) thrown at [/Users/java_re/workspace/8-2-build-macosx-x86_64/jdk8u144/9417/hotspot/src/share/vm/prims/jni.cpp, line 709]
Event: 1.548 Thread 0x00007ff3a6804800 Exception <a 'java/lang/NoClassDefFoundError': net/java/games/input/ControllerEnvironment> (0x0000000795da85f8) thrown at [/Users/java_re/workspace/8-2-build-macosx-x86_64/jdk8u144/9417/hotspot/src/share/vm/classfile/systemDictionary.cpp, line 199]

Events (10 events):
Event: 13.721 Thread 0x00007ff3a6990000 Thread exited: 0x00007ff3a6990000
Event: 13.921 Thread 0x00007ff3a6990000 Thread added: 0x00007ff3a6990000
Event: 21.585 Thread 0x00007ff3a6804800 Uncommon trap: trap_request=0xffffff65 fr.pc=0x000000010ea71c3c
Event: 21.585 Thread 0x00007ff3a6804800 DEOPT PACKING pc=0x000000010ea71c3c sp=0x0000700006daa520
Event: 21.585 Thread 0x00007ff3a6804800 DEOPT UNPACKING pc=0x000000010e67e229 sp=0x0000700006daa4d8 mode 2
Event: 21.585 Thread 0x00007ff3a6804800 Uncommon trap: trap_request=0xffffff65 fr.pc=0x000000010ea76568
Event: 21.585 Thread 0x00007ff3a6804800 DEOPT PACKING pc=0x000000010ea76568 sp=0x0000700006daa510
Event: 21.585 Thread 0x00007ff3a6804800 DEOPT UNPACKING pc=0x000000010e67e229 sp=0x0000700006daa488 mode 2
Event: 23.170 loading class org/lwjgl/opengl/CallbackUtil
Event: 23.170 loading class org/lwjgl/opengl/CallbackUtil done


Dynamic libraries:
0x000000003293d000 	/System/Library/Frameworks/Cocoa.framework/Versions/A/Cocoa
0x000000003293d000 	/System/Library/Frameworks/Security.framework/Versions/A/Security
0x000000003293d000 	/System/Library/Frameworks/ApplicationServices.framework/Versions/A/ApplicationServices
0x000000003293d000 	/usr/lib/libz.1.dylib
0x000000003293d000 	/usr/lib/libSystem.B.dylib
0x000000003293d000 	/usr/lib/libobjc.A.dylib
0x000000003293d000 	/System/Library/Frameworks/CoreFoundation.framework/Versions/A/CoreFoundation
0x000000003293d000 	/System/Library/Frameworks/Foundation.framework/Versions/C/Foundation
0x000000003293d000 	/System/Library/Frameworks/AppKit.framework/Versions/C/AppKit
0x000000003293d000 	/System/Library/Frameworks/CoreData.framework/Versions/A/CoreData
0x000000003293d000 	/System/Library/PrivateFrameworks/RemoteViewServices.framework/Versions/A/RemoteViewServices
0x000000003293d000 	/System/Library/PrivateFrameworks/UIFoundation.framework/Versions/A/UIFoundation
0x000000003293d000 	/System/Library/PrivateFrameworks/DFRFoundation.framework/Versions/A/DFRFoundation
0x000000003293d000 	/usr/lib/libenergytrace.dylib
0x000000003293d000 	/System/Library/PrivateFrameworks/SkyLight.framework/Versions/A/SkyLight
0x000000003293d000 	/System/Library/Frameworks/CoreGraphics.framework/Versions/A/CoreGraphics
0x000000003293d000 	/usr/lib/libScreenReader.dylib
0x000000003293d000 	/System/Library/Frameworks/Accelerate.framework/Versions/A/Accelerate
0x000000003293d000 	/System/Library/Frameworks/IOSurface.framework/Versions/A/IOSurface
0x000000003293d000 	/System/Library/Frameworks/AudioToolbox.framework/Versions/A/AudioToolbox
0x000000003293d000 	/System/Library/Frameworks/AudioUnit.framework/Versions/A/AudioUnit
0x000000003293d000 	/System/Library/PrivateFrameworks/DataDetectorsCore.framework/Versions/A/DataDetectorsCore
0x000000003293d000 	/System/Library/PrivateFrameworks/DesktopServicesPriv.framework/Versions/A/DesktopServicesPriv
0x000000003293d000 	/System/Library/Frameworks/Carbon.framework/Versions/A/Frameworks/HIToolbox.framework/Versions/A/HIToolbox
0x000000003293d000 	/usr/lib/libicucore.A.dylib
0x000000003293d000 	/System/Library/Frameworks/QuartzCore.framework/Versions/A/QuartzCore
0x000000003293d000 	/System/Library/Frameworks/Carbon.framework/Versions/A/Frameworks/SpeechRecognition.framework/Versions/A/SpeechRecognition
0x000000003293d000 	/usr/lib/libauto.dylib
0x000000003293d000 	/usr/lib/libxml2.2.dylib
0x000000003293d000 	/System/Library/PrivateFrameworks/CoreUI.framework/Versions/A/CoreUI
0x000000003293d000 	/System/Library/Frameworks/CoreAudio.framework/Versions/A/CoreAudio
0x000000003293d000 	/System/Library/Frameworks/DiskArbitration.framework/Versions/A/DiskArbitration
0x000000003293d000 	/usr/lib/liblangid.dylib
0x000000003293d000 	/System/Library/PrivateFrameworks/MultitouchSupport.framework/Versions/A/MultitouchSupport
0x000000003293d000 	/System/Library/Frameworks/IOKit.framework/Versions/A/IOKit
0x000000003293d000 	/usr/lib/libDiagnosticMessagesClient.dylib
0x000000003293d000 	/System/Library/Frameworks/CoreServices.framework/Versions/A/CoreServices
0x000000003293d000 	/System/Library/PrivateFrameworks/PerformanceAnalysis.framework/Versions/A/PerformanceAnalysis
0x000000003293d000 	/System/Library/PrivateFrameworks/GenerationalStorage.framework/Versions/A/GenerationalStorage
0x000000003293d000 	/System/Library/Frameworks/OpenGL.framework/Versions/A/OpenGL
0x000000003293d000 	/System/Library/Frameworks/CoreImage.framework/Versions/A/CoreImage
0x000000003293d000 	/System/Library/Frameworks/CoreText.framework/Versions/A/CoreText
0x000000003293d000 	/System/Library/Frameworks/ImageIO.framework/Versions/A/ImageIO
0x000000003293d000 	/System/Library/PrivateFrameworks/Backup.framework/Versions/A/Backup
0x000000003293d000 	/usr/lib/libarchive.2.dylib
0x000000003293d000 	/System/Library/Frameworks/CFNetwork.framework/Versions/A/CFNetwork
0x000000003293d000 	/System/Library/Frameworks/SystemConfiguration.framework/Versions/A/SystemConfiguration
0x000000003293d000 	/usr/lib/libCRFSuite.dylib
0x000000003293d000 	/usr/lib/libc++.1.dylib
0x000000003293d000 	/usr/lib/libc++abi.dylib
0x000000003293d000 	/usr/lib/system/libcache.dylib
0x000000003293d000 	/usr/lib/system/libcommonCrypto.dylib
0x000000003293d000 	/usr/lib/system/libcompiler_rt.dylib
0x000000003293d000 	/usr/lib/system/libcopyfile.dylib
0x000000003293d000 	/usr/lib/system/libcorecrypto.dylib
0x000000003293d000 	/usr/lib/system/libdispatch.dylib
0x000000003293d000 	/usr/lib/system/libdyld.dylib
0x000000003293d000 	/usr/lib/system/libkeymgr.dylib
0x000000003293d000 	/usr/lib/system/liblaunch.dylib
0x000000003293d000 	/usr/lib/system/libmacho.dylib
0x000000003293d000 	/usr/lib/system/libquarantine.dylib
0x000000003293d000 	/usr/lib/system/libremovefile.dylib
0x000000003293d000 	/usr/lib/system/libsystem_asl.dylib
0x000000003293d000 	/usr/lib/system/libsystem_blocks.dylib
0x000000003293d000 	/usr/lib/system/libsystem_c.dylib
0x000000003293d000 	/usr/lib/system/libsystem_configuration.dylib
0x000000003293d000 	/usr/lib/system/libsystem_coreservices.dylib
0x000000003293d000 	/usr/lib/system/libsystem_coretls.dylib
0x000000003293d000 	/usr/lib/system/libsystem_dnssd.dylib
0x000000003293d000 	/usr/lib/system/libsystem_info.dylib
0x000000003293d000 	/usr/lib/system/libsystem_kernel.dylib
0x000000003293d000 	/usr/lib/system/libsystem_m.dylib
0x000000003293d000 	/usr/lib/system/libsystem_malloc.dylib
0x000000003293d000 	/usr/lib/system/libsystem_network.dylib
0x000000003293d000 	/usr/lib/system/libsystem_networkextension.dylib
0x000000003293d000 	/usr/lib/system/libsystem_notify.dylib
0x000000003293d000 	/usr/lib/system/libsystem_platform.dylib
0x000000003293d000 	/usr/lib/system/libsystem_pthread.dylib
0x000000003293d000 	/usr/lib/system/libsystem_sandbox.dylib
0x000000003293d000 	/usr/lib/system/libsystem_secinit.dylib
0x000000003293d000 	/usr/lib/system/libsystem_symptoms.dylib
0x000000003293d000 	/usr/lib/system/libsystem_trace.dylib
0x000000003293d000 	/usr/lib/system/libunwind.dylib
0x000000003293d000 	/usr/lib/system/libxpc.dylib
0x000000003293d000 	/usr/lib/libbsm.0.dylib
0x000000003293d000 	/usr/lib/system/libkxld.dylib
0x000000003293d000 	/usr/lib/libcoretls.dylib
0x000000003293d000 	/usr/lib/libcoretls_cfhelpers.dylib
0x000000003293d000 	/usr/lib/libOpenScriptingUtil.dylib
0x000000003293d000 	/usr/lib/libpam.2.dylib
0x000000003293d000 	/usr/lib/libsqlite3.dylib
0x000000003293d000 	/usr/lib/libxar.1.dylib
0x000000003293d000 	/usr/lib/libbz2.1.0.dylib
0x000000003293d000 	/usr/lib/liblzma.5.dylib
0x000000003293d000 	/usr/lib/libnetwork.dylib
0x000000003293d000 	/usr/lib/libpcap.A.dylib
0x000000003293d000 	/System/Library/Frameworks/CoreServices.framework/Versions/A/Frameworks/FSEvents.framework/Versions/A/FSEvents
0x000000003293d000 	/System/Library/Frameworks/CoreServices.framework/Versions/A/Frameworks/CarbonCore.framework/Versions/A/CarbonCore
0x000000003293d000 	/System/Library/Frameworks/CoreServices.framework/Versions/A/Frameworks/Metadata.framework/Versions/A/Metadata
0x000000003293d000 	/System/Library/Frameworks/CoreServices.framework/Versions/A/Frameworks/OSServices.framework/Versions/A/OSServices
0x000000003293d000 	/System/Library/Frameworks/CoreServices.framework/Versions/A/Frameworks/SearchKit.framework/Versions/A/SearchKit
0x000000003293d000 	/System/Library/Frameworks/CoreServices.framework/Versions/A/Frameworks/AE.framework/Versions/A/AE
0x000000003293d000 	/System/Library/Frameworks/CoreServices.framework/Versions/A/Frameworks/LaunchServices.framework/Versions/A/LaunchServices
0x000000003293d000 	/System/Library/Frameworks/CoreServices.framework/Versions/A/Frameworks/DictionaryServices.framework/Versions/A/DictionaryServices
0x000000003293d000 	/System/Library/Frameworks/CoreServices.framework/Versions/A/Frameworks/SharedFileList.framework/Versions/A/SharedFileList
0x000000003293d000 	/System/Library/Frameworks/NetFS.framework/Versions/A/NetFS
0x000000003293d000 	/System/Library/PrivateFrameworks/NetAuth.framework/Versions/A/NetAuth
0x000000003293d000 	/System/Library/PrivateFrameworks/login.framework/Versions/A/Frameworks/loginsupport.framework/Versions/A/loginsupport
0x000000003293d000 	/System/Library/PrivateFrameworks/TCC.framework/Versions/A/TCC
0x000000003293d000 	/usr/lib/libmecabra.dylib
0x000000003293d000 	/System/Library/Frameworks/ApplicationServices.framework/Versions/A/Frameworks/ATS.framework/Versions/A/ATS
0x000000003293d000 	/System/Library/Frameworks/ApplicationServices.framework/Versions/A/Frameworks/ColorSync.framework/Versions/A/ColorSync
0x000000003293d000 	/System/Library/Frameworks/ApplicationServices.framework/Versions/A/Frameworks/HIServices.framework/Versions/A/HIServices
0x000000003293d000 	/System/Library/Frameworks/ApplicationServices.framework/Versions/A/Frameworks/LangAnalysis.framework/Versions/A/LangAnalysis
0x000000003293d000 	/System/Library/Frameworks/ApplicationServices.framework/Versions/A/Frameworks/PrintCore.framework/Versions/A/PrintCore
0x000000003293d000 	/System/Library/Frameworks/ApplicationServices.framework/Versions/A/Frameworks/QD.framework/Versions/A/QD
0x000000003293d000 	/System/Library/Frameworks/ApplicationServices.framework/Versions/A/Frameworks/SpeechSynthesis.framework/Versions/A/SpeechSynthesis
0x000000003293d000 	/System/Library/Frameworks/Accelerate.framework/Versions/A/Frameworks/vImage.framework/Versions/A/vImage
0x000000003293d000 	/System/Library/Frameworks/Accelerate.framework/Versions/A/Frameworks/vecLib.framework/Versions/A/vecLib
0x000000003293d000 	/System/Library/Frameworks/Accelerate.framework/Versions/A/Frameworks/vecLib.framework/Versions/A/libvDSP.dylib
0x000000003293d000 	/System/Library/Frameworks/Accelerate.framework/Versions/A/Frameworks/vecLib.framework/Versions/A/libBNNS.dylib
0x000000003293d000 	/System/Library/Frameworks/Accelerate.framework/Versions/A/Frameworks/vecLib.framework/Versions/A/libQuadrature.dylib
0x000000003293d000 	/System/Library/Frameworks/Accelerate.framework/Versions/A/Frameworks/vecLib.framework/Versions/A/libvMisc.dylib
0x000000003293d000 	/System/Library/Frameworks/Accelerate.framework/Versions/A/Frameworks/vecLib.framework/Versions/A/libLAPACK.dylib
0x000000003293d000 	/System/Library/Frameworks/Accelerate.framework/Versions/A/Frameworks/vecLib.framework/Versions/A/libBLAS.dylib
0x000000003293d000 	/System/Library/Frameworks/Accelerate.framework/Versions/A/Frameworks/vecLib.framework/Versions/A/libLinearAlgebra.dylib
0x000000003293d000 	/System/Library/Frameworks/Accelerate.framework/Versions/A/Frameworks/vecLib.framework/Versions/A/libSparseBLAS.dylib
0x000000003293d000 	/System/Library/Frameworks/ApplicationServices.framework/Versions/A/Frameworks/ATS.framework/Versions/A/Resources/libFontParser.dylib
0x000000003293d000 	/System/Library/Frameworks/ApplicationServices.framework/Versions/A/Frameworks/ATS.framework/Versions/A/Resources/libFontRegistry.dylib
0x000000003293d000 	/System/Library/Frameworks/ImageIO.framework/Versions/A/Resources/libJPEG.dylib
0x000000003293d000 	/System/Library/Frameworks/ImageIO.framework/Versions/A/Resources/libTIFF.dylib
0x000000003293d000 	/System/Library/Frameworks/ImageIO.framework/Versions/A/Resources/libPng.dylib
0x000000003293d000 	/System/Library/Frameworks/ImageIO.framework/Versions/A/Resources/libGIF.dylib
0x000000003293d000 	/System/Library/Frameworks/ImageIO.framework/Versions/A/Resources/libJP2.dylib
0x000000003293d000 	/System/Library/Frameworks/ImageIO.framework/Versions/A/Resources/libRadiance.dylib
0x000000003293d000 	/usr/lib/libcompression.dylib
0x000000003293d000 	/System/Library/PrivateFrameworks/AppleJPEG.framework/Versions/A/AppleJPEG
0x000000003293d000 	/usr/lib/libcups.2.dylib
0x000000003293d000 	/System/Library/Frameworks/Kerberos.framework/Versions/A/Kerberos
0x000000003293d000 	/System/Library/Frameworks/GSS.framework/Versions/A/GSS
0x000000003293d000 	/usr/lib/libresolv.9.dylib
0x000000003293d000 	/usr/lib/libiconv.2.dylib
0x000000003293d000 	/System/Library/PrivateFrameworks/Heimdal.framework/Versions/A/Heimdal
0x000000003293d000 	/usr/lib/libheimdal-asn1.dylib
0x000000003293d000 	/System/Library/Frameworks/OpenDirectory.framework/Versions/A/OpenDirectory
0x000000003293d000 	/System/Library/PrivateFrameworks/CommonAuth.framework/Versions/A/CommonAuth
0x000000003293d000 	/System/Library/Frameworks/OpenDirectory.framework/Versions/A/Frameworks/CFOpenDirectory.framework/Versions/A/CFOpenDirectory
0x000000003293d000 	/System/Library/Frameworks/SecurityFoundation.framework/Versions/A/SecurityFoundation
0x000000003293d000 	/System/Library/PrivateFrameworks/LanguageModeling.framework/Versions/A/LanguageModeling
0x000000003293d000 	/usr/lib/libmarisa.dylib
0x000000003293d000 	/usr/lib/libChineseTokenizer.dylib
0x000000003293d000 	/usr/lib/libcmph.dylib
0x000000003293d000 	/System/Library/PrivateFrameworks/CoreEmoji.framework/Versions/A/CoreEmoji
0x000000003293d000 	/System/Library/Frameworks/ServiceManagement.framework/Versions/A/ServiceManagement
0x000000003293d000 	/usr/lib/libxslt.1.dylib
0x000000003293d000 	/System/Library/Frameworks/Carbon.framework/Versions/A/Frameworks/Ink.framework/Versions/A/Ink
0x000000003293d000 	/System/Library/PrivateFrameworks/TextureIO.framework/Versions/A/TextureIO
0x000000003293d000 	/System/Library/Frameworks/Metal.framework/Versions/A/Metal
0x000000003293d000 	/usr/lib/libate.dylib
0x000000003293d000 	/System/Library/PrivateFrameworks/GPUCompiler.framework/libmetal_timestamp.dylib
0x000000003293d000 	/System/Library/Frameworks/OpenGL.framework/Versions/A/Libraries/libCoreFSCache.dylib
0x000000003293d000 	/System/Library/PrivateFrameworks/IOAccelerator.framework/Versions/A/IOAccelerator
0x000000003293d000 	/System/Library/Frameworks/CoreVideo.framework/Versions/A/CoreVideo
0x000000003293d000 	/usr/lib/libFosl_dynamic.dylib
0x000000003293d000 	/System/Library/PrivateFrameworks/MetalPerformanceShaders.framework/Versions/A/MetalPerformanceShaders
0x000000003293d000 	/System/Library/PrivateFrameworks/FaceCore.framework/Versions/A/FaceCore
0x000000003293d000 	/System/Library/Frameworks/OpenCL.framework/Versions/A/OpenCL
0x000000003293d000 	/System/Library/Frameworks/OpenGL.framework/Versions/A/Libraries/libGLU.dylib
0x000000003293d000 	/System/Library/Frameworks/OpenGL.framework/Versions/A/Libraries/libGFXShared.dylib
0x000000003293d000 	/System/Library/Frameworks/OpenGL.framework/Versions/A/Libraries/libGL.dylib
0x000000003293d000 	/System/Library/Frameworks/OpenGL.framework/Versions/A/Libraries/libGLImage.dylib
0x000000003293d000 	/System/Library/Frameworks/OpenGL.framework/Versions/A/Libraries/libCVMSPluginSupport.dylib
0x000000003293d000 	/System/Library/Frameworks/OpenGL.framework/Versions/A/Libraries/libCoreVMClient.dylib
0x000000003293d000 	/System/Library/PrivateFrameworks/CrashReporterSupport.framework/Versions/A/CrashReporterSupport
0x000000003293d000 	/System/Library/PrivateFrameworks/Sharing.framework/Versions/A/Sharing
0x000000003293d000 	/System/Library/PrivateFrameworks/IconServices.framework/Versions/A/IconServices
0x000000003293d000 	/System/Library/PrivateFrameworks/ProtocolBuffer.framework/Versions/A/ProtocolBuffer
0x000000003293d000 	/System/Library/PrivateFrameworks/Apple80211.framework/Versions/A/Apple80211
0x000000003293d000 	/System/Library/Frameworks/CoreWLAN.framework/Versions/A/CoreWLAN
0x000000003293d000 	/System/Library/PrivateFrameworks/CoreUtils.framework/Versions/A/CoreUtils
0x000000003293d000 	/System/Library/Frameworks/IOBluetooth.framework/Versions/A/IOBluetooth
0x000000003293d000 	/System/Library/PrivateFrameworks/CoreWiFi.framework/Versions/A/CoreWiFi
0x000000003293d000 	/System/Library/Frameworks/CoreBluetooth.framework/Versions/A/CoreBluetooth
0x000000003293d000 	/System/Library/Frameworks/CoreDisplay.framework/Versions/A/CoreDisplay
0x000000003293d000 	/System/Library/PrivateFrameworks/IOPresentment.framework/Versions/A/IOPresentment
0x000000003293d000 	/System/Library/PrivateFrameworks/DSExternalDisplay.framework/Versions/A/DSExternalDisplay
0x000000003293d000 	/System/Library/PrivateFrameworks/DebugSymbols.framework/Versions/A/DebugSymbols
0x000000003293d000 	/System/Library/PrivateFrameworks/CoreSymbolication.framework/Versions/A/CoreSymbolication
0x000000003293d000 	/System/Library/PrivateFrameworks/Symbolication.framework/Versions/A/Symbolication
0x000000003293d000 	/System/Library/PrivateFrameworks/AppleFSCompression.framework/Versions/A/AppleFSCompression
0x000000003293d000 	/System/Library/PrivateFrameworks/SpeechRecognitionCore.framework/Versions/A/SpeechRecognitionCore
0x000000003293d000 	/System/Library/PrivateFrameworks/ChunkingLibrary.framework/Versions/A/ChunkingLibrary
0x0000000109200000 	/Library/Java/JavaVirtualMachines/jdk1.8.0_144.jdk/Contents/Home/jre/lib/server/libjvm.dylib
0x000000003293d000 	/usr/lib/libstdc++.6.dylib
0x000000010892a000 	/Library/Java/JavaVirtualMachines/jdk1.8.0_144.jdk/Contents/Home/jre/lib/libverify.dylib
0x0000000108938000 	/Library/Java/JavaVirtualMachines/jdk1.8.0_144.jdk/Contents/Home/jre/lib/libjava.dylib
0x0000000108977000 	/Library/Java/JavaVirtualMachines/jdk1.8.0_144.jdk/Contents/Home/jre/lib/libzip.dylib
0x000000010ca9b000 	/System/Library/Frameworks/JavaVM.framework/Frameworks/JavaRuntimeSupport.framework/JavaRuntimeSupport
0x000000010cab5000 	/System/Library/Frameworks/JavaVM.framework/Versions/A/Frameworks/JavaNativeFoundation.framework/Versions/A/JavaNativeFoundation
0x00000001089f1000 	/System/Library/Frameworks/JavaVM.framework/Versions/A/JavaVM
0x000000003293d000 	/System/Library/Frameworks/Carbon.framework/Versions/A/Carbon
0x000000010caca000 	/System/Library/PrivateFrameworks/JavaLaunching.framework/Versions/A/JavaLaunching
0x000000003293d000 	/System/Library/Frameworks/Carbon.framework/Versions/A/Frameworks/CommonPanels.framework/Versions/A/CommonPanels
0x000000003293d000 	/System/Library/Frameworks/Carbon.framework/Versions/A/Frameworks/Help.framework/Versions/A/Help
0x000000003293d000 	/System/Library/Frameworks/Carbon.framework/Versions/A/Frameworks/ImageCapture.framework/Versions/A/ImageCapture
0x000000003293d000 	/System/Library/Frameworks/Carbon.framework/Versions/A/Frameworks/OpenScripting.framework/Versions/A/OpenScripting
0x000000003293d000 	/System/Library/Frameworks/Carbon.framework/Versions/A/Frameworks/Print.framework/Versions/A/Print
0x000000003293d000 	/System/Library/Frameworks/Carbon.framework/Versions/A/Frameworks/SecurityHI.framework/Versions/A/SecurityHI
0x000000010e3f1000 	/Library/Java/JavaVirtualMachines/jdk1.8.0_144.jdk/Contents/Home/jre/lib/libawt.dylib
0x000000010e499000 	/Library/Java/JavaVirtualMachines/jdk1.8.0_144.jdk/Contents/Home/jre/lib/./libmlib_image.dylib
0x0000000121679000 	/Library/Java/JavaVirtualMachines/jdk1.8.0_144.jdk/Contents/Home/jre/lib/libawt_lwawt.dylib
0x000000010e565000 	/Library/Java/JavaVirtualMachines/jdk1.8.0_144.jdk/Contents/Home/jre/lib/./libosxapp.dylib
0x000000003293d000 	/System/Library/Frameworks/ExceptionHandling.framework/Versions/A/ExceptionHandling
0x000000003293d000 	/System/Library/PrivateFrameworks/CoreServicesInternal.framework/Versions/A/CoreServicesInternal
0x000000003293d000 	/System/Library/CoreServices/RawCamera.bundle/Contents/MacOS/RawCamera
0x000000003293d000 	/System/Library/Frameworks/Accelerate.framework/Versions/A/Frameworks/vImage.framework/Versions/A/Libraries/libCGInterfaces.dylib
0x000000003293d000 	/System/Library/Frameworks/ApplicationServices.framework/Versions/A/Frameworks/ATS.framework/Versions/A/Resources/libTrueTypeScaler.dylib
0x0000000123403000 	/System/Library/Frameworks/OpenGL.framework/Resources/GLEngine.bundle/GLEngine
0x000000003293d000 	/System/Library/Frameworks/OpenGL.framework/Versions/A/Libraries/libGLProgrammability.dylib
0x00000001235e8000 	/System/Library/Extensions/AppleIntelBDWGraphicsGLDriver.bundle/Contents/MacOS/AppleIntelBDWGraphicsGLDriver
0x000000003293d000 	/System/Library/PrivateFrameworks/GPUSupport.framework/Versions/A/Libraries/libGPUSupportMercury.dylib
0x0000000123d52000 	/System/Library/Frameworks/OpenGL.framework/Resources//GLRendererFloat.bundle/GLRendererFloat
0x000000003293d000 	/System/Library/Frameworks/OpenCL.framework/Versions/A/Libraries/libcldcpuengine.dylib
0x000000003293d000 	/usr/lib/libcrypto.0.9.8.dylib
0x000000003293d000 	/System/Library/PrivateFrameworks/TrustEvaluationAgent.framework/Versions/A/TrustEvaluationAgent
0x0000000123d86000 	/System/Library/Extensions/AppleIntelBDWGraphicsMTLDriver.bundle/Contents/MacOS/AppleIntelBDWGraphicsMTLDriver
0x000000003293d000 	/System/Library/PrivateFrameworks/FamilyControls.framework/Versions/A/FamilyControls
0x000000003293d000 	/System/Library/PrivateFrameworks/CommerceKit.framework/Versions/A/Frameworks/CommerceCore.framework/Versions/A/CommerceCore
0x000000003293d000 	/System/Library/PrivateFrameworks/SystemAdministration.framework/Versions/A/SystemAdministration
0x000000003293d000 	/System/Library/PrivateFrameworks/AppContainer.framework/Versions/A/AppContainer
0x000000003293d000 	/System/Library/PrivateFrameworks/SecCodeWrapper.framework/Versions/A/SecCodeWrapper
0x000000003293d000 	/System/Library/Frameworks/DirectoryService.framework/Versions/A/DirectoryService
0x000000003293d000 	/System/Library/PrivateFrameworks/DiskImages.framework/Versions/A/DiskImages
0x000000003293d000 	/System/Library/PrivateFrameworks/LoginUIKit.framework/Versions/A/Frameworks/LoginUICore.framework/Versions/A/LoginUICore
0x000000003293d000 	/usr/lib/libCoreStorage.dylib
0x000000003293d000 	/usr/lib/libcsfde.dylib
0x000000003293d000 	/usr/lib/libodfde.dylib
0x000000003293d000 	/System/Library/Frameworks/DiscRecording.framework/Versions/A/DiscRecording
0x000000003293d000 	/usr/lib/libcurl.4.dylib
0x000000003293d000 	/System/Library/PrivateFrameworks/MediaKit.framework/Versions/A/MediaKit
0x000000003293d000 	/System/Library/PrivateFrameworks/ProtectedCloudStorage.framework/Versions/A/ProtectedCloudStorage
0x000000003293d000 	/System/Library/PrivateFrameworks/EFILogin.framework/Versions/A/EFILogin
0x000000003293d000 	/usr/lib/libutil.dylib
0x000000003293d000 	/System/Library/Frameworks/LDAP.framework/Versions/A/LDAP
0x000000003293d000 	/usr/lib/libsasl2.2.dylib
0x000000003293d000 	/System/Library/PrivateFrameworks/CoreDaemon.framework/Versions/B/CoreDaemon
0x000000003293d000 	/System/Library/PrivateFrameworks/AppleSRP.framework/Versions/A/AppleSRP
0x000000003293d000 	/System/Library/PrivateFrameworks/APFS.framework/Versions/A/APFS
0x0000000125567000 	/Library/Java/JavaVirtualMachines/jdk1.8.0_144.jdk/Contents/Home/jre/lib/libfontmanager.dylib
0x00000001255ce000 	/Users/kis/Desktop/workspace/AnalogGame/Lib/Native/macosx/liblwjgl.dylib
0x0000000121942000 	/Library/Java/JavaVirtualMachines/jdk1.8.0_144.jdk/Contents/Home/jre/lib/libjawt.dylib
0x000000003293d000 	/System/Library/PrivateFrameworks/ViewBridge.framework/Versions/A/ViewBridge
0x000000003293d000 	/System/Library/PrivateFrameworks/XPCService.framework/Versions/A/XPCService
0x000000003293d000 	/System/Library/PrivateFrameworks/AppSandbox.framework/Versions/A/AppSandbox
0x000000003293d000 	/usr/lib/libsandbox.1.dylib
0x000000003293d000 	/usr/lib/libMatch.1.dylib
0x0000000126dc2000 	/Library/Java/JavaVirtualMachines/jdk1.8.0_144.jdk/Contents/Home/jre/lib/libnio.dylib
0x0000000126dd2000 	/Library/Java/JavaVirtualMachines/jdk1.8.0_144.jdk/Contents/Home/jre/lib/./libnet.dylib
0x00000001281e0000 	/Library/Java/JavaVirtualMachines/jdk1.8.0_144.jdk/Contents/Home/jre/lib/libjpeg.dylib

VM Arguments:
jvm_args: -Djava.library.path=/Users/kis/Desktop/workspace/AnalogGame/Lib/Native/macosx -Dfile.encoding=UTF-8 
java_command: AnalogGame
java_class_path (initial): /Users/kis/Desktop/workspace/AnalogGame/bin:/Users/kis/Desktop/workspace/AnalogGame/Lib/Jars/slick.jar:/Users/kis/Desktop/workspace/AnalogGame/Lib/Jars/lwjgl.jar
Launcher Type: SUN_STANDARD

Environment Variables:
PATH=/usr/bin:/bin:/usr/sbin:/sbin
SHELL=/bin/bash

Signal Handlers:
SIGSEGV: [libjvm.dylib+0x5b26e5], sa_mask[0]=11111111011111110111111111111111, sa_flags=SA_ONSTACK|SA_RESTART|SA_SIGINFO
SIGBUS: [libjvm.dylib+0x5b26e5], sa_mask[0]=11111111011111110111111111111111, sa_flags=SA_RESTART|SA_SIGINFO
SIGFPE: [libjvm.dylib+0x489100], sa_mask[0]=11111111011111110111111111111111, sa_flags=SA_RESTART|SA_SIGINFO
SIGPIPE: [libjvm.dylib+0x489100], sa_mask[0]=11111111011111110111111111111111, sa_flags=SA_RESTART|SA_SIGINFO
SIGXFSZ: [libjvm.dylib+0x489100], sa_mask[0]=11111111011111110111111111111111, sa_flags=SA_RESTART|SA_SIGINFO
SIGILL: [libjvm.dylib+0x489100], sa_mask[0]=11111111011111110111111111111111, sa_flags=SA_RESTART|SA_SIGINFO
SIGUSR1: SIG_DFL, sa_mask[0]=00000000000000000000000000000000, sa_flags=none
SIGUSR2: [libjvm.dylib+0x488c1e], sa_mask[0]=00100000000000000000000000000000, sa_flags=SA_RESTART|SA_SIGINFO
SIGHUP: [libjvm.dylib+0x4871f5], sa_mask[0]=11111111011111110111111111111111, sa_flags=SA_RESTART|SA_SIGINFO
SIGINT: [libjvm.dylib+0x4871f5], sa_mask[0]=11111111011111110111111111111111, sa_flags=SA_RESTART|SA_SIGINFO
SIGTERM: [libjvm.dylib+0x4871f5], sa_mask[0]=11111111011111110111111111111111, sa_flags=SA_RESTART|SA_SIGINFO
SIGQUIT: [libjvm.dylib+0x4871f5], sa_mask[0]=11111111011111110111111111111111, sa_flags=SA_RESTART|SA_SIGINFO


---------------  S Y S T E M  ---------------

OS:Bsduname:Darwin 16.7.0 Darwin Kernel Version 16.7.0: Thu Jun 15 17:36:27 PDT 2017; root:xnu-3789.70.16~2/RELEASE_X86_64 x86_64
rlimit: STACK 8192k, CORE 0k, NPROC 709, NOFILE 10240, AS infinity
load average:2.59 1.83 1.68

CPU:total 4 (initial active 4) (2 cores per cpu, 2 threads per core) family 6 model 61 stepping 4, cmov, cx8, fxsr, mmx, sse, sse2, sse3, ssse3, sse4.1, sse4.2, popcnt, avx, avx2, aes, clmul, erms, 3dnowpref, lzcnt, ht, tsc, tscinvbit, bmi1, bmi2, adx

Memory: 4k page, physical 8388608k(103184k free)

/proc/meminfo:


vm_info: Java HotSpot(TM) 64-Bit Server VM (25.144-b01) for bsd-amd64 JRE (1.8.0_144-b01), built on Jul 21 2017 22:07:42 by "java_re" with gcc 4.2.1 (Based on Apple Inc. build 5658) (LLVM build 2336.11.00)

time: Wed May 16 19:11:52 2018
elapsed time: 23 seconds (0d 0h 0m 23s)

