#
# A fatal error has been detected by the Java Runtime Environment:
#
#  SIGSEGV (0xb) at pc=0x00007fff92afbd08, pid=86703, tid=0x0000000000000307
#
# JRE version: Java(TM) SE Runtime Environment (8.0_144-b01) (build 1.8.0_144-b01)
# Java VM: Java HotSpot(TM) 64-Bit Server VM (25.144-b01 mixed mode bsd-amd64 compressed oops)
# Problematic frame:
# C  [libobjc.A.dylib+0xbd08]  objc_storeWeak+0x16e
#
# Failed to write core dump. Core dumps have been disabled. To enable core dumping, try "ulimit -c unlimited" before starting Java again
#
# If you would like to submit a bug report, please visit:
#   http://bugreport.java.com/bugreport/crash.jsp
# The crash happened outside the Java Virtual Machine in native code.
# See problematic frame for where to report the bug.
#

---------------  T H R E A D  ---------------

Current thread (0x00007f8bcd87e000):  JavaThread "AppKit Thread" daemon [_thread_in_native, id=775, stack(0x00007fff5411a000,0x00007fff5491a000)]

siginfo: si_signo: 11 (SIGSEGV), si_code: 1 (SEGV_MAPERR), si_addr: 0x0000000000000000

Registers:
RAX=0x00007f8bcd801c00, RBX=0x00007fff9c254480, RCX=0x0000000000000000, RDX=0x00007ffffffffff8
RSP=0x00007fff54914700, RBP=0x00007fff54914780, RSI=0x00007f8bcd802000, RDI=0x00007fff9c254480
R8 =0x000000000000001f, R9 =0x00007f8bccd86c60, R10=0x0000000000000001, R11=0x00007f8bccd77c90
R12=0x00007fff9c254f40, R13=0x0000000000000000, R14=0x00007f8bccf62fc0, R15=0x0000000000000000
RIP=0x00007fff92afbd08, EFLAGS=0x0000000000010206, ERR=0x0000000000000004
  TRAPNO=0x000000000000000e

Top of Stack: (sp=0x00007fff54914700)
0x00007fff54914700:   0000000000000000 00007f8bccd9a540
0x00007fff54914710:   ffff8074332793a0 0000000000000ac0
0x00007fff54914720:   00007fff9c19e630 0000000000000000
0x00007fff54914730:   00007fff9c254f40 00007f8bccf62fc0
0x00007fff54914740:   0000000000000000 00007f8bccda0ad0
0x00007fff54914750:   000000000000000e 00007f8bccd86c60
0x00007fff54914760:   0000000000000000 00007f8bccd86c60
0x00007fff54914770:   00007f8bccda0940 00007f8bccf62fc0
0x00007fff54914780:   00007fff549147c0 00007fff7f66bacf
0x00007fff54914790:   00007fff549147c0 0000000000000000
0x00007fff549147a0:   00007f8bccf62fc0 00007fff7c3a0006
0x00007fff549147b0:   00007f8bccd86c60 00007fff92af7040
0x00007fff549147c0:   00007fff549147f0 00007fff7ba386fb
0x00007fff549147d0:   00007fff92af7040 00007fff54914878
0x00007fff549147e0:   00007fff7c3e3759 00007fff92af7040
0x00007fff549147f0:   00007fff54914830 00007fff7be05c73
0x00007fff54914800:   0000000000000000 0000000000000000
0x00007fff54914810:   0000000000000094 00007fff7c3c617f
0x00007fff54914820:   00007fff54914878 0000000000000001
0x00007fff54914830:   00007fff54914860 00007fff7b88fd48
0x00007fff54914840:   0000000000000000 00007f8bccf62fc0
0x00007fff54914850:   00007f8bccd86c60 0000000000000000
0x00007fff54914860:   00007fff549148c0 00007fff7ba38538
0x00007fff54914870:   0000000000000000 00007fff9c2e7060
0x00007fff54914880:   00000000c2000000 00007fff7be05b84
0x00007fff54914890:   00007fff983b3cf0 0000000000000000
0x00007fff549148a0:   00007f8bccf62fc0 00007f8bccd86c60
0x00007fff549148b0:   00007f8bccd86c60 00007f8bccf62fc0
0x00007fff549148c0:   00007fff549148f0 0000000128065586
0x00007fff549148d0:   00007f8bccd86c60 0000000128099c60
0x00007fff549148e0:   00007f8bcce21460 00007f8bcce21460
0x00007fff549148f0:   00007fff54914e60 00007fff7b8b2e7b 

Instructions: (pc=0x00007fff92afbd08)
0x00007fff92afbce8:   eb 07 48 8b 45 a0 48 8b 30 48 8b 45 c0 48 39 c6
0x00007fff92afbcf8:   74 2a 48 8b 46 20 48 89 c1 48 21 d1 48 8b 49 08
0x00007fff92afbd08:   f6 01 01 75 0a 48 8b 06 48 21 d0 48 8b 40 20 48
0x00007fff92afbd18:   21 d0 f6 40 03 20 0f 84 f8 fe ff ff 49 c1 e5 06 

Register to memory mapping:

RAX=0x00007f8bcd801c00 is an unknown value
RBX=0x00007fff9c254480: _ZN12_GLOBAL__N_1L12SideTableBufE+0 in /usr/lib/libobjc.A.dylib at 0x00007fff92af0000
RCX=0x0000000000000000 is an unknown value
RDX=0x00007ffffffffff8 is an unknown value
RSP=0x00007fff54914700 is pointing into the stack for thread: 0x00007f8bcd87e000
RBP=0x00007fff54914780 is pointing into the stack for thread: 0x00007f8bcd87e000
RSI=0x00007f8bcd802000 is a thread
RDI=0x00007fff9c254480: _ZN12_GLOBAL__N_1L12SideTableBufE+0 in /usr/lib/libobjc.A.dylib at 0x00007fff92af0000
R8 =0x000000000000001f is an unknown value
R9 =0x00007f8bccd86c60 is an unknown value
R10=0x0000000000000001 is an unknown value
R11=0x00007f8bccd77c90 is an unknown value
R12=0x00007fff9c254f40: _ZN12_GLOBAL__N_1L12SideTableBufE+0xac0 in /usr/lib/libobjc.A.dylib at 0x00007fff92af0000
R13=0x0000000000000000 is an unknown value
R14=0x00007f8bccf62fc0 is an unknown value
R15=0x0000000000000000 is an unknown value


Stack: [0x00007fff5411a000,0x00007fff5491a000],  sp=0x00007fff54914700,  free space=8169k
Native frames: (J=compiled Java code, j=interpreted, Vv=VM code, C=native code)
C  [libobjc.A.dylib+0xbd08]  objc_storeWeak+0x16e
C  [Foundation+0x17acf]  -[NSConcreteMapTable setObject:forKey:]+0x6a
C  [AppKit+0x3226fb]  -[NSView(NSOpenGLContextAssociation) _setOpenGLContext:]+0x9b
C  [AppKit+0x6efc73]  __27-[NSOpenGLContext setView:]_block_invoke+0xef
C  [AppKit+0x179d48]  NSPerformVisuallyAtomicChange+0x93
C  [AppKit+0x322538]  -[NSOpenGLContext setView:]+0x69
C  [liblwjgl.dylib+0xa586]  -[MacOSXOpenGLView lockFocus]+0x76
C  [AppKit+0x19ce7b]  -[NSView _recursiveDisplayRectIfNeededIgnoringOpacity:isVisibleRect:rectIsVisibleRectForView:topView:]+0x6ee
C  [AppKit+0x19d6d1]  -[NSView _recursiveDisplayRectIfNeededIgnoringOpacity:isVisibleRect:rectIsVisibleRectForView:topView:]+0xf44
C  [AppKit+0x19c2af]  -[NSThemeFrame _recursiveDisplayRectIfNeededIgnoringOpacity:isVisibleRect:rectIsVisibleRectForView:topView:]+0x14e
C  [AppKit+0x19a6d8]  -[NSView _displayRectIgnoringOpacity:isVisibleRect:rectIsVisibleRectForView:]+0x994
C  [AppKit+0x195fca]  -[NSView displayIfNeeded]+0x6d4
C  [AppKit+0x1958db]  -[NSWindow displayIfNeeded]+0xe6
C  [AppKit+0x8f5cb4]  ___NSWindowGetDisplayCycleObserver_block_invoke.6228+0x115
C  [AppKit+0x1953b9]  __37+[NSDisplayCycle currentDisplayCycle]_block_invoke+0x1c6
C  [QuartzCore+0x11d06]  CA::Transaction::run_commit_handlers(CATransactionPhase)+0x2e
C  [QuartzCore+0x11b8bc]  CA::Context::commit_transaction(CA::Transaction*)+0xa0
C  [QuartzCore+0x107e1]  CA::Transaction::commit()+0x1db
C  [AppKit+0x4788b1]  __37+[NSDisplayCycle currentDisplayCycle]_block_invoke.31+0x143
C  [CoreFoundation+0xa6d37]  __CFRUNLOOP_IS_CALLING_OUT_TO_AN_OBSERVER_CALLBACK_FUNCTION__+0x17
C  [CoreFoundation+0xa6ca7]  __CFRunLoopDoObservers+0x187
C  [CoreFoundation+0x876d9]  __CFRunLoopRun+0x369
C  [CoreFoundation+0x87114]  CFRunLoopRunSpecific+0x1a4
C  [HIToolbox+0x30ebc]  RunCurrentEventLoopInMode+0xf0
C  [HIToolbox+0x30bf9]  ReceiveNextEventCommon+0xb8
C  [HIToolbox+0x30b26]  _BlockUntilNextEventMatchingListInModeWithFilter+0x47
C  [AppKit+0x46a54]  _DPSNextEvent+0x460
C  [AppKit+0x7c27ee]  -[NSApplication(NSEvent) _nextEventMatchingEventMask:untilDate:inMode:dequeue:]+0xaec
C  [libosxapp.dylib+0x23aa]  -[NSApplicationAWT nextEventMatchingMask:untilDate:inMode:dequeue:]+0x7c
C  [AppKit+0x3b3db]  -[NSApplication run]+0x39e
C  [libosxapp.dylib+0x214d]  +[NSApplicationAWT runAWTLoopWithApp:]+0x9c
C  [libawt_lwawt.dylib+0x45edf]  -[AWTStarter starter:]+0x389
C  [Foundation+0x7152a]  __NSThreadPerformPerform+0x146
C  [CoreFoundation+0xa7321]  __CFRUNLOOP_IS_CALLING_OUT_TO_A_SOURCE0_PERFORM_FUNCTION__+0x11
C  [CoreFoundation+0x8821d]  __CFRunLoopDoSources0+0x22d
C  [CoreFoundation+0x87716]  __CFRunLoopRun+0x3a6
C  [CoreFoundation+0x87114]  CFRunLoopRunSpecific+0x1a4
C  [java+0x6465]  CreateExecutionEnvironment+0x367
C  [java+0x218c]  JLI_Launch+0x7a0
C  [java+0x84c2]  main+0x65
C  [java+0x19e4]  start+0x34
C  0x0000000000000006


---------------  P R O C E S S  ---------------

Java Threads: ( => current thread )
  0x00007f8bce1a2800 JavaThread "AWT-Shutdown" [_thread_blocked, id=25875, stack(0x0000700004658000,0x0000700004758000)]
  0x00007f8bcd9e7000 JavaThread "Java2D Queue Flusher" daemon [_thread_blocked, id=62215, stack(0x00007000049e7000,0x0000700004ae7000)]
  0x00007f8bcd9b7800 JavaThread "Java2D Disposer" daemon [_thread_blocked, id=60715, stack(0x00007000048e4000,0x00007000049e4000)]
=>0x00007f8bcd87e000 JavaThread "AppKit Thread" daemon [_thread_in_native, id=775, stack(0x00007fff5411a000,0x00007fff5491a000)]
  0x00007f8bcd800800 JavaThread "Service Thread" daemon [_thread_blocked, id=18691, stack(0x0000700004452000,0x0000700004552000)]
  0x00007f8bcd03e000 JavaThread "C1 CompilerThread2" daemon [_thread_blocked, id=18179, stack(0x000070000434f000,0x000070000444f000)]
  0x00007f8bce81a000 JavaThread "C2 CompilerThread1" daemon [_thread_blocked, id=17667, stack(0x000070000424c000,0x000070000434c000)]
  0x00007f8bce818800 JavaThread "C2 CompilerThread0" daemon [_thread_blocked, id=17155, stack(0x0000700004149000,0x0000700004249000)]
  0x00007f8bce823800 JavaThread "Signal Dispatcher" daemon [_thread_blocked, id=16643, stack(0x0000700004046000,0x0000700004146000)]
  0x00007f8bce805000 JavaThread "Finalizer" daemon [_thread_blocked, id=12547, stack(0x0000700003f43000,0x0000700004043000)]
  0x00007f8bce802000 JavaThread "Reference Handler" daemon [_thread_blocked, id=12035, stack(0x0000700003e40000,0x0000700003f40000)]
  0x00007f8bcd802000 JavaThread "main" [_thread_in_native, id=3587, stack(0x00007000036a5000,0x00007000037a5000)]

Other Threads:
  0x00007f8bcd03b000 VMThread [stack: 0x0000700003d3d000,0x0000700003e3d000] [id=11523]
  0x00007f8bcd82c800 WatcherThread [stack: 0x0000700004555000,0x0000700004655000] [id=19203]

VM state:not at safepoint (normal execution)

VM Mutex/Monitor currently owned by a thread: None

Heap:
 PSYoungGen      total 101376K, used 11793K [0x0000000795580000, 0x000000079be80000, 0x00000007c0000000)
  eden space 97280K, 11% used [0x0000000795580000,0x00000007960d4410,0x000000079b480000)
  from space 4096K, 4% used [0x000000079ba80000,0x000000079bab0000,0x000000079be80000)
  to   space 5120K, 0% used [0x000000079b480000,0x000000079b480000,0x000000079b980000)
 ParOldGen       total 192000K, used 65035K [0x0000000740000000, 0x000000074bb80000, 0x0000000795580000)
  object space 192000K, 33% used [0x0000000740000000,0x0000000743f82d90,0x000000074bb80000)
 Metaspace       used 9579K, capacity 9749K, committed 9856K, reserved 1058816K
  class space    used 1007K, capacity 1085K, committed 1152K, reserved 1048576K

Card table byte_map: [0x000000010cfc0000,0x000000010d3c1000] byte_map_base: 0x00000001095c0000

Marking Bits: (ParMarkBitMap*) 0x000000010bc565d0
 Begin Bits: [0x000000011cb18000, 0x000000011eb18000)
 End Bits:   [0x000000011eb18000, 0x0000000120b18000)

Polling page: 0x000000010c34d000

CodeCache: size=245760Kb used=4254Kb max_used=4254Kb free=241505Kb
 bounds [0x000000010db18000, 0x000000010df48000, 0x000000011cb18000]
 total_blobs=1481 nmethods=975 adapters=420
 compilation: enabled

Compilation events (10 events):
Event: 20.780 Thread 0x00007f8bcd03e000  972       3       java.nio.HeapByteBuffer::putLong (21 bytes)
Event: 20.781 Thread 0x00007f8bcd03e000 nmethod 972 0x000000010df41790 code [0x000000010df41920, 0x000000010df41ce8]
Event: 20.781 Thread 0x00007f8bcd03e000  973       3       java.nio.Bits::putLong (21 bytes)
Event: 20.781 Thread 0x00007f8bcd03e000 nmethod 973 0x000000010df41350 code [0x000000010df414c0, 0x000000010df416b8]
Event: 20.806 Thread 0x00007f8bcd03e000  974       3       java.nio.HeapByteBuffer::getLong (19 bytes)
Event: 20.806 Thread 0x00007f8bcd03e000 nmethod 974 0x000000010df40c90 code [0x000000010df40e40, 0x000000010df411e8]
Event: 20.806 Thread 0x00007f8bcd03e000  975       3       java.nio.Bits::getLong (18 bytes)
Event: 20.806 Thread 0x00007f8bcd03e000 nmethod 975 0x000000010df40850 code [0x000000010df409c0, 0x000000010df40bb8]
Event: 20.883 Thread 0x00007f8bcd03e000  976       3       java.lang.Object::wait (6 bytes)
Event: 20.884 Thread 0x00007f8bcd03e000 nmethod 976 0x000000010df40450 code [0x000000010df405c0, 0x000000010df407c8]

GC Heap History (10 events):
Event: 0.880 GC heap before
{Heap before GC invocations=2 (full 1):
 PSYoungGen      total 38400K, used 2405K [0x0000000795580000, 0x000000079a080000, 0x00000007c0000000)
  eden space 33280K, 0% used [0x0000000795580000,0x0000000795580000,0x0000000797600000)
  from space 5120K, 46% used [0x0000000797600000,0x00000007978597f8,0x0000000797b00000)
  to   space 5120K, 0% used [0x0000000799b80000,0x0000000799b80000,0x000000079a080000)
 ParOldGen       total 87552K, used 55777K [0x0000000740000000, 0x0000000745580000, 0x0000000795580000)
  object space 87552K, 63% used [0x0000000740000000,0x00000007436787f8,0x0000000745580000)
 Metaspace       used 9212K, capacity 9333K, committed 9600K, reserved 1058816K
  class space    used 988K, capacity 1053K, committed 1152K, reserved 1048576K
Event: 0.893 GC heap after
Heap after GC invocations=2 (full 1):
 PSYoungGen      total 38400K, used 0K [0x0000000795580000, 0x000000079a080000, 0x00000007c0000000)
  eden space 33280K, 0% used [0x0000000795580000,0x0000000795580000,0x0000000797600000)
  from space 5120K, 0% used [0x0000000797600000,0x0000000797600000,0x0000000797b00000)
  to   space 5120K, 0% used [0x0000000799b80000,0x0000000799b80000,0x000000079a080000)
 ParOldGen       total 119296K, used 37263K [0x0000000740000000, 0x0000000747480000, 0x0000000795580000)
  object space 119296K, 31% used [0x0000000740000000,0x0000000742463c18,0x0000000747480000)
 Metaspace       used 9212K, capacity 9333K, committed 9600K, reserved 1058816K
  class space    used 988K, capacity 1053K, committed 1152K, reserved 1048576K
}
Event: 1.075 GC heap before
{Heap before GC invocations=3 (full 1):
 PSYoungGen      total 38400K, used 33280K [0x0000000795580000, 0x000000079a080000, 0x00000007c0000000)
  eden space 33280K, 100% used [0x0000000795580000,0x0000000797600000,0x0000000797600000)
  from space 5120K, 0% used [0x0000000797600000,0x0000000797600000,0x0000000797b00000)
  to   space 5120K, 0% used [0x0000000799b80000,0x0000000799b80000,0x000000079a080000)
 ParOldGen       total 119296K, used 37263K [0x0000000740000000, 0x0000000747480000, 0x0000000795580000)
  object space 119296K, 31% used [0x0000000740000000,0x0000000742463c18,0x0000000747480000)
 Metaspace       used 9261K, capacity 9397K, committed 9600K, reserved 1058816K
  class space    used 990K, capacity 1053K, committed 1152K, reserved 1048576K
Event: 1.094 GC heap after
Heap after GC invocations=3 (full 1):
 PSYoungGen      total 60416K, used 96K [0x0000000795580000, 0x0000000799c00000, 0x00000007c0000000)
  eden space 59904K, 0% used [0x0000000795580000,0x0000000795580000,0x0000000799000000)
  from space 512K, 18% used [0x0000000799b80000,0x0000000799b98000,0x0000000799c00000)
  to   space 5120K, 0% used [0x0000000799200000,0x0000000799200000,0x0000000799700000)
 ParOldGen       total 119296K, used 92718K [0x0000000740000000, 0x0000000747480000, 0x0000000795580000)
  object space 119296K, 77% used [0x0000000740000000,0x0000000745a8bbd8,0x0000000747480000)
 Metaspace       used 9261K, capacity 9397K, committed 9600K, reserved 1058816K
  class space    used 990K, capacity 1053K, committed 1152K, reserved 1048576K
}
Event: 1.094 GC heap before
{Heap before GC invocations=4 (full 2):
 PSYoungGen      total 60416K, used 96K [0x0000000795580000, 0x0000000799c00000, 0x00000007c0000000)
  eden space 59904K, 0% used [0x0000000795580000,0x0000000795580000,0x0000000799000000)
  from space 512K, 18% used [0x0000000799b80000,0x0000000799b98000,0x0000000799c00000)
  to   space 5120K, 0% used [0x0000000799200000,0x0000000799200000,0x0000000799700000)
 ParOldGen       total 119296K, used 92718K [0x0000000740000000, 0x0000000747480000, 0x0000000795580000)
  object space 119296K, 77% used [0x0000000740000000,0x0000000745a8bbd8,0x0000000747480000)
 Metaspace       used 9261K, capacity 9397K, committed 9600K, reserved 1058816K
  class space    used 990K, capacity 1053K, committed 1152K, reserved 1048576K
Event: 1.100 GC heap after
Heap after GC invocations=4 (full 2):
 PSYoungGen      total 60416K, used 0K [0x0000000795580000, 0x0000000799c00000, 0x00000007c0000000)
  eden space 59904K, 0% used [0x0000000795580000,0x0000000795580000,0x0000000799000000)
  from space 512K, 0% used [0x0000000799b80000,0x0000000799b80000,0x0000000799c00000)
  to   space 5120K, 0% used [0x0000000799200000,0x0000000799200000,0x0000000799700000)
 ParOldGen       total 192000K, used 65027K [0x0000000740000000, 0x000000074bb80000, 0x0000000795580000)
  object space 192000K, 33% used [0x0000000740000000,0x0000000743f80d90,0x000000074bb80000)
 Metaspace       used 9261K, capacity 9397K, committed 9600K, reserved 1058816K
  class space    used 990K, capacity 1053K, committed 1152K, reserved 1048576K
}
Event: 1.176 GC heap before
{Heap before GC invocations=5 (full 2):
 PSYoungGen      total 60416K, used 59904K [0x0000000795580000, 0x0000000799c00000, 0x00000007c0000000)
  eden space 59904K, 100% used [0x0000000795580000,0x0000000799000000,0x0000000799000000)
  from space 512K, 0% used [0x0000000799b80000,0x0000000799b80000,0x0000000799c00000)
  to   space 5120K, 0% used [0x0000000799200000,0x0000000799200000,0x0000000799700000)
 ParOldGen       total 192000K, used 65027K [0x0000000740000000, 0x000000074bb80000, 0x0000000795580000)
  object space 192000K, 33% used [0x0000000740000000,0x0000000743f80d90,0x000000074bb80000)
 Metaspace       used 9261K, capacity 9397K, committed 9600K, reserved 1058816K
  class space    used 990K, capacity 1053K, committed 1152K, reserved 1048576K
Event: 1.177 GC heap after
Heap after GC invocations=5 (full 2):
 PSYoungGen      total 67072K, used 0K [0x0000000795580000, 0x000000079bf80000, 0x00000007c0000000)
  eden space 61952K, 0% used [0x0000000795580000,0x0000000795580000,0x0000000799200000)
  from space 5120K, 0% used [0x0000000799200000,0x0000000799200000,0x0000000799700000)
  to   space 5120K, 0% used [0x000000079ba80000,0x000000079ba80000,0x000000079bf80000)
 ParOldGen       total 192000K, used 65027K [0x0000000740000000, 0x000000074bb80000, 0x0000000795580000)
  object space 192000K, 33% used [0x0000000740000000,0x0000000743f80d90,0x000000074bb80000)
 Metaspace       used 9261K, capacity 9397K, committed 9600K, reserved 1058816K
  class space    used 990K, capacity 1053K, committed 1152K, reserved 1048576K
}
Event: 12.605 GC heap before
{Heap before GC invocations=6 (full 2):
 PSYoungGen      total 67072K, used 61952K [0x0000000795580000, 0x000000079bf80000, 0x00000007c0000000)
  eden space 61952K, 100% used [0x0000000795580000,0x0000000799200000,0x0000000799200000)
  from space 5120K, 0% used [0x0000000799200000,0x0000000799200000,0x0000000799700000)
  to   space 5120K, 0% used [0x000000079ba80000,0x000000079ba80000,0x000000079bf80000)
 ParOldGen       total 192000K, used 65027K [0x0000000740000000, 0x000000074bb80000, 0x0000000795580000)
  object space 192000K, 33% used [0x0000000740000000,0x0000000743f80d90,0x000000074bb80000)
 Metaspace       used 9537K, capacity 9685K, committed 9856K, reserved 1058816K
  class space    used 1006K, capacity 1085K, committed 1152K, reserved 1048576K
Event: 12.606 GC heap after
Heap after GC invocations=6 (full 2):
 PSYoungGen      total 101376K, used 192K [0x0000000795580000, 0x000000079be80000, 0x00000007c0000000)
  eden space 97280K, 0% used [0x0000000795580000,0x0000000795580000,0x000000079b480000)
  from space 4096K, 4% used [0x000000079ba80000,0x000000079bab0000,0x000000079be80000)
  to   space 5120K, 0% used [0x000000079b480000,0x000000079b480000,0x000000079b980000)
 ParOldGen       total 192000K, used 65035K [0x0000000740000000, 0x000000074bb80000, 0x0000000795580000)
  object space 192000K, 33% used [0x0000000740000000,0x0000000743f82d90,0x000000074bb80000)
 Metaspace       used 9537K, capacity 9685K, committed 9856K, reserved 1058816K
  class space    used 1006K, capacity 1085K, committed 1152K, reserved 1048576K
}

Deoptimization events (10 events):
Event: 1.225 Thread 0x00007f8bcd802000 Uncommon trap: reason=unstable_if action=reinterpret pc=0x000000010dd8ad68 method=sun.awt.image.ByteInterleavedRaster.getDataElements(IILjava/lang/Object;)Ljava/lang/Object; @ 43
Event: 1.316 Thread 0x00007f8bcd802000 Uncommon trap: reason=unstable_if action=reinterpret pc=0x000000010dd6649c method=com.sun.imageio.plugins.jpeg.JPEGImageReader.acceptPixels(IZ)V @ 96
Event: 16.354 Thread 0x00007f8bcd802000 Uncommon trap: reason=unstable_if action=reinterpret pc=0x000000010dec7c20 method=java.util.LinkedHashMap.afterNodeAccess(Ljava/util/HashMap$Node;)V @ 14
Event: 16.902 Thread 0x00007f8bcd802000 Uncommon trap: reason=unstable_if action=reinterpret pc=0x000000010dee7fb0 method=org.lwjgl.input.Mouse.next()Z @ 28
Event: 16.908 Thread 0x00007f8bcd802000 Uncommon trap: reason=unstable_if action=reinterpret pc=0x000000010dec61cc method=org.lwjgl.input.Mouse.next()Z @ 28
Event: 17.211 Thread 0x00007f8bcd802000 Uncommon trap: reason=unstable_if action=reinterpret pc=0x000000010dedcee8 method=org.lwjgl.opengl.MacOSXDisplay.update()V @ 86
Event: 17.575 Thread 0x00007f8bcd802000 Uncommon trap: reason=unstable_if action=reinterpret pc=0x000000010ded5c9c method=org.lwjgl.opengl.MacOSXDisplay.update()V @ 86
Event: 18.850 Thread 0x00007f8bcd802000 Uncommon trap: reason=unstable_if action=reinterpret pc=0x000000010ded9a98 method=Play.update(Lorg/newdawn/slick/GameContainer;Lorg/newdawn/slick/state/StateBasedGame;I)V @ 280
Event: 19.246 Thread 0x00007f8bcd802000 Uncommon trap: reason=unstable_if action=reinterpret pc=0x000000010dea15f4 method=Plane.render(Lorg/newdawn/slick/Graphics;)V @ 7
Event: 21.466 Thread 0x00007f8bcd802000 Uncommon trap: reason=unstable_if action=reinterpret pc=0x000000010dee3060 method=org.newdawn.slick.AppGameContainer.gameLoop()V @ 60

Internal exceptions (10 events):
Event: 0.173 Thread 0x00007f8bcd802000 Exception <a 'java/security/PrivilegedActionException'> (0x00000007957bdc70) thrown at [/Users/java_re/workspace/8-2-build-macosx-x86_64/jdk8u144/9417/hotspot/src/share/vm/prims/jvm.cpp, line 1390]
Event: 0.173 Thread 0x00007f8bcd802000 Exception <a 'java/security/PrivilegedActionException'> (0x00000007957c1188) thrown at [/Users/java_re/workspace/8-2-build-macosx-x86_64/jdk8u144/9417/hotspot/src/share/vm/prims/jvm.cpp, line 1390]
Event: 0.173 Thread 0x00007f8bcd802000 Exception <a 'java/security/PrivilegedActionException'> (0x00000007957c1398) thrown at [/Users/java_re/workspace/8-2-build-macosx-x86_64/jdk8u144/9417/hotspot/src/share/vm/prims/jvm.cpp, line 1390]
Event: 0.209 Thread 0x00007f8bcd802000 Exception <a 'java/lang/NoSuchFieldError': method resolution failed> (0x000000079588f318) thrown at [/Users/java_re/workspace/8-2-build-macosx-x86_64/jdk8u144/9417/hotspot/src/share/vm/prims/methodHandles.cpp, line 1146]
Event: 0.211 Thread 0x00007f8bcd802000 Exception <a 'java/lang/NoSuchFieldError': method resolution failed> (0x000000079589ca68) thrown at [/Users/java_re/workspace/8-2-build-macosx-x86_64/jdk8u144/9417/hotspot/src/share/vm/prims/methodHandles.cpp, line 1146]
Event: 0.377 Thread 0x00007f8bcd802000 Exception <a 'java/io/FileNotFoundException'> (0x0000000795917400) thrown at [/Users/java_re/workspace/8-2-build-macosx-x86_64/jdk8u144/9417/hotspot/src/share/vm/prims/jni.cpp, line 709]
Event: 0.377 Thread 0x00007f8bcd802000 Exception <a 'java/io/FileNotFoundException'> (0x0000000795917f50) thrown at [/Users/java_re/workspace/8-2-build-macosx-x86_64/jdk8u144/9417/hotspot/src/share/vm/prims/jni.cpp, line 709]
Event: 0.668 Thread 0x00007f8bcd802000 Exception <a 'java/lang/NoClassDefFoundError': net/java/games/input/ControllerEnvironment> (0x0000000795d948a8) thrown at [/Users/java_re/workspace/8-2-build-macosx-x86_64/jdk8u144/9417/hotspot/src/share/vm/classfile/systemDictionary.cpp, line 199]
Event: 1.225 Thread 0x00007f8bcd802000 Implicit null exception at 0x000000010dd89dd5 to 0x000000010dd8a349
Event: 1.225 Thread 0x00007f8bcd802000 Implicit null exception at 0x000000010dd8ab1e to 0x000000010dd8ad4d

Events (10 events):
Event: 18.850 Thread 0x00007f8bcd802000 DEOPT PACKING pc=0x000000010ded9a98 sp=0x00007000037a45e0
Event: 18.850 Thread 0x00007f8bcd802000 DEOPT UNPACKING pc=0x000000010db1d229 sp=0x00007000037a4598 mode 2
Event: 19.246 Thread 0x00007f8bcd802000 Uncommon trap: trap_request=0xffffff65 fr.pc=0x000000010dea15f4
Event: 19.246 Thread 0x00007f8bcd802000 DEOPT PACKING pc=0x000000010dea15f4 sp=0x00007000037a45a0
Event: 19.247 Thread 0x00007f8bcd802000 DEOPT UNPACKING pc=0x000000010db1d229 sp=0x00007000037a4590 mode 2
Event: 21.466 Thread 0x00007f8bcd802000 Uncommon trap: trap_request=0xffffff65 fr.pc=0x000000010dee3060
Event: 21.466 Thread 0x00007f8bcd802000 DEOPT PACKING pc=0x000000010dee3060 sp=0x00007000037a47e0
Event: 21.466 Thread 0x00007f8bcd802000 DEOPT UNPACKING pc=0x000000010db1d229 sp=0x00007000037a47a8 mode 2
Event: 21.479 loading class org/lwjgl/opengl/CallbackUtil
Event: 21.479 loading class org/lwjgl/opengl/CallbackUtil done


Dynamic libraries:
0x0000000008865000 	/System/Library/Frameworks/Cocoa.framework/Versions/A/Cocoa
0x0000000008865000 	/System/Library/Frameworks/Security.framework/Versions/A/Security
0x0000000008865000 	/System/Library/Frameworks/ApplicationServices.framework/Versions/A/ApplicationServices
0x0000000008865000 	/usr/lib/libz.1.dylib
0x0000000008865000 	/usr/lib/libSystem.B.dylib
0x0000000008865000 	/usr/lib/libobjc.A.dylib
0x0000000008865000 	/System/Library/Frameworks/CoreFoundation.framework/Versions/A/CoreFoundation
0x0000000008865000 	/System/Library/Frameworks/Foundation.framework/Versions/C/Foundation
0x0000000008865000 	/System/Library/Frameworks/AppKit.framework/Versions/C/AppKit
0x0000000008865000 	/System/Library/Frameworks/CoreData.framework/Versions/A/CoreData
0x0000000008865000 	/System/Library/PrivateFrameworks/RemoteViewServices.framework/Versions/A/RemoteViewServices
0x0000000008865000 	/System/Library/PrivateFrameworks/UIFoundation.framework/Versions/A/UIFoundation
0x0000000008865000 	/System/Library/PrivateFrameworks/DFRFoundation.framework/Versions/A/DFRFoundation
0x0000000008865000 	/usr/lib/libenergytrace.dylib
0x0000000008865000 	/System/Library/PrivateFrameworks/SkyLight.framework/Versions/A/SkyLight
0x0000000008865000 	/System/Library/Frameworks/CoreGraphics.framework/Versions/A/CoreGraphics
0x0000000008865000 	/usr/lib/libScreenReader.dylib
0x0000000008865000 	/System/Library/Frameworks/Accelerate.framework/Versions/A/Accelerate
0x0000000008865000 	/System/Library/Frameworks/IOSurface.framework/Versions/A/IOSurface
0x0000000008865000 	/System/Library/Frameworks/AudioToolbox.framework/Versions/A/AudioToolbox
0x0000000008865000 	/System/Library/Frameworks/AudioUnit.framework/Versions/A/AudioUnit
0x0000000008865000 	/System/Library/PrivateFrameworks/DataDetectorsCore.framework/Versions/A/DataDetectorsCore
0x0000000008865000 	/System/Library/PrivateFrameworks/DesktopServicesPriv.framework/Versions/A/DesktopServicesPriv
0x0000000008865000 	/System/Library/Frameworks/Carbon.framework/Versions/A/Frameworks/HIToolbox.framework/Versions/A/HIToolbox
0x0000000008865000 	/usr/lib/libicucore.A.dylib
0x0000000008865000 	/System/Library/Frameworks/QuartzCore.framework/Versions/A/QuartzCore
0x0000000008865000 	/System/Library/Frameworks/Carbon.framework/Versions/A/Frameworks/SpeechRecognition.framework/Versions/A/SpeechRecognition
0x0000000008865000 	/usr/lib/libauto.dylib
0x0000000008865000 	/usr/lib/libxml2.2.dylib
0x0000000008865000 	/System/Library/PrivateFrameworks/CoreUI.framework/Versions/A/CoreUI
0x0000000008865000 	/System/Library/Frameworks/CoreAudio.framework/Versions/A/CoreAudio
0x0000000008865000 	/System/Library/Frameworks/DiskArbitration.framework/Versions/A/DiskArbitration
0x0000000008865000 	/usr/lib/liblangid.dylib
0x0000000008865000 	/System/Library/PrivateFrameworks/MultitouchSupport.framework/Versions/A/MultitouchSupport
0x0000000008865000 	/System/Library/Frameworks/IOKit.framework/Versions/A/IOKit
0x0000000008865000 	/usr/lib/libDiagnosticMessagesClient.dylib
0x0000000008865000 	/System/Library/Frameworks/CoreServices.framework/Versions/A/CoreServices
0x0000000008865000 	/System/Library/PrivateFrameworks/PerformanceAnalysis.framework/Versions/A/PerformanceAnalysis
0x0000000008865000 	/System/Library/PrivateFrameworks/GenerationalStorage.framework/Versions/A/GenerationalStorage
0x0000000008865000 	/System/Library/Frameworks/OpenGL.framework/Versions/A/OpenGL
0x0000000008865000 	/System/Library/Frameworks/CoreImage.framework/Versions/A/CoreImage
0x0000000008865000 	/System/Library/Frameworks/CoreText.framework/Versions/A/CoreText
0x0000000008865000 	/System/Library/Frameworks/ImageIO.framework/Versions/A/ImageIO
0x0000000008865000 	/System/Library/PrivateFrameworks/Backup.framework/Versions/A/Backup
0x0000000008865000 	/usr/lib/libarchive.2.dylib
0x0000000008865000 	/System/Library/Frameworks/CFNetwork.framework/Versions/A/CFNetwork
0x0000000008865000 	/System/Library/Frameworks/SystemConfiguration.framework/Versions/A/SystemConfiguration
0x0000000008865000 	/usr/lib/libCRFSuite.dylib
0x0000000008865000 	/usr/lib/libc++.1.dylib
0x0000000008865000 	/usr/lib/libc++abi.dylib
0x0000000008865000 	/usr/lib/system/libcache.dylib
0x0000000008865000 	/usr/lib/system/libcommonCrypto.dylib
0x0000000008865000 	/usr/lib/system/libcompiler_rt.dylib
0x0000000008865000 	/usr/lib/system/libcopyfile.dylib
0x0000000008865000 	/usr/lib/system/libcorecrypto.dylib
0x0000000008865000 	/usr/lib/system/libdispatch.dylib
0x0000000008865000 	/usr/lib/system/libdyld.dylib
0x0000000008865000 	/usr/lib/system/libkeymgr.dylib
0x0000000008865000 	/usr/lib/system/liblaunch.dylib
0x0000000008865000 	/usr/lib/system/libmacho.dylib
0x0000000008865000 	/usr/lib/system/libquarantine.dylib
0x0000000008865000 	/usr/lib/system/libremovefile.dylib
0x0000000008865000 	/usr/lib/system/libsystem_asl.dylib
0x0000000008865000 	/usr/lib/system/libsystem_blocks.dylib
0x0000000008865000 	/usr/lib/system/libsystem_c.dylib
0x0000000008865000 	/usr/lib/system/libsystem_configuration.dylib
0x0000000008865000 	/usr/lib/system/libsystem_coreservices.dylib
0x0000000008865000 	/usr/lib/system/libsystem_coretls.dylib
0x0000000008865000 	/usr/lib/system/libsystem_dnssd.dylib
0x0000000008865000 	/usr/lib/system/libsystem_info.dylib
0x0000000008865000 	/usr/lib/system/libsystem_kernel.dylib
0x0000000008865000 	/usr/lib/system/libsystem_m.dylib
0x0000000008865000 	/usr/lib/system/libsystem_malloc.dylib
0x0000000008865000 	/usr/lib/system/libsystem_network.dylib
0x0000000008865000 	/usr/lib/system/libsystem_networkextension.dylib
0x0000000008865000 	/usr/lib/system/libsystem_notify.dylib
0x0000000008865000 	/usr/lib/system/libsystem_platform.dylib
0x0000000008865000 	/usr/lib/system/libsystem_pthread.dylib
0x0000000008865000 	/usr/lib/system/libsystem_sandbox.dylib
0x0000000008865000 	/usr/lib/system/libsystem_secinit.dylib
0x0000000008865000 	/usr/lib/system/libsystem_symptoms.dylib
0x0000000008865000 	/usr/lib/system/libsystem_trace.dylib
0x0000000008865000 	/usr/lib/system/libunwind.dylib
0x0000000008865000 	/usr/lib/system/libxpc.dylib
0x0000000008865000 	/usr/lib/libbsm.0.dylib
0x0000000008865000 	/usr/lib/system/libkxld.dylib
0x0000000008865000 	/usr/lib/libcoretls.dylib
0x0000000008865000 	/usr/lib/libcoretls_cfhelpers.dylib
0x0000000008865000 	/usr/lib/libOpenScriptingUtil.dylib
0x0000000008865000 	/usr/lib/libpam.2.dylib
0x0000000008865000 	/usr/lib/libsqlite3.dylib
0x0000000008865000 	/usr/lib/libxar.1.dylib
0x0000000008865000 	/usr/lib/libbz2.1.0.dylib
0x0000000008865000 	/usr/lib/liblzma.5.dylib
0x0000000008865000 	/usr/lib/libnetwork.dylib
0x0000000008865000 	/usr/lib/libpcap.A.dylib
0x0000000008865000 	/System/Library/Frameworks/CoreServices.framework/Versions/A/Frameworks/FSEvents.framework/Versions/A/FSEvents
0x0000000008865000 	/System/Library/Frameworks/CoreServices.framework/Versions/A/Frameworks/CarbonCore.framework/Versions/A/CarbonCore
0x0000000008865000 	/System/Library/Frameworks/CoreServices.framework/Versions/A/Frameworks/Metadata.framework/Versions/A/Metadata
0x0000000008865000 	/System/Library/Frameworks/CoreServices.framework/Versions/A/Frameworks/OSServices.framework/Versions/A/OSServices
0x0000000008865000 	/System/Library/Frameworks/CoreServices.framework/Versions/A/Frameworks/SearchKit.framework/Versions/A/SearchKit
0x0000000008865000 	/System/Library/Frameworks/CoreServices.framework/Versions/A/Frameworks/AE.framework/Versions/A/AE
0x0000000008865000 	/System/Library/Frameworks/CoreServices.framework/Versions/A/Frameworks/LaunchServices.framework/Versions/A/LaunchServices
0x0000000008865000 	/System/Library/Frameworks/CoreServices.framework/Versions/A/Frameworks/DictionaryServices.framework/Versions/A/DictionaryServices
0x0000000008865000 	/System/Library/Frameworks/CoreServices.framework/Versions/A/Frameworks/SharedFileList.framework/Versions/A/SharedFileList
0x0000000008865000 	/System/Library/Frameworks/NetFS.framework/Versions/A/NetFS
0x0000000008865000 	/System/Library/PrivateFrameworks/NetAuth.framework/Versions/A/NetAuth
0x0000000008865000 	/System/Library/PrivateFrameworks/login.framework/Versions/A/Frameworks/loginsupport.framework/Versions/A/loginsupport
0x0000000008865000 	/System/Library/PrivateFrameworks/TCC.framework/Versions/A/TCC
0x0000000008865000 	/usr/lib/libmecabra.dylib
0x0000000008865000 	/System/Library/Frameworks/ApplicationServices.framework/Versions/A/Frameworks/ATS.framework/Versions/A/ATS
0x0000000008865000 	/System/Library/Frameworks/ApplicationServices.framework/Versions/A/Frameworks/ColorSync.framework/Versions/A/ColorSync
0x0000000008865000 	/System/Library/Frameworks/ApplicationServices.framework/Versions/A/Frameworks/HIServices.framework/Versions/A/HIServices
0x0000000008865000 	/System/Library/Frameworks/ApplicationServices.framework/Versions/A/Frameworks/LangAnalysis.framework/Versions/A/LangAnalysis
0x0000000008865000 	/System/Library/Frameworks/ApplicationServices.framework/Versions/A/Frameworks/PrintCore.framework/Versions/A/PrintCore
0x0000000008865000 	/System/Library/Frameworks/ApplicationServices.framework/Versions/A/Frameworks/QD.framework/Versions/A/QD
0x0000000008865000 	/System/Library/Frameworks/ApplicationServices.framework/Versions/A/Frameworks/SpeechSynthesis.framework/Versions/A/SpeechSynthesis
0x0000000008865000 	/System/Library/Frameworks/Accelerate.framework/Versions/A/Frameworks/vImage.framework/Versions/A/vImage
0x0000000008865000 	/System/Library/Frameworks/Accelerate.framework/Versions/A/Frameworks/vecLib.framework/Versions/A/vecLib
0x0000000008865000 	/System/Library/Frameworks/Accelerate.framework/Versions/A/Frameworks/vecLib.framework/Versions/A/libvDSP.dylib
0x0000000008865000 	/System/Library/Frameworks/Accelerate.framework/Versions/A/Frameworks/vecLib.framework/Versions/A/libBNNS.dylib
0x0000000008865000 	/System/Library/Frameworks/Accelerate.framework/Versions/A/Frameworks/vecLib.framework/Versions/A/libQuadrature.dylib
0x0000000008865000 	/System/Library/Frameworks/Accelerate.framework/Versions/A/Frameworks/vecLib.framework/Versions/A/libvMisc.dylib
0x0000000008865000 	/System/Library/Frameworks/Accelerate.framework/Versions/A/Frameworks/vecLib.framework/Versions/A/libLAPACK.dylib
0x0000000008865000 	/System/Library/Frameworks/Accelerate.framework/Versions/A/Frameworks/vecLib.framework/Versions/A/libBLAS.dylib
0x0000000008865000 	/System/Library/Frameworks/Accelerate.framework/Versions/A/Frameworks/vecLib.framework/Versions/A/libLinearAlgebra.dylib
0x0000000008865000 	/System/Library/Frameworks/Accelerate.framework/Versions/A/Frameworks/vecLib.framework/Versions/A/libSparseBLAS.dylib
0x0000000008865000 	/System/Library/Frameworks/ApplicationServices.framework/Versions/A/Frameworks/ATS.framework/Versions/A/Resources/libFontParser.dylib
0x0000000008865000 	/System/Library/Frameworks/ApplicationServices.framework/Versions/A/Frameworks/ATS.framework/Versions/A/Resources/libFontRegistry.dylib
0x0000000008865000 	/System/Library/Frameworks/ImageIO.framework/Versions/A/Resources/libJPEG.dylib
0x0000000008865000 	/System/Library/Frameworks/ImageIO.framework/Versions/A/Resources/libTIFF.dylib
0x0000000008865000 	/System/Library/Frameworks/ImageIO.framework/Versions/A/Resources/libPng.dylib
0x0000000008865000 	/System/Library/Frameworks/ImageIO.framework/Versions/A/Resources/libGIF.dylib
0x0000000008865000 	/System/Library/Frameworks/ImageIO.framework/Versions/A/Resources/libJP2.dylib
0x0000000008865000 	/System/Library/Frameworks/ImageIO.framework/Versions/A/Resources/libRadiance.dylib
0x0000000008865000 	/usr/lib/libcompression.dylib
0x0000000008865000 	/System/Library/PrivateFrameworks/AppleJPEG.framework/Versions/A/AppleJPEG
0x0000000008865000 	/usr/lib/libcups.2.dylib
0x0000000008865000 	/System/Library/Frameworks/Kerberos.framework/Versions/A/Kerberos
0x0000000008865000 	/System/Library/Frameworks/GSS.framework/Versions/A/GSS
0x0000000008865000 	/usr/lib/libresolv.9.dylib
0x0000000008865000 	/usr/lib/libiconv.2.dylib
0x0000000008865000 	/System/Library/PrivateFrameworks/Heimdal.framework/Versions/A/Heimdal
0x0000000008865000 	/usr/lib/libheimdal-asn1.dylib
0x0000000008865000 	/System/Library/Frameworks/OpenDirectory.framework/Versions/A/OpenDirectory
0x0000000008865000 	/System/Library/PrivateFrameworks/CommonAuth.framework/Versions/A/CommonAuth
0x0000000008865000 	/System/Library/Frameworks/OpenDirectory.framework/Versions/A/Frameworks/CFOpenDirectory.framework/Versions/A/CFOpenDirectory
0x0000000008865000 	/System/Library/Frameworks/SecurityFoundation.framework/Versions/A/SecurityFoundation
0x0000000008865000 	/System/Library/PrivateFrameworks/LanguageModeling.framework/Versions/A/LanguageModeling
0x0000000008865000 	/usr/lib/libmarisa.dylib
0x0000000008865000 	/usr/lib/libChineseTokenizer.dylib
0x0000000008865000 	/usr/lib/libcmph.dylib
0x0000000008865000 	/System/Library/PrivateFrameworks/CoreEmoji.framework/Versions/A/CoreEmoji
0x0000000008865000 	/System/Library/Frameworks/ServiceManagement.framework/Versions/A/ServiceManagement
0x0000000008865000 	/usr/lib/libxslt.1.dylib
0x0000000008865000 	/System/Library/Frameworks/Carbon.framework/Versions/A/Frameworks/Ink.framework/Versions/A/Ink
0x0000000008865000 	/System/Library/PrivateFrameworks/TextureIO.framework/Versions/A/TextureIO
0x0000000008865000 	/System/Library/Frameworks/Metal.framework/Versions/A/Metal
0x0000000008865000 	/usr/lib/libate.dylib
0x0000000008865000 	/System/Library/PrivateFrameworks/GPUCompiler.framework/libmetal_timestamp.dylib
0x0000000008865000 	/System/Library/Frameworks/OpenGL.framework/Versions/A/Libraries/libCoreFSCache.dylib
0x0000000008865000 	/System/Library/PrivateFrameworks/IOAccelerator.framework/Versions/A/IOAccelerator
0x0000000008865000 	/System/Library/Frameworks/CoreVideo.framework/Versions/A/CoreVideo
0x0000000008865000 	/usr/lib/libFosl_dynamic.dylib
0x0000000008865000 	/System/Library/PrivateFrameworks/MetalPerformanceShaders.framework/Versions/A/MetalPerformanceShaders
0x0000000008865000 	/System/Library/PrivateFrameworks/FaceCore.framework/Versions/A/FaceCore
0x0000000008865000 	/System/Library/Frameworks/OpenCL.framework/Versions/A/OpenCL
0x0000000008865000 	/System/Library/Frameworks/OpenGL.framework/Versions/A/Libraries/libGLU.dylib
0x0000000008865000 	/System/Library/Frameworks/OpenGL.framework/Versions/A/Libraries/libGFXShared.dylib
0x0000000008865000 	/System/Library/Frameworks/OpenGL.framework/Versions/A/Libraries/libGL.dylib
0x0000000008865000 	/System/Library/Frameworks/OpenGL.framework/Versions/A/Libraries/libGLImage.dylib
0x0000000008865000 	/System/Library/Frameworks/OpenGL.framework/Versions/A/Libraries/libCVMSPluginSupport.dylib
0x0000000008865000 	/System/Library/Frameworks/OpenGL.framework/Versions/A/Libraries/libCoreVMClient.dylib
0x0000000008865000 	/System/Library/PrivateFrameworks/CrashReporterSupport.framework/Versions/A/CrashReporterSupport
0x0000000008865000 	/System/Library/PrivateFrameworks/Sharing.framework/Versions/A/Sharing
0x0000000008865000 	/System/Library/PrivateFrameworks/IconServices.framework/Versions/A/IconServices
0x0000000008865000 	/System/Library/PrivateFrameworks/ProtocolBuffer.framework/Versions/A/ProtocolBuffer
0x0000000008865000 	/System/Library/PrivateFrameworks/Apple80211.framework/Versions/A/Apple80211
0x0000000008865000 	/System/Library/Frameworks/CoreWLAN.framework/Versions/A/CoreWLAN
0x0000000008865000 	/System/Library/PrivateFrameworks/CoreUtils.framework/Versions/A/CoreUtils
0x0000000008865000 	/System/Library/Frameworks/IOBluetooth.framework/Versions/A/IOBluetooth
0x0000000008865000 	/System/Library/PrivateFrameworks/CoreWiFi.framework/Versions/A/CoreWiFi
0x0000000008865000 	/System/Library/Frameworks/CoreBluetooth.framework/Versions/A/CoreBluetooth
0x0000000008865000 	/System/Library/Frameworks/CoreDisplay.framework/Versions/A/CoreDisplay
0x0000000008865000 	/System/Library/PrivateFrameworks/IOPresentment.framework/Versions/A/IOPresentment
0x0000000008865000 	/System/Library/PrivateFrameworks/DSExternalDisplay.framework/Versions/A/DSExternalDisplay
0x0000000008865000 	/System/Library/PrivateFrameworks/DebugSymbols.framework/Versions/A/DebugSymbols
0x0000000008865000 	/System/Library/PrivateFrameworks/CoreSymbolication.framework/Versions/A/CoreSymbolication
0x0000000008865000 	/System/Library/PrivateFrameworks/Symbolication.framework/Versions/A/Symbolication
0x0000000008865000 	/System/Library/PrivateFrameworks/AppleFSCompression.framework/Versions/A/AppleFSCompression
0x0000000008865000 	/System/Library/PrivateFrameworks/SpeechRecognitionCore.framework/Versions/A/SpeechRecognitionCore
0x0000000008865000 	/System/Library/PrivateFrameworks/ChunkingLibrary.framework/Versions/A/ChunkingLibrary
0x000000010b363000 	/Library/Java/JavaVirtualMachines/jdk1.8.0_144.jdk/Contents/Home/jre/lib/server/libjvm.dylib
0x0000000008865000 	/usr/lib/libstdc++.6.dylib
0x000000010c30a000 	/Library/Java/JavaVirtualMachines/jdk1.8.0_144.jdk/Contents/Home/jre/lib/libverify.dylib
0x000000010c318000 	/Library/Java/JavaVirtualMachines/jdk1.8.0_144.jdk/Contents/Home/jre/lib/libjava.dylib
0x000000010c357000 	/Library/Java/JavaVirtualMachines/jdk1.8.0_144.jdk/Contents/Home/jre/lib/libzip.dylib
0x0000000122560000 	/System/Library/Frameworks/JavaVM.framework/Frameworks/JavaRuntimeSupport.framework/JavaRuntimeSupport
0x000000012257a000 	/System/Library/Frameworks/JavaVM.framework/Versions/A/Frameworks/JavaNativeFoundation.framework/Versions/A/JavaNativeFoundation
0x000000010c3f1000 	/System/Library/Frameworks/JavaVM.framework/Versions/A/JavaVM
0x0000000008865000 	/System/Library/Frameworks/Carbon.framework/Versions/A/Carbon
0x000000012258f000 	/System/Library/PrivateFrameworks/JavaLaunching.framework/Versions/A/JavaLaunching
0x0000000008865000 	/System/Library/Frameworks/Carbon.framework/Versions/A/Frameworks/CommonPanels.framework/Versions/A/CommonPanels
0x0000000008865000 	/System/Library/Frameworks/Carbon.framework/Versions/A/Frameworks/Help.framework/Versions/A/Help
0x0000000008865000 	/System/Library/Frameworks/Carbon.framework/Versions/A/Frameworks/ImageCapture.framework/Versions/A/ImageCapture
0x0000000008865000 	/System/Library/Frameworks/Carbon.framework/Versions/A/Frameworks/OpenScripting.framework/Versions/A/OpenScripting
0x0000000008865000 	/System/Library/Frameworks/Carbon.framework/Versions/A/Frameworks/Print.framework/Versions/A/Print
0x0000000008865000 	/System/Library/Frameworks/Carbon.framework/Versions/A/Frameworks/SecurityHI.framework/Versions/A/SecurityHI
0x0000000123eb6000 	/Library/Java/JavaVirtualMachines/jdk1.8.0_144.jdk/Contents/Home/jre/lib/libawt.dylib
0x0000000123f5e000 	/Library/Java/JavaVirtualMachines/jdk1.8.0_144.jdk/Contents/Home/jre/lib/./libmlib_image.dylib
0x000000012402a000 	/Library/Java/JavaVirtualMachines/jdk1.8.0_144.jdk/Contents/Home/jre/lib/libawt_lwawt.dylib
0x00000001240e1000 	/Library/Java/JavaVirtualMachines/jdk1.8.0_144.jdk/Contents/Home/jre/lib/./libosxapp.dylib
0x0000000008865000 	/System/Library/Frameworks/ExceptionHandling.framework/Versions/A/ExceptionHandling
0x0000000008865000 	/System/Library/PrivateFrameworks/CoreServicesInternal.framework/Versions/A/CoreServicesInternal
0x0000000008865000 	/System/Library/CoreServices/RawCamera.bundle/Contents/MacOS/RawCamera
0x0000000008865000 	/System/Library/Frameworks/Accelerate.framework/Versions/A/Frameworks/vImage.framework/Versions/A/Libraries/libCGInterfaces.dylib
0x0000000008865000 	/System/Library/Frameworks/ApplicationServices.framework/Versions/A/Frameworks/ATS.framework/Versions/A/Resources/libTrueTypeScaler.dylib
0x0000000125e8c000 	/System/Library/Frameworks/OpenGL.framework/Resources/GLEngine.bundle/GLEngine
0x0000000008865000 	/System/Library/Frameworks/OpenGL.framework/Versions/A/Libraries/libGLProgrammability.dylib
0x0000000126071000 	/System/Library/Extensions/AppleIntelBDWGraphicsGLDriver.bundle/Contents/MacOS/AppleIntelBDWGraphicsGLDriver
0x0000000008865000 	/System/Library/PrivateFrameworks/GPUSupport.framework/Versions/A/Libraries/libGPUSupportMercury.dylib
0x00000001267db000 	/System/Library/Frameworks/OpenGL.framework/Resources//GLRendererFloat.bundle/GLRendererFloat
0x0000000008865000 	/System/Library/Frameworks/OpenCL.framework/Versions/A/Libraries/libcldcpuengine.dylib
0x0000000008865000 	/usr/lib/libcrypto.0.9.8.dylib
0x0000000008865000 	/System/Library/PrivateFrameworks/TrustEvaluationAgent.framework/Versions/A/TrustEvaluationAgent
0x000000012680f000 	/System/Library/Extensions/AppleIntelBDWGraphicsMTLDriver.bundle/Contents/MacOS/AppleIntelBDWGraphicsMTLDriver
0x0000000008865000 	/System/Library/PrivateFrameworks/FamilyControls.framework/Versions/A/FamilyControls
0x0000000008865000 	/System/Library/PrivateFrameworks/CommerceKit.framework/Versions/A/Frameworks/CommerceCore.framework/Versions/A/CommerceCore
0x0000000008865000 	/System/Library/PrivateFrameworks/SystemAdministration.framework/Versions/A/SystemAdministration
0x0000000008865000 	/System/Library/PrivateFrameworks/AppContainer.framework/Versions/A/AppContainer
0x0000000008865000 	/System/Library/PrivateFrameworks/SecCodeWrapper.framework/Versions/A/SecCodeWrapper
0x0000000008865000 	/System/Library/Frameworks/DirectoryService.framework/Versions/A/DirectoryService
0x0000000008865000 	/System/Library/PrivateFrameworks/DiskImages.framework/Versions/A/DiskImages
0x0000000008865000 	/System/Library/PrivateFrameworks/LoginUIKit.framework/Versions/A/Frameworks/LoginUICore.framework/Versions/A/LoginUICore
0x0000000008865000 	/usr/lib/libCoreStorage.dylib
0x0000000008865000 	/usr/lib/libcsfde.dylib
0x0000000008865000 	/usr/lib/libodfde.dylib
0x0000000008865000 	/System/Library/Frameworks/DiscRecording.framework/Versions/A/DiscRecording
0x0000000008865000 	/usr/lib/libcurl.4.dylib
0x0000000008865000 	/System/Library/PrivateFrameworks/MediaKit.framework/Versions/A/MediaKit
0x0000000008865000 	/System/Library/PrivateFrameworks/ProtectedCloudStorage.framework/Versions/A/ProtectedCloudStorage
0x0000000008865000 	/System/Library/PrivateFrameworks/EFILogin.framework/Versions/A/EFILogin
0x0000000008865000 	/usr/lib/libutil.dylib
0x0000000008865000 	/System/Library/Frameworks/LDAP.framework/Versions/A/LDAP
0x0000000008865000 	/usr/lib/libsasl2.2.dylib
0x0000000008865000 	/System/Library/PrivateFrameworks/CoreDaemon.framework/Versions/B/CoreDaemon
0x0000000008865000 	/System/Library/PrivateFrameworks/AppleSRP.framework/Versions/A/AppleSRP
0x0000000008865000 	/System/Library/PrivateFrameworks/APFS.framework/Versions/A/APFS
0x0000000127ff4000 	/Library/Java/JavaVirtualMachines/jdk1.8.0_144.jdk/Contents/Home/jre/lib/libfontmanager.dylib
0x000000012805b000 	/Users/kis/Desktop/workspace/AnalogGame/Lib/Native/macosx/liblwjgl.dylib
0x000000012499f000 	/Library/Java/JavaVirtualMachines/jdk1.8.0_144.jdk/Contents/Home/jre/lib/libjawt.dylib
0x0000000008865000 	/System/Library/PrivateFrameworks/ViewBridge.framework/Versions/A/ViewBridge
0x0000000008865000 	/System/Library/PrivateFrameworks/XPCService.framework/Versions/A/XPCService
0x0000000008865000 	/System/Library/PrivateFrameworks/AppSandbox.framework/Versions/A/AppSandbox
0x0000000008865000 	/usr/lib/libsandbox.1.dylib
0x0000000008865000 	/usr/lib/libMatch.1.dylib
0x000000012984f000 	/Library/Java/JavaVirtualMachines/jdk1.8.0_144.jdk/Contents/Home/jre/lib/libnio.dylib
0x000000012985f000 	/Library/Java/JavaVirtualMachines/jdk1.8.0_144.jdk/Contents/Home/jre/lib/./libnet.dylib
0x00000001298be000 	/Library/Java/JavaVirtualMachines/jdk1.8.0_144.jdk/Contents/Home/jre/lib/libjpeg.dylib

VM Arguments:
jvm_args: -Djava.library.path=/Users/kis/Desktop/workspace/AnalogGame/Lib/Native/macosx -Dfile.encoding=UTF-8 
java_command: AnalogGame
java_class_path (initial): /Users/kis/Desktop/workspace/AnalogGame/bin:/Users/kis/Desktop/workspace/AnalogGame/Lib/Jars/slick.jar:/Users/kis/Desktop/workspace/AnalogGame/Lib/Jars/lwjgl.jar
Launcher Type: SUN_STANDARD

Environment Variables:
PATH=/usr/bin:/bin:/usr/sbin:/sbin
SHELL=/bin/bash

Signal Handlers:
SIGSEGV: [libjvm.dylib+0x5b26e5], sa_mask[0]=11111111011111110111111111111111, sa_flags=SA_ONSTACK|SA_RESTART|SA_SIGINFO
SIGBUS: [libjvm.dylib+0x5b26e5], sa_mask[0]=11111111011111110111111111111111, sa_flags=SA_RESTART|SA_SIGINFO
SIGFPE: [libjvm.dylib+0x489100], sa_mask[0]=11111111011111110111111111111111, sa_flags=SA_RESTART|SA_SIGINFO
SIGPIPE: [libjvm.dylib+0x489100], sa_mask[0]=11111111011111110111111111111111, sa_flags=SA_RESTART|SA_SIGINFO
SIGXFSZ: [libjvm.dylib+0x489100], sa_mask[0]=11111111011111110111111111111111, sa_flags=SA_RESTART|SA_SIGINFO
SIGILL: [libjvm.dylib+0x489100], sa_mask[0]=11111111011111110111111111111111, sa_flags=SA_RESTART|SA_SIGINFO
SIGUSR1: SIG_DFL, sa_mask[0]=00000000000000000000000000000000, sa_flags=none
SIGUSR2: [libjvm.dylib+0x488c1e], sa_mask[0]=00100000000000000000000000000000, sa_flags=SA_RESTART|SA_SIGINFO
SIGHUP: [libjvm.dylib+0x4871f5], sa_mask[0]=11111111011111110111111111111111, sa_flags=SA_RESTART|SA_SIGINFO
SIGINT: [libjvm.dylib+0x4871f5], sa_mask[0]=11111111011111110111111111111111, sa_flags=SA_RESTART|SA_SIGINFO
SIGTERM: [libjvm.dylib+0x4871f5], sa_mask[0]=11111111011111110111111111111111, sa_flags=SA_RESTART|SA_SIGINFO
SIGQUIT: [libjvm.dylib+0x4871f5], sa_mask[0]=11111111011111110111111111111111, sa_flags=SA_RESTART|SA_SIGINFO


---------------  S Y S T E M  ---------------

OS:Bsduname:Darwin 16.7.0 Darwin Kernel Version 16.7.0: Thu Jun 15 17:36:27 PDT 2017; root:xnu-3789.70.16~2/RELEASE_X86_64 x86_64
rlimit: STACK 8192k, CORE 0k, NPROC 709, NOFILE 10240, AS infinity
load average:2.10 1.73 1.55

CPU:total 4 (initial active 4) (2 cores per cpu, 2 threads per core) family 6 model 61 stepping 4, cmov, cx8, fxsr, mmx, sse, sse2, sse3, ssse3, sse4.1, sse4.2, popcnt, avx, avx2, aes, clmul, erms, 3dnowpref, lzcnt, ht, tsc, tscinvbit, bmi1, bmi2, adx

Memory: 4k page, physical 8388608k(702900k free)

/proc/meminfo:


vm_info: Java HotSpot(TM) 64-Bit Server VM (25.144-b01) for bsd-amd64 JRE (1.8.0_144-b01), built on Jul 21 2017 22:07:42 by "java_re" with gcc 4.2.1 (Based on Apple Inc. build 5658) (LLVM build 2336.11.00)

time: Wed Apr 25 18:51:25 2018
elapsed time: 21 seconds (0d 0h 0m 21s)

