#
# A fatal error has been detected by the Java Runtime Environment:
#
#  SIGSEGV (0xb) at pc=0x00007fff92af705d, pid=67590, tid=0x0000000000000307
#
# JRE version: Java(TM) SE Runtime Environment (8.0_144-b01) (build 1.8.0_144-b01)
# Java VM: Java HotSpot(TM) 64-Bit Server VM (25.144-b01 mixed mode bsd-amd64 compressed oops)
# Problematic frame:
# C  [libobjc.A.dylib+0x705d]  objc_msgSend+0x1d
#
# Failed to write core dump. Core dumps have been disabled. To enable core dumping, try "ulimit -c unlimited" before starting Java again
#
# If you would like to submit a bug report, please visit:
#   http://bugreport.java.com/bugreport/crash.jsp
# The crash happened outside the Java Virtual Machine in native code.
# See problematic frame for where to report the bug.
#

---------------  T H R E A D  ---------------

Current thread (0x00007fa4e893f800):  JavaThread "AppKit Thread" daemon [_thread_in_native, id=775, stack(0x00007fff599e2000,0x00007fff5a1e2000)]

siginfo: si_signo: 11 (SIGSEGV), si_code: 1 (SEGV_MAPERR), si_addr: 0x000007fa4e74b238

Registers:
RAX=0x00007fa4e74d6740, RBX=0x00007fa4e7793f90, RCX=0x00007fa4e7452d50, RDX=0x00007fa4e74d6740
RSP=0x00007fff5a1dd098, RBP=0x00007fff5a1dd0a0, RSI=0x00007fff7c3e3843, RDI=0x00007fa4e7452d50
R8 =0x000000000000003f, R9 =0x00007fa4e779fcf0, R10=0x000007fa4e74b220, R11=0x00007fff7c3e3843
R12=0x0000000000000000, R13=0x00007fa4e779fcf0, R14=0x00007fa4e74d6740, R15=0x0000000000000000
RIP=0x00007fff92af705d, EFLAGS=0x0000000000010202, ERR=0x0000000000000004
  TRAPNO=0x000000000000000e

Top of Stack: (sp=0x00007fff5a1dd098)
0x00007fff5a1dd098:   00007fff7dc7945c 00007fff5a1dd110
0x00007fff5a1dd0a8:   00007fff7dc7935b 0000000000000000
0x00007fff5a1dd0b8:   00007fff9c2e7060 00000000c2000000
0x00007fff5a1dd0c8:   00007fff7dc793b0 00007fff98b5c680
0x00007fff5a1dd0d8:   00007fa4e779fcf0 00007fa4e74d6740
0x00007fff5a1dd0e8:   00007fff5a1dd8d8 00007fff92af7040
0x00007fff5a1dd0f8:   00007fff5a1dd1e0 00007fa4e779fcf0
0x00007fff5a1dd108:   00007fff7c37b05a 00007fff5a1dd150
0x00007fff5a1dd118:   00007fff7dc790c2 00007fff5a1dd720
0x00007fff5a1dd128:   0000000000000001 00007fff92af7040
0x00007fff5a1dd138:   00007fff5a1dd1e0 00007fff5a1dd8d8
0x00007fff5a1dd148:   00007fff7c37b05a 00007fff5a1dd870
0x00007fff5a1dd158:   00007fff7dc36523 00007fa4e7400000
0x00007fff5a1dd168:   0000000000000002 0000000105a3ee00
0x00007fff5a1dd178:   0000000000000004 00007fa4e7408c40
0x00007fff5a1dd188:   00007fff98b5dcb0 0000000000000000
0x00007fff5a1dd198:   00007fa4e81c90d0 00007fa4e7408c01
0x00007fff5a1dd1a8:   00007fa4e7539a70 00007fff98c900e0
0x00007fff5a1dd1b8:   0000000000000000 0000000000000000
0x00007fff5a1dd1c8:   0000000000000000 00007fa4e753a660
0x00007fff5a1dd1d8:   00007fff98b9c900 00007fff5a1dd720
0x00007fff5a1dd1e8:   0000000000000002 0000000000000100
0x00007fff5a1dd1f8:   00007fff9c254400 00007fff5a1dd620
0x00007fff5a1dd208:   0000000000000000 0000000000000100
0x00007fff5a1dd218:   00007fa4e740e300 00007fff5a1dd250
0x00007fff5a1dd228:   00007fff7dc79d0c ffff805b18bf1c60
0x00007fff5a1dd238:   00007fa4e740e3a0 00007fff98c8d640
0x00007fff5a1dd248:   00007fa4e740e3a0 00007fff5a1dd280
0x00007fff5a1dd258:   00007fff7dc79d58 ffff805b18bf1c60
0x00007fff5a1dd268:   00007fa4e740e3a0 00007fff98c8d8c0
0x00007fff5a1dd278:   00007fa4e740e3a0 00007fff5a1dd2b0
0x00007fff5a1dd288:   00007fff7dc79e3b 00000000000007c0 

Instructions: (pc=0x00007fff92af705d)
0x00007fff92af703d:   0f 1f 00 48 85 ff 2e 74 62 40 f6 c7 01 2e 75 66
0x00007fff92af704d:   49 ba f8 ff ff ff ff 7f 00 00 4c 23 17 49 89 f3
0x00007fff92af705d:   45 23 5a 18 49 c1 e3 04 4d 03 5a 10 49 3b 33 75
0x00007fff92af706d:   04 41 ff 63 08 49 83 3b 01 76 0d 49 83 c3 10 49 

Register to memory mapping:

RAX=0x00007fa4e74d6740 is an unknown value
RBX=0x00007fa4e7793f90 is an unknown value
RCX=0x00007fa4e7452d50 is an unknown value
RDX=0x00007fa4e74d6740 is an unknown value
RSP=0x00007fff5a1dd098 is pointing into the stack for thread: 0x00007fa4e893f800
RBP=0x00007fff5a1dd0a0 is pointing into the stack for thread: 0x00007fa4e893f800
RSI=0x00007fff7c3e3843: __NSStyleNameIndexTable+0xe048b in /System/Library/Frameworks/AppKit.framework/Versions/C/AppKit at 0x00007fff7b716000
RDI=0x00007fa4e7452d50 is an unknown value
R8 =0x000000000000003f is an unknown value
R9 =0x00007fa4e779fcf0 is an unknown value
R10=0x000007fa4e74b220 is an unknown value
R11=0x00007fff7c3e3843: __NSStyleNameIndexTable+0xe048b in /System/Library/Frameworks/AppKit.framework/Versions/C/AppKit at 0x00007fff7b716000
R12=0x0000000000000000 is an unknown value
R13=0x00007fa4e779fcf0 is an unknown value
R14=0x00007fa4e74d6740 is an unknown value
R15=0x0000000000000000 is an unknown value


Stack: [0x00007fff599e2000,0x00007fff5a1e2000],  sp=0x00007fff5a1dd098,  free space=8172k
Native frames: (J=compiled Java code, j=interpreted, Vv=VM code, C=native code)
C  [libobjc.A.dylib+0x705d]  objc_msgSend+0x1d
C  [CoreFoundation+0x9d35b]  _CFXRegistrationPost+0x1ab
C  [CoreFoundation+0x9d0c2]  ___CFXNotificationPost_block_invoke+0x32
C  [CoreFoundation+0x5a523]  -[_CFXNotificationRegistrar find:object:observer:enumerator:]+0x723
C  [CoreFoundation+0x5955c]  _CFXNotificationPost+0x25c
C  [Foundation+0x6677]  -[NSNotificationCenter postNotificationName:object:userInfo:]+0x42
C  [AppKit+0x24ee3b]  -[NSSurface _disposeSurface]+0x98
C  [AppKit+0x24e9ea]  -[NSSurface setWindow:]+0x35
C  [AppKit+0x28960]  -[NSView _setWindow:]+0xa0f
C  [AppKit+0x2b587]  -[NSView removeFromSuperview]+0x1d1
C  [AppKit+0x14cd60]  -[NSView removeFromSuperviewWithoutNeedingDisplay]+0x26
C  [liblwjgl.dylib+0xa205]  +[MacOSXKeyableWindow destroyWindow]+0xb5
C  [Foundation+0x7152a]  __NSThreadPerformPerform+0x146
C  [CoreFoundation+0xa7321]  __CFRUNLOOP_IS_CALLING_OUT_TO_A_SOURCE0_PERFORM_FUNCTION__+0x11
C  [CoreFoundation+0x8821d]  __CFRunLoopDoSources0+0x22d
C  [CoreFoundation+0x87716]  __CFRunLoopRun+0x3a6
C  [CoreFoundation+0x87114]  CFRunLoopRunSpecific+0x1a4
C  [HIToolbox+0x30ebc]  RunCurrentEventLoopInMode+0xf0
C  [HIToolbox+0x30cf1]  ReceiveNextEventCommon+0x1b0
C  [HIToolbox+0x30b26]  _BlockUntilNextEventMatchingListInModeWithFilter+0x47
C  [AppKit+0x46a54]  _DPSNextEvent+0x460
C  [AppKit+0x7c27ee]  -[NSApplication(NSEvent) _nextEventMatchingEventMask:untilDate:inMode:dequeue:]+0xaec
C  [libosxapp.dylib+0x23aa]  -[NSApplicationAWT nextEventMatchingMask:untilDate:inMode:dequeue:]+0x7c
C  [AppKit+0x3b3db]  -[NSApplication run]+0x39e
C  [libosxapp.dylib+0x214d]  +[NSApplicationAWT runAWTLoopWithApp:]+0x9c
C  [libawt_lwawt.dylib+0x45edf]  -[AWTStarter starter:]+0x389
C  [Foundation+0x7152a]  __NSThreadPerformPerform+0x146
C  [CoreFoundation+0xa7321]  __CFRUNLOOP_IS_CALLING_OUT_TO_A_SOURCE0_PERFORM_FUNCTION__+0x11
C  [CoreFoundation+0x8821d]  __CFRunLoopDoSources0+0x22d
C  [CoreFoundation+0x87716]  __CFRunLoopRun+0x3a6
C  [CoreFoundation+0x87114]  CFRunLoopRunSpecific+0x1a4
C  [java+0x6465]  CreateExecutionEnvironment+0x367
C  [java+0x218c]  JLI_Launch+0x7a0
C  [java+0x84c2]  main+0x65
C  [java+0x19e4]  start+0x34
C  0x0000000000000006


---------------  P R O C E S S  ---------------

Java Threads: ( => current thread )
  0x00007fa4e7a4d800 JavaThread "AWT-Shutdown" [_thread_blocked, id=35959, stack(0x0000700006c13000,0x0000700006d13000)]
  0x00007fa4e9188800 JavaThread "Java2D Queue Flusher" daemon [_thread_blocked, id=61211, stack(0x0000700007ed2000,0x0000700007fd2000)]
  0x00007fa4e916b000 JavaThread "Java2D Disposer" daemon [_thread_blocked, id=58943, stack(0x0000700007dcf000,0x0000700007ecf000)]
=>0x00007fa4e893f800 JavaThread "AppKit Thread" daemon [_thread_in_native, id=775, stack(0x00007fff599e2000,0x00007fff5a1e2000)]
  0x00007fa4e8007800 JavaThread "Service Thread" daemon [_thread_blocked, id=18691, stack(0x000070000793d000,0x0000700007a3d000)]
  0x00007fa4e8031000 JavaThread "C1 CompilerThread2" daemon [_thread_blocked, id=18179, stack(0x000070000783a000,0x000070000793a000)]
  0x00007fa4e8849800 JavaThread "C2 CompilerThread1" daemon [_thread_blocked, id=17667, stack(0x0000700007737000,0x0000700007837000)]
  0x00007fa4e8848000 JavaThread "C2 CompilerThread0" daemon [_thread_blocked, id=17155, stack(0x0000700007634000,0x0000700007734000)]
  0x00007fa4e8847000 JavaThread "Signal Dispatcher" daemon [_thread_blocked, id=16643, stack(0x0000700007531000,0x0000700007631000)]
  0x00007fa4e881b000 JavaThread "Finalizer" daemon [_thread_blocked, id=12547, stack(0x000070000742e000,0x000070000752e000)]
  0x00007fa4e8818800 JavaThread "Reference Handler" daemon [_thread_blocked, id=12035, stack(0x000070000732b000,0x000070000742b000)]
  0x00007fa4e8805800 JavaThread "main" [_thread_in_native, id=7171, stack(0x0000700006d19000,0x0000700006e19000)]

Other Threads:
  0x00007fa4e8813800 VMThread [stack: 0x0000700007228000,0x0000700007328000] [id=11523]
  0x00007fa4e8031800 WatcherThread [stack: 0x0000700007a40000,0x0000700007b40000] [id=19203]

VM state:not at safepoint (normal execution)

VM Mutex/Monitor currently owned by a thread: None

Heap:
 PSYoungGen      total 116224K, used 80768K [0x0000000795580000, 0x000000079d300000, 0x00000007c0000000)
  eden space 115712K, 69% used [0x0000000795580000,0x000000079a4382b8,0x000000079c680000)
  from space 512K, 31% used [0x000000079d280000,0x000000079d2a8000,0x000000079d300000)
  to   space 5120K, 0% used [0x000000079c900000,0x000000079c900000,0x000000079ce00000)
 ParOldGen       total 176128K, used 64300K [0x0000000740000000, 0x000000074ac00000, 0x0000000795580000)
  object space 176128K, 36% used [0x0000000740000000,0x0000000743ecb250,0x000000074ac00000)
 Metaspace       used 9664K, capacity 9781K, committed 10112K, reserved 1058816K
  class space    used 1012K, capacity 1053K, committed 1152K, reserved 1048576K

Card table byte_map: [0x0000000107767000,0x0000000107b68000] byte_map_base: 0x0000000103d67000

Marking Bits: (ParMarkBitMap*) 0x0000000106cf35d0
 Begin Bits: [0x0000000107e13000, 0x0000000109e13000)
 End Bits:   [0x0000000109e13000, 0x000000010be13000)

Polling page: 0x0000000105ade000

CodeCache: size=245760Kb used=4316Kb max_used=4316Kb free=241443Kb
 bounds [0x000000010e089000, 0x000000010e4c9000, 0x000000011d089000]
 total_blobs=1487 nmethods=980 adapters=421
 compilation: enabled

Compilation events (10 events):
Event: 201.597 Thread 0x00007fa4e8031000  976       3       java.nio.Bits::getLongB (60 bytes)
Event: 201.597 Thread 0x00007fa4e8031000 nmethod 976 0x000000010e4ab9d0 code [0x000000010e4abbc0, 0x000000010e4ac388]
Event: 201.597 Thread 0x00007fa4e8031000  977       3       java.nio.Bits::makeLong (77 bytes)
Event: 201.597 Thread 0x00007fa4e8031000 nmethod 977 0x000000010e4ab610 code [0x000000010e4ab760, 0x000000010e4ab930]
Event: 201.659 Thread 0x00007fa4e8031000  978       3       org.lwjgl.opengl.MacOSXNativeMouse::setCursorPos (55 bytes)
Event: 201.659 Thread 0x00007fa4e8031000 nmethod 978 0x000000010e4aafd0 code [0x000000010e4ab160, 0x000000010e4ab528]
Event: 201.659 Thread 0x00007fa4e8031000  979       3       org.lwjgl.opengl.MacOSXNativeMouse::addDelta (22 bytes)
Event: 201.659 Thread 0x00007fa4e8031000 nmethod 979 0x000000010e4bb4d0 code [0x000000010e4bb640, 0x000000010e4bb7b0]
Event: 202.273 Thread 0x00007fa4e8031000  980       3       org.newdawn.slick.state.StateBasedGame::isAcceptingInput (19 bytes)
Event: 202.273 Thread 0x00007fa4e8031000 nmethod 980 0x000000010e4baed0 code [0x000000010e4bb060, 0x000000010e4bb3c8]

GC Heap History (10 events):
Event: 1.029 GC heap before
{Heap before GC invocations=2 (full 0):
 PSYoungGen      total 38400K, used 27632K [0x0000000795580000, 0x000000079a080000, 0x00000007c0000000)
  eden space 33280K, 75% used [0x0000000795580000,0x0000000796e1aa00,0x0000000797600000)
  from space 5120K, 47% used [0x0000000797600000,0x00000007978617f8,0x0000000797b00000)
  to   space 5120K, 0% used [0x0000000799b80000,0x0000000799b80000,0x000000079a080000)
 ParOldGen       total 87552K, used 55785K [0x0000000740000000, 0x0000000745580000, 0x0000000795580000)
  object space 87552K, 63% used [0x0000000740000000,0x000000074367a7f8,0x0000000745580000)
 Metaspace       used 9421K, capacity 9525K, committed 9856K, reserved 1058816K
  class space    used 1000K, capacity 1053K, committed 1152K, reserved 1048576K
Event: 1.046 GC heap after
Heap after GC invocations=2 (full 0):
 PSYoungGen      total 71680K, used 1730K [0x0000000795580000, 0x000000079a080000, 0x00000007c0000000)
  eden space 66560K, 0% used [0x0000000795580000,0x0000000795580000,0x0000000799680000)
  from space 5120K, 33% used [0x0000000799b80000,0x0000000799d30900,0x000000079a080000)
  to   space 5120K, 0% used [0x0000000799680000,0x0000000799680000,0x0000000799b80000)
 ParOldGen       total 101888K, used 97385K [0x0000000740000000, 0x0000000746380000, 0x0000000795580000)
  object space 101888K, 95% used [0x0000000740000000,0x0000000745f1a7c8,0x0000000746380000)
 Metaspace       used 9421K, capacity 9525K, committed 9856K, reserved 1058816K
  class space    used 1000K, capacity 1053K, committed 1152K, reserved 1048576K
}
Event: 1.046 GC heap before
{Heap before GC invocations=3 (full 1):
 PSYoungGen      total 71680K, used 1730K [0x0000000795580000, 0x000000079a080000, 0x00000007c0000000)
  eden space 66560K, 0% used [0x0000000795580000,0x0000000795580000,0x0000000799680000)
  from space 5120K, 33% used [0x0000000799b80000,0x0000000799d30900,0x000000079a080000)
  to   space 5120K, 0% used [0x0000000799680000,0x0000000799680000,0x0000000799b80000)
 ParOldGen       total 101888K, used 97385K [0x0000000740000000, 0x0000000746380000, 0x0000000795580000)
  object space 101888K, 95% used [0x0000000740000000,0x0000000745f1a7c8,0x0000000746380000)
 Metaspace       used 9421K, capacity 9525K, committed 9856K, reserved 1058816K
  class space    used 1000K, capacity 1053K, committed 1152K, reserved 1048576K
Event: 1.063 GC heap after
Heap after GC invocations=3 (full 1):
 PSYoungGen      total 71680K, used 0K [0x0000000795580000, 0x000000079a080000, 0x00000007c0000000)
  eden space 66560K, 0% used [0x0000000795580000,0x0000000795580000,0x0000000799680000)
  from space 5120K, 0% used [0x0000000799b80000,0x0000000799b80000,0x000000079a080000)
  to   space 5120K, 0% used [0x0000000799680000,0x0000000799680000,0x0000000799b80000)
 ParOldGen       total 136704K, used 50468K [0x0000000740000000, 0x0000000748580000, 0x0000000795580000)
  object space 136704K, 36% used [0x0000000740000000,0x0000000743149328,0x0000000748580000)
 Metaspace       used 9421K, capacity 9525K, committed 9856K, reserved 1058816K
  class space    used 1000K, capacity 1053K, committed 1152K, reserved 1048576K
}
Event: 1.299 GC heap before
{Heap before GC invocations=4 (full 1):
 PSYoungGen      total 71680K, used 66560K [0x0000000795580000, 0x000000079a080000, 0x00000007c0000000)
  eden space 66560K, 100% used [0x0000000795580000,0x0000000799680000,0x0000000799680000)
  from space 5120K, 0% used [0x0000000799b80000,0x0000000799b80000,0x000000079a080000)
  to   space 5120K, 0% used [0x0000000799680000,0x0000000799680000,0x0000000799b80000)
 ParOldGen       total 136704K, used 50468K [0x0000000740000000, 0x0000000748580000, 0x0000000795580000)
  object space 136704K, 36% used [0x0000000740000000,0x0000000743149328,0x0000000748580000)
 Metaspace       used 9421K, capacity 9525K, committed 9856K, reserved 1058816K
  class space    used 1000K, capacity 1053K, committed 1152K, reserved 1048576K
Event: 1.311 GC heap after
Heap after GC invocations=4 (full 1):
 PSYoungGen      total 71680K, used 96K [0x0000000795580000, 0x000000079d780000, 0x00000007c0000000)
  eden space 66560K, 0% used [0x0000000795580000,0x0000000795580000,0x0000000799680000)
  from space 5120K, 1% used [0x0000000799680000,0x0000000799698000,0x0000000799b80000)
  to   space 5120K, 0% used [0x000000079d280000,0x000000079d280000,0x000000079d780000)
 ParOldGen       total 136704K, used 105924K [0x0000000740000000, 0x0000000748580000, 0x0000000795580000)
  object space 136704K, 77% used [0x0000000740000000,0x00000007467712e8,0x0000000748580000)
 Metaspace       used 9421K, capacity 9525K, committed 9856K, reserved 1058816K
  class space    used 1000K, capacity 1053K, committed 1152K, reserved 1048576K
}
Event: 1.311 GC heap before
{Heap before GC invocations=5 (full 2):
 PSYoungGen      total 71680K, used 96K [0x0000000795580000, 0x000000079d780000, 0x00000007c0000000)
  eden space 66560K, 0% used [0x0000000795580000,0x0000000795580000,0x0000000799680000)
  from space 5120K, 1% used [0x0000000799680000,0x0000000799698000,0x0000000799b80000)
  to   space 5120K, 0% used [0x000000079d280000,0x000000079d280000,0x000000079d780000)
 ParOldGen       total 136704K, used 105924K [0x0000000740000000, 0x0000000748580000, 0x0000000795580000)
  object space 136704K, 77% used [0x0000000740000000,0x00000007467712e8,0x0000000748580000)
 Metaspace       used 9421K, capacity 9525K, committed 9856K, reserved 1058816K
  class space    used 1000K, capacity 1053K, committed 1152K, reserved 1048576K
Event: 1.319 GC heap after
Heap after GC invocations=5 (full 2):
 PSYoungGen      total 71680K, used 0K [0x0000000795580000, 0x000000079d780000, 0x00000007c0000000)
  eden space 66560K, 0% used [0x0000000795580000,0x0000000795580000,0x0000000799680000)
  from space 5120K, 0% used [0x0000000799680000,0x0000000799680000,0x0000000799b80000)
  to   space 5120K, 0% used [0x000000079d280000,0x000000079d280000,0x000000079d780000)
 ParOldGen       total 176128K, used 64292K [0x0000000740000000, 0x000000074ac00000, 0x0000000795580000)
  object space 176128K, 36% used [0x0000000740000000,0x0000000743ec9250,0x000000074ac00000)
 Metaspace       used 9421K, capacity 9525K, committed 9856K, reserved 1058816K
  class space    used 1000K, capacity 1053K, committed 1152K, reserved 1048576K
}
Event: 17.731 GC heap before
{Heap before GC invocations=6 (full 2):
 PSYoungGen      total 71680K, used 66560K [0x0000000795580000, 0x000000079d780000, 0x00000007c0000000)
  eden space 66560K, 100% used [0x0000000795580000,0x0000000799680000,0x0000000799680000)
  from space 5120K, 0% used [0x0000000799680000,0x0000000799680000,0x0000000799b80000)
  to   space 5120K, 0% used [0x000000079d280000,0x000000079d280000,0x000000079d780000)
 ParOldGen       total 176128K, used 64292K [0x0000000740000000, 0x000000074ac00000, 0x0000000795580000)
  object space 176128K, 36% used [0x0000000740000000,0x0000000743ec9250,0x000000074ac00000)
 Metaspace       used 9643K, capacity 9781K, committed 10112K, reserved 1058816K
  class space    used 1011K, capacity 1053K, committed 1152K, reserved 1048576K
Event: 17.733 GC heap after
Heap after GC invocations=6 (full 2):
 PSYoungGen      total 116224K, used 160K [0x0000000795580000, 0x000000079d300000, 0x00000007c0000000)
  eden space 115712K, 0% used [0x0000000795580000,0x0000000795580000,0x000000079c680000)
  from space 512K, 31% used [0x000000079d280000,0x000000079d2a8000,0x000000079d300000)
  to   space 5120K, 0% used [0x000000079c900000,0x000000079c900000,0x000000079ce00000)
 ParOldGen       total 176128K, used 64300K [0x0000000740000000, 0x000000074ac00000, 0x0000000795580000)
  object space 176128K, 36% used [0x0000000740000000,0x0000000743ecb250,0x000000074ac00000)
 Metaspace       used 9643K, capacity 9781K, committed 10112K, reserved 1058816K
  class space    used 1011K, capacity 1053K, committed 1152K, reserved 1048576K
}

Deoptimization events (10 events):
Event: 1.066 Thread 0x00007fa4e8805800 Uncommon trap: reason=unstable_if action=reinterpret pc=0x000000010e333448 method=java.awt.image.ComponentColorModel.getAlpha(Ljava/lang/Object;)I @ 4
Event: 1.066 Thread 0x00007fa4e8805800 Uncommon trap: reason=unstable_if action=reinterpret pc=0x000000010e2df9f0 method=java.awt.image.ComponentColorModel.extractComponent(Ljava/lang/Object;II)I @ 4
Event: 1.066 Thread 0x00007fa4e8805800 Uncommon trap: reason=unstable_if action=reinterpret pc=0x000000010e2ee5a8 method=java.awt.image.ComponentColorModel.getAlpha(Ljava/lang/Object;)I @ 4
Event: 1.066 Thread 0x00007fa4e8805800 Uncommon trap: reason=unstable_if action=reinterpret pc=0x000000010e2f219c method=java.awt.image.ComponentColorModel.getAlpha(Ljava/lang/Object;)I @ 4
Event: 1.066 Thread 0x00007fa4e8805800 Uncommon trap: reason=unstable_if action=reinterpret pc=0x000000010e30fbec method=java.awt.image.ComponentColorModel.getAlpha(Ljava/lang/Object;)I @ 4
Event: 1.471 Thread 0x00007fa4e8805800 Uncommon trap: reason=unstable_if action=reinterpret pc=0x000000010e338d1c method=com.sun.imageio.plugins.jpeg.JPEGImageReader.acceptPixels(IZ)V @ 96
Event: 15.512 Thread 0x00007fa4e8805800 Uncommon trap: reason=unstable_if action=reinterpret pc=0x000000010e46845c method=java.util.LinkedHashMap.afterNodeAccess(Ljava/util/HashMap$Node;)V @ 14
Event: 18.518 Thread 0x00007fa4e8805800 Uncommon trap: reason=unstable_if action=reinterpret pc=0x000000010e43a4e0 method=java.util.LinkedHashMap.afterNodeAccess(Ljava/util/HashMap$Node;)V @ 14
Event: 21.684 Thread 0x00007fa4e8805800 Uncommon trap: reason=unstable_if action=reinterpret pc=0x000000010e45b298 method=org.newdawn.slick.Input.poll(II)V @ 41
Event: 202.383 Thread 0x00007fa4e8805800 Uncommon trap: reason=unstable_if action=reinterpret pc=0x000000010e4bdbb8 method=org.newdawn.slick.AppGameContainer.gameLoop()V @ 60

Internal exceptions (10 events):
Event: 0.038 Thread 0x00007fa4e8805800 Exception <a 'java/lang/NoSuchMethodError': Method sun.misc.Unsafe.prefetchRead(Ljava/lang/Object;J)V name or signature does not match> (0x0000000795587f90) thrown at [/Users/java_re/workspace/8-2-build-macosx-x86_64/jdk8u144/9417/hotspot/src/share/vm/pri
Event: 0.173 Thread 0x00007fa4e8805800 Exception <a 'java/security/PrivilegedActionException'> (0x00000007957ce148) thrown at [/Users/java_re/workspace/8-2-build-macosx-x86_64/jdk8u144/9417/hotspot/src/share/vm/prims/jvm.cpp, line 1390]
Event: 0.173 Thread 0x00007fa4e8805800 Exception <a 'java/security/PrivilegedActionException'> (0x00000007957ce358) thrown at [/Users/java_re/workspace/8-2-build-macosx-x86_64/jdk8u144/9417/hotspot/src/share/vm/prims/jvm.cpp, line 1390]
Event: 0.174 Thread 0x00007fa4e8805800 Exception <a 'java/security/PrivilegedActionException'> (0x00000007957d1870) thrown at [/Users/java_re/workspace/8-2-build-macosx-x86_64/jdk8u144/9417/hotspot/src/share/vm/prims/jvm.cpp, line 1390]
Event: 0.174 Thread 0x00007fa4e8805800 Exception <a 'java/security/PrivilegedActionException'> (0x00000007957d1a80) thrown at [/Users/java_re/workspace/8-2-build-macosx-x86_64/jdk8u144/9417/hotspot/src/share/vm/prims/jvm.cpp, line 1390]
Event: 0.229 Thread 0x00007fa4e8805800 Exception <a 'java/lang/NoSuchFieldError': method resolution failed> (0x000000079589e950) thrown at [/Users/java_re/workspace/8-2-build-macosx-x86_64/jdk8u144/9417/hotspot/src/share/vm/prims/methodHandles.cpp, line 1146]
Event: 0.230 Thread 0x00007fa4e8805800 Exception <a 'java/lang/NoSuchFieldError': method resolution failed> (0x00000007958ac0a0) thrown at [/Users/java_re/workspace/8-2-build-macosx-x86_64/jdk8u144/9417/hotspot/src/share/vm/prims/methodHandles.cpp, line 1146]
Event: 0.388 Thread 0x00007fa4e8805800 Exception <a 'java/io/FileNotFoundException'> (0x0000000795926bf0) thrown at [/Users/java_re/workspace/8-2-build-macosx-x86_64/jdk8u144/9417/hotspot/src/share/vm/prims/jni.cpp, line 709]
Event: 0.388 Thread 0x00007fa4e8805800 Exception <a 'java/io/FileNotFoundException'> (0x0000000795927740) thrown at [/Users/java_re/workspace/8-2-build-macosx-x86_64/jdk8u144/9417/hotspot/src/share/vm/prims/jni.cpp, line 709]
Event: 0.713 Thread 0x00007fa4e8805800 Exception <a 'java/lang/NoClassDefFoundError': net/java/games/input/ControllerEnvironment> (0x0000000795da4d28) thrown at [/Users/java_re/workspace/8-2-build-macosx-x86_64/jdk8u144/9417/hotspot/src/share/vm/classfile/systemDictionary.cpp, line 199]

Events (10 events):
Event: 197.163 Thread 0x00007fa4e803c000 Thread added: 0x00007fa4e803c000
Event: 198.164 Executing VM operation: RevokeBias
Event: 198.164 Executing VM operation: RevokeBias done
Event: 198.164 Thread 0x00007fa4e803c000 Thread exited: 0x00007fa4e803c000
Event: 201.505 Thread 0x00007fa4e7a4d800 Thread added: 0x00007fa4e7a4d800
Event: 202.383 Thread 0x00007fa4e8805800 Uncommon trap: trap_request=0xffffff65 fr.pc=0x000000010e4bdbb8
Event: 202.383 Thread 0x00007fa4e8805800 DEOPT PACKING pc=0x000000010e4bdbb8 sp=0x0000700006e18830
Event: 202.383 Thread 0x00007fa4e8805800 DEOPT UNPACKING pc=0x000000010e08e229 sp=0x0000700006e187a8 mode 2
Event: 202.406 loading class org/lwjgl/opengl/CallbackUtil
Event: 202.406 loading class org/lwjgl/opengl/CallbackUtil done


Dynamic libraries:
0x0000000008865000 	/System/Library/Frameworks/Cocoa.framework/Versions/A/Cocoa
0x0000000008865000 	/System/Library/Frameworks/Security.framework/Versions/A/Security
0x0000000008865000 	/System/Library/Frameworks/ApplicationServices.framework/Versions/A/ApplicationServices
0x0000000008865000 	/usr/lib/libz.1.dylib
0x0000000008865000 	/usr/lib/libSystem.B.dylib
0x0000000008865000 	/usr/lib/libobjc.A.dylib
0x0000000008865000 	/System/Library/Frameworks/CoreFoundation.framework/Versions/A/CoreFoundation
0x0000000008865000 	/System/Library/Frameworks/Foundation.framework/Versions/C/Foundation
0x0000000008865000 	/System/Library/Frameworks/AppKit.framework/Versions/C/AppKit
0x0000000008865000 	/System/Library/Frameworks/CoreData.framework/Versions/A/CoreData
0x0000000008865000 	/System/Library/PrivateFrameworks/RemoteViewServices.framework/Versions/A/RemoteViewServices
0x0000000008865000 	/System/Library/PrivateFrameworks/UIFoundation.framework/Versions/A/UIFoundation
0x0000000008865000 	/System/Library/PrivateFrameworks/DFRFoundation.framework/Versions/A/DFRFoundation
0x0000000008865000 	/usr/lib/libenergytrace.dylib
0x0000000008865000 	/System/Library/PrivateFrameworks/SkyLight.framework/Versions/A/SkyLight
0x0000000008865000 	/System/Library/Frameworks/CoreGraphics.framework/Versions/A/CoreGraphics
0x0000000008865000 	/usr/lib/libScreenReader.dylib
0x0000000008865000 	/System/Library/Frameworks/Accelerate.framework/Versions/A/Accelerate
0x0000000008865000 	/System/Library/Frameworks/IOSurface.framework/Versions/A/IOSurface
0x0000000008865000 	/System/Library/Frameworks/AudioToolbox.framework/Versions/A/AudioToolbox
0x0000000008865000 	/System/Library/Frameworks/AudioUnit.framework/Versions/A/AudioUnit
0x0000000008865000 	/System/Library/PrivateFrameworks/DataDetectorsCore.framework/Versions/A/DataDetectorsCore
0x0000000008865000 	/System/Library/PrivateFrameworks/DesktopServicesPriv.framework/Versions/A/DesktopServicesPriv
0x0000000008865000 	/System/Library/Frameworks/Carbon.framework/Versions/A/Frameworks/HIToolbox.framework/Versions/A/HIToolbox
0x0000000008865000 	/usr/lib/libicucore.A.dylib
0x0000000008865000 	/System/Library/Frameworks/QuartzCore.framework/Versions/A/QuartzCore
0x0000000008865000 	/System/Library/Frameworks/Carbon.framework/Versions/A/Frameworks/SpeechRecognition.framework/Versions/A/SpeechRecognition
0x0000000008865000 	/usr/lib/libauto.dylib
0x0000000008865000 	/usr/lib/libxml2.2.dylib
0x0000000008865000 	/System/Library/PrivateFrameworks/CoreUI.framework/Versions/A/CoreUI
0x0000000008865000 	/System/Library/Frameworks/CoreAudio.framework/Versions/A/CoreAudio
0x0000000008865000 	/System/Library/Frameworks/DiskArbitration.framework/Versions/A/DiskArbitration
0x0000000008865000 	/usr/lib/liblangid.dylib
0x0000000008865000 	/System/Library/PrivateFrameworks/MultitouchSupport.framework/Versions/A/MultitouchSupport
0x0000000008865000 	/System/Library/Frameworks/IOKit.framework/Versions/A/IOKit
0x0000000008865000 	/usr/lib/libDiagnosticMessagesClient.dylib
0x0000000008865000 	/System/Library/Frameworks/CoreServices.framework/Versions/A/CoreServices
0x0000000008865000 	/System/Library/PrivateFrameworks/PerformanceAnalysis.framework/Versions/A/PerformanceAnalysis
0x0000000008865000 	/System/Library/PrivateFrameworks/GenerationalStorage.framework/Versions/A/GenerationalStorage
0x0000000008865000 	/System/Library/Frameworks/OpenGL.framework/Versions/A/OpenGL
0x0000000008865000 	/System/Library/Frameworks/CoreImage.framework/Versions/A/CoreImage
0x0000000008865000 	/System/Library/Frameworks/CoreText.framework/Versions/A/CoreText
0x0000000008865000 	/System/Library/Frameworks/ImageIO.framework/Versions/A/ImageIO
0x0000000008865000 	/System/Library/PrivateFrameworks/Backup.framework/Versions/A/Backup
0x0000000008865000 	/usr/lib/libarchive.2.dylib
0x0000000008865000 	/System/Library/Frameworks/CFNetwork.framework/Versions/A/CFNetwork
0x0000000008865000 	/System/Library/Frameworks/SystemConfiguration.framework/Versions/A/SystemConfiguration
0x0000000008865000 	/usr/lib/libCRFSuite.dylib
0x0000000008865000 	/usr/lib/libc++.1.dylib
0x0000000008865000 	/usr/lib/libc++abi.dylib
0x0000000008865000 	/usr/lib/system/libcache.dylib
0x0000000008865000 	/usr/lib/system/libcommonCrypto.dylib
0x0000000008865000 	/usr/lib/system/libcompiler_rt.dylib
0x0000000008865000 	/usr/lib/system/libcopyfile.dylib
0x0000000008865000 	/usr/lib/system/libcorecrypto.dylib
0x0000000008865000 	/usr/lib/system/libdispatch.dylib
0x0000000008865000 	/usr/lib/system/libdyld.dylib
0x0000000008865000 	/usr/lib/system/libkeymgr.dylib
0x0000000008865000 	/usr/lib/system/liblaunch.dylib
0x0000000008865000 	/usr/lib/system/libmacho.dylib
0x0000000008865000 	/usr/lib/system/libquarantine.dylib
0x0000000008865000 	/usr/lib/system/libremovefile.dylib
0x0000000008865000 	/usr/lib/system/libsystem_asl.dylib
0x0000000008865000 	/usr/lib/system/libsystem_blocks.dylib
0x0000000008865000 	/usr/lib/system/libsystem_c.dylib
0x0000000008865000 	/usr/lib/system/libsystem_configuration.dylib
0x0000000008865000 	/usr/lib/system/libsystem_coreservices.dylib
0x0000000008865000 	/usr/lib/system/libsystem_coretls.dylib
0x0000000008865000 	/usr/lib/system/libsystem_dnssd.dylib
0x0000000008865000 	/usr/lib/system/libsystem_info.dylib
0x0000000008865000 	/usr/lib/system/libsystem_kernel.dylib
0x0000000008865000 	/usr/lib/system/libsystem_m.dylib
0x0000000008865000 	/usr/lib/system/libsystem_malloc.dylib
0x0000000008865000 	/usr/lib/system/libsystem_network.dylib
0x0000000008865000 	/usr/lib/system/libsystem_networkextension.dylib
0x0000000008865000 	/usr/lib/system/libsystem_notify.dylib
0x0000000008865000 	/usr/lib/system/libsystem_platform.dylib
0x0000000008865000 	/usr/lib/system/libsystem_pthread.dylib
0x0000000008865000 	/usr/lib/system/libsystem_sandbox.dylib
0x0000000008865000 	/usr/lib/system/libsystem_secinit.dylib
0x0000000008865000 	/usr/lib/system/libsystem_symptoms.dylib
0x0000000008865000 	/usr/lib/system/libsystem_trace.dylib
0x0000000008865000 	/usr/lib/system/libunwind.dylib
0x0000000008865000 	/usr/lib/system/libxpc.dylib
0x0000000008865000 	/usr/lib/libbsm.0.dylib
0x0000000008865000 	/usr/lib/system/libkxld.dylib
0x0000000008865000 	/usr/lib/libcoretls.dylib
0x0000000008865000 	/usr/lib/libcoretls_cfhelpers.dylib
0x0000000008865000 	/usr/lib/libOpenScriptingUtil.dylib
0x0000000008865000 	/usr/lib/libpam.2.dylib
0x0000000008865000 	/usr/lib/libsqlite3.dylib
0x0000000008865000 	/usr/lib/libxar.1.dylib
0x0000000008865000 	/usr/lib/libbz2.1.0.dylib
0x0000000008865000 	/usr/lib/liblzma.5.dylib
0x0000000008865000 	/usr/lib/libnetwork.dylib
0x0000000008865000 	/usr/lib/libpcap.A.dylib
0x0000000008865000 	/System/Library/Frameworks/CoreServices.framework/Versions/A/Frameworks/FSEvents.framework/Versions/A/FSEvents
0x0000000008865000 	/System/Library/Frameworks/CoreServices.framework/Versions/A/Frameworks/CarbonCore.framework/Versions/A/CarbonCore
0x0000000008865000 	/System/Library/Frameworks/CoreServices.framework/Versions/A/Frameworks/Metadata.framework/Versions/A/Metadata
0x0000000008865000 	/System/Library/Frameworks/CoreServices.framework/Versions/A/Frameworks/OSServices.framework/Versions/A/OSServices
0x0000000008865000 	/System/Library/Frameworks/CoreServices.framework/Versions/A/Frameworks/SearchKit.framework/Versions/A/SearchKit
0x0000000008865000 	/System/Library/Frameworks/CoreServices.framework/Versions/A/Frameworks/AE.framework/Versions/A/AE
0x0000000008865000 	/System/Library/Frameworks/CoreServices.framework/Versions/A/Frameworks/LaunchServices.framework/Versions/A/LaunchServices
0x0000000008865000 	/System/Library/Frameworks/CoreServices.framework/Versions/A/Frameworks/DictionaryServices.framework/Versions/A/DictionaryServices
0x0000000008865000 	/System/Library/Frameworks/CoreServices.framework/Versions/A/Frameworks/SharedFileList.framework/Versions/A/SharedFileList
0x0000000008865000 	/System/Library/Frameworks/NetFS.framework/Versions/A/NetFS
0x0000000008865000 	/System/Library/PrivateFrameworks/NetAuth.framework/Versions/A/NetAuth
0x0000000008865000 	/System/Library/PrivateFrameworks/login.framework/Versions/A/Frameworks/loginsupport.framework/Versions/A/loginsupport
0x0000000008865000 	/System/Library/PrivateFrameworks/TCC.framework/Versions/A/TCC
0x0000000008865000 	/usr/lib/libmecabra.dylib
0x0000000008865000 	/System/Library/Frameworks/ApplicationServices.framework/Versions/A/Frameworks/ATS.framework/Versions/A/ATS
0x0000000008865000 	/System/Library/Frameworks/ApplicationServices.framework/Versions/A/Frameworks/ColorSync.framework/Versions/A/ColorSync
0x0000000008865000 	/System/Library/Frameworks/ApplicationServices.framework/Versions/A/Frameworks/HIServices.framework/Versions/A/HIServices
0x0000000008865000 	/System/Library/Frameworks/ApplicationServices.framework/Versions/A/Frameworks/LangAnalysis.framework/Versions/A/LangAnalysis
0x0000000008865000 	/System/Library/Frameworks/ApplicationServices.framework/Versions/A/Frameworks/PrintCore.framework/Versions/A/PrintCore
0x0000000008865000 	/System/Library/Frameworks/ApplicationServices.framework/Versions/A/Frameworks/QD.framework/Versions/A/QD
0x0000000008865000 	/System/Library/Frameworks/ApplicationServices.framework/Versions/A/Frameworks/SpeechSynthesis.framework/Versions/A/SpeechSynthesis
0x0000000008865000 	/System/Library/Frameworks/Accelerate.framework/Versions/A/Frameworks/vImage.framework/Versions/A/vImage
0x0000000008865000 	/System/Library/Frameworks/Accelerate.framework/Versions/A/Frameworks/vecLib.framework/Versions/A/vecLib
0x0000000008865000 	/System/Library/Frameworks/Accelerate.framework/Versions/A/Frameworks/vecLib.framework/Versions/A/libvDSP.dylib
0x0000000008865000 	/System/Library/Frameworks/Accelerate.framework/Versions/A/Frameworks/vecLib.framework/Versions/A/libBNNS.dylib
0x0000000008865000 	/System/Library/Frameworks/Accelerate.framework/Versions/A/Frameworks/vecLib.framework/Versions/A/libQuadrature.dylib
0x0000000008865000 	/System/Library/Frameworks/Accelerate.framework/Versions/A/Frameworks/vecLib.framework/Versions/A/libvMisc.dylib
0x0000000008865000 	/System/Library/Frameworks/Accelerate.framework/Versions/A/Frameworks/vecLib.framework/Versions/A/libLAPACK.dylib
0x0000000008865000 	/System/Library/Frameworks/Accelerate.framework/Versions/A/Frameworks/vecLib.framework/Versions/A/libBLAS.dylib
0x0000000008865000 	/System/Library/Frameworks/Accelerate.framework/Versions/A/Frameworks/vecLib.framework/Versions/A/libLinearAlgebra.dylib
0x0000000008865000 	/System/Library/Frameworks/Accelerate.framework/Versions/A/Frameworks/vecLib.framework/Versions/A/libSparseBLAS.dylib
0x0000000008865000 	/System/Library/Frameworks/ApplicationServices.framework/Versions/A/Frameworks/ATS.framework/Versions/A/Resources/libFontParser.dylib
0x0000000008865000 	/System/Library/Frameworks/ApplicationServices.framework/Versions/A/Frameworks/ATS.framework/Versions/A/Resources/libFontRegistry.dylib
0x0000000008865000 	/System/Library/Frameworks/ImageIO.framework/Versions/A/Resources/libJPEG.dylib
0x0000000008865000 	/System/Library/Frameworks/ImageIO.framework/Versions/A/Resources/libTIFF.dylib
0x0000000008865000 	/System/Library/Frameworks/ImageIO.framework/Versions/A/Resources/libPng.dylib
0x0000000008865000 	/System/Library/Frameworks/ImageIO.framework/Versions/A/Resources/libGIF.dylib
0x0000000008865000 	/System/Library/Frameworks/ImageIO.framework/Versions/A/Resources/libJP2.dylib
0x0000000008865000 	/System/Library/Frameworks/ImageIO.framework/Versions/A/Resources/libRadiance.dylib
0x0000000008865000 	/usr/lib/libcompression.dylib
0x0000000008865000 	/System/Library/PrivateFrameworks/AppleJPEG.framework/Versions/A/AppleJPEG
0x0000000008865000 	/usr/lib/libcups.2.dylib
0x0000000008865000 	/System/Library/Frameworks/Kerberos.framework/Versions/A/Kerberos
0x0000000008865000 	/System/Library/Frameworks/GSS.framework/Versions/A/GSS
0x0000000008865000 	/usr/lib/libresolv.9.dylib
0x0000000008865000 	/usr/lib/libiconv.2.dylib
0x0000000008865000 	/System/Library/PrivateFrameworks/Heimdal.framework/Versions/A/Heimdal
0x0000000008865000 	/usr/lib/libheimdal-asn1.dylib
0x0000000008865000 	/System/Library/Frameworks/OpenDirectory.framework/Versions/A/OpenDirectory
0x0000000008865000 	/System/Library/PrivateFrameworks/CommonAuth.framework/Versions/A/CommonAuth
0x0000000008865000 	/System/Library/Frameworks/OpenDirectory.framework/Versions/A/Frameworks/CFOpenDirectory.framework/Versions/A/CFOpenDirectory
0x0000000008865000 	/System/Library/Frameworks/SecurityFoundation.framework/Versions/A/SecurityFoundation
0x0000000008865000 	/System/Library/PrivateFrameworks/LanguageModeling.framework/Versions/A/LanguageModeling
0x0000000008865000 	/usr/lib/libmarisa.dylib
0x0000000008865000 	/usr/lib/libChineseTokenizer.dylib
0x0000000008865000 	/usr/lib/libcmph.dylib
0x0000000008865000 	/System/Library/PrivateFrameworks/CoreEmoji.framework/Versions/A/CoreEmoji
0x0000000008865000 	/System/Library/Frameworks/ServiceManagement.framework/Versions/A/ServiceManagement
0x0000000008865000 	/usr/lib/libxslt.1.dylib
0x0000000008865000 	/System/Library/Frameworks/Carbon.framework/Versions/A/Frameworks/Ink.framework/Versions/A/Ink
0x0000000008865000 	/System/Library/PrivateFrameworks/TextureIO.framework/Versions/A/TextureIO
0x0000000008865000 	/System/Library/Frameworks/Metal.framework/Versions/A/Metal
0x0000000008865000 	/usr/lib/libate.dylib
0x0000000008865000 	/System/Library/PrivateFrameworks/GPUCompiler.framework/libmetal_timestamp.dylib
0x0000000008865000 	/System/Library/Frameworks/OpenGL.framework/Versions/A/Libraries/libCoreFSCache.dylib
0x0000000008865000 	/System/Library/PrivateFrameworks/IOAccelerator.framework/Versions/A/IOAccelerator
0x0000000008865000 	/System/Library/Frameworks/CoreVideo.framework/Versions/A/CoreVideo
0x0000000008865000 	/usr/lib/libFosl_dynamic.dylib
0x0000000008865000 	/System/Library/PrivateFrameworks/MetalPerformanceShaders.framework/Versions/A/MetalPerformanceShaders
0x0000000008865000 	/System/Library/PrivateFrameworks/FaceCore.framework/Versions/A/FaceCore
0x0000000008865000 	/System/Library/Frameworks/OpenCL.framework/Versions/A/OpenCL
0x0000000008865000 	/System/Library/Frameworks/OpenGL.framework/Versions/A/Libraries/libGLU.dylib
0x0000000008865000 	/System/Library/Frameworks/OpenGL.framework/Versions/A/Libraries/libGFXShared.dylib
0x0000000008865000 	/System/Library/Frameworks/OpenGL.framework/Versions/A/Libraries/libGL.dylib
0x0000000008865000 	/System/Library/Frameworks/OpenGL.framework/Versions/A/Libraries/libGLImage.dylib
0x0000000008865000 	/System/Library/Frameworks/OpenGL.framework/Versions/A/Libraries/libCVMSPluginSupport.dylib
0x0000000008865000 	/System/Library/Frameworks/OpenGL.framework/Versions/A/Libraries/libCoreVMClient.dylib
0x0000000008865000 	/System/Library/PrivateFrameworks/CrashReporterSupport.framework/Versions/A/CrashReporterSupport
0x0000000008865000 	/System/Library/PrivateFrameworks/Sharing.framework/Versions/A/Sharing
0x0000000008865000 	/System/Library/PrivateFrameworks/IconServices.framework/Versions/A/IconServices
0x0000000008865000 	/System/Library/PrivateFrameworks/ProtocolBuffer.framework/Versions/A/ProtocolBuffer
0x0000000008865000 	/System/Library/PrivateFrameworks/Apple80211.framework/Versions/A/Apple80211
0x0000000008865000 	/System/Library/Frameworks/CoreWLAN.framework/Versions/A/CoreWLAN
0x0000000008865000 	/System/Library/PrivateFrameworks/CoreUtils.framework/Versions/A/CoreUtils
0x0000000008865000 	/System/Library/Frameworks/IOBluetooth.framework/Versions/A/IOBluetooth
0x0000000008865000 	/System/Library/PrivateFrameworks/CoreWiFi.framework/Versions/A/CoreWiFi
0x0000000008865000 	/System/Library/Frameworks/CoreBluetooth.framework/Versions/A/CoreBluetooth
0x0000000008865000 	/System/Library/Frameworks/CoreDisplay.framework/Versions/A/CoreDisplay
0x0000000008865000 	/System/Library/PrivateFrameworks/IOPresentment.framework/Versions/A/IOPresentment
0x0000000008865000 	/System/Library/PrivateFrameworks/DSExternalDisplay.framework/Versions/A/DSExternalDisplay
0x0000000008865000 	/System/Library/PrivateFrameworks/DebugSymbols.framework/Versions/A/DebugSymbols
0x0000000008865000 	/System/Library/PrivateFrameworks/CoreSymbolication.framework/Versions/A/CoreSymbolication
0x0000000008865000 	/System/Library/PrivateFrameworks/Symbolication.framework/Versions/A/Symbolication
0x0000000008865000 	/System/Library/PrivateFrameworks/AppleFSCompression.framework/Versions/A/AppleFSCompression
0x0000000008865000 	/System/Library/PrivateFrameworks/SpeechRecognitionCore.framework/Versions/A/SpeechRecognitionCore
0x0000000008865000 	/System/Library/PrivateFrameworks/ChunkingLibrary.framework/Versions/A/ChunkingLibrary
0x0000000106400000 	/Library/Java/JavaVirtualMachines/jdk1.8.0_144.jdk/Contents/Home/jre/lib/server/libjvm.dylib
0x0000000008865000 	/usr/lib/libstdc++.6.dylib
0x0000000105a9b000 	/Library/Java/JavaVirtualMachines/jdk1.8.0_144.jdk/Contents/Home/jre/lib/libverify.dylib
0x0000000105aa9000 	/Library/Java/JavaVirtualMachines/jdk1.8.0_144.jdk/Contents/Home/jre/lib/libjava.dylib
0x0000000105ae8000 	/Library/Java/JavaVirtualMachines/jdk1.8.0_144.jdk/Contents/Home/jre/lib/libzip.dylib
0x000000010dc0f000 	/System/Library/Frameworks/JavaVM.framework/Frameworks/JavaRuntimeSupport.framework/JavaRuntimeSupport
0x000000010dc29000 	/System/Library/Frameworks/JavaVM.framework/Versions/A/Frameworks/JavaNativeFoundation.framework/Versions/A/JavaNativeFoundation
0x0000000105bee000 	/System/Library/Frameworks/JavaVM.framework/Versions/A/JavaVM
0x0000000008865000 	/System/Library/Frameworks/Carbon.framework/Versions/A/Carbon
0x000000010dc3e000 	/System/Library/PrivateFrameworks/JavaLaunching.framework/Versions/A/JavaLaunching
0x0000000008865000 	/System/Library/Frameworks/Carbon.framework/Versions/A/Frameworks/CommonPanels.framework/Versions/A/CommonPanels
0x0000000008865000 	/System/Library/Frameworks/Carbon.framework/Versions/A/Frameworks/Help.framework/Versions/A/Help
0x0000000008865000 	/System/Library/Frameworks/Carbon.framework/Versions/A/Frameworks/ImageCapture.framework/Versions/A/ImageCapture
0x0000000008865000 	/System/Library/Frameworks/Carbon.framework/Versions/A/Frameworks/OpenScripting.framework/Versions/A/OpenScripting
0x0000000008865000 	/System/Library/Frameworks/Carbon.framework/Versions/A/Frameworks/Print.framework/Versions/A/Print
0x0000000008865000 	/System/Library/Frameworks/Carbon.framework/Versions/A/Frameworks/SecurityHI.framework/Versions/A/SecurityHI
0x000000010dcaa000 	/Library/Java/JavaVirtualMachines/jdk1.8.0_144.jdk/Contents/Home/jre/lib/libawt.dylib
0x000000010dd52000 	/Library/Java/JavaVirtualMachines/jdk1.8.0_144.jdk/Contents/Home/jre/lib/./libmlib_image.dylib
0x000000010de1e000 	/Library/Java/JavaVirtualMachines/jdk1.8.0_144.jdk/Contents/Home/jre/lib/libawt_lwawt.dylib
0x000000010ded5000 	/Library/Java/JavaVirtualMachines/jdk1.8.0_144.jdk/Contents/Home/jre/lib/./libosxapp.dylib
0x0000000008865000 	/System/Library/Frameworks/ExceptionHandling.framework/Versions/A/ExceptionHandling
0x0000000008865000 	/System/Library/PrivateFrameworks/CoreServicesInternal.framework/Versions/A/CoreServicesInternal
0x0000000008865000 	/System/Library/CoreServices/RawCamera.bundle/Contents/MacOS/RawCamera
0x0000000008865000 	/System/Library/Frameworks/Accelerate.framework/Versions/A/Frameworks/vImage.framework/Versions/A/Libraries/libCGInterfaces.dylib
0x0000000008865000 	/System/Library/Frameworks/ApplicationServices.framework/Versions/A/Frameworks/ATS.framework/Versions/A/Resources/libTrueTypeScaler.dylib
0x0000000120559000 	/System/Library/Frameworks/OpenGL.framework/Resources/GLEngine.bundle/GLEngine
0x0000000008865000 	/System/Library/Frameworks/OpenGL.framework/Versions/A/Libraries/libGLProgrammability.dylib
0x000000012073e000 	/System/Library/Extensions/AppleIntelBDWGraphicsGLDriver.bundle/Contents/MacOS/AppleIntelBDWGraphicsGLDriver
0x0000000008865000 	/System/Library/PrivateFrameworks/GPUSupport.framework/Versions/A/Libraries/libGPUSupportMercury.dylib
0x0000000120ea8000 	/System/Library/Frameworks/OpenGL.framework/Resources//GLRendererFloat.bundle/GLRendererFloat
0x0000000008865000 	/System/Library/Frameworks/OpenCL.framework/Versions/A/Libraries/libcldcpuengine.dylib
0x0000000008865000 	/usr/lib/libcrypto.0.9.8.dylib
0x0000000008865000 	/System/Library/PrivateFrameworks/TrustEvaluationAgent.framework/Versions/A/TrustEvaluationAgent
0x0000000120edc000 	/System/Library/Extensions/AppleIntelBDWGraphicsMTLDriver.bundle/Contents/MacOS/AppleIntelBDWGraphicsMTLDriver
0x0000000008865000 	/System/Library/PrivateFrameworks/FamilyControls.framework/Versions/A/FamilyControls
0x0000000008865000 	/System/Library/PrivateFrameworks/CommerceKit.framework/Versions/A/Frameworks/CommerceCore.framework/Versions/A/CommerceCore
0x0000000008865000 	/System/Library/PrivateFrameworks/SystemAdministration.framework/Versions/A/SystemAdministration
0x0000000008865000 	/System/Library/PrivateFrameworks/AppContainer.framework/Versions/A/AppContainer
0x0000000008865000 	/System/Library/PrivateFrameworks/SecCodeWrapper.framework/Versions/A/SecCodeWrapper
0x0000000008865000 	/System/Library/Frameworks/DirectoryService.framework/Versions/A/DirectoryService
0x0000000008865000 	/System/Library/PrivateFrameworks/DiskImages.framework/Versions/A/DiskImages
0x0000000008865000 	/System/Library/PrivateFrameworks/LoginUIKit.framework/Versions/A/Frameworks/LoginUICore.framework/Versions/A/LoginUICore
0x0000000008865000 	/usr/lib/libCoreStorage.dylib
0x0000000008865000 	/usr/lib/libcsfde.dylib
0x0000000008865000 	/usr/lib/libodfde.dylib
0x0000000008865000 	/System/Library/Frameworks/DiscRecording.framework/Versions/A/DiscRecording
0x0000000008865000 	/usr/lib/libcurl.4.dylib
0x0000000008865000 	/System/Library/PrivateFrameworks/MediaKit.framework/Versions/A/MediaKit
0x0000000008865000 	/System/Library/PrivateFrameworks/ProtectedCloudStorage.framework/Versions/A/ProtectedCloudStorage
0x0000000008865000 	/System/Library/PrivateFrameworks/EFILogin.framework/Versions/A/EFILogin
0x0000000008865000 	/usr/lib/libutil.dylib
0x0000000008865000 	/System/Library/Frameworks/LDAP.framework/Versions/A/LDAP
0x0000000008865000 	/usr/lib/libsasl2.2.dylib
0x0000000008865000 	/System/Library/PrivateFrameworks/CoreDaemon.framework/Versions/B/CoreDaemon
0x0000000008865000 	/System/Library/PrivateFrameworks/AppleSRP.framework/Versions/A/AppleSRP
0x0000000008865000 	/System/Library/PrivateFrameworks/APFS.framework/Versions/A/APFS
0x00000001226bb000 	/Library/Java/JavaVirtualMachines/jdk1.8.0_144.jdk/Contents/Home/jre/lib/libfontmanager.dylib
0x0000000122722000 	/Users/kis/Desktop/workspace/AnalogGame/Lib/Native/macosx/liblwjgl.dylib
0x000000010dfe5000 	/Library/Java/JavaVirtualMachines/jdk1.8.0_144.jdk/Contents/Home/jre/lib/libjawt.dylib
0x0000000008865000 	/System/Library/PrivateFrameworks/ViewBridge.framework/Versions/A/ViewBridge
0x0000000008865000 	/System/Library/PrivateFrameworks/XPCService.framework/Versions/A/XPCService
0x0000000008865000 	/System/Library/PrivateFrameworks/AppSandbox.framework/Versions/A/AppSandbox
0x0000000008865000 	/usr/lib/libsandbox.1.dylib
0x0000000008865000 	/usr/lib/libMatch.1.dylib
0x0000000123f16000 	/Library/Java/JavaVirtualMachines/jdk1.8.0_144.jdk/Contents/Home/jre/lib/libnio.dylib
0x0000000123f26000 	/Library/Java/JavaVirtualMachines/jdk1.8.0_144.jdk/Contents/Home/jre/lib/./libnet.dylib
0x0000000124b79000 	/Library/Java/JavaVirtualMachines/jdk1.8.0_144.jdk/Contents/Home/jre/lib/libjpeg.dylib

VM Arguments:
jvm_args: -Djava.library.path=/Users/kis/Desktop/workspace/AnalogGame/Lib/Native/macosx -Dfile.encoding=UTF-8 
java_command: AnalogGame
java_class_path (initial): /Users/kis/Desktop/workspace/AnalogGame/bin:/Users/kis/Desktop/workspace/AnalogGame/Lib/Jars/slick.jar:/Users/kis/Desktop/workspace/AnalogGame/Lib/Jars/lwjgl.jar
Launcher Type: SUN_STANDARD

Environment Variables:
PATH=/usr/bin:/bin:/usr/sbin:/sbin
SHELL=/bin/bash

Signal Handlers:
SIGSEGV: [libjvm.dylib+0x5b26e5], sa_mask[0]=11111111011111110111111111111111, sa_flags=SA_ONSTACK|SA_RESTART|SA_SIGINFO
SIGBUS: [libjvm.dylib+0x5b26e5], sa_mask[0]=11111111011111110111111111111111, sa_flags=SA_RESTART|SA_SIGINFO
SIGFPE: [libjvm.dylib+0x489100], sa_mask[0]=11111111011111110111111111111111, sa_flags=SA_RESTART|SA_SIGINFO
SIGPIPE: [libjvm.dylib+0x489100], sa_mask[0]=11111111011111110111111111111111, sa_flags=SA_RESTART|SA_SIGINFO
SIGXFSZ: [libjvm.dylib+0x489100], sa_mask[0]=11111111011111110111111111111111, sa_flags=SA_RESTART|SA_SIGINFO
SIGILL: [libjvm.dylib+0x489100], sa_mask[0]=11111111011111110111111111111111, sa_flags=SA_RESTART|SA_SIGINFO
SIGUSR1: SIG_DFL, sa_mask[0]=00000000000000000000000000000000, sa_flags=none
SIGUSR2: [libjvm.dylib+0x488c1e], sa_mask[0]=00100000000000000000000000000000, sa_flags=SA_RESTART|SA_SIGINFO
SIGHUP: [libjvm.dylib+0x4871f5], sa_mask[0]=11111111011111110111111111111111, sa_flags=SA_RESTART|SA_SIGINFO
SIGINT: [libjvm.dylib+0x4871f5], sa_mask[0]=11111111011111110111111111111111, sa_flags=SA_RESTART|SA_SIGINFO
SIGTERM: [libjvm.dylib+0x4871f5], sa_mask[0]=11111111011111110111111111111111, sa_flags=SA_RESTART|SA_SIGINFO
SIGQUIT: [libjvm.dylib+0x4871f5], sa_mask[0]=11111111011111110111111111111111, sa_flags=SA_RESTART|SA_SIGINFO


---------------  S Y S T E M  ---------------

OS:Bsduname:Darwin 16.7.0 Darwin Kernel Version 16.7.0: Thu Jun 15 17:36:27 PDT 2017; root:xnu-3789.70.16~2/RELEASE_X86_64 x86_64
rlimit: STACK 8192k, CORE 0k, NPROC 709, NOFILE 10240, AS infinity
load average:2.98 2.47 2.01

CPU:total 4 (initial active 4) (2 cores per cpu, 2 threads per core) family 6 model 61 stepping 4, cmov, cx8, fxsr, mmx, sse, sse2, sse3, ssse3, sse4.1, sse4.2, popcnt, avx, avx2, aes, clmul, erms, 3dnowpref, lzcnt, ht, tsc, tscinvbit, bmi1, bmi2, adx

Memory: 4k page, physical 8388608k(180112k free)

/proc/meminfo:


vm_info: Java HotSpot(TM) 64-Bit Server VM (25.144-b01) for bsd-amd64 JRE (1.8.0_144-b01), built on Jul 21 2017 22:07:42 by "java_re" with gcc 4.2.1 (Based on Apple Inc. build 5658) (LLVM build 2336.11.00)

time: Wed May  2 18:32:49 2018
elapsed time: 202 seconds (0d 0h 3m 22s)

